Global docking result analysis
==============================

25 VINA docking runs of the ligand object 3 to the receptor object 1 yielded the following results,
sorted by binding energy [more positive energies indicate stronger binding, and negative energies mean no binding]

Run |Bind.energy[kcal/mol]|Dissoc. constant [pM]| Contacting receptor residues
----+---------------------+---------------------+-----------------------------
001 |         000008.7070 | 00000000414652.5938 | A HIS 439 A PHE 441 A TYR 456 A MET 542 A LYS 545 A TYR 546 A ALA 547 A ILE 548 A SER 549 A ALA 550 A LYS 551 A ARG 553 A ARG 555 A THR 556 A TRP 617 A ASP 618 A TYR 619 A PRO 620 A LYS 621 A CYS 622 A ASP 623 A ARG 624 A THR 680 A SER 681 A SER 682 A ASP 684 A ALA 685 A THR 687 A ALA 688 A ASN 691 A SER 759 A ASP 760 A ASP 761 A ALA 762 A LYS 798 A TRP 800 A GLU 811 A SER 814 A ARG 836 A ALA 840 A ASP 845 A ARG 858
002 |         000008.7070 | 00000000414652.5938 | A HIS 439 A PHE 441 A TYR 456 A MET 542 A LYS 545 A TYR 546 A ALA 547 A ILE 548 A SER 549 A ALA 550 A LYS 551 A ARG 553 A ARG 555 A THR 556 A TRP 617 A ASP 618 A TYR 619 A PRO 620 A LYS 621 A CYS 622 A ASP 623 A ARG 624 A THR 680 A SER 681 A SER 682 A ASP 684 A ALA 685 A THR 687 A ALA 688 A ASN 691 A SER 759 A ASP 760 A ASP 761 A ALA 762 A LYS 798 A TRP 800 A GLU 811 A SER 814 A ARG 836 A ALA 840 A ASP 845 A ARG 858
003 |         000008.6670 | 00000000443613.5000 | A ASP 164 A VAL 166 A GLU 167 A HIS 439 A ASP 452 A TYR 455 A ILE 548 A SER 549 A ALA 550 A LYS 551 A ARG 553 A ARG 555 A THR 556 A GLY 616 A TRP 617 A ASP 618 A TYR 619 A PRO 620 A LYS 621 A CYS 622 A ASP 623 A ARG 624 A THR 680 A SER 682 A THR 687 A ALA 688 A ASN 691 A ASP 760 A ASP 761 A ALA 762 A PHE 793 A LYS 798 A CYS 799 A TRP 800 A HIS 810 A GLU 811 A PHE 812 A CYS 813 A SER 814 A ARG 836 A ALA 840
004 |         000008.6670 | 00000000443613.5000 | A ASP 164 A VAL 166 A GLU 167 A HIS 439 A ASP 452 A TYR 455 A ILE 548 A SER 549 A ALA 550 A LYS 551 A ARG 553 A ARG 555 A THR 556 A GLY 616 A TRP 617 A ASP 618 A TYR 619 A PRO 620 A LYS 621 A CYS 622 A ASP 623 A ARG 624 A THR 680 A SER 682 A THR 687 A ALA 688 A ASN 691 A ASP 760 A ASP 761 A ALA 762 A PHE 793 A LYS 798 A CYS 799 A TRP 800 A HIS 810 A GLU 811 A PHE 812 A CYS 813 A SER 814 A ARG 836 A ALA 840
005 |         000008.6110 | 00000000487588.3438 | A HIS 439 A ASP 452 A LYS 545 A ALA 547 A ILE 548 A SER 549 A ALA 550 A LYS 551 A ARG 553 A ARG 555 A THR 556 A LYS 593 A GLY 616 A TRP 617 A ASP 618 A TYR 619 A PRO 620 A LYS 621 A CYS 622 A ASP 623 A ARG 624 A THR 680 A SER 682 A ASN 691 A SER 759 A ASP 760 A ASP 761 A ALA 797 A LYS 798 A CYS 799 A TRP 800 A HIS 810 A GLU 811 A PHE 812 A CYS 813 A SER 814 A GLN 815 A HIS 816 A ASP 833 A ARG 836
006 |         000008.6110 | 00000000487588.3438 | A HIS 439 A ASP 452 A LYS 545 A ALA 547 A ILE 548 A SER 549 A ALA 550 A LYS 551 A ARG 553 A ARG 555 A THR 556 A LYS 593 A GLY 616 A TRP 617 A ASP 618 A TYR 619 A PRO 620 A LYS 621 A CYS 622 A ASP 623 A ARG 624 A THR 680 A SER 682 A ASN 691 A SER 759 A ASP 760 A ASP 761 A ALA 797 A LYS 798 A CYS 799 A TRP 800 A HIS 810 A GLU 811 A PHE 812 A CYS 813 A SER 814 A GLN 815 A HIS 816 A ASP 833 A ARG 836
007 |         000008.5190 | 00000000569495.3750 | A VAL 166 A HIS 439 A ASP 452 A TYR 455 A ILE 548 A SER 549 A ALA 550 A LYS 551 A ARG 553 A ARG 555 A THR 556 A GLY 616 A TRP 617 A ASP 618 A TYR 619 A PRO 620 A LYS 621 A CYS 622 A ASP 623 A ARG 624 A SER 681 A SER 682 A GLY 683 A ASP 684 A ALA 685 A THR 687 A ALA 688 A ASN 691 A SER 759 A ASP 760 A ASP 761 A ALA 762 A LYS 798 A TRP 800 A GLU 811 A PHE 812 A CYS 813 A SER 814 A ARG 836 A ILE 837 A ALA 840 A ARG 858 A LEU 862 A ASP 865
008 |         000008.5190 | 00000000569495.3750 | A VAL 166 A HIS 439 A ASP 452 A TYR 455 A ILE 548 A SER 549 A ALA 550 A LYS 551 A ARG 553 A ARG 555 A THR 556 A GLY 616 A TRP 617 A ASP 618 A TYR 619 A PRO 620 A LYS 621 A CYS 622 A ASP 623 A ARG 624 A SER 681 A SER 682 A GLY 683 A ASP 684 A ALA 685 A THR 687 A ALA 688 A ASN 691 A SER 759 A ASP 760 A ASP 761 A ALA 762 A LYS 798 A TRP 800 A GLU 811 A PHE 812 A CYS 813 A SER 814 A ARG 836 A ILE 837 A ALA 840 A ARG 858 A LEU 862 A ASP 865
009 |         000008.5060 | 00000000582129.1250 | A HIS 439 A TYR 455 A ASN 497 A LYS 500 A SER 501 A ILE 548 A SER 549 A ALA 550 A LYS 551 A ARG 553 A ARG 555 A VAL 557 A ALA 558 A GLY 559 A VAL 560 A ILE 589 A GLY 616 A TRP 617 A ASP 618 A TYR 619 A PRO 620 A LYS 621 A CYS 622 A ASP 623 A ARG 624 A THR 680 A SER 681 A SER 682 A GLY 683 A ASP 684 A ALA 685 A THR 687 A ALA 688 A TYR 689 A ASN 691 A LEU 758 A SER 759 A ASP 760 A ASP 761 A ALA 762 A LYS 798 A TRP 800 A HIS 810 A GLU 811 A CYS 813 A SER 814 A ARG 836
010 |         000008.5060 | 00000000582129.1250 | A HIS 439 A TYR 455 A ASN 497 A LYS 500 A SER 501 A ILE 548 A SER 549 A ALA 550 A LYS 551 A ARG 553 A ARG 555 A VAL 557 A ALA 558 A GLY 559 A VAL 560 A ILE 589 A GLY 616 A TRP 617 A ASP 618 A TYR 619 A PRO 620 A LYS 621 A CYS 622 A ASP 623 A ARG 624 A THR 680 A SER 681 A SER 682 A GLY 683 A ASP 684 A ALA 685 A THR 687 A ALA 688 A TYR 689 A ASN 691 A LEU 758 A SER 759 A ASP 760 A ASP 761 A ALA 762 A LYS 798 A TRP 800 A HIS 810 A GLU 811 A CYS 813 A SER 814 A ARG 836
011 |         000008.4940 | 00000000594039.6875 | A HIS 439 A ASP 452 A TYR 455 A ILE 548 A SER 549 A ALA 550 A LYS 551 A ARG 553 A ARG 555 A THR 556 A GLY 616 A TRP 617 A ASP 618 A TYR 619 A PRO 620 A LYS 621 A CYS 622 A ASP 623 A ARG 624 A THR 680 A SER 682 A THR 687 A ALA 688 A ASN 691 A LEU 758 A SER 759 A ASP 760 A ASP 761 A ALA 762 A TRP 800 A HIS 810 A GLU 811 A CYS 813 A SER 814 A HIS 816 A ASP 833 A ARG 836
012 |         000008.4490 | 00000000640915.6875 | A HIS 439 A ASP 452 A TYR 455 A SER 549 A ALA 550 A LYS 551 A ARG 553 A ARG 555 A THR 556 A TRP 617 A ASP 618 A TYR 619 A PRO 620 A LYS 621 A CYS 622 A ASP 623 A ARG 624 A THR 680 A SER 681 A SER 682 A ASP 684 A ALA 685 A THR 687 A ALA 688 A ASN 691 A LEU 758 A SER 759 A ASP 760 A ASP 761 A LYS 798 A CYS 799 A TRP 800 A HIS 810 A GLU 811 A PHE 812 A CYS 813 A SER 814 A HIS 816 A ASP 833 A ARG 836
013 |         000008.4450 | 00000000645257.3125 | A HIS 439 A TYR 455 A ILE 548 A SER 549 A ALA 550 A LYS 551 A ARG 553 A ARG 555 A THR 556 A LYS 593 A TRP 617 A ASP 618 A TYR 619 A PRO 620 A LYS 621 A CYS 622 A ASP 623 A ARG 624 A THR 680 A SER 682 A ALA 688 A ASN 691 A LEU 758 A SER 759 A ASP 760 A ASP 761 A LYS 798 A CYS 799 A TRP 800 A HIS 810 A GLU 811 A CYS 813 A SER 814 A GLN 815 A ARG 836
014 |         000008.4450 | 00000000645257.3125 | A LYS 160 A ASP 161 A TYR 163 A ASP 164 A VAL 166 A GLU 167 A HIS 439 A ASP 452 A TYR 455 A ILE 548 A SER 549 A ALA 550 A LYS 551 A ARG 553 A ALA 554 A ARG 555 A THR 556 A TRP 617 A ASP 618 A TYR 619 A PRO 620 A LYS 621 A CYS 622 A ASP 623 A ARG 624 A THR 680 A SER 681 A SER 682 A THR 687 A ALA 688 A ASN 691 A SER 759 A ASP 760 A ASP 761 A PHE 793 A SER 795 A LYS 798 A CYS 813 A SER 814 A ARG 836
015 |         000008.4430 | 00000000647439.1250 | A HIS 439 A TYR 455 A TYR 456 A MET 542 A LYS 545 A ILE 548 A SER 549 A ALA 550 A LYS 551 A ARG 553 A ARG 555 A THR 556 A VAL 557 A ALA 558 A TRP 617 A ASP 618 A TYR 619 A PRO 620 A LYS 621 A CYS 622 A ASP 623 A ARG 624 A THR 680 A SER 681 A SER 682 A ALA 688 A ASN 691 A LEU 758 A SER 759 A ASP 760 A ASP 761 A LYS 798 A CYS 799 A TRP 800 A HIS 810 A GLU 811 A CYS 813 A SER 814 A HIS 816 A ASP 833 A ARG 836
016 |         000008.4140 | 00000000679917.5000 | A ASP 161 A TYR 163 A ASP 164 A VAL 166 A GLU 167 A HIS 439 A ASP 452 A TYR 455 A ILE 548 A SER 549 A ALA 550 A LYS 551 A ARG 553 A ARG 555 A ASP 618 A TYR 619 A PRO 620 A LYS 621 A CYS 622 A ASP 623 A ARG 624 A THR 680 A SER 682 A THR 687 A ALA 688 A ASN 691 A SER 759 A ASP 760 A ASP 761 A PHE 793 A SER 795 A LYS 798 A CYS 799 A TRP 800 A GLU 811 A CYS 813 A SER 814 A ARG 836
017 |         000008.3750 | 00000000726178.8750 | A HIS 439 A TYR 455 A LYS 500 A LYS 545 A SER 549 A ALA 550 A LYS 551 A ARG 553 A ARG 555 A VAL 557 A ALA 580 A ILE 589 A GLY 616 A TRP 617 A ASP 618 A TYR 619 A PRO 620 A LYS 621 A CYS 622 A ASP 623 A THR 680 A SER 681 A SER 682 A GLY 683 A ASP 684 A ALA 685 A THR 686 A THR 687 A ALA 688 A TYR 689 A ASN 691 A LEU 758 A SER 759 A ASP 760 A ASP 761 A LYS 798 A CYS 799 A TRP 800 A GLU 811 A PHE 812 A CYS 813 A SER 814 A ARG 836
018 |         000008.3740 | 00000000727405.5625 | A HIS 439 A ASP 452 A TYR 455 A SER 549 A ALA 550 A LYS 551 A ARG 553 A ARG 555 A THR 556 A TRP 617 A ASP 618 A TYR 619 A PRO 620 A LYS 621 A CYS 622 A ASP 623 A ARG 624 A THR 680 A SER 681 A SER 682 A ASP 684 A ALA 685 A THR 687 A ALA 688 A ASN 691 A LEU 758 A SER 759 A ASP 760 A ASP 761 A LYS 798 A CYS 799 A TRP 800 A HIS 810 A GLU 811 A PHE 812 A CYS 813 A SER 814 A HIS 816 A ASP 833 A ARG 836
019 |         000008.3670 | 00000000736050.6250 | A HIS 439 A PHE 441 A TYR 455 A LYS 545 A TYR 546 A ALA 547 A ILE 548 A SER 549 A ALA 550 A LYS 551 A ARG 553 A ARG 555 A THR 556 A VAL 557 A GLY 616 A TRP 617 A ASP 618 A TYR 619 A LYS 621 A CYS 622 A ASP 623 A ARG 624 A THR 680 A SER 682 A THR 687 A ASN 691 A LEU 758 A SER 759 A ASP 760 A ASP 761 A LYS 798 A CYS 799 A TRP 800 A GLU 811 A PHE 812 A CYS 813 A SER 814 A ARG 836 A ALA 840 A ASP 845 A ARG 858
020 |         000008.3640 | 00000000739787.0000 | A HIS 439 A ASP 452 A TYR 455 A LYS 545 A ALA 547 A ILE 548 A SER 549 A ALA 550 A LYS 551 A ARG 553 A ALA 554 A ARG 555 A THR 556 A TRP 617 A ASP 618 A TYR 619 A PRO 620 A LYS 621 A CYS 622 A ASP 623 A ARG 624 A SER 682 A ASN 691 A SER 759 A ASP 760 A ASP 761 A LYS 798 A CYS 799 A TRP 800 A GLU 811 A CYS 813 A SER 814 A ARG 836 A ILE 837 A ALA 840 A ARG 858 A LEU 862 A ASP 865
021 |         000008.3590 | 00000000746056.5625 | A LYS 160 A ASP 161 A TYR 163 A VAL 166 A GLU 167 A HIS 439 A TYR 455 A ALA 547 A ILE 548 A SER 549 A ALA 550 A LYS 551 A ARG 553 A ARG 555 A THR 556 A GLY 616 A TRP 617 A ASP 618 A TYR 619 A PRO 620 A LYS 621 A CYS 622 A ASP 623 A ARG 624 A SER 682 A THR 687 A ALA 688 A ASN 691 A LEU 758 A SER 759 A ASP 760 A ASP 761 A ALA 762 A PHE 793 A SER 795 A ALA 797 A LYS 798 A TRP 800 A GLU 811 A CYS 813 A SER 814 A ARG 836
022 |         000008.3580 | 00000000747316.8125 | A HIS 439 A ASP 452 A TYR 455 A LYS 545 A ILE 548 A SER 549 A ALA 550 A LYS 551 A ARG 553 A ARG 555 A THR 556 A VAL 557 A TRP 617 A ASP 618 A TYR 619 A PRO 620 A LYS 621 A CYS 622 A ASP 623 A ARG 624 A THR 680 A SER 682 A THR 687 A ALA 688 A ASN 691 A LEU 758 A SER 759 A ASP 760 A ASP 761 A ALA 762 A TRP 800 A GLU 811 A CYS 813 A SER 814 A ARG 836
023 |         000008.3400 | 00000000770369.2500 | A HIS 439 A LYS 545 A ILE 548 A SER 549 A ALA 550 A LYS 551 A ARG 553 A ARG 555 A VAL 588 A ILE 589 A GLY 590 A THR 591 A LYS 593 A TRP 598 A MET 601 A TRP 617 A ASP 618 A TYR 619 A PRO 620 A LYS 621 A CYS 622 A ASP 623 A THR 680 A SER 682 A THR 687 A ALA 688 A ASN 691 A LEU 758 A SER 759 A ASP 760 A ASP 761 A ALA 762 A GLU 811 A PHE 812 A CYS 813 A SER 814 A GLN 815 A ARG 836 A ARG 858
024 |         000008.2450 | 00000000904346.5000 | A LYS 438 A HIS 439 A PHE 441 A TYR 455 A TYR 546 A ALA 547 A ILE 548 A SER 549 A ALA 550 A LYS 551 A ARG 553 A ARG 555 A THR 556 A LYS 593 A TRP 617 A ASP 618 A TYR 619 A PRO 620 A LYS 621 A CYS 622 A ASP 623 A ARG 624 A SER 682 A LEU 758 A SER 759 A ASP 760 A ASP 761 A GLU 811 A CYS 813 A SER 814 A GLN 815 A PRO 832 A ARG 836 A ALA 840 A VAL 844 A ASP 845 A ARG 858 A ASP 865
025 |         000008.2270 | 00000000932242.8125 | A LYS 438 A HIS 439 A ASP 452 A TYR 455 A LYS 545 A ILE 548 A SER 549 A ALA 550 A LYS 551 A ARG 553 A ARG 555 A THR 556 A TRP 617 A ASP 618 A TYR 619 A LYS 621 A CYS 622 A ASP 623 A ARG 624 A THR 680 A SER 682 A THR 687 A ALA 688 A ASN 691 A LEU 758 A SER 759 A ASP 760 A ASP 761 A LYS 798 A CYS 799 A TRP 800 A GLU 811 A CYS 813 A SER 814 A ASP 833 A ARG 836

After clustering the 25 runs, the following 18 distinct complex conformations were found:
[They all differ by at least 5.0 A heavy atom RMSD after superposing on the receptor]

Clu |Bind.energy[kcal/mol]|Dissoc. constant [pM]| Contacting receptor residues
----+---------------------+---------------------+-----------------------------
001 |         000008.7070 | 00000000414652.5938 | A HIS 439 A PHE 441 A TYR 456 A MET 542 A LYS 545 A TYR 546 A ALA 547 A ILE 548 A SER 549 A ALA 550 A LYS 551 A ARG 553 A ARG 555 A THR 556 A TRP 617 A ASP 618 A TYR 619 A PRO 620 A LYS 621 A CYS 622 A ASP 623 A ARG 624 A THR 680 A SER 681 A SER 682 A ASP 684 A ALA 685 A THR 687 A ALA 688 A ASN 691 A SER 759 A ASP 760 A ASP 761 A ALA 762 A LYS 798 A TRP 800 A GLU 811 A SER 814 A ARG 836 A ALA 840 A ASP 845 A ARG 858
002 |         000008.6670 | 00000000443613.5000 | A ASP 164 A VAL 166 A GLU 167 A HIS 439 A ASP 452 A TYR 455 A ILE 548 A SER 549 A ALA 550 A LYS 551 A ARG 553 A ARG 555 A THR 556 A GLY 616 A TRP 617 A ASP 618 A TYR 619 A PRO 620 A LYS 621 A CYS 622 A ASP 623 A ARG 624 A THR 680 A SER 682 A THR 687 A ALA 688 A ASN 691 A ASP 760 A ASP 761 A ALA 762 A PHE 793 A LYS 798 A CYS 799 A TRP 800 A HIS 810 A GLU 811 A PHE 812 A CYS 813 A SER 814 A ARG 836 A ALA 840
003 |         000008.6110 | 00000000487588.3438 | A HIS 439 A ASP 452 A LYS 545 A ALA 547 A ILE 548 A SER 549 A ALA 550 A LYS 551 A ARG 553 A ARG 555 A THR 556 A LYS 593 A GLY 616 A TRP 617 A ASP 618 A TYR 619 A PRO 620 A LYS 621 A CYS 622 A ASP 623 A ARG 624 A THR 680 A SER 682 A ASN 691 A SER 759 A ASP 760 A ASP 761 A ALA 797 A LYS 798 A CYS 799 A TRP 800 A HIS 810 A GLU 811 A PHE 812 A CYS 813 A SER 814 A GLN 815 A HIS 816 A ASP 833 A ARG 836
004 |         000008.5190 | 00000000569495.3750 | A VAL 166 A HIS 439 A ASP 452 A TYR 455 A ILE 548 A SER 549 A ALA 550 A LYS 551 A ARG 553 A ARG 555 A THR 556 A GLY 616 A TRP 617 A ASP 618 A TYR 619 A PRO 620 A LYS 621 A CYS 622 A ASP 623 A ARG 624 A SER 681 A SER 682 A GLY 683 A ASP 684 A ALA 685 A THR 687 A ALA 688 A ASN 691 A SER 759 A ASP 760 A ASP 761 A ALA 762 A LYS 798 A TRP 800 A GLU 811 A PHE 812 A CYS 813 A SER 814 A ARG 836 A ILE 837 A ALA 840 A ARG 858 A LEU 862 A ASP 865
005 |         000008.5060 | 00000000582129.1250 | A HIS 439 A TYR 455 A ASN 497 A LYS 500 A SER 501 A ILE 548 A SER 549 A ALA 550 A LYS 551 A ARG 553 A ARG 555 A VAL 557 A ALA 558 A GLY 559 A VAL 560 A ILE 589 A GLY 616 A TRP 617 A ASP 618 A TYR 619 A PRO 620 A LYS 621 A CYS 622 A ASP 623 A ARG 624 A THR 680 A SER 681 A SER 682 A GLY 683 A ASP 684 A ALA 685 A THR 687 A ALA 688 A TYR 689 A ASN 691 A LEU 758 A SER 759 A ASP 760 A ASP 761 A ALA 762 A LYS 798 A TRP 800 A HIS 810 A GLU 811 A CYS 813 A SER 814 A ARG 836
006 |         000008.4940 | 00000000594039.6875 | A HIS 439 A ASP 452 A TYR 455 A ILE 548 A SER 549 A ALA 550 A LYS 551 A ARG 553 A ARG 555 A THR 556 A GLY 616 A TRP 617 A ASP 618 A TYR 619 A PRO 620 A LYS 621 A CYS 622 A ASP 623 A ARG 624 A THR 680 A SER 682 A THR 687 A ALA 688 A ASN 691 A LEU 758 A SER 759 A ASP 760 A ASP 761 A ALA 762 A TRP 800 A HIS 810 A GLU 811 A CYS 813 A SER 814 A HIS 816 A ASP 833 A ARG 836
007 |         000008.4490 | 00000000640915.6875 | A HIS 439 A ASP 452 A TYR 455 A SER 549 A ALA 550 A LYS 551 A ARG 553 A ARG 555 A THR 556 A TRP 617 A ASP 618 A TYR 619 A PRO 620 A LYS 621 A CYS 622 A ASP 623 A ARG 624 A THR 680 A SER 681 A SER 682 A ASP 684 A ALA 685 A THR 687 A ALA 688 A ASN 691 A LEU 758 A SER 759 A ASP 760 A ASP 761 A LYS 798 A CYS 799 A TRP 800 A HIS 810 A GLU 811 A PHE 812 A CYS 813 A SER 814 A HIS 816 A ASP 833 A ARG 836
008 |         000008.4450 | 00000000645257.3125 | A HIS 439 A TYR 455 A ILE 548 A SER 549 A ALA 550 A LYS 551 A ARG 553 A ARG 555 A THR 556 A LYS 593 A TRP 617 A ASP 618 A TYR 619 A PRO 620 A LYS 621 A CYS 622 A ASP 623 A ARG 624 A THR 680 A SER 682 A ALA 688 A ASN 691 A LEU 758 A SER 759 A ASP 760 A ASP 761 A LYS 798 A CYS 799 A TRP 800 A HIS 810 A GLU 811 A CYS 813 A SER 814 A GLN 815 A ARG 836
009 |         000008.4450 | 00000000645257.3125 | A LYS 160 A ASP 161 A TYR 163 A ASP 164 A VAL 166 A GLU 167 A HIS 439 A ASP 452 A TYR 455 A ILE 548 A SER 549 A ALA 550 A LYS 551 A ARG 553 A ALA 554 A ARG 555 A THR 556 A TRP 617 A ASP 618 A TYR 619 A PRO 620 A LYS 621 A CYS 622 A ASP 623 A ARG 624 A THR 680 A SER 681 A SER 682 A THR 687 A ALA 688 A ASN 691 A SER 759 A ASP 760 A ASP 761 A PHE 793 A SER 795 A LYS 798 A CYS 813 A SER 814 A ARG 836
010 |         000008.4430 | 00000000647439.1250 | A HIS 439 A TYR 455 A TYR 456 A MET 542 A LYS 545 A ILE 548 A SER 549 A ALA 550 A LYS 551 A ARG 553 A ARG 555 A THR 556 A VAL 557 A ALA 558 A TRP 617 A ASP 618 A TYR 619 A PRO 620 A LYS 621 A CYS 622 A ASP 623 A ARG 624 A THR 680 A SER 681 A SER 682 A ALA 688 A ASN 691 A LEU 758 A SER 759 A ASP 760 A ASP 761 A LYS 798 A CYS 799 A TRP 800 A HIS 810 A GLU 811 A CYS 813 A SER 814 A HIS 816 A ASP 833 A ARG 836
011 |         000008.4140 | 00000000679917.5000 | A ASP 161 A TYR 163 A ASP 164 A VAL 166 A GLU 167 A HIS 439 A ASP 452 A TYR 455 A ILE 548 A SER 549 A ALA 550 A LYS 551 A ARG 553 A ARG 555 A ASP 618 A TYR 619 A PRO 620 A LYS 621 A CYS 622 A ASP 623 A ARG 624 A THR 680 A SER 682 A THR 687 A ALA 688 A ASN 691 A SER 759 A ASP 760 A ASP 761 A PHE 793 A SER 795 A LYS 798 A CYS 799 A TRP 800 A GLU 811 A CYS 813 A SER 814 A ARG 836
012 |         000008.3670 | 00000000736050.6250 | A HIS 439 A PHE 441 A TYR 455 A LYS 545 A TYR 546 A ALA 547 A ILE 548 A SER 549 A ALA 550 A LYS 551 A ARG 553 A ARG 555 A THR 556 A VAL 557 A GLY 616 A TRP 617 A ASP 618 A TYR 619 A LYS 621 A CYS 622 A ASP 623 A ARG 624 A THR 680 A SER 682 A THR 687 A ASN 691 A LEU 758 A SER 759 A ASP 760 A ASP 761 A LYS 798 A CYS 799 A TRP 800 A GLU 811 A PHE 812 A CYS 813 A SER 814 A ARG 836 A ALA 840 A ASP 845 A ARG 858
013 |         000008.3640 | 00000000739787.0000 | A HIS 439 A ASP 452 A TYR 455 A LYS 545 A ALA 547 A ILE 548 A SER 549 A ALA 550 A LYS 551 A ARG 553 A ALA 554 A ARG 555 A THR 556 A TRP 617 A ASP 618 A TYR 619 A PRO 620 A LYS 621 A CYS 622 A ASP 623 A ARG 624 A SER 682 A ASN 691 A SER 759 A ASP 760 A ASP 761 A LYS 798 A CYS 799 A TRP 800 A GLU 811 A CYS 813 A SER 814 A ARG 836 A ILE 837 A ALA 840 A ARG 858 A LEU 862 A ASP 865
014 |         000008.3590 | 00000000746056.5625 | A LYS 160 A ASP 161 A TYR 163 A VAL 166 A GLU 167 A HIS 439 A TYR 455 A ALA 547 A ILE 548 A SER 549 A ALA 550 A LYS 551 A ARG 553 A ARG 555 A THR 556 A GLY 616 A TRP 617 A ASP 618 A TYR 619 A PRO 620 A LYS 621 A CYS 622 A ASP 623 A ARG 624 A SER 682 A THR 687 A ALA 688 A ASN 691 A LEU 758 A SER 759 A ASP 760 A ASP 761 A ALA 762 A PHE 793 A SER 795 A ALA 797 A LYS 798 A TRP 800 A GLU 811 A CYS 813 A SER 814 A ARG 836
015 |         000008.3580 | 00000000747316.8125 | A HIS 439 A ASP 452 A TYR 455 A LYS 545 A ILE 548 A SER 549 A ALA 550 A LYS 551 A ARG 553 A ARG 555 A THR 556 A VAL 557 A TRP 617 A ASP 618 A TYR 619 A PRO 620 A LYS 621 A CYS 622 A ASP 623 A ARG 624 A THR 680 A SER 682 A THR 687 A ALA 688 A ASN 691 A LEU 758 A SER 759 A ASP 760 A ASP 761 A ALA 762 A TRP 800 A GLU 811 A CYS 813 A SER 814 A ARG 836
016 |         000008.3400 | 00000000770369.2500 | A HIS 439 A LYS 545 A ILE 548 A SER 549 A ALA 550 A LYS 551 A ARG 553 A ARG 555 A VAL 588 A ILE 589 A GLY 590 A THR 591 A LYS 593 A TRP 598 A MET 601 A TRP 617 A ASP 618 A TYR 619 A PRO 620 A LYS 621 A CYS 622 A ASP 623 A THR 680 A SER 682 A THR 687 A ALA 688 A ASN 691 A LEU 758 A SER 759 A ASP 760 A ASP 761 A ALA 762 A GLU 811 A PHE 812 A CYS 813 A SER 814 A GLN 815 A ARG 836 A ARG 858
017 |         000008.2450 | 00000000904346.5000 | A LYS 438 A HIS 439 A PHE 441 A TYR 455 A TYR 546 A ALA 547 A ILE 548 A SER 549 A ALA 550 A LYS 551 A ARG 553 A ARG 555 A THR 556 A LYS 593 A TRP 617 A ASP 618 A TYR 619 A PRO 620 A LYS 621 A CYS 622 A ASP 623 A ARG 624 A SER 682 A LEU 758 A SER 759 A ASP 760 A ASP 761 A GLU 811 A CYS 813 A SER 814 A GLN 815 A PRO 832 A ARG 836 A ALA 840 A VAL 844 A ASP 845 A ARG 858 A ASP 865
018 |         000008.2270 | 00000000932242.8125 | A LYS 438 A HIS 439 A ASP 452 A TYR 455 A LYS 545 A ILE 548 A SER 549 A ALA 550 A LYS 551 A ARG 553 A ARG 555 A THR 556 A TRP 617 A ASP 618 A TYR 619 A LYS 621 A CYS 622 A ASP 623 A ARG 624 A THR 680 A SER 682 A THR 687 A ALA 688 A ASN 691 A LEU 758 A SER 759 A ASP 760 A ASP 761 A LYS 798 A CYS 799 A TRP 800 A GLU 811 A CYS 813 A SER 814 A ASP 833 A ARG 836

While the table above lists the best binding energy in each cluster, it is sometimes
helpful to also look at the energy spread [average and standard deviation], the
dissociation constant has been recalculated from the average binding energy:

Clu |Members|Bind.energy spread [kcal/mol]|Dissoc. constant [pM]
----+-------+-----------------------------+---------------------
001 |  001  |    000008.7070+-000000.0000 | 00000000414689.2652
002 |  001  |    000008.6670+-000000.0000 | 00000000443652.5461
003 |  001  |    000008.6110+-000000.0000 | 00000000487630.7647
004 |  001  |    000008.5190+-000000.0000 | 00000000569544.4092
005 |  002  |    000008.4405+-000000.0655 | 00000000650232.5553
006 |  001  |    000008.4940+-000000.0000 | 00000000594090.2796
007 |  002  |    000008.4115+-000000.0375 | 00000000682850.6410
008 |  001  |    000008.4450+-000000.0000 | 00000000645312.7560
009 |  001  |    000008.4450+-000000.0000 | 00000000645312.7560
010 |  001  |    000008.4430+-000000.0000 | 00000000647494.6053
011 |  001  |    000008.4140+-000000.0000 | 00000000679975.8925
012 |  001  |    000008.3670+-000000.0000 | 00000000736113.3866
013 |  001  |    000008.3640+-000000.0000 | 00000000739849.2242
014 |  001  |    000008.3590+-000000.0000 | 00000000746119.4016
015 |  001  |    000008.3580+-000000.0000 | 00000000747380.2807
016 |  001  |    000008.3400+-000000.0000 | 00000000770434.0589
017 |  001  |    000008.2450+-000000.0000 | 00000000904422.1193
018 |  001  |    000008.2270+-000000.0000 | 00000000932320.0281

The results of the 25 runs have been combined in a single scene at E:\PNA-CPP-5\PNA-CPP-5 CAVITY 1\dock.sce
The 18 clusters have been saved as:
E:\PNA-CPP-5\PNA-CPP-5 CAVITY 1\dock_001.yob
E:\PNA-CPP-5\PNA-CPP-5 CAVITY 1\dock_002.yob
E:\PNA-CPP-5\PNA-CPP-5 CAVITY 1\dock_003.yob
E:\PNA-CPP-5\PNA-CPP-5 CAVITY 1\dock_004.yob
E:\PNA-CPP-5\PNA-CPP-5 CAVITY 1\dock_005.yob
E:\PNA-CPP-5\PNA-CPP-5 CAVITY 1\dock_006.yob
E:\PNA-CPP-5\PNA-CPP-5 CAVITY 1\dock_007.yob
E:\PNA-CPP-5\PNA-CPP-5 CAVITY 1\dock_008.yob
E:\PNA-CPP-5\PNA-CPP-5 CAVITY 1\dock_009.yob
E:\PNA-CPP-5\PNA-CPP-5 CAVITY 1\dock_010.yob
E:\PNA-CPP-5\PNA-CPP-5 CAVITY 1\dock_011.yob
E:\PNA-CPP-5\PNA-CPP-5 CAVITY 1\dock_012.yob
E:\PNA-CPP-5\PNA-CPP-5 CAVITY 1\dock_013.yob
E:\PNA-CPP-5\PNA-CPP-5 CAVITY 1\dock_014.yob
E:\PNA-CPP-5\PNA-CPP-5 CAVITY 1\dock_015.yob
E:\PNA-CPP-5\PNA-CPP-5 CAVITY 1\dock_016.yob
E:\PNA-CPP-5\PNA-CPP-5 CAVITY 1\dock_017.yob
E:\PNA-CPP-5\PNA-CPP-5 CAVITY 1\dock_018.yob
