Global docking result analysis
==============================

25 VINA docking runs of the ligand object 3 to the receptor object 1 yielded the following results,
sorted by binding energy [more positive energies indicate stronger binding, and negative energies mean no binding]

Run |Bind.energy[kcal/mol]|Dissoc. constant [pM]| Contacting receptor residues
----+---------------------+---------------------+-----------------------------
001 |         000008.0300 | 00000001299965.8750 | A PRO 169 A LEU 172 A ARG 173 A ALA 176 A ASN 177 A LEU 245 A THR 246 A ARG 249 A ALA 250 A LEU 251 A THR 252 A SER 255 A TYR 265 A ILE 266 A LYS 267 A TRP 268 A LEU 316 A THR 319 A VAL 320 A PHE 321 A PRO 322 A PRO 323 A THR 324 A ARG 349 A LEU 389 A ASP 390 A LYS 391 A THR 393 A THR 394 A CYS 395 A PHE 396 A SER 397 A TYR 456 A ARG 457 A TYR 458 A ASN 459 A LEU 460 A PRO 461 A ASN 628 A VAL 675 A LYS 676 A PRO 677
002 |         000008.0300 | 00000001299965.8750 | A PRO 169 A LEU 172 A ARG 173 A ALA 176 A ASN 177 A LEU 245 A THR 246 A ARG 249 A ALA 250 A LEU 251 A THR 252 A SER 255 A TYR 265 A ILE 266 A LYS 267 A TRP 268 A LEU 316 A THR 319 A VAL 320 A PHE 321 A PRO 322 A PRO 323 A THR 324 A ARG 349 A LEU 389 A ASP 390 A LYS 391 A THR 393 A THR 394 A CYS 395 A PHE 396 A SER 397 A TYR 456 A ARG 457 A TYR 458 A ASN 459 A LEU 460 A PRO 461 A ASN 628 A VAL 675 A LYS 676 A PRO 677
003 |         000008.0140 | 00000001335549.8750 | A PRO 169 A LEU 172 A ARG 173 A ALA 176 A ASN 177 A LEU 245 A THR 246 A LEU 247 A ARG 249 A ALA 250 A LEU 251 A THR 252 A SER 255 A LEU 261 A TYR 265 A TRP 268 A LEU 316 A SER 318 A THR 319 A VAL 320 A PHE 321 A PRO 322 A PRO 323 A ARG 349 A ASP 390 A LYS 391 A THR 393 A THR 394 A CYS 395 A PHE 396 A SER 397 A TYR 456 A ARG 457 A TYR 458 A ASN 459 A LEU 460 A PRO 461 A PRO 677
004 |         000008.0140 | 00000001335549.8750 | A PRO 169 A LEU 172 A ARG 173 A ALA 176 A ASN 177 A LEU 245 A THR 246 A LEU 247 A ARG 249 A ALA 250 A LEU 251 A THR 252 A SER 255 A LEU 261 A TYR 265 A TRP 268 A LEU 316 A SER 318 A THR 319 A VAL 320 A PHE 321 A PRO 322 A PRO 323 A ARG 349 A ASP 390 A LYS 391 A THR 393 A THR 394 A CYS 395 A PHE 396 A SER 397 A TYR 456 A ARG 457 A TYR 458 A ASN 459 A LEU 460 A PRO 461 A PRO 677
005 |         000007.9340 | 00000001528624.7500 | A PRO 169 A LEU 172 A ARG 173 A ALA 176 A ASN 177 A GLY 179 A LEU 245 A THR 246 A LEU 247 A ARG 249 A ALA 250 A LEU 251 A THR 252 A SER 255 A HIS 256 A LEU 261 A TYR 265 A VAL 315 A LEU 316 A SER 318 A THR 319 A VAL 320 A PRO 323 A ARG 349 A GLU 350 A LEU 389 A ASP 390 A LYS 391 A THR 393 A THR 394 A CYS 395 A PHE 396 A SER 397 A ARG 457 A ASN 459 A LEU 460 A PRO 461 A ASN 628 A PRO 677
006 |         000007.9340 | 00000001528624.7500 | A PRO 169 A LEU 172 A ARG 173 A ALA 176 A ASN 177 A GLY 179 A LEU 245 A THR 246 A LEU 247 A ARG 249 A ALA 250 A LEU 251 A THR 252 A SER 255 A HIS 256 A LEU 261 A TYR 265 A VAL 315 A LEU 316 A SER 318 A THR 319 A VAL 320 A PRO 323 A ARG 349 A GLU 350 A LEU 389 A ASP 390 A LYS 391 A THR 393 A THR 394 A CYS 395 A PHE 396 A SER 397 A ARG 457 A ASN 459 A LEU 460 A PRO 461 A ASN 628 A PRO 677
007 |         000007.8990 | 00000001621646.6250 | A PRO 169 A ASP 170 A LEU 172 A ARG 173 A ALA 176 A LEU 245 A THR 246 A ARG 249 A ALA 250 A LEU 251 A THR 252 A SER 255 A TYR 265 A ILE 266 A LYS 267 A TRP 268 A LEU 316 A THR 319 A VAL 320 A PHE 321 A PRO 322 A PRO 323 A ARG 349 A GLU 350 A LEU 388 A LEU 389 A ASP 390 A THR 393 A THR 394 A CYS 395 A PHE 396 A SER 397 A ARG 457 A ASN 459 A LEU 460 A PRO 461 A THR 462 A ASN 628 A PRO 677
008 |         000007.8990 | 00000001621646.6250 | A PRO 169 A ASP 170 A LEU 172 A ARG 173 A ALA 176 A LEU 245 A THR 246 A ARG 249 A ALA 250 A LEU 251 A THR 252 A SER 255 A TYR 265 A ILE 266 A LYS 267 A TRP 268 A LEU 316 A THR 319 A VAL 320 A PHE 321 A PRO 322 A PRO 323 A ARG 349 A GLU 350 A LEU 388 A LEU 389 A ASP 390 A THR 393 A THR 394 A CYS 395 A PHE 396 A SER 397 A ARG 457 A ASN 459 A LEU 460 A PRO 461 A THR 462 A ASN 628 A PRO 677
009 |         000007.8420 | 00000001785409.2500 | A PRO 169 A LEU 172 A ARG 173 A ALA 176 A ASN 177 A LEU 245 A THR 246 A ARG 249 A ALA 250 A LEU 251 A THR 252 A SER 255 A LEU 261 A TYR 265 A ILE 266 A LYS 267 A TRP 268 A LEU 316 A SER 318 A THR 319 A VAL 320 A PHE 321 A PRO 322 A PRO 323 A PHE 326 A ARG 349 A THR 394 A CYS 395 A PHE 396 A TYR 456 A ARG 457 A TYR 458 A ASN 459 A LEU 460 A PRO 461 A VAL 675 A PRO 677
010 |         000007.8420 | 00000001785409.2500 | A PRO 169 A LEU 172 A ARG 173 A ALA 176 A ASN 177 A LEU 245 A THR 246 A ARG 249 A ALA 250 A LEU 251 A THR 252 A SER 255 A LEU 261 A TYR 265 A ILE 266 A LYS 267 A TRP 268 A LEU 316 A SER 318 A THR 319 A VAL 320 A PHE 321 A PRO 322 A PRO 323 A PHE 326 A ARG 349 A THR 394 A CYS 395 A PHE 396 A TYR 456 A ARG 457 A TYR 458 A ASN 459 A LEU 460 A PRO 461 A VAL 675 A PRO 677
011 |         000007.8300 | 00000001821939.2500 | A PRO 169 A LEU 172 A ALA 176 A THR 246 A ARG 249 A ALA 250 A LEU 251 A THR 252 A SER 255 A TYR 265 A ILE 266 A LYS 267 A TRP 268 A LEU 316 A SER 318 A THR 319 A VAL 320 A PHE 321 A PRO 322 A PRO 323 A PHE 326 A ARG 349 A ASP 390 A LYS 391 A THR 393 A THR 394 A CYS 395 A PHE 396 A SER 397 A ARG 457 A ASN 459 A LEU 460 A PRO 461 A PRO 677
012 |         000007.8270 | 00000001831188.0000 | A PRO 169 A ASP 170 A LEU 172 A ARG 173 A ALA 176 A ASN 177 A LEU 245 A THR 246 A ARG 249 A ALA 250 A LEU 251 A THR 252 A SER 255 A LEU 261 A TYR 265 A ILE 266 A LYS 267 A TRP 268 A LEU 316 A THR 319 A VAL 320 A PHE 321 A PRO 322 A PRO 323 A ARG 349 A LEU 389 A ASP 390 A LYS 391 A THR 393 A THR 394 A CYS 395 A PHE 396 A ARG 457 A ASN 459 A LEU 460 A PRO 461 A PRO 677
013 |         000007.7010 | 00000002265125.0000 | A PRO 169 A ASP 170 A LEU 172 A ARG 173 A ARG 249 A THR 252 A SER 255 A HIS 256 A LEU 261 A TYR 265 A TRP 268 A THR 319 A VAL 320 A PHE 321 A PRO 322 A PRO 323 A THR 324 A ARG 349 A LEU 387 A LEU 388 A LEU 389 A ASP 390 A LYS 391 A THR 393 A THR 394 A CYS 395 A PHE 396 A SER 397 A TYR 456 A ARG 457 A TYR 458 A ASN 459 A LEU 460 A PRO 461 A PRO 677
014 |         000007.6930 | 00000002295917.2500 | A LEU 172 A ARG 173 A ALA 176 A ASN 177 A LEU 245 A THR 246 A ARG 249 A ALA 250 A LEU 251 A THR 252 A SER 255 A TYR 265 A LYS 267 A TRP 268 A VAL 315 A LEU 316 A THR 319 A VAL 320 A PHE 321 A PRO 322 A PRO 323 A ARG 349 A GLU 350 A LEU 388 A LEU 389 A ASP 390 A THR 394 A CYS 395 A PHE 396 A SER 397 A ARG 457 A ASN 459 A LEU 460 A PRO 461 A THR 462 A PRO 627 A ASN 628 A MET 629 A PRO 677
015 |         000007.6890 | 00000002311470.0000 | A PRO 169 A ASP 170 A LEU 172 A ARG 173 A ALA 176 A THR 246 A ARG 249 A ALA 250 A LEU 251 A THR 252 A SER 255 A LEU 261 A TYR 265 A ILE 266 A LYS 267 A TRP 268 A LEU 270 A VAL 315 A LEU 316 A SER 318 A THR 319 A VAL 320 A PRO 322 A PRO 323 A THR 324 A ARG 349 A THR 394 A CYS 395 A PHE 396 A TYR 456 A ARG 457 A ASN 459 A LEU 460 A PRO 461 A ASN 628 A PRO 677
016 |         000007.6740 | 00000002370737.2500 | A PHE 165 A PRO 169 A ASP 170 A LEU 172 A ARG 173 A ALA 176 A THR 246 A ARG 249 A THR 252 A SER 255 A TYR 265 A THR 319 A PHE 321 A PRO 322 A PRO 323 A ARG 349 A GLU 350 A LEU 387 A LEU 388 A THR 394 A CYS 395 A PHE 396 A SER 397 A VAL 398 A TYR 456 A ARG 457 A TYR 458 A ASN 459 A LEU 460 A PRO 461 A ASN 628 A SER 664 A VAL 675 A PRO 677
017 |         000007.6540 | 00000002452130.7500 | A PRO 169 A ASP 170 A LEU 172 A ARG 173 A THR 246 A ARG 249 A THR 252 A SER 255 A TYR 265 A ILE 266 A LYS 267 A TRP 268 A SER 318 A THR 319 A PHE 321 A PRO 322 A PRO 323 A PHE 326 A ARG 349 A LEU 389 A ASP 390 A LYS 391 A THR 393 A THR 394 A CYS 395 A PHE 396 A SER 397 A TYR 456 A ARG 457 A TYR 458 A ASN 459 A LEU 460 A PRO 461 A THR 462 A TYR 674 A VAL 675 A PRO 677
018 |         000007.6400 | 00000002510763.2500 | A PRO 169 A ASP 170 A LEU 172 A ARG 173 A ALA 176 A THR 246 A ARG 249 A ALA 250 A LEU 251 A THR 252 A SER 255 A TYR 265 A ILE 266 A TRP 268 A LEU 316 A SER 318 A THR 319 A VAL 320 A PHE 321 A PRO 322 A PRO 323 A PHE 326 A ARG 349 A LEU 389 A LYS 391 A THR 394 A CYS 395 A PHE 396 A SER 397 A TYR 456 A ARG 457 A ASN 459 A LEU 460 A PRO 461 A VAL 675 A PRO 677
019 |         000007.6040 | 00000002668050.7500 | A PRO 169 A LEU 172 A ALA 176 A ASN 177 A LEU 245 A THR 246 A ARG 249 A ALA 250 A LEU 251 A THR 252 A SER 255 A TYR 265 A ILE 266 A LYS 267 A TRP 268 A LEU 316 A THR 319 A VAL 320 A PHE 321 A PRO 322 A PRO 323 A ARG 349 A LEU 388 A LEU 389 A ASP 390 A LYS 391 A THR 393 A THR 394 A CYS 395 A PHE 396 A SER 397 A TYR 456 A ARG 457 A TYR 458 A ASN 459 A LEU 460 A PRO 461 A ASN 628 A VAL 675 A PRO 677 A GLY 678
020 |         000007.5920 | 00000002722640.0000 | A PHE 165 A PRO 169 A ASP 170 A LEU 172 A ARG 173 A ALA 176 A ASN 177 A GLY 179 A GLU 180 A THR 246 A ARG 249 A THR 252 A SER 255 A LEU 261 A TYR 265 A ILE 266 A LYS 267 A TRP 268 A LEU 270 A THR 319 A VAL 320 A PHE 321 A PRO 322 A PRO 323 A THR 324 A ARG 349 A GLU 350 A LEU 389 A ASP 390 A LYS 391 A THR 393 A THR 394 A CYS 395 A PHE 396 A ARG 457 A TYR 458 A ASN 459 A LEU 460 A PRO 461 A ASN 628 A SER 664 A PRO 677
021 |         000007.5850 | 00000002754998.0000 | A ARG 249 A LEU 251 A THR 252 A SER 255 A TYR 265 A ILE 266 A LYS 267 A TRP 268 A LEU 270 A SER 318 A THR 319 A VAL 320 A PHE 321 A PRO 322 A PRO 323 A THR 324 A PHE 326 A ARG 349 A LEU 389 A ASP 390 A LYS 391 A THR 393 A THR 394 A CYS 395 A PHE 396 A SER 397 A TYR 456 A ARG 457 A ASN 459 A LEU 460 A PRO 461 A VAL 675 A PRO 677
022 |         000007.4970 | 00000003196142.5000 | A PRO 169 A LEU 172 A ARG 173 A ALA 176 A ASN 177 A LEU 245 A THR 246 A ARG 249 A ALA 250 A LEU 251 A THR 252 A SER 255 A LEU 261 A TYR 265 A ILE 266 A LYS 267 A TRP 268 A LEU 316 A SER 318 A THR 319 A VAL 320 A PHE 321 A PRO 322 A PRO 323 A PHE 326 A ARG 349 A LEU 387 A LEU 388 A LEU 389 A ASP 390 A THR 393 A THR 394 A CYS 395 A PHE 396 A SER 397 A TYR 456 A ARG 457 A TYR 458 A ASN 459 A LEU 460 A PRO 461 A PRO 677
023 |         000007.4440 | 00000003495229.2500 | A PRO 169 A ASP 170 A LEU 172 A ARG 173 A ALA 176 A LEU 245 A THR 246 A ARG 249 A ALA 250 A LEU 251 A THR 252 A TYR 265 A ILE 266 A LYS 267 A TRP 268 A LEU 270 A LEU 316 A THR 319 A PRO 322 A PRO 323 A ARG 349 A LEU 389 A ASP 390 A LYS 391 A THR 393 A THR 394 A CYS 395 A PHE 396 A SER 397 A TYR 456 A ARG 457 A TYR 458 A ASN 459 A LEU 460 A PRO 461 A VAL 675 A LYS 676 A PRO 677
024 |         000007.4360 | 00000003542743.7500 | A PRO 169 A LEU 172 A ARG 249 A LEU 251 A THR 252 A SER 255 A TYR 265 A ILE 266 A LYS 267 A TRP 268 A LEU 270 A SER 318 A THR 319 A VAL 320 A PHE 321 A PRO 322 A PRO 323 A THR 324 A PHE 326 A ARG 349 A LEU 388 A LEU 389 A ASP 390 A THR 393 A THR 394 A CYS 395 A PHE 396 A SER 397 A ARG 457 A TYR 458 A ASN 459 A LEU 460 A PRO 461 A TYR 674 A VAL 675 A PRO 677
025 |         000007.4230 | 00000003621336.2500 | A ARG 173 A ARG 249 A LEU 251 A THR 252 A SER 255 A TYR 265 A ILE 266 A LYS 267 A TRP 268 A LEU 270 A SER 318 A THR 319 A VAL 320 A PHE 321 A PRO 322 A PRO 323 A THR 324 A PHE 326 A ARG 349 A LEU 387 A LEU 388 A LEU 389 A ASP 390 A THR 394 A CYS 395 A PHE 396 A SER 397 A TYR 456 A ARG 457 A ASN 459 A LEU 460 A PRO 461 A VAL 675 A PRO 677

After clustering the 25 runs, the following 14 distinct complex conformations were found:
[They all differ by at least 5.0 A heavy atom RMSD after superposing on the receptor]

Clu |Bind.energy[kcal/mol]|Dissoc. constant [pM]| Contacting receptor residues
----+---------------------+---------------------+-----------------------------
001 |         000008.0300 | 00000001299965.8750 | A PRO 169 A LEU 172 A ARG 173 A ALA 176 A ASN 177 A LEU 245 A THR 246 A ARG 249 A ALA 250 A LEU 251 A THR 252 A SER 255 A TYR 265 A ILE 266 A LYS 267 A TRP 268 A LEU 316 A THR 319 A VAL 320 A PHE 321 A PRO 322 A PRO 323 A THR 324 A ARG 349 A LEU 389 A ASP 390 A LYS 391 A THR 393 A THR 394 A CYS 395 A PHE 396 A SER 397 A TYR 456 A ARG 457 A TYR 458 A ASN 459 A LEU 460 A PRO 461 A ASN 628 A VAL 675 A LYS 676 A PRO 677
002 |         000008.0140 | 00000001335549.8750 | A PRO 169 A LEU 172 A ARG 173 A ALA 176 A ASN 177 A LEU 245 A THR 246 A LEU 247 A ARG 249 A ALA 250 A LEU 251 A THR 252 A SER 255 A LEU 261 A TYR 265 A TRP 268 A LEU 316 A SER 318 A THR 319 A VAL 320 A PHE 321 A PRO 322 A PRO 323 A ARG 349 A ASP 390 A LYS 391 A THR 393 A THR 394 A CYS 395 A PHE 396 A SER 397 A TYR 456 A ARG 457 A TYR 458 A ASN 459 A LEU 460 A PRO 461 A PRO 677
003 |         000007.8990 | 00000001621646.6250 | A PRO 169 A ASP 170 A LEU 172 A ARG 173 A ALA 176 A LEU 245 A THR 246 A ARG 249 A ALA 250 A LEU 251 A THR 252 A SER 255 A TYR 265 A ILE 266 A LYS 267 A TRP 268 A LEU 316 A THR 319 A VAL 320 A PHE 321 A PRO 322 A PRO 323 A ARG 349 A GLU 350 A LEU 388 A LEU 389 A ASP 390 A THR 393 A THR 394 A CYS 395 A PHE 396 A SER 397 A ARG 457 A ASN 459 A LEU 460 A PRO 461 A THR 462 A ASN 628 A PRO 677
004 |         000007.8420 | 00000001785409.2500 | A PRO 169 A LEU 172 A ARG 173 A ALA 176 A ASN 177 A LEU 245 A THR 246 A ARG 249 A ALA 250 A LEU 251 A THR 252 A SER 255 A LEU 261 A TYR 265 A ILE 266 A LYS 267 A TRP 268 A LEU 316 A SER 318 A THR 319 A VAL 320 A PHE 321 A PRO 322 A PRO 323 A PHE 326 A ARG 349 A THR 394 A CYS 395 A PHE 396 A TYR 456 A ARG 457 A TYR 458 A ASN 459 A LEU 460 A PRO 461 A VAL 675 A PRO 677
005 |         000007.8300 | 00000001821939.2500 | A PRO 169 A LEU 172 A ALA 176 A THR 246 A ARG 249 A ALA 250 A LEU 251 A THR 252 A SER 255 A TYR 265 A ILE 266 A LYS 267 A TRP 268 A LEU 316 A SER 318 A THR 319 A VAL 320 A PHE 321 A PRO 322 A PRO 323 A PHE 326 A ARG 349 A ASP 390 A LYS 391 A THR 393 A THR 394 A CYS 395 A PHE 396 A SER 397 A ARG 457 A ASN 459 A LEU 460 A PRO 461 A PRO 677
006 |         000007.8270 | 00000001831188.0000 | A PRO 169 A ASP 170 A LEU 172 A ARG 173 A ALA 176 A ASN 177 A LEU 245 A THR 246 A ARG 249 A ALA 250 A LEU 251 A THR 252 A SER 255 A LEU 261 A TYR 265 A ILE 266 A LYS 267 A TRP 268 A LEU 316 A THR 319 A VAL 320 A PHE 321 A PRO 322 A PRO 323 A ARG 349 A LEU 389 A ASP 390 A LYS 391 A THR 393 A THR 394 A CYS 395 A PHE 396 A ARG 457 A ASN 459 A LEU 460 A PRO 461 A PRO 677
007 |         000007.7010 | 00000002265125.0000 | A PRO 169 A ASP 170 A LEU 172 A ARG 173 A ARG 249 A THR 252 A SER 255 A HIS 256 A LEU 261 A TYR 265 A TRP 268 A THR 319 A VAL 320 A PHE 321 A PRO 322 A PRO 323 A THR 324 A ARG 349 A LEU 387 A LEU 388 A LEU 389 A ASP 390 A LYS 391 A THR 393 A THR 394 A CYS 395 A PHE 396 A SER 397 A TYR 456 A ARG 457 A TYR 458 A ASN 459 A LEU 460 A PRO 461 A PRO 677
008 |         000007.6930 | 00000002295917.2500 | A LEU 172 A ARG 173 A ALA 176 A ASN 177 A LEU 245 A THR 246 A ARG 249 A ALA 250 A LEU 251 A THR 252 A SER 255 A TYR 265 A LYS 267 A TRP 268 A VAL 315 A LEU 316 A THR 319 A VAL 320 A PHE 321 A PRO 322 A PRO 323 A ARG 349 A GLU 350 A LEU 388 A LEU 389 A ASP 390 A THR 394 A CYS 395 A PHE 396 A SER 397 A ARG 457 A ASN 459 A LEU 460 A PRO 461 A THR 462 A PRO 627 A ASN 628 A MET 629 A PRO 677
009 |         000007.6890 | 00000002311470.0000 | A PRO 169 A ASP 170 A LEU 172 A ARG 173 A ALA 176 A THR 246 A ARG 249 A ALA 250 A LEU 251 A THR 252 A SER 255 A LEU 261 A TYR 265 A ILE 266 A LYS 267 A TRP 268 A LEU 270 A VAL 315 A LEU 316 A SER 318 A THR 319 A VAL 320 A PRO 322 A PRO 323 A THR 324 A ARG 349 A THR 394 A CYS 395 A PHE 396 A TYR 456 A ARG 457 A ASN 459 A LEU 460 A PRO 461 A ASN 628 A PRO 677
010 |         000007.6740 | 00000002370737.2500 | A PHE 165 A PRO 169 A ASP 170 A LEU 172 A ARG 173 A ALA 176 A THR 246 A ARG 249 A THR 252 A SER 255 A TYR 265 A THR 319 A PHE 321 A PRO 322 A PRO 323 A ARG 349 A GLU 350 A LEU 387 A LEU 388 A THR 394 A CYS 395 A PHE 396 A SER 397 A VAL 398 A TYR 456 A ARG 457 A TYR 458 A ASN 459 A LEU 460 A PRO 461 A ASN 628 A SER 664 A VAL 675 A PRO 677
011 |         000007.6540 | 00000002452130.7500 | A PRO 169 A ASP 170 A LEU 172 A ARG 173 A THR 246 A ARG 249 A THR 252 A SER 255 A TYR 265 A ILE 266 A LYS 267 A TRP 268 A SER 318 A THR 319 A PHE 321 A PRO 322 A PRO 323 A PHE 326 A ARG 349 A LEU 389 A ASP 390 A LYS 391 A THR 393 A THR 394 A CYS 395 A PHE 396 A SER 397 A TYR 456 A ARG 457 A TYR 458 A ASN 459 A LEU 460 A PRO 461 A THR 462 A TYR 674 A VAL 675 A PRO 677
012 |         000007.5920 | 00000002722640.0000 | A PHE 165 A PRO 169 A ASP 170 A LEU 172 A ARG 173 A ALA 176 A ASN 177 A GLY 179 A GLU 180 A THR 246 A ARG 249 A THR 252 A SER 255 A LEU 261 A TYR 265 A ILE 266 A LYS 267 A TRP 268 A LEU 270 A THR 319 A VAL 320 A PHE 321 A PRO 322 A PRO 323 A THR 324 A ARG 349 A GLU 350 A LEU 389 A ASP 390 A LYS 391 A THR 393 A THR 394 A CYS 395 A PHE 396 A ARG 457 A TYR 458 A ASN 459 A LEU 460 A PRO 461 A ASN 628 A SER 664 A PRO 677
013 |         000007.5850 | 00000002754998.0000 | A ARG 249 A LEU 251 A THR 252 A SER 255 A TYR 265 A ILE 266 A LYS 267 A TRP 268 A LEU 270 A SER 318 A THR 319 A VAL 320 A PHE 321 A PRO 322 A PRO 323 A THR 324 A PHE 326 A ARG 349 A LEU 389 A ASP 390 A LYS 391 A THR 393 A THR 394 A CYS 395 A PHE 396 A SER 397 A TYR 456 A ARG 457 A ASN 459 A LEU 460 A PRO 461 A VAL 675 A PRO 677
014 |         000007.4970 | 00000003196142.5000 | A PRO 169 A LEU 172 A ARG 173 A ALA 176 A ASN 177 A LEU 245 A THR 246 A ARG 249 A ALA 250 A LEU 251 A THR 252 A SER 255 A LEU 261 A TYR 265 A ILE 266 A LYS 267 A TRP 268 A LEU 316 A SER 318 A THR 319 A VAL 320 A PHE 321 A PRO 322 A PRO 323 A PHE 326 A ARG 349 A LEU 387 A LEU 388 A LEU 389 A ASP 390 A THR 393 A THR 394 A CYS 395 A PHE 396 A SER 397 A TYR 456 A ARG 457 A TYR 458 A ASN 459 A LEU 460 A PRO 461 A PRO 677

While the table above lists the best binding energy in each cluster, it is sometimes
helpful to also look at the energy spread [average and standard deviation], the
dissociation constant has been recalculated from the average binding energy:

Clu |Members|Bind.energy spread [kcal/mol]|Dissoc. constant [pM]
----+-------+-----------------------------+---------------------
001 |  003  |    000007.6927+-000000.2473 | 00000002297388.6221
002 |  002  |    000007.9740+-000000.0400 | 00000001428945.1257
003 |  001  |    000007.8990+-000000.0000 | 00000001621775.7825
004 |  002  |    000007.7410+-000000.1010 | 00000002117414.2014
005 |  001  |    000007.8300+-000000.0000 | 00000001822083.8440
006 |  001  |    000007.8270+-000000.0000 | 00000001831332.5473
007 |  001  |    000007.7010+-000000.0000 | 00000002265300.5573
008 |  001  |    000007.6930+-000000.0000 | 00000002296096.5629
009 |  001  |    000007.6890+-000000.0000 | 00000002311649.3494
010 |  001  |    000007.6740+-000000.0000 | 00000002370922.1216
011 |  001  |    000007.6540+-000000.0000 | 00000002452321.3624
012 |  001  |    000007.5920+-000000.0000 | 00000002722849.0364
013 |  003  |    000007.4813+-000000.0735 | 00000003282032.5339
014 |  001  |    000007.4970+-000000.0000 | 00000003196383.7599

The results of the 25 runs have been combined in a single scene at C:\Users\Hp\Desktop\L2-lysine1 docking in cavity 2\dock.sce
The 14 clusters have been saved as:
C:\Users\Hp\Desktop\L2-lysine1 docking in cavity 2\dock_001.yob
C:\Users\Hp\Desktop\L2-lysine1 docking in cavity 2\dock_002.yob
C:\Users\Hp\Desktop\L2-lysine1 docking in cavity 2\dock_003.yob
C:\Users\Hp\Desktop\L2-lysine1 docking in cavity 2\dock_004.yob
C:\Users\Hp\Desktop\L2-lysine1 docking in cavity 2\dock_005.yob
C:\Users\Hp\Desktop\L2-lysine1 docking in cavity 2\dock_006.yob
C:\Users\Hp\Desktop\L2-lysine1 docking in cavity 2\dock_007.yob
C:\Users\Hp\Desktop\L2-lysine1 docking in cavity 2\dock_008.yob
C:\Users\Hp\Desktop\L2-lysine1 docking in cavity 2\dock_009.yob
C:\Users\Hp\Desktop\L2-lysine1 docking in cavity 2\dock_010.yob
C:\Users\Hp\Desktop\L2-lysine1 docking in cavity 2\dock_011.yob
C:\Users\Hp\Desktop\L2-lysine1 docking in cavity 2\dock_012.yob
C:\Users\Hp\Desktop\L2-lysine1 docking in cavity 2\dock_013.yob
C:\Users\Hp\Desktop\L2-lysine1 docking in cavity 2\dock_014.yob
