Global docking result analysis
==============================

25 VINA docking runs of the ligand object 3 to the receptor object 1 yielded the following results,
sorted by binding energy [more positive energies indicate stronger binding, and negative energies mean no binding]

Run |Bind.energy[kcal/mol]|Dissoc. constant [pM]| Contacting receptor residues
----+---------------------+---------------------+-----------------------------
001 |         000007.6520 | 00000002460422.2500 | A LYS 160 A ASP 161 A TYR 163 A ASP 164 A VAL 166 A GLU 167 A HIS 439 A ARG 457 A TYR 458 A LYS 545 A SER 549 A ALA 550 A LYS 551 A ARG 553 A ARG 555 A THR 556 A VAL 557 A TRP 617 A ASP 618 A TYR 619 A PRO 620 A LYS 621 A CYS 622 A ASP 623 A ARG 624 A THR 680 A SER 681 A SER 682 A THR 687 A ALA 688 A ASN 691 A SER 759 A ASP 760 A ASP 761 A PHE 793 A MET 794 A SER 795 A LYS 798 A CYS 813 A SER 814 A ARG 836
002 |         000007.6520 | 00000002460422.2500 | A LYS 160 A ASP 161 A TYR 163 A ASP 164 A VAL 166 A GLU 167 A HIS 439 A ARG 457 A TYR 458 A LYS 545 A SER 549 A ALA 550 A LYS 551 A ARG 553 A ARG 555 A THR 556 A VAL 557 A TRP 617 A ASP 618 A TYR 619 A PRO 620 A LYS 621 A CYS 622 A ASP 623 A ARG 624 A THR 680 A SER 681 A SER 682 A THR 687 A ALA 688 A ASN 691 A SER 759 A ASP 760 A ASP 761 A PHE 793 A MET 794 A SER 795 A LYS 798 A CYS 813 A SER 814 A ARG 836
003 |         000007.4840 | 00000003267046.0000 | A ARG 173 A ALA 176 A ASN 177 A GLU 180 A LEU 245 A THR 246 A ARG 249 A ALA 250 A LEU 251 A THR 252 A SER 255 A HIS 256 A LEU 261 A TYR 265 A ILE 266 A LYS 267 A TRP 268 A ASN 314 A VAL 315 A LEU 316 A SER 318 A THR 319 A VAL 320 A PHE 321 A PRO 322 A PRO 323 A ARG 349 A GLU 350 A THR 394 A CYS 395 A PHE 396 A SER 397 A TYR 456 A ARG 457 A ASN 459 A LEU 460 A PRO 461 A THR 462 A ASN 628 A VAL 675 A LYS 676 A PRO 677
004 |         000007.4840 | 00000003267046.0000 | A ARG 173 A ALA 176 A ASN 177 A GLU 180 A LEU 245 A THR 246 A ARG 249 A ALA 250 A LEU 251 A THR 252 A SER 255 A HIS 256 A LEU 261 A TYR 265 A ILE 266 A LYS 267 A TRP 268 A ASN 314 A VAL 315 A LEU 316 A SER 318 A THR 319 A VAL 320 A PHE 321 A PRO 322 A PRO 323 A ARG 349 A GLU 350 A THR 394 A CYS 395 A PHE 396 A SER 397 A TYR 456 A ARG 457 A ASN 459 A LEU 460 A PRO 461 A THR 462 A ASN 628 A VAL 675 A LYS 676 A PRO 677
005 |         000007.4830 | 00000003272565.0000 | A PRO 169 A LEU 172 A LEU 245 A THR 246 A ARG 249 A ALA 250 A LEU 251 A THR 252 A SER 255 A TYR 265 A ILE 266 A LYS 267 A TRP 268 A LEU 316 A SER 318 A THR 319 A VAL 320 A PHE 321 A PRO 322 A PRO 323 A THR 324 A ARG 349 A LEU 389 A ASP 390 A LYS 391 A THR 393 A THR 394 A CYS 395 A PHE 396 A SER 397 A TYR 456 A ARG 457 A ASN 459 A LEU 460 A PRO 461 A VAL 675 A PRO 677
006 |         000007.4830 | 00000003272565.0000 | A PRO 169 A LEU 172 A LEU 245 A THR 246 A ARG 249 A ALA 250 A LEU 251 A THR 252 A SER 255 A TYR 265 A ILE 266 A LYS 267 A TRP 268 A LEU 316 A SER 318 A THR 319 A VAL 320 A PHE 321 A PRO 322 A PRO 323 A THR 324 A ARG 349 A LEU 389 A ASP 390 A LYS 391 A THR 393 A THR 394 A CYS 395 A PHE 396 A SER 397 A TYR 456 A ARG 457 A ASN 459 A LEU 460 A PRO 461 A VAL 675 A PRO 677
007 |         000007.4410 | 00000003512972.0000 | A PRO 169 A ASP 170 A LEU 172 A ARG 173 A THR 246 A ARG 249 A ALA 250 A LEU 251 A THR 252 A SER 255 A TYR 265 A ILE 266 A LYS 267 A TRP 268 A VAL 315 A SER 318 A THR 319 A VAL 320 A PHE 321 A PRO 322 A PRO 323 A ARG 349 A GLU 350 A LEU 387 A LEU 388 A LEU 389 A ASP 390 A LYS 391 A THR 393 A THR 394 A CYS 395 A PHE 396 A SER 397 A ARG 457 A ASN 459 A LEU 460 A PRO 461 A ASN 628 A VAL 675 A LYS 676 A PRO 677
008 |         000007.4410 | 00000003512972.0000 | A PRO 169 A ASP 170 A LEU 172 A ARG 173 A THR 246 A ARG 249 A ALA 250 A LEU 251 A THR 252 A SER 255 A TYR 265 A ILE 266 A LYS 267 A TRP 268 A VAL 315 A SER 318 A THR 319 A VAL 320 A PHE 321 A PRO 322 A PRO 323 A ARG 349 A GLU 350 A LEU 387 A LEU 388 A LEU 389 A ASP 390 A LYS 391 A THR 393 A THR 394 A CYS 395 A PHE 396 A SER 397 A ARG 457 A ASN 459 A LEU 460 A PRO 461 A ASN 628 A VAL 675 A LYS 676 A PRO 677
009 |         000007.4290 | 00000003584848.5000 | A PRO 169 A LEU 172 A LEU 245 A THR 246 A ARG 249 A ALA 250 A LEU 251 A THR 252 A ALA 253 A SER 255 A HIS 256 A LEU 261 A TYR 265 A VAL 315 A LEU 316 A SER 318 A THR 319 A PHE 321 A PRO 323 A ARG 349 A GLU 350 A LEU 387 A LEU 388 A LEU 389 A ASP 390 A LYS 391 A THR 393 A THR 394 A CYS 395 A PHE 396 A SER 397 A TYR 456 A ARG 457 A TYR 458 A ASN 459 A LEU 460 A PRO 461 A ASN 628 A PRO 677
010 |         000007.4290 | 00000003584848.5000 | A PRO 169 A LEU 172 A LEU 245 A THR 246 A ARG 249 A ALA 250 A LEU 251 A THR 252 A ALA 253 A SER 255 A HIS 256 A LEU 261 A TYR 265 A VAL 315 A LEU 316 A SER 318 A THR 319 A PHE 321 A PRO 323 A ARG 349 A GLU 350 A LEU 387 A LEU 388 A LEU 389 A ASP 390 A LYS 391 A THR 393 A THR 394 A CYS 395 A PHE 396 A SER 397 A TYR 456 A ARG 457 A TYR 458 A ASN 459 A LEU 460 A PRO 461 A ASN 628 A PRO 677
011 |         000007.3580 | 00000004041238.5000 | A PHE 165 A PRO 169 A LEU 172 A ARG 173 A ALA 176 A THR 246 A ARG 249 A LEU 251 A THR 252 A SER 255 A TYR 265 A ILE 266 A LYS 267 A TRP 268 A LEU 316 A SER 318 A THR 319 A VAL 320 A PHE 321 A PRO 322 A PRO 323 A PHE 326 A ARG 349 A THR 394 A CYS 395 A PHE 396 A TYR 456 A ARG 457 A TYR 458 A ASN 459 A LEU 460 A PRO 461 A ASN 628 A SER 664 A VAL 675 A LYS 676 A PRO 677
012 |         000007.3470 | 00000004116969.0000 | A PRO 169 A LEU 172 A LEU 245 A THR 246 A ARG 249 A ALA 250 A LEU 251 A THR 252 A ALA 253 A SER 255 A HIS 256 A LEU 261 A TYR 265 A LEU 316 A THR 319 A VAL 320 A PRO 322 A PRO 323 A THR 324 A ARG 349 A GLU 350 A LEU 389 A ASP 390 A LYS 391 A THR 393 A THR 394 A CYS 395 A PHE 396 A SER 397 A TYR 456 A ARG 457 A TYR 458 A ASN 459 A LEU 460 A PRO 461 A ASN 628 A VAL 675 A PRO 677
013 |         000007.3300 | 00000004236808.0000 | A ARG 173 A ALA 176 A ASN 177 A GLY 179 A GLU 180 A LEU 245 A THR 246 A ARG 249 A ALA 250 A LEU 251 A THR 252 A SER 255 A HIS 256 A LEU 261 A THR 262 A TYR 265 A ILE 266 A LYS 267 A TRP 268 A ASN 314 A VAL 315 A LEU 316 A SER 318 A THR 319 A VAL 320 A PHE 321 A PRO 322 A PRO 323 A ARG 349 A GLU 350 A LYS 391 A THR 393 A THR 394 A CYS 395 A PHE 396 A TYR 456 A ARG 457 A ASN 459 A LEU 460 A PRO 461 A THR 462 A ASN 628 A VAL 675 A PRO 677
014 |         000007.1800 | 00000005457455.5000 | A LEU 172 A ARG 173 A ALA 176 A ASN 177 A LEU 245 A THR 246 A ARG 249 A ALA 250 A LEU 251 A THR 252 A SER 255 A TYR 265 A LYS 267 A TRP 268 A LEU 270 A ASN 314 A VAL 315 A LEU 316 A SER 318 A THR 319 A VAL 320 A PHE 321 A PRO 322 A PRO 323 A THR 324 A ARG 349 A GLU 350 A THR 394 A CYS 395 A PHE 396 A SER 397 A ARG 457 A ASN 459 A LEU 460 A PRO 461 A THR 462 A ASN 628 A PRO 677
015 |         000007.1490 | 00000005750604.5000 | A PRO 169 A ASP 170 A LEU 172 A ARG 173 A ALA 176 A ASN 177 A ARG 249 A THR 252 A SER 255 A HIS 256 A LEU 261 A TYR 265 A ILE 266 A LYS 267 A TRP 268 A LEU 270 A SER 318 A THR 319 A VAL 320 A PHE 321 A PRO 322 A PRO 323 A THR 324 A ARG 349 A THR 394 A CYS 395 A PHE 396 A TYR 456 A ARG 457 A TYR 458 A ASN 459 A LEU 460 A PRO 461 A PRO 677
016 |         000007.1450 | 00000005789560.0000 | A PRO 169 A ASP 170 A LEU 172 A ARG 173 A LEU 245 A THR 246 A ARG 249 A ALA 250 A LEU 251 A THR 252 A SER 255 A TYR 265 A ILE 266 A LYS 267 A TRP 268 A VAL 315 A LEU 316 A THR 319 A VAL 320 A PRO 322 A PRO 323 A ARG 349 A GLU 350 A THR 394 A CYS 395 A PHE 396 A ARG 457 A TYR 458 A ASN 459 A LEU 460 A PRO 461 A THR 462 A PRO 627 A ASN 628 A MET 629 A VAL 675 A PRO 677
017 |         000007.1430 | 00000005809136.5000 | A ASP 164 A VAL 166 A HIS 439 A TYR 455 A ILE 548 A SER 549 A ALA 550 A LYS 551 A ARG 553 A ARG 555 A ASP 618 A TYR 619 A PRO 620 A LYS 621 A CYS 622 A ASP 623 A ARG 624 A THR 680 A SER 681 A SER 682 A ASP 684 A THR 687 A ALA 688 A ASN 691 A LEU 758 A SER 759 A ASP 760 A ASP 761 A PHE 793 A SER 795 A LYS 798 A CYS 813 A SER 814 A ARG 836
018 |         000007.1190 | 00000006049281.5000 | A PRO 169 A ASP 170 A LEU 172 A ARG 173 A LEU 245 A THR 246 A ARG 249 A ALA 250 A LEU 251 A THR 252 A TYR 265 A LEU 316 A THR 319 A VAL 320 A PHE 321 A PRO 322 A PRO 323 A ARG 349 A LEU 388 A LEU 389 A ASP 390 A THR 393 A THR 394 A CYS 395 A PHE 396 A SER 397 A TYR 456 A ARG 457 A ASN 459 A LEU 460 A PRO 461 A THR 462 A ASN 628 A VAL 675 A LYS 676 A PRO 677
019 |         000007.1010 | 00000006235883.5000 | A ASP 164 A VAL 166 A GLU 167 A ASP 452 A TYR 455 A LYS 545 A ALA 547 A ILE 548 A SER 549 A ALA 550 A LYS 551 A ARG 553 A ARG 555 A ASP 618 A TYR 619 A PRO 620 A LYS 621 A CYS 622 A ASP 623 A ARG 624 A THR 680 A SER 681 A SER 682 A ASP 684 A ALA 685 A THR 687 A ALA 688 A ASN 691 A SER 759 A ASP 760 A ASP 761 A PHE 793 A SER 795 A LYS 798 A GLU 811 A SER 814 A ARG 836
020 |         000007.0990 | 00000006256969.0000 | A PHE 165 A VAL 166 A PRO 169 A LEU 172 A LEU 245 A THR 246 A ARG 249 A ALA 250 A LEU 251 A THR 252 A SER 255 A TYR 265 A ILE 266 A LYS 267 A TRP 268 A LEU 316 A SER 318 A THR 319 A VAL 320 A PHE 321 A PRO 322 A PRO 323 A ARG 349 A THR 394 A CYS 395 A PHE 396 A TYR 456 A ARG 457 A TYR 458 A ASN 459 A LEU 460 A PRO 461 A PRO 677
021 |         000007.0890 | 00000006363471.5000 | A LEU 172 A ARG 173 A ALA 176 A ASN 177 A LEU 245 A THR 246 A ARG 249 A LEU 251 A THR 252 A SER 255 A TYR 265 A ILE 266 A LYS 267 A TRP 268 A ASP 269 A LEU 270 A LEU 316 A THR 319 A VAL 320 A PHE 321 A PRO 322 A PRO 323 A THR 324 A ARG 349 A LEU 389 A ASP 390 A LYS 391 A THR 393 A THR 394 A CYS 395 A PHE 396 A SER 397 A ARG 457 A ASN 459 A LEU 460 A PRO 461 A PRO 677
022 |         000007.0640 | 00000006637726.5000 | A PRO 169 A ASP 170 A LEU 172 A ARG 173 A ALA 176 A ASN 177 A LEU 245 A THR 246 A ARG 249 A ALA 250 A LEU 251 A THR 252 A SER 255 A LEU 261 A TYR 265 A ILE 266 A LYS 267 A TRP 268 A LEU 316 A THR 319 A VAL 320 A PHE 321 A PRO 322 A PRO 323 A ARG 349 A THR 394 A CYS 395 A PHE 396 A TYR 456 A ARG 457 A ASN 459 A LEU 460 A PRO 461 A THR 462 A VAL 675 A PRO 677
023 |         000007.0500 | 00000006796440.0000 | A PRO 169 A LEU 172 A ARG 173 A ALA 176 A ASN 177 A LEU 245 A THR 246 A ARG 249 A ALA 250 A LEU 251 A THR 252 A SER 255 A LEU 261 A TYR 265 A ILE 266 A LYS 267 A TRP 268 A VAL 315 A LEU 316 A SER 318 A THR 319 A VAL 320 A PHE 321 A PRO 322 A PRO 323 A ARG 349 A GLU 350 A THR 394 A CYS 395 A PHE 396 A ARG 457 A TYR 458 A ASN 459 A LEU 460 A PRO 461 A ASN 628 A PRO 677
024 |         000007.0490 | 00000006807920.5000 | A PRO 169 A ASP 170 A LEU 172 A ARG 173 A ALA 176 A ASN 177 A THR 246 A LEU 247 A ARG 249 A LEU 251 A THR 252 A SER 255 A TYR 265 A ILE 266 A TRP 268 A THR 319 A VAL 320 A PHE 321 A PRO 322 A PRO 323 A PHE 326 A ARG 349 A THR 394 A CYS 395 A PHE 396 A TYR 456 A ARG 457 A ASN 459 A LEU 460 A PRO 461 A VAL 675 A PRO 677
025 |         000006.9950 | 00000007457564.5000 | A LEU 172 A LEU 245 A THR 246 A ARG 249 A LEU 251 A THR 252 A SER 255 A TYR 265 A ILE 266 A LYS 267 A TRP 268 A LEU 316 A THR 319 A VAL 320 A PHE 321 A PRO 322 A PRO 323 A THR 324 A PHE 326 A ARG 349 A LEU 387 A LEU 388 A LEU 389 A ASP 390 A THR 394 A CYS 395 A PHE 396 A SER 397 A TYR 456 A ARG 457 A ASN 459 A LEU 460 A PRO 461 A VAL 675 A PRO 677

After clustering the 25 runs, the following 17 distinct complex conformations were found:
[They all differ by at least 5.0 A heavy atom RMSD after superposing on the receptor]

Clu |Bind.energy[kcal/mol]|Dissoc. constant [pM]| Contacting receptor residues
----+---------------------+---------------------+-----------------------------
001 |         000007.6520 | 00000002460422.2500 | A LYS 160 A ASP 161 A TYR 163 A ASP 164 A VAL 166 A GLU 167 A HIS 439 A ARG 457 A TYR 458 A LYS 545 A SER 549 A ALA 550 A LYS 551 A ARG 553 A ARG 555 A THR 556 A VAL 557 A TRP 617 A ASP 618 A TYR 619 A PRO 620 A LYS 621 A CYS 622 A ASP 623 A ARG 624 A THR 680 A SER 681 A SER 682 A THR 687 A ALA 688 A ASN 691 A SER 759 A ASP 760 A ASP 761 A PHE 793 A MET 794 A SER 795 A LYS 798 A CYS 813 A SER 814 A ARG 836
002 |         000007.4840 | 00000003267046.0000 | A ARG 173 A ALA 176 A ASN 177 A GLU 180 A LEU 245 A THR 246 A ARG 249 A ALA 250 A LEU 251 A THR 252 A SER 255 A HIS 256 A LEU 261 A TYR 265 A ILE 266 A LYS 267 A TRP 268 A ASN 314 A VAL 315 A LEU 316 A SER 318 A THR 319 A VAL 320 A PHE 321 A PRO 322 A PRO 323 A ARG 349 A GLU 350 A THR 394 A CYS 395 A PHE 396 A SER 397 A TYR 456 A ARG 457 A ASN 459 A LEU 460 A PRO 461 A THR 462 A ASN 628 A VAL 675 A LYS 676 A PRO 677
003 |         000007.4830 | 00000003272565.0000 | A PRO 169 A LEU 172 A LEU 245 A THR 246 A ARG 249 A ALA 250 A LEU 251 A THR 252 A SER 255 A TYR 265 A ILE 266 A LYS 267 A TRP 268 A LEU 316 A SER 318 A THR 319 A VAL 320 A PHE 321 A PRO 322 A PRO 323 A THR 324 A ARG 349 A LEU 389 A ASP 390 A LYS 391 A THR 393 A THR 394 A CYS 395 A PHE 396 A SER 397 A TYR 456 A ARG 457 A ASN 459 A LEU 460 A PRO 461 A VAL 675 A PRO 677
004 |         000007.4410 | 00000003512972.0000 | A PRO 169 A ASP 170 A LEU 172 A ARG 173 A THR 246 A ARG 249 A ALA 250 A LEU 251 A THR 252 A SER 255 A TYR 265 A ILE 266 A LYS 267 A TRP 268 A VAL 315 A SER 318 A THR 319 A VAL 320 A PHE 321 A PRO 322 A PRO 323 A ARG 349 A GLU 350 A LEU 387 A LEU 388 A LEU 389 A ASP 390 A LYS 391 A THR 393 A THR 394 A CYS 395 A PHE 396 A SER 397 A ARG 457 A ASN 459 A LEU 460 A PRO 461 A ASN 628 A VAL 675 A LYS 676 A PRO 677
005 |         000007.4290 | 00000003584848.5000 | A PRO 169 A LEU 172 A LEU 245 A THR 246 A ARG 249 A ALA 250 A LEU 251 A THR 252 A ALA 253 A SER 255 A HIS 256 A LEU 261 A TYR 265 A VAL 315 A LEU 316 A SER 318 A THR 319 A PHE 321 A PRO 323 A ARG 349 A GLU 350 A LEU 387 A LEU 388 A LEU 389 A ASP 390 A LYS 391 A THR 393 A THR 394 A CYS 395 A PHE 396 A SER 397 A TYR 456 A ARG 457 A TYR 458 A ASN 459 A LEU 460 A PRO 461 A ASN 628 A PRO 677
006 |         000007.3580 | 00000004041238.5000 | A PHE 165 A PRO 169 A LEU 172 A ARG 173 A ALA 176 A THR 246 A ARG 249 A LEU 251 A THR 252 A SER 255 A TYR 265 A ILE 266 A LYS 267 A TRP 268 A LEU 316 A SER 318 A THR 319 A VAL 320 A PHE 321 A PRO 322 A PRO 323 A PHE 326 A ARG 349 A THR 394 A CYS 395 A PHE 396 A TYR 456 A ARG 457 A TYR 458 A ASN 459 A LEU 460 A PRO 461 A ASN 628 A SER 664 A VAL 675 A LYS 676 A PRO 677
007 |         000007.1800 | 00000005457455.5000 | A LEU 172 A ARG 173 A ALA 176 A ASN 177 A LEU 245 A THR 246 A ARG 249 A ALA 250 A LEU 251 A THR 252 A SER 255 A TYR 265 A LYS 267 A TRP 268 A LEU 270 A ASN 314 A VAL 315 A LEU 316 A SER 318 A THR 319 A VAL 320 A PHE 321 A PRO 322 A PRO 323 A THR 324 A ARG 349 A GLU 350 A THR 394 A CYS 395 A PHE 396 A SER 397 A ARG 457 A ASN 459 A LEU 460 A PRO 461 A THR 462 A ASN 628 A PRO 677
008 |         000007.1490 | 00000005750604.5000 | A PRO 169 A ASP 170 A LEU 172 A ARG 173 A ALA 176 A ASN 177 A ARG 249 A THR 252 A SER 255 A HIS 256 A LEU 261 A TYR 265 A ILE 266 A LYS 267 A TRP 268 A LEU 270 A SER 318 A THR 319 A VAL 320 A PHE 321 A PRO 322 A PRO 323 A THR 324 A ARG 349 A THR 394 A CYS 395 A PHE 396 A TYR 456 A ARG 457 A TYR 458 A ASN 459 A LEU 460 A PRO 461 A PRO 677
009 |         000007.1450 | 00000005789560.0000 | A PRO 169 A ASP 170 A LEU 172 A ARG 173 A LEU 245 A THR 246 A ARG 249 A ALA 250 A LEU 251 A THR 252 A SER 255 A TYR 265 A ILE 266 A LYS 267 A TRP 268 A VAL 315 A LEU 316 A THR 319 A VAL 320 A PRO 322 A PRO 323 A ARG 349 A GLU 350 A THR 394 A CYS 395 A PHE 396 A ARG 457 A TYR 458 A ASN 459 A LEU 460 A PRO 461 A THR 462 A PRO 627 A ASN 628 A MET 629 A VAL 675 A PRO 677
010 |         000007.1430 | 00000005809136.5000 | A ASP 164 A VAL 166 A HIS 439 A TYR 455 A ILE 548 A SER 549 A ALA 550 A LYS 551 A ARG 553 A ARG 555 A ASP 618 A TYR 619 A PRO 620 A LYS 621 A CYS 622 A ASP 623 A ARG 624 A THR 680 A SER 681 A SER 682 A ASP 684 A THR 687 A ALA 688 A ASN 691 A LEU 758 A SER 759 A ASP 760 A ASP 761 A PHE 793 A SER 795 A LYS 798 A CYS 813 A SER 814 A ARG 836
011 |         000007.1190 | 00000006049281.5000 | A PRO 169 A ASP 170 A LEU 172 A ARG 173 A LEU 245 A THR 246 A ARG 249 A ALA 250 A LEU 251 A THR 252 A TYR 265 A LEU 316 A THR 319 A VAL 320 A PHE 321 A PRO 322 A PRO 323 A ARG 349 A LEU 388 A LEU 389 A ASP 390 A THR 393 A THR 394 A CYS 395 A PHE 396 A SER 397 A TYR 456 A ARG 457 A ASN 459 A LEU 460 A PRO 461 A THR 462 A ASN 628 A VAL 675 A LYS 676 A PRO 677
012 |         000007.0990 | 00000006256969.0000 | A PHE 165 A VAL 166 A PRO 169 A LEU 172 A LEU 245 A THR 246 A ARG 249 A ALA 250 A LEU 251 A THR 252 A SER 255 A TYR 265 A ILE 266 A LYS 267 A TRP 268 A LEU 316 A SER 318 A THR 319 A VAL 320 A PHE 321 A PRO 322 A PRO 323 A ARG 349 A THR 394 A CYS 395 A PHE 396 A TYR 456 A ARG 457 A TYR 458 A ASN 459 A LEU 460 A PRO 461 A PRO 677
013 |         000007.0890 | 00000006363471.5000 | A LEU 172 A ARG 173 A ALA 176 A ASN 177 A LEU 245 A THR 246 A ARG 249 A LEU 251 A THR 252 A SER 255 A TYR 265 A ILE 266 A LYS 267 A TRP 268 A ASP 269 A LEU 270 A LEU 316 A THR 319 A VAL 320 A PHE 321 A PRO 322 A PRO 323 A THR 324 A ARG 349 A LEU 389 A ASP 390 A LYS 391 A THR 393 A THR 394 A CYS 395 A PHE 396 A SER 397 A ARG 457 A ASN 459 A LEU 460 A PRO 461 A PRO 677
014 |         000007.0640 | 00000006637726.5000 | A PRO 169 A ASP 170 A LEU 172 A ARG 173 A ALA 176 A ASN 177 A LEU 245 A THR 246 A ARG 249 A ALA 250 A LEU 251 A THR 252 A SER 255 A LEU 261 A TYR 265 A ILE 266 A LYS 267 A TRP 268 A LEU 316 A THR 319 A VAL 320 A PHE 321 A PRO 322 A PRO 323 A ARG 349 A THR 394 A CYS 395 A PHE 396 A TYR 456 A ARG 457 A ASN 459 A LEU 460 A PRO 461 A THR 462 A VAL 675 A PRO 677
015 |         000007.0500 | 00000006796440.0000 | A PRO 169 A LEU 172 A ARG 173 A ALA 176 A ASN 177 A LEU 245 A THR 246 A ARG 249 A ALA 250 A LEU 251 A THR 252 A SER 255 A LEU 261 A TYR 265 A ILE 266 A LYS 267 A TRP 268 A VAL 315 A LEU 316 A SER 318 A THR 319 A VAL 320 A PHE 321 A PRO 322 A PRO 323 A ARG 349 A GLU 350 A THR 394 A CYS 395 A PHE 396 A ARG 457 A TYR 458 A ASN 459 A LEU 460 A PRO 461 A ASN 628 A PRO 677
016 |         000007.0490 | 00000006807920.5000 | A PRO 169 A ASP 170 A LEU 172 A ARG 173 A ALA 176 A ASN 177 A THR 246 A LEU 247 A ARG 249 A LEU 251 A THR 252 A SER 255 A TYR 265 A ILE 266 A TRP 268 A THR 319 A VAL 320 A PHE 321 A PRO 322 A PRO 323 A PHE 326 A ARG 349 A THR 394 A CYS 395 A PHE 396 A TYR 456 A ARG 457 A ASN 459 A LEU 460 A PRO 461 A VAL 675 A PRO 677
017 |         000006.9950 | 00000007457564.5000 | A LEU 172 A LEU 245 A THR 246 A ARG 249 A LEU 251 A THR 252 A SER 255 A TYR 265 A ILE 266 A LYS 267 A TRP 268 A LEU 316 A THR 319 A VAL 320 A PHE 321 A PRO 322 A PRO 323 A THR 324 A PHE 326 A ARG 349 A LEU 387 A LEU 388 A LEU 389 A ASP 390 A THR 394 A CYS 395 A PHE 396 A SER 397 A TYR 456 A ARG 457 A ASN 459 A LEU 460 A PRO 461 A VAL 675 A PRO 677

While the table above lists the best binding energy in each cluster, it is sometimes
helpful to also look at the energy spread [average and standard deviation], the
dissociation constant has been recalculated from the average binding energy:

Clu |Members|Bind.energy spread [kcal/mol]|Dissoc. constant [pM]
----+-------+-----------------------------+---------------------
001 |  001  |    000007.6520+-000000.0000 | 00000002460612.8389
002 |  002  |    000007.4070+-000000.0770 | 00000003720741.5711
003 |  001  |    000007.4830+-000000.0000 | 00000003272813.7779
004 |  001  |    000007.4410+-000000.0000 | 00000003513236.4848
005 |  002  |    000007.3880+-000000.0410 | 00000003841993.6870
006 |  001  |    000007.3580+-000000.0000 | 00000004041540.7352
007 |  001  |    000007.1800+-000000.0000 | 00000005457853.6847
008 |  001  |    000007.1490+-000000.0000 | 00000005751019.0352
009 |  001  |    000007.1450+-000000.0000 | 00000005789978.6642
010 |  002  |    000007.1220+-000000.0210 | 00000006019162.7645
011 |  001  |    000007.1190+-000000.0000 | 00000006049717.8271
012 |  001  |    000007.0990+-000000.0000 | 00000006257418.6342
013 |  001  |    000007.0890+-000000.0000 | 00000006363925.4379
014 |  001  |    000007.0640+-000000.0000 | 00000006638199.2772
015 |  001  |    000007.0500+-000000.0000 | 00000006796922.4605
016 |  001  |    000007.0490+-000000.0000 | 00000006808408.6880
017 |  001  |    000006.9950+-000000.0000 | 00000007458093.6446

The results of the 25 runs have been combined in a single scene at C:\Users\yons\Desktop\PNA-CPP-6\PNA-CPP-6 CAVITY 2\dock.sce
The 17 clusters have been saved as:
C:\Users\yons\Desktop\PNA-CPP-6\PNA-CPP-6 CAVITY 2\dock_001.yob
C:\Users\yons\Desktop\PNA-CPP-6\PNA-CPP-6 CAVITY 2\dock_002.yob
C:\Users\yons\Desktop\PNA-CPP-6\PNA-CPP-6 CAVITY 2\dock_003.yob
C:\Users\yons\Desktop\PNA-CPP-6\PNA-CPP-6 CAVITY 2\dock_004.yob
C:\Users\yons\Desktop\PNA-CPP-6\PNA-CPP-6 CAVITY 2\dock_005.yob
C:\Users\yons\Desktop\PNA-CPP-6\PNA-CPP-6 CAVITY 2\dock_006.yob
C:\Users\yons\Desktop\PNA-CPP-6\PNA-CPP-6 CAVITY 2\dock_007.yob
C:\Users\yons\Desktop\PNA-CPP-6\PNA-CPP-6 CAVITY 2\dock_008.yob
C:\Users\yons\Desktop\PNA-CPP-6\PNA-CPP-6 CAVITY 2\dock_009.yob
C:\Users\yons\Desktop\PNA-CPP-6\PNA-CPP-6 CAVITY 2\dock_010.yob
C:\Users\yons\Desktop\PNA-CPP-6\PNA-CPP-6 CAVITY 2\dock_011.yob
C:\Users\yons\Desktop\PNA-CPP-6\PNA-CPP-6 CAVITY 2\dock_012.yob
C:\Users\yons\Desktop\PNA-CPP-6\PNA-CPP-6 CAVITY 2\dock_013.yob
C:\Users\yons\Desktop\PNA-CPP-6\PNA-CPP-6 CAVITY 2\dock_014.yob
C:\Users\yons\Desktop\PNA-CPP-6\PNA-CPP-6 CAVITY 2\dock_015.yob
C:\Users\yons\Desktop\PNA-CPP-6\PNA-CPP-6 CAVITY 2\dock_016.yob
C:\Users\yons\Desktop\PNA-CPP-6\PNA-CPP-6 CAVITY 2\dock_017.yob
