Global docking result analysis
==============================

25 VINA docking runs of the ligand object 3 to the receptor object 1 yielded the following results,
sorted by binding energy [more positive energies indicate stronger binding, and negative energies mean no binding]

Run |Bind.energy[kcal/mol]|Dissoc. constant [pM]| Contacting receptor residues
----+---------------------+---------------------+-----------------------------
001 |         000007.0920 | 00000006331332.0000 | A VAL 166 A HIS 439 A PHE 441 A ASP 452 A TYR 455 A LYS 545 A ALA 547 A ILE 548 A LYS 551 A ARG 553 A ARG 555 A THR 556 A GLY 616 A TRP 617 A ASP 618 A TYR 619 A PRO 620 A LYS 621 A CYS 622 A ASP 623 A ARG 624 A THR 680 A SER 682 A THR 687 A ALA 688 A ASN 691 A SER 759 A ASP 760 A ASP 761 A ALA 762 A ALA 797 A LYS 798 A CYS 799 A TRP 800 A HIS 810 A GLU 811 A PHE 812 A CYS 813 A SER 814 A HIS 816 A ASP 833 A ARG 836 A ALA 840 A VAL 844 A ASP 845 A ARG 858 A LEU 862
002 |         000007.0920 | 00000006331332.0000 | A VAL 166 A HIS 439 A PHE 441 A ASP 452 A TYR 455 A LYS 545 A ALA 547 A ILE 548 A LYS 551 A ARG 553 A ARG 555 A THR 556 A GLY 616 A TRP 617 A ASP 618 A TYR 619 A PRO 620 A LYS 621 A CYS 622 A ASP 623 A ARG 624 A THR 680 A SER 682 A THR 687 A ALA 688 A ASN 691 A SER 759 A ASP 760 A ASP 761 A ALA 762 A ALA 797 A LYS 798 A CYS 799 A TRP 800 A HIS 810 A GLU 811 A PHE 812 A CYS 813 A SER 814 A HIS 816 A ASP 833 A ARG 836 A ALA 840 A VAL 844 A ASP 845 A ARG 858 A LEU 862
003 |         000007.0690 | 00000006581945.5000 | A HIS 439 A ASP 452 A TYR 455 A LYS 545 A ILE 548 A SER 549 A ALA 550 A LYS 551 A ARG 553 A ARG 555 A THR 556 A VAL 557 A LYS 593 A TRP 598 A GLY 616 A TRP 617 A ASP 618 A TYR 619 A PRO 620 A LYS 621 A CYS 622 A ASP 623 A ARG 624 A THR 680 A SER 681 A SER 682 A GLY 683 A ASP 684 A ALA 685 A THR 687 A ALA 688 A TYR 689 A ASN 691 A LEU 758 A SER 759 A ASP 760 A ASP 761 A ALA 762 A TRP 800 A GLU 811 A PHE 812 A CYS 813 A SER 814 A GLN 815 A ARG 836
004 |         000007.0690 | 00000006581945.5000 | A HIS 439 A ASP 452 A TYR 455 A LYS 545 A ILE 548 A SER 549 A ALA 550 A LYS 551 A ARG 553 A ARG 555 A THR 556 A VAL 557 A LYS 593 A TRP 598 A GLY 616 A TRP 617 A ASP 618 A TYR 619 A PRO 620 A LYS 621 A CYS 622 A ASP 623 A ARG 624 A THR 680 A SER 681 A SER 682 A GLY 683 A ASP 684 A ALA 685 A THR 687 A ALA 688 A TYR 689 A ASN 691 A LEU 758 A SER 759 A ASP 760 A ASP 761 A ALA 762 A TRP 800 A GLU 811 A PHE 812 A CYS 813 A SER 814 A GLN 815 A ARG 836
005 |         000007.0330 | 00000006994274.0000 | A HIS 439 A TYR 455 A TYR 456 A MET 542 A LYS 545 A ALA 547 A ILE 548 A SER 549 A ALA 550 A LYS 551 A ARG 553 A ARG 555 A THR 556 A LYS 593 A GLY 616 A TRP 617 A ASP 618 A TYR 619 A PRO 620 A LYS 621 A CYS 622 A ASP 623 A ARG 624 A THR 680 A SER 681 A SER 682 A ASP 684 A ALA 685 A THR 687 A ALA 688 A ASN 691 A LEU 758 A SER 759 A ASP 760 A ASP 761 A ALA 762 A VAL 763 A LYS 798 A TRP 800 A GLU 811 A PHE 812 A CYS 813 A SER 814 A GLN 815 A PRO 832 A ARG 836 A ARG 858 A ASP 865
006 |         000007.0330 | 00000006994274.0000 | A HIS 439 A TYR 455 A TYR 456 A MET 542 A LYS 545 A ALA 547 A ILE 548 A SER 549 A ALA 550 A LYS 551 A ARG 553 A ARG 555 A THR 556 A LYS 593 A GLY 616 A TRP 617 A ASP 618 A TYR 619 A PRO 620 A LYS 621 A CYS 622 A ASP 623 A ARG 624 A THR 680 A SER 681 A SER 682 A ASP 684 A ALA 685 A THR 687 A ALA 688 A ASN 691 A LEU 758 A SER 759 A ASP 760 A ASP 761 A ALA 762 A VAL 763 A LYS 798 A TRP 800 A GLU 811 A PHE 812 A CYS 813 A SER 814 A GLN 815 A PRO 832 A ARG 836 A ARG 858 A ASP 865
007 |         000006.8220 | 00000009986371.0000 | A PHE 441 A ASP 452 A TYR 455 A LYS 545 A TYR 546 A ALA 547 A ILE 548 A SER 549 A LYS 551 A ARG 553 A ALA 554 A ARG 555 A THR 556 A VAL 588 A ILE 589 A GLY 590 A THR 591 A LYS 593 A TRP 598 A MET 601 A ASP 618 A TYR 619 A PRO 620 A LYS 621 A CYS 622 A ASP 623 A ARG 624 A THR 680 A SER 682 A THR 687 A ALA 688 A ASN 691 A LEU 758 A SER 759 A ASP 760 A ASP 761 A GLU 811 A CYS 813 A SER 814 A GLN 815 A ARG 836 A ALA 840 A ASP 845 A ARG 858
008 |         000006.8220 | 00000009986371.0000 | A PHE 441 A ASP 452 A TYR 455 A LYS 545 A TYR 546 A ALA 547 A ILE 548 A SER 549 A LYS 551 A ARG 553 A ALA 554 A ARG 555 A THR 556 A VAL 588 A ILE 589 A GLY 590 A THR 591 A LYS 593 A TRP 598 A MET 601 A ASP 618 A TYR 619 A PRO 620 A LYS 621 A CYS 622 A ASP 623 A ARG 624 A THR 680 A SER 682 A THR 687 A ALA 688 A ASN 691 A LEU 758 A SER 759 A ASP 760 A ASP 761 A GLU 811 A CYS 813 A SER 814 A GLN 815 A ARG 836 A ALA 840 A ASP 845 A ARG 858
009 |         000006.7890 | 00000010558373.0000 | A LYS 438 A HIS 439 A PHE 441 A LYS 545 A TYR 546 A ALA 547 A ILE 548 A SER 549 A ALA 550 A LYS 551 A ARG 553 A ARG 555 A THR 556 A GLY 616 A TRP 617 A ASP 618 A TYR 619 A LYS 621 A CYS 622 A ASP 623 A ARG 624 A THR 680 A SER 682 A THR 687 A ALA 688 A ASN 691 A LEU 758 A SER 759 A ASP 760 A ASP 761 A LYS 798 A CYS 799 A TRP 800 A GLU 811 A CYS 813 A SER 814 A ASP 833 A ARG 836 A ALA 840 A ASP 845 A ARG 858
010 |         000006.7890 | 00000010558373.0000 | A LYS 438 A HIS 439 A PHE 441 A LYS 545 A TYR 546 A ALA 547 A ILE 548 A SER 549 A ALA 550 A LYS 551 A ARG 553 A ARG 555 A THR 556 A GLY 616 A TRP 617 A ASP 618 A TYR 619 A LYS 621 A CYS 622 A ASP 623 A ARG 624 A THR 680 A SER 682 A THR 687 A ALA 688 A ASN 691 A LEU 758 A SER 759 A ASP 760 A ASP 761 A LYS 798 A CYS 799 A TRP 800 A GLU 811 A CYS 813 A SER 814 A ASP 833 A ARG 836 A ALA 840 A ASP 845 A ARG 858
011 |         000006.7840 | 00000010647853.0000 | A ASP 164 A VAL 166 A GLU 167 A HIS 439 A ASP 452 A TYR 455 A ARG 457 A TYR 458 A ILE 548 A SER 549 A ALA 550 A LYS 551 A ARG 553 A ALA 554 A ARG 555 A THR 556 A TRP 617 A ASP 618 A TYR 619 A PRO 620 A LYS 621 A CYS 622 A ASP 623 A ARG 624 A THR 680 A SER 681 A SER 682 A ASP 684 A THR 687 A ALA 688 A ASN 691 A LEU 758 A SER 759 A ASP 760 A ASP 761 A ALA 762 A PHE 793 A SER 795 A ALA 797 A LYS 798 A TRP 800 A GLU 811 A CYS 813 A SER 814 A ARG 836
012 |         000006.7720 | 00000010865712.0000 | A HIS 439 A ILE 494 A VAL 495 A ASN 496 A ASN 497 A LYS 500 A SER 501 A LYS 545 A ILE 548 A SER 549 A ALA 550 A LYS 551 A ARG 553 A ARG 555 A VAL 557 A ALA 558 A GLY 559 A VAL 560 A ARG 569 A GLN 573 A LEU 576 A LYS 577 A ALA 580 A ILE 589 A GLY 590 A GLY 616 A TRP 617 A ASP 618 A TYR 619 A PRO 620 A LYS 621 A CYS 622 A ASP 623 A THR 680 A SER 682 A GLY 683 A ASP 684 A ALA 685 A THR 687 A ALA 688 A TYR 689 A ASN 691 A LEU 758 A SER 759 A ASP 760 A ASP 761 A ALA 762 A LYS 798 A TRP 800 A GLU 811 A CYS 813 A SER 814 A ARG 836
013 |         000006.7680 | 00000010939317.0000 | A VAL 166 A HIS 439 A LYS 545 A ALA 547 A ILE 548 A SER 549 A ALA 550 A LYS 551 A ARG 553 A ALA 554 A ARG 555 A THR 556 A VAL 557 A THR 591 A SER 592 A LYS 593 A TRP 598 A MET 601 A ASP 618 A TYR 619 A PRO 620 A LYS 621 A CYS 622 A ASP 623 A ARG 624 A SER 682 A ASP 684 A THR 687 A ALA 688 A ASN 691 A SER 759 A ASP 760 A ASP 761 A LYS 798 A TRP 800 A HIS 810 A GLU 811 A CYS 813 A SER 814 A GLN 815 A HIS 816 A PRO 832 A ARG 836 A ALA 840 A ASP 865
014 |         000006.7560 | 00000011163139.0000 | A VAL 166 A GLU 167 A HIS 439 A TYR 455 A ILE 548 A SER 549 A ALA 550 A LYS 551 A ARG 553 A ARG 555 A THR 556 A ILE 589 A TRP 617 A ASP 618 A TYR 619 A PRO 620 A LYS 621 A CYS 622 A ASP 623 A ARG 624 A THR 680 A SER 682 A THR 687 A ALA 688 A ASN 691 A LEU 758 A SER 759 A ASP 760 A ASP 761 A ALA 797 A LYS 798 A CYS 799 A TRP 800 A HIS 810 A GLU 811 A CYS 813 A SER 814 A ARG 836
015 |         000006.7480 | 00000011314892.0000 | A ASP 161 A TYR 163 A ASP 164 A VAL 166 A GLU 167 A ASP 452 A TYR 455 A TYR 456 A MET 542 A LYS 545 A ALA 547 A ILE 548 A SER 549 A ALA 550 A LYS 551 A ARG 553 A ARG 555 A THR 556 A ALA 558 A ASP 618 A TYR 619 A PRO 620 A LYS 621 A CYS 622 A ASP 623 A ARG 624 A LYS 676 A THR 680 A SER 681 A SER 682 A ASN 691 A LEU 758 A SER 759 A ASP 760 A ASP 761 A PHE 793 A SER 795 A ALA 797 A LYS 798 A TRP 800 A HIS 810 A GLU 811 A CYS 813 A SER 814 A GLN 815 A HIS 816 A PRO 832 A ASP 833 A ARG 836
016 |         000006.7330 | 00000011605011.0000 | A HIS 439 A ASP 452 A TYR 455 A LYS 545 A ALA 547 A ILE 548 A SER 549 A ALA 550 A LYS 551 A ARG 553 A ARG 555 A THR 556 A VAL 557 A GLY 590 A THR 591 A LYS 593 A TRP 598 A MET 601 A TRP 617 A ASP 618 A TYR 619 A PRO 620 A LYS 621 A CYS 622 A ASP 623 A ARG 624 A THR 680 A SER 681 A SER 682 A THR 687 A ASN 691 A LEU 758 A SER 759 A ASP 760 A ASP 761 A ALA 762 A LYS 798 A GLU 811 A CYS 813 A SER 814 A GLN 815 A PRO 832 A ARG 836 A ASP 865
017 |         000006.7030 | 00000012207756.0000 | A HIS 439 A TYR 455 A ILE 548 A SER 549 A ALA 550 A LYS 551 A ARG 553 A ARG 555 A THR 556 A GLY 616 A TRP 617 A ASP 618 A TYR 619 A PRO 620 A LYS 621 A CYS 622 A ASP 623 A ARG 624 A THR 680 A SER 681 A SER 682 A GLY 683 A ASP 684 A ALA 685 A THR 687 A ALA 688 A ASN 691 A LEU 758 A SER 759 A ASP 760 A ASP 761 A ALA 762 A ALA 797 A LYS 798 A TRP 800 A HIS 810 A GLU 811 A PHE 812 A CYS 813 A SER 814 A HIS 816 A ASP 833 A ARG 836
018 |         000006.6970 | 00000012332011.0000 | A LYS 438 A HIS 439 A PHE 441 A TYR 455 A LYS 545 A TYR 546 A ALA 547 A ILE 548 A SER 549 A ALA 550 A LYS 551 A ARG 553 A ARG 555 A TRP 617 A ASP 618 A TYR 619 A PRO 620 A LYS 621 A CYS 622 A ASP 623 A ARG 624 A THR 680 A SER 681 A SER 682 A THR 687 A ALA 688 A ASN 691 A LEU 758 A SER 759 A ASP 760 A ASP 761 A LYS 798 A TRP 800 A HIS 810 A GLU 811 A PHE 812 A CYS 813 A SER 814 A ASP 833 A ARG 836 A ILE 837 A ALA 840 A ASP 845 A ARG 858 A LEU 862 A ASP 865
019 |         000006.6880 | 00000012520769.0000 | A HIS 439 A PHE 441 A LYS 545 A TYR 546 A ALA 547 A ILE 548 A SER 549 A ALA 550 A LYS 551 A ARG 553 A ARG 555 A THR 591 A SER 592 A LYS 593 A TRP 598 A MET 601 A TRP 617 A ASP 618 A TYR 619 A LYS 621 A CYS 622 A ASP 623 A ARG 624 A THR 680 A ASN 691 A LEU 758 A SER 759 A ASP 760 A ASP 761 A ALA 797 A LYS 798 A TRP 800 A HIS 810 A GLU 811 A PHE 812 A CYS 813 A SER 814 A GLN 815 A PRO 832 A ARG 836 A ILE 837 A ALA 840 A ASP 845 A ARG 858 A LEU 862 A ASP 865
020 |         000006.6590 | 00000013148865.0000 | A HIS 439 A LYS 545 A ALA 547 A ILE 548 A SER 549 A ALA 550 A LYS 551 A ARG 553 A ARG 555 A GLY 616 A TRP 617 A ASP 618 A TYR 619 A PRO 620 A LYS 621 A CYS 622 A ASP 623 A THR 680 A SER 681 A SER 682 A ASP 684 A THR 687 A ALA 688 A ASN 691 A LEU 758 A SER 759 A ASP 760 A ASP 761 A ALA 762 A VAL 763 A ALA 797 A LYS 798 A TRP 800 A HIS 810 A GLU 811 A PHE 812 A CYS 813 A SER 814 A GLN 815 A HIS 816 A ASP 833 A ARG 836
021 |         000006.6480 | 00000013395267.0000 | A HIS 439 A ASP 452 A TYR 455 A TYR 456 A MET 542 A LYS 545 A ILE 548 A SER 549 A ALA 550 A LYS 551 A ARG 553 A ALA 554 A ARG 555 A THR 556 A VAL 557 A ILE 589 A THR 591 A LYS 593 A TRP 598 A MET 601 A TRP 617 A ASP 618 A TYR 619 A PRO 620 A LYS 621 A CYS 622 A ASP 623 A ARG 624 A THR 680 A SER 681 A SER 682 A ASP 684 A THR 687 A ALA 688 A ASN 691 A LEU 758 A SER 759 A ASP 760 A ASP 761 A LYS 798 A CYS 799 A TRP 800 A HIS 810 A GLU 811 A PHE 812 A CYS 813 A SER 814 A GLN 815 A ARG 836 A ASP 865
022 |         000006.6350 | 00000013692430.0000 | A HIS 439 A TYR 455 A TYR 456 A MET 542 A LYS 545 A ALA 547 A ILE 548 A SER 549 A ALA 550 A LYS 551 A ARG 553 A ARG 555 A THR 556 A VAL 557 A ALA 558 A LEU 576 A ASP 618 A TYR 619 A LYS 621 A CYS 622 A ASP 623 A ARG 624 A THR 680 A SER 681 A SER 682 A GLY 683 A ALA 685 A THR 687 A ALA 688 A TYR 689 A ASN 691 A LEU 758 A SER 759 A ASP 760 A ASP 761 A GLU 811 A CYS 813 A SER 814 A ARG 836
023 |         000006.6230 | 00000013972581.0000 | A HIS 439 A PHE 441 A TYR 455 A LYS 545 A ALA 547 A ILE 548 A SER 549 A ALA 550 A LYS 551 A ARG 553 A ARG 555 A LYS 593 A TRP 598 A MET 601 A TRP 617 A ASP 618 A TYR 619 A PRO 620 A LYS 621 A CYS 622 A ASP 623 A ARG 624 A THR 680 A SER 682 A ASP 684 A THR 687 A ALA 688 A ASN 691 A LEU 758 A SER 759 A ASP 760 A ASP 761 A ALA 762 A LYS 798 A TRP 800 A GLU 811 A CYS 813 A SER 814 A GLN 815 A PRO 832 A ARG 836 A ILE 837 A ALA 840 A PHE 843 A VAL 844 A ASP 845 A ARG 858 A ASP 865
024 |         000006.6100 | 00000014282550.0000 | A HIS 439 A ILE 548 A SER 549 A ALA 550 A ARG 553 A ARG 555 A ALA 580 A VAL 588 A ILE 589 A GLY 590 A THR 591 A SER 592 A LYS 593 A PHE 594 A TRP 598 A MET 601 A TRP 617 A ASP 618 A TYR 619 A PRO 620 A LYS 621 A CYS 622 A ASP 623 A ARG 624 A THR 680 A SER 681 A SER 682 A ALA 685 A THR 687 A ALA 688 A TYR 689 A ASN 691 A LEU 758 A SER 759 A ASP 760 A ASP 761 A LYS 798 A CYS 799 A TRP 800 A GLU 811 A PHE 812 A CYS 813 A SER 814 A GLN 815 A PRO 832 A ASP 833 A ARG 836
025 |         000006.5540 | 00000015698361.0000 | A HIS 439 A ASP 452 A TYR 455 A LYS 545 A ALA 547 A ILE 548 A SER 549 A ALA 550 A LYS 551 A ARG 553 A ARG 555 A THR 591 A SER 592 A LYS 593 A TRP 598 A MET 601 A ASP 618 A TYR 619 A PRO 620 A LYS 621 A CYS 622 A ASP 623 A ARG 624 A THR 680 A SER 682 A THR 687 A ALA 688 A ASN 691 A LEU 758 A SER 759 A ASP 760 A ASP 761 A LYS 798 A GLU 811 A CYS 813 A SER 814 A GLN 815 A PRO 832 A ARG 836 A ILE 837 A ALA 840 A ARG 858 A LEU 862 A ASP 865

After clustering the 25 runs, the following 19 distinct complex conformations were found:
[They all differ by at least 5.0 A heavy atom RMSD after superposing on the receptor]

Clu |Bind.energy[kcal/mol]|Dissoc. constant [pM]| Contacting receptor residues
----+---------------------+---------------------+-----------------------------
001 |         000007.0920 | 00000006331332.0000 | A VAL 166 A HIS 439 A PHE 441 A ASP 452 A TYR 455 A LYS 545 A ALA 547 A ILE 548 A LYS 551 A ARG 553 A ARG 555 A THR 556 A GLY 616 A TRP 617 A ASP 618 A TYR 619 A PRO 620 A LYS 621 A CYS 622 A ASP 623 A ARG 624 A THR 680 A SER 682 A THR 687 A ALA 688 A ASN 691 A SER 759 A ASP 760 A ASP 761 A ALA 762 A ALA 797 A LYS 798 A CYS 799 A TRP 800 A HIS 810 A GLU 811 A PHE 812 A CYS 813 A SER 814 A HIS 816 A ASP 833 A ARG 836 A ALA 840 A VAL 844 A ASP 845 A ARG 858 A LEU 862
002 |         000007.0690 | 00000006581945.5000 | A HIS 439 A ASP 452 A TYR 455 A LYS 545 A ILE 548 A SER 549 A ALA 550 A LYS 551 A ARG 553 A ARG 555 A THR 556 A VAL 557 A LYS 593 A TRP 598 A GLY 616 A TRP 617 A ASP 618 A TYR 619 A PRO 620 A LYS 621 A CYS 622 A ASP 623 A ARG 624 A THR 680 A SER 681 A SER 682 A GLY 683 A ASP 684 A ALA 685 A THR 687 A ALA 688 A TYR 689 A ASN 691 A LEU 758 A SER 759 A ASP 760 A ASP 761 A ALA 762 A TRP 800 A GLU 811 A PHE 812 A CYS 813 A SER 814 A GLN 815 A ARG 836
003 |         000007.0330 | 00000006994274.0000 | A HIS 439 A TYR 455 A TYR 456 A MET 542 A LYS 545 A ALA 547 A ILE 548 A SER 549 A ALA 550 A LYS 551 A ARG 553 A ARG 555 A THR 556 A LYS 593 A GLY 616 A TRP 617 A ASP 618 A TYR 619 A PRO 620 A LYS 621 A CYS 622 A ASP 623 A ARG 624 A THR 680 A SER 681 A SER 682 A ASP 684 A ALA 685 A THR 687 A ALA 688 A ASN 691 A LEU 758 A SER 759 A ASP 760 A ASP 761 A ALA 762 A VAL 763 A LYS 798 A TRP 800 A GLU 811 A PHE 812 A CYS 813 A SER 814 A GLN 815 A PRO 832 A ARG 836 A ARG 858 A ASP 865
004 |         000006.8220 | 00000009986371.0000 | A PHE 441 A ASP 452 A TYR 455 A LYS 545 A TYR 546 A ALA 547 A ILE 548 A SER 549 A LYS 551 A ARG 553 A ALA 554 A ARG 555 A THR 556 A VAL 588 A ILE 589 A GLY 590 A THR 591 A LYS 593 A TRP 598 A MET 601 A ASP 618 A TYR 619 A PRO 620 A LYS 621 A CYS 622 A ASP 623 A ARG 624 A THR 680 A SER 682 A THR 687 A ALA 688 A ASN 691 A LEU 758 A SER 759 A ASP 760 A ASP 761 A GLU 811 A CYS 813 A SER 814 A GLN 815 A ARG 836 A ALA 840 A ASP 845 A ARG 858
005 |         000006.7890 | 00000010558373.0000 | A LYS 438 A HIS 439 A PHE 441 A LYS 545 A TYR 546 A ALA 547 A ILE 548 A SER 549 A ALA 550 A LYS 551 A ARG 553 A ARG 555 A THR 556 A GLY 616 A TRP 617 A ASP 618 A TYR 619 A LYS 621 A CYS 622 A ASP 623 A ARG 624 A THR 680 A SER 682 A THR 687 A ALA 688 A ASN 691 A LEU 758 A SER 759 A ASP 760 A ASP 761 A LYS 798 A CYS 799 A TRP 800 A GLU 811 A CYS 813 A SER 814 A ASP 833 A ARG 836 A ALA 840 A ASP 845 A ARG 858
006 |         000006.7840 | 00000010647853.0000 | A ASP 164 A VAL 166 A GLU 167 A HIS 439 A ASP 452 A TYR 455 A ARG 457 A TYR 458 A ILE 548 A SER 549 A ALA 550 A LYS 551 A ARG 553 A ALA 554 A ARG 555 A THR 556 A TRP 617 A ASP 618 A TYR 619 A PRO 620 A LYS 621 A CYS 622 A ASP 623 A ARG 624 A THR 680 A SER 681 A SER 682 A ASP 684 A THR 687 A ALA 688 A ASN 691 A LEU 758 A SER 759 A ASP 760 A ASP 761 A ALA 762 A PHE 793 A SER 795 A ALA 797 A LYS 798 A TRP 800 A GLU 811 A CYS 813 A SER 814 A ARG 836
007 |         000006.7720 | 00000010865712.0000 | A HIS 439 A ILE 494 A VAL 495 A ASN 496 A ASN 497 A LYS 500 A SER 501 A LYS 545 A ILE 548 A SER 549 A ALA 550 A LYS 551 A ARG 553 A ARG 555 A VAL 557 A ALA 558 A GLY 559 A VAL 560 A ARG 569 A GLN 573 A LEU 576 A LYS 577 A ALA 580 A ILE 589 A GLY 590 A GLY 616 A TRP 617 A ASP 618 A TYR 619 A PRO 620 A LYS 621 A CYS 622 A ASP 623 A THR 680 A SER 682 A GLY 683 A ASP 684 A ALA 685 A THR 687 A ALA 688 A TYR 689 A ASN 691 A LEU 758 A SER 759 A ASP 760 A ASP 761 A ALA 762 A LYS 798 A TRP 800 A GLU 811 A CYS 813 A SER 814 A ARG 836
008 |         000006.7680 | 00000010939317.0000 | A VAL 166 A HIS 439 A LYS 545 A ALA 547 A ILE 548 A SER 549 A ALA 550 A LYS 551 A ARG 553 A ALA 554 A ARG 555 A THR 556 A VAL 557 A THR 591 A SER 592 A LYS 593 A TRP 598 A MET 601 A ASP 618 A TYR 619 A PRO 620 A LYS 621 A CYS 622 A ASP 623 A ARG 624 A SER 682 A ASP 684 A THR 687 A ALA 688 A ASN 691 A SER 759 A ASP 760 A ASP 761 A LYS 798 A TRP 800 A HIS 810 A GLU 811 A CYS 813 A SER 814 A GLN 815 A HIS 816 A PRO 832 A ARG 836 A ALA 840 A ASP 865
009 |         000006.7560 | 00000011163139.0000 | A VAL 166 A GLU 167 A HIS 439 A TYR 455 A ILE 548 A SER 549 A ALA 550 A LYS 551 A ARG 553 A ARG 555 A THR 556 A ILE 589 A TRP 617 A ASP 618 A TYR 619 A PRO 620 A LYS 621 A CYS 622 A ASP 623 A ARG 624 A THR 680 A SER 682 A THR 687 A ALA 688 A ASN 691 A LEU 758 A SER 759 A ASP 760 A ASP 761 A ALA 797 A LYS 798 A CYS 799 A TRP 800 A HIS 810 A GLU 811 A CYS 813 A SER 814 A ARG 836
010 |         000006.7480 | 00000011314892.0000 | A ASP 161 A TYR 163 A ASP 164 A VAL 166 A GLU 167 A ASP 452 A TYR 455 A TYR 456 A MET 542 A LYS 545 A ALA 547 A ILE 548 A SER 549 A ALA 550 A LYS 551 A ARG 553 A ARG 555 A THR 556 A ALA 558 A ASP 618 A TYR 619 A PRO 620 A LYS 621 A CYS 622 A ASP 623 A ARG 624 A LYS 676 A THR 680 A SER 681 A SER 682 A ASN 691 A LEU 758 A SER 759 A ASP 760 A ASP 761 A PHE 793 A SER 795 A ALA 797 A LYS 798 A TRP 800 A HIS 810 A GLU 811 A CYS 813 A SER 814 A GLN 815 A HIS 816 A PRO 832 A ASP 833 A ARG 836
011 |         000006.7330 | 00000011605011.0000 | A HIS 439 A ASP 452 A TYR 455 A LYS 545 A ALA 547 A ILE 548 A SER 549 A ALA 550 A LYS 551 A ARG 553 A ARG 555 A THR 556 A VAL 557 A GLY 590 A THR 591 A LYS 593 A TRP 598 A MET 601 A TRP 617 A ASP 618 A TYR 619 A PRO 620 A LYS 621 A CYS 622 A ASP 623 A ARG 624 A THR 680 A SER 681 A SER 682 A THR 687 A ASN 691 A LEU 758 A SER 759 A ASP 760 A ASP 761 A ALA 762 A LYS 798 A GLU 811 A CYS 813 A SER 814 A GLN 815 A PRO 832 A ARG 836 A ASP 865
012 |         000006.7030 | 00000012207756.0000 | A HIS 439 A TYR 455 A ILE 548 A SER 549 A ALA 550 A LYS 551 A ARG 553 A ARG 555 A THR 556 A GLY 616 A TRP 617 A ASP 618 A TYR 619 A PRO 620 A LYS 621 A CYS 622 A ASP 623 A ARG 624 A THR 680 A SER 681 A SER 682 A GLY 683 A ASP 684 A ALA 685 A THR 687 A ALA 688 A ASN 691 A LEU 758 A SER 759 A ASP 760 A ASP 761 A ALA 762 A ALA 797 A LYS 798 A TRP 800 A HIS 810 A GLU 811 A PHE 812 A CYS 813 A SER 814 A HIS 816 A ASP 833 A ARG 836
013 |         000006.6970 | 00000012332011.0000 | A LYS 438 A HIS 439 A PHE 441 A TYR 455 A LYS 545 A TYR 546 A ALA 547 A ILE 548 A SER 549 A ALA 550 A LYS 551 A ARG 553 A ARG 555 A TRP 617 A ASP 618 A TYR 619 A PRO 620 A LYS 621 A CYS 622 A ASP 623 A ARG 624 A THR 680 A SER 681 A SER 682 A THR 687 A ALA 688 A ASN 691 A LEU 758 A SER 759 A ASP 760 A ASP 761 A LYS 798 A TRP 800 A HIS 810 A GLU 811 A PHE 812 A CYS 813 A SER 814 A ASP 833 A ARG 836 A ILE 837 A ALA 840 A ASP 845 A ARG 858 A LEU 862 A ASP 865
014 |         000006.6880 | 00000012520769.0000 | A HIS 439 A PHE 441 A LYS 545 A TYR 546 A ALA 547 A ILE 548 A SER 549 A ALA 550 A LYS 551 A ARG 553 A ARG 555 A THR 591 A SER 592 A LYS 593 A TRP 598 A MET 601 A TRP 617 A ASP 618 A TYR 619 A LYS 621 A CYS 622 A ASP 623 A ARG 624 A THR 680 A ASN 691 A LEU 758 A SER 759 A ASP 760 A ASP 761 A ALA 797 A LYS 798 A TRP 800 A HIS 810 A GLU 811 A PHE 812 A CYS 813 A SER 814 A GLN 815 A PRO 832 A ARG 836 A ILE 837 A ALA 840 A ASP 845 A ARG 858 A LEU 862 A ASP 865
015 |         000006.6590 | 00000013148865.0000 | A HIS 439 A LYS 545 A ALA 547 A ILE 548 A SER 549 A ALA 550 A LYS 551 A ARG 553 A ARG 555 A GLY 616 A TRP 617 A ASP 618 A TYR 619 A PRO 620 A LYS 621 A CYS 622 A ASP 623 A THR 680 A SER 681 A SER 682 A ASP 684 A THR 687 A ALA 688 A ASN 691 A LEU 758 A SER 759 A ASP 760 A ASP 761 A ALA 762 A VAL 763 A ALA 797 A LYS 798 A TRP 800 A HIS 810 A GLU 811 A PHE 812 A CYS 813 A SER 814 A GLN 815 A HIS 816 A ASP 833 A ARG 836
016 |         000006.6350 | 00000013692430.0000 | A HIS 439 A TYR 455 A TYR 456 A MET 542 A LYS 545 A ALA 547 A ILE 548 A SER 549 A ALA 550 A LYS 551 A ARG 553 A ARG 555 A THR 556 A VAL 557 A ALA 558 A LEU 576 A ASP 618 A TYR 619 A LYS 621 A CYS 622 A ASP 623 A ARG 624 A THR 680 A SER 681 A SER 682 A GLY 683 A ALA 685 A THR 687 A ALA 688 A TYR 689 A ASN 691 A LEU 758 A SER 759 A ASP 760 A ASP 761 A GLU 811 A CYS 813 A SER 814 A ARG 836
017 |         000006.6230 | 00000013972581.0000 | A HIS 439 A PHE 441 A TYR 455 A LYS 545 A ALA 547 A ILE 548 A SER 549 A ALA 550 A LYS 551 A ARG 553 A ARG 555 A LYS 593 A TRP 598 A MET 601 A TRP 617 A ASP 618 A TYR 619 A PRO 620 A LYS 621 A CYS 622 A ASP 623 A ARG 624 A THR 680 A SER 682 A ASP 684 A THR 687 A ALA 688 A ASN 691 A LEU 758 A SER 759 A ASP 760 A ASP 761 A ALA 762 A LYS 798 A TRP 800 A GLU 811 A CYS 813 A SER 814 A GLN 815 A PRO 832 A ARG 836 A ILE 837 A ALA 840 A PHE 843 A VAL 844 A ASP 845 A ARG 858 A ASP 865
018 |         000006.6100 | 00000014282550.0000 | A HIS 439 A ILE 548 A SER 549 A ALA 550 A ARG 553 A ARG 555 A ALA 580 A VAL 588 A ILE 589 A GLY 590 A THR 591 A SER 592 A LYS 593 A PHE 594 A TRP 598 A MET 601 A TRP 617 A ASP 618 A TYR 619 A PRO 620 A LYS 621 A CYS 622 A ASP 623 A ARG 624 A THR 680 A SER 681 A SER 682 A ALA 685 A THR 687 A ALA 688 A TYR 689 A ASN 691 A LEU 758 A SER 759 A ASP 760 A ASP 761 A LYS 798 A CYS 799 A TRP 800 A GLU 811 A PHE 812 A CYS 813 A SER 814 A GLN 815 A PRO 832 A ASP 833 A ARG 836
019 |         000006.5540 | 00000015698361.0000 | A HIS 439 A ASP 452 A TYR 455 A LYS 545 A ALA 547 A ILE 548 A SER 549 A ALA 550 A LYS 551 A ARG 553 A ARG 555 A THR 591 A SER 592 A LYS 593 A TRP 598 A MET 601 A ASP 618 A TYR 619 A PRO 620 A LYS 621 A CYS 622 A ASP 623 A ARG 624 A THR 680 A SER 682 A THR 687 A ALA 688 A ASN 691 A LEU 758 A SER 759 A ASP 760 A ASP 761 A LYS 798 A GLU 811 A CYS 813 A SER 814 A GLN 815 A PRO 832 A ARG 836 A ILE 837 A ALA 840 A ARG 858 A LEU 862 A ASP 865

While the table above lists the best binding energy in each cluster, it is sometimes
helpful to also look at the energy spread [average and standard deviation], the
dissociation constant has been recalculated from the average binding energy:

Clu |Members|Bind.energy spread [kcal/mol]|Dissoc. constant [pM]
----+-------+-----------------------------+---------------------
001 |  001  |    000007.0920+-000000.0000 | 00000006331785.9677
002 |  001  |    000007.0690+-000000.0000 | 00000006582419.0167
003 |  002  |    000006.8405+-000000.1925 | 00000009680040.1912
004 |  001  |    000006.8220+-000000.0000 | 00000009987059.7914
005 |  001  |    000006.7890+-000000.0000 | 00000010559097.9873
006 |  001  |    000006.7840+-000000.0000 | 00000010648585.7040
007 |  001  |    000006.7720+-000000.0000 | 00000010866459.2583
008 |  001  |    000006.7680+-000000.0000 | 00000010940064.0549
009 |  001  |    000006.7560+-000000.0000 | 00000011163901.3518
010 |  001  |    000006.7480+-000000.0000 | 00000011315661.7604
011 |  001  |    000006.7330+-000000.0000 | 00000011605805.5237
012 |  001  |    000006.7030+-000000.0000 | 00000012208582.7986
013 |  001  |    000006.6970+-000000.0000 | 00000012332846.2026
014 |  001  |    000006.6880+-000000.0000 | 00000012521611.7844
015 |  001  |    000006.6590+-000000.0000 | 00000013149753.0310
016 |  001  |    000006.6350+-000000.0000 | 00000013693343.3415
017 |  001  |    000006.6230+-000000.0000 | 00000013973513.6352
018 |  001  |    000006.6100+-000000.0000 | 00000014283502.0241
019 |  001  |    000006.5540+-000000.0000 | 00000015699404.1431

The results of the 25 runs have been combined in a single scene at C:\Users\yons\Desktop\PNA-CPP-7\PNA-CPP-7 CAVITY 1\dock.sce
The 19 clusters have been saved as:
C:\Users\yons\Desktop\PNA-CPP-7\PNA-CPP-7 CAVITY 1\dock_001.yob
C:\Users\yons\Desktop\PNA-CPP-7\PNA-CPP-7 CAVITY 1\dock_002.yob
C:\Users\yons\Desktop\PNA-CPP-7\PNA-CPP-7 CAVITY 1\dock_003.yob
C:\Users\yons\Desktop\PNA-CPP-7\PNA-CPP-7 CAVITY 1\dock_004.yob
C:\Users\yons\Desktop\PNA-CPP-7\PNA-CPP-7 CAVITY 1\dock_005.yob
C:\Users\yons\Desktop\PNA-CPP-7\PNA-CPP-7 CAVITY 1\dock_006.yob
C:\Users\yons\Desktop\PNA-CPP-7\PNA-CPP-7 CAVITY 1\dock_007.yob
C:\Users\yons\Desktop\PNA-CPP-7\PNA-CPP-7 CAVITY 1\dock_008.yob
C:\Users\yons\Desktop\PNA-CPP-7\PNA-CPP-7 CAVITY 1\dock_009.yob
C:\Users\yons\Desktop\PNA-CPP-7\PNA-CPP-7 CAVITY 1\dock_010.yob
C:\Users\yons\Desktop\PNA-CPP-7\PNA-CPP-7 CAVITY 1\dock_011.yob
C:\Users\yons\Desktop\PNA-CPP-7\PNA-CPP-7 CAVITY 1\dock_012.yob
C:\Users\yons\Desktop\PNA-CPP-7\PNA-CPP-7 CAVITY 1\dock_013.yob
C:\Users\yons\Desktop\PNA-CPP-7\PNA-CPP-7 CAVITY 1\dock_014.yob
C:\Users\yons\Desktop\PNA-CPP-7\PNA-CPP-7 CAVITY 1\dock_015.yob
C:\Users\yons\Desktop\PNA-CPP-7\PNA-CPP-7 CAVITY 1\dock_016.yob
C:\Users\yons\Desktop\PNA-CPP-7\PNA-CPP-7 CAVITY 1\dock_017.yob
C:\Users\yons\Desktop\PNA-CPP-7\PNA-CPP-7 CAVITY 1\dock_018.yob
C:\Users\yons\Desktop\PNA-CPP-7\PNA-CPP-7 CAVITY 1\dock_019.yob
