Global docking result analysis
==============================

25 VINA docking runs of the ligand object 3 to the receptor object 1 yielded the following results,
sorted by binding energy [more positive energies indicate stronger binding, and negative energies mean no binding]

Run |Bind.energy[kcal/mol]|Dissoc. constant [pM]| Contacting receptor residues
----+---------------------+---------------------+-----------------------------
001 |         000008.1340 | 00000001090684.0000 | A PRO 169 A ASP 170 A LEU 172 A ARG 173 A ALA 176 A ASN 177 A LEU 245 A THR 246 A ARG 249 A ALA 250 A LEU 251 A THR 252 A SER 255 A LEU 261 A TYR 265 A ILE 266 A TRP 268 A VAL 315 A LEU 316 A SER 318 A THR 319 A VAL 320 A PHE 321 A PRO 322 A PRO 323 A ARG 349 A GLU 350 A ASP 390 A LYS 391 A THR 393 A THR 394 A CYS 395 A PHE 396 A TYR 456 A ARG 457 A ASN 459 A LEU 460 A PRO 461 A ASN 628 A PRO 677
002 |         000008.1340 | 00000001090684.0000 | A PRO 169 A ASP 170 A LEU 172 A ARG 173 A ALA 176 A ASN 177 A LEU 245 A THR 246 A ARG 249 A ALA 250 A LEU 251 A THR 252 A SER 255 A LEU 261 A TYR 265 A ILE 266 A TRP 268 A VAL 315 A LEU 316 A SER 318 A THR 319 A VAL 320 A PHE 321 A PRO 322 A PRO 323 A ARG 349 A GLU 350 A ASP 390 A LYS 391 A THR 393 A THR 394 A CYS 395 A PHE 396 A TYR 456 A ARG 457 A ASN 459 A LEU 460 A PRO 461 A ASN 628 A PRO 677
003 |         000008.1150 | 00000001126227.5000 | A PRO 169 A LEU 172 A ARG 173 A LEU 245 A THR 246 A ARG 249 A ALA 250 A LEU 251 A THR 252 A SER 255 A TYR 265 A ILE 266 A TRP 268 A LEU 316 A SER 318 A THR 319 A VAL 320 A PHE 321 A PRO 322 A PRO 323 A PHE 326 A ARG 349 A THR 394 A CYS 395 A PHE 396 A SER 397 A TYR 456 A ARG 457 A ASN 459 A LEU 460 A PRO 461 A THR 462 A VAL 675 A PRO 677
004 |         000008.1150 | 00000001126227.5000 | A PRO 169 A LEU 172 A ARG 173 A LEU 245 A THR 246 A ARG 249 A ALA 250 A LEU 251 A THR 252 A SER 255 A TYR 265 A ILE 266 A TRP 268 A LEU 316 A SER 318 A THR 319 A VAL 320 A PHE 321 A PRO 322 A PRO 323 A PHE 326 A ARG 349 A THR 394 A CYS 395 A PHE 396 A SER 397 A TYR 456 A ARG 457 A ASN 459 A LEU 460 A PRO 461 A THR 462 A VAL 675 A PRO 677
005 |         000008.0790 | 00000001196780.3750 | A PRO 169 A ASP 170 A LEU 172 A ARG 173 A LEU 245 A THR 246 A ARG 249 A ALA 250 A LEU 251 A THR 252 A ALA 253 A SER 255 A HIS 256 A LEU 261 A TYR 265 A ILE 266 A LYS 267 A TRP 268 A ASN 314 A VAL 315 A LEU 316 A SER 318 A THR 319 A VAL 320 A PHE 321 A PRO 322 A PRO 323 A PHE 326 A ARG 349 A THR 394 A CYS 395 A PHE 396 A ARG 457 A TYR 458 A ASN 459 A LEU 460 A PRO 461 A ASN 628 A VAL 675 A PRO 677
006 |         000008.0790 | 00000001196780.3750 | A PRO 169 A ASP 170 A LEU 172 A ARG 173 A LEU 245 A THR 246 A ARG 249 A ALA 250 A LEU 251 A THR 252 A ALA 253 A SER 255 A HIS 256 A LEU 261 A TYR 265 A ILE 266 A LYS 267 A TRP 268 A ASN 314 A VAL 315 A LEU 316 A SER 318 A THR 319 A VAL 320 A PHE 321 A PRO 322 A PRO 323 A PHE 326 A ARG 349 A THR 394 A CYS 395 A PHE 396 A ARG 457 A TYR 458 A ASN 459 A LEU 460 A PRO 461 A ASN 628 A VAL 675 A PRO 677
007 |         000008.0170 | 00000001328804.5000 | A LEU 172 A ALA 176 A ASN 177 A THR 246 A LEU 247 A ARG 249 A THR 252 A SER 255 A HIS 256 A LEU 261 A THR 262 A TYR 265 A ILE 266 A LYS 267 A TRP 268 A THR 319 A VAL 320 A PHE 321 A PRO 322 A PRO 323 A THR 324 A ARG 349 A LEU 387 A LEU 389 A ASP 390 A LYS 391 A THR 393 A THR 394 A CYS 395 A PHE 396 A SER 397 A ARG 457 A ASN 459 A LEU 460 A PRO 461 A PRO 677
008 |         000008.0170 | 00000001328804.5000 | A PRO 169 A LEU 172 A ARG 173 A ALA 176 A ASN 177 A ARG 249 A THR 252 A SER 255 A LEU 261 A TYR 265 A ILE 266 A LYS 267 A TRP 268 A VAL 315 A SER 318 A THR 319 A VAL 320 A PHE 321 A PRO 322 A PRO 323 A ARG 349 A GLU 350 A LEU 387 A LEU 388 A LEU 389 A ASP 390 A THR 394 A CYS 395 A PHE 396 A SER 397 A ARG 457 A TYR 458 A ASN 459 A LEU 460 A PRO 461 A ASN 628 A VAL 675 A LYS 676 A PRO 677
009 |         000008.0170 | 00000001328804.5000 | A LEU 172 A ALA 176 A ASN 177 A THR 246 A LEU 247 A ARG 249 A THR 252 A SER 255 A HIS 256 A LEU 261 A THR 262 A TYR 265 A ILE 266 A LYS 267 A TRP 268 A THR 319 A VAL 320 A PHE 321 A PRO 322 A PRO 323 A THR 324 A ARG 349 A LEU 387 A LEU 389 A ASP 390 A LYS 391 A THR 393 A THR 394 A CYS 395 A PHE 396 A SER 397 A ARG 457 A ASN 459 A LEU 460 A PRO 461 A PRO 677
010 |         000008.0170 | 00000001328804.5000 | A PRO 169 A LEU 172 A ARG 173 A ALA 176 A ASN 177 A ARG 249 A THR 252 A SER 255 A LEU 261 A TYR 265 A ILE 266 A LYS 267 A TRP 268 A VAL 315 A SER 318 A THR 319 A VAL 320 A PHE 321 A PRO 322 A PRO 323 A ARG 349 A GLU 350 A LEU 387 A LEU 388 A LEU 389 A ASP 390 A THR 394 A CYS 395 A PHE 396 A SER 397 A ARG 457 A TYR 458 A ASN 459 A LEU 460 A PRO 461 A ASN 628 A VAL 675 A LYS 676 A PRO 677
011 |         000007.9910 | 00000001388415.1250 | A PRO 169 A LEU 172 A ARG 173 A ALA 176 A ASN 177 A GLU 180 A THR 246 A ARG 249 A LEU 251 A THR 252 A SER 255 A LEU 261 A TYR 265 A LYS 267 A TRP 268 A LEU 316 A THR 319 A VAL 320 A PHE 321 A PRO 322 A PRO 323 A ARG 349 A LEU 389 A ASP 390 A LYS 391 A THR 393 A THR 394 A CYS 395 A PHE 396 A SER 397 A TYR 456 A ARG 457 A ASN 459 A LEU 460 A PRO 461 A PRO 677
012 |         000007.9890 | 00000001393109.8750 | A PRO 169 A ASP 170 A LEU 172 A ARG 173 A ALA 176 A LEU 245 A THR 246 A ARG 249 A ALA 250 A LEU 251 A THR 252 A GLU 254 A SER 255 A TYR 265 A LYS 267 A LEU 316 A THR 319 A VAL 320 A PHE 321 A PRO 322 A PRO 323 A ARG 349 A THR 394 A CYS 395 A PHE 396 A TYR 456 A ARG 457 A ASN 459 A LEU 460 A PRO 461 A VAL 675 A PRO 677
013 |         000007.9130 | 00000001583777.2500 | A PHE 165 A PRO 169 A ASP 170 A LEU 172 A ARG 173 A ARG 249 A THR 252 A SER 255 A TYR 265 A ILE 266 A LYS 267 A TRP 268 A LEU 270 A VAL 315 A SER 318 A THR 319 A PRO 322 A PRO 323 A THR 324 A ARG 349 A GLU 350 A THR 394 A CYS 395 A PHE 396 A TYR 456 A ARG 457 A TYR 458 A ASN 459 A LEU 460 A PRO 461 A THR 462 A PRO 627 A ASN 628 A MET 629 A PRO 677 A GLY 678
014 |         000007.8940 | 00000001635389.7500 | A LYS 160 A ASP 161 A ASP 164 A VAL 166 A GLU 167 A HIS 439 A GLN 444 A ASN 447 A ALA 448 A SER 451 A TYR 455 A ARG 457 A TYR 458 A SER 549 A ALA 550 A LYS 551 A ASN 552 A ARG 553 A ALA 554 A ARG 555 A THR 556 A ASP 618 A TYR 619 A PRO 620 A LYS 621 A CYS 622 A ASP 623 A ARG 624 A THR 680 A SER 682 A THR 687 A ASN 691 A LEU 758 A SER 759 A ASP 760 A ASP 761 A PHE 793 A SER 795 A LYS 798 A CYS 813 A SER 814 A ARG 836
015 |         000007.8840 | 00000001663226.3750 | A VAL 166 A GLU 167 A ASN 168 A PRO 169 A ASP 170 A LEU 172 A ARG 173 A ALA 176 A ASN 177 A LEU 245 A THR 246 A ARG 249 A LEU 251 A THR 252 A SER 255 A TYR 265 A VAL 315 A LEU 316 A THR 319 A VAL 320 A PRO 323 A ARG 349 A GLU 350 A THR 394 A CYS 395 A PHE 396 A ASP 454 A TYR 455 A ARG 457 A TYR 458 A ASN 459 A LEU 460 A PRO 461 A THR 462 A PRO 627 A ASN 628 A MET 629 A VAL 675 A LYS 676 A PRO 677
016 |         000007.8690 | 00000001705872.3750 | A PRO 169 A ASP 170 A LEU 172 A ARG 173 A THR 246 A ARG 249 A LEU 251 A THR 252 A SER 255 A TYR 265 A TRP 268 A ASN 314 A VAL 315 A LEU 316 A SER 318 A THR 319 A VAL 320 A PHE 321 A PRO 322 A PRO 323 A ARG 349 A GLU 350 A LEU 388 A LEU 389 A ASP 390 A THR 393 A THR 394 A CYS 395 A PHE 396 A SER 397 A ARG 457 A ASN 459 A LEU 460 A PRO 461 A THR 462 A ASN 628 A VAL 675 A PRO 677
017 |         000007.8680 | 00000001708754.0000 | A PRO 169 A ASP 170 A LEU 172 A ARG 173 A LEU 245 A THR 246 A ARG 249 A ALA 250 A LEU 251 A THR 252 A SER 255 A TYR 265 A ILE 266 A LYS 267 A TRP 268 A LEU 270 A LEU 316 A THR 319 A PHE 321 A PRO 322 A PRO 323 A ARG 349 A LEU 389 A ASP 390 A THR 394 A CYS 395 A PHE 396 A SER 397 A TYR 456 A ARG 457 A ASN 459 A LEU 460 A PRO 461 A PRO 677
018 |         000007.8640 | 00000001720329.2500 | A PRO 169 A LEU 172 A ARG 173 A ALA 176 A ASN 177 A THR 246 A ARG 249 A LEU 251 A THR 252 A SER 255 A TYR 265 A LYS 267 A TRP 268 A LEU 316 A THR 319 A VAL 320 A PHE 321 A PRO 322 A PRO 323 A ARG 349 A LEU 388 A LEU 389 A LYS 391 A THR 393 A THR 394 A CYS 395 A PHE 396 A SER 397 A TYR 456 A ARG 457 A TYR 458 A ASN 459 A LEU 460 A PRO 461 A PRO 677
019 |         000007.8150 | 00000001868654.6250 | A THR 246 A ARG 249 A THR 252 A SER 255 A TYR 265 A ILE 266 A LYS 267 A TRP 268 A LEU 270 A SER 318 A THR 319 A VAL 320 A PHE 321 A PRO 322 A PRO 323 A THR 324 A PHE 326 A ARG 349 A LEU 387 A LEU 388 A LEU 389 A ASP 390 A LYS 391 A THR 394 A CYS 395 A PHE 396 A SER 397 A ARG 457 A ASN 459 A LEU 460 A PRO 461 A VAL 675 A LYS 676 A PRO 677
020 |         000007.8080 | 00000001890863.2500 | A PRO 169 A ASP 170 A LEU 172 A ARG 173 A THR 246 A ARG 249 A SER 255 A TYR 265 A ILE 266 A LYS 267 A TRP 268 A ASP 269 A LEU 270 A SER 318 A THR 319 A VAL 320 A PHE 321 A PRO 322 A PRO 323 A THR 324 A ARG 349 A LEU 387 A LEU 388 A LEU 389 A ASP 390 A THR 394 A CYS 395 A PHE 396 A SER 397 A ARG 457 A ASN 459 A LEU 460 A PRO 461 A PRO 677
021 |         000007.8070 | 00000001894057.3750 | A ASP 170 A LEU 172 A ARG 173 A ALA 176 A ASN 177 A ARG 249 A THR 252 A SER 255 A TYR 265 A ILE 266 A LYS 267 A TRP 268 A THR 319 A VAL 320 A PHE 321 A PRO 322 A PRO 323 A ARG 349 A LEU 388 A LEU 389 A ASP 390 A LYS 391 A THR 393 A THR 394 A CYS 395 A PHE 396 A SER 397 A ARG 457 A ASN 459 A LEU 460 A PRO 461 A TYR 674 A VAL 675 A PRO 677
022 |         000007.7500 | 00000002085329.5000 | A ARG 173 A ALA 176 A ASN 177 A LEU 245 A THR 246 A ARG 249 A LEU 251 A THR 252 A SER 255 A LEU 261 A TYR 265 A ILE 266 A LYS 267 A TRP 268 A LEU 316 A THR 319 A VAL 320 A PHE 321 A PRO 322 A PRO 323 A THR 324 A ARG 349 A LEU 387 A LEU 388 A LEU 389 A ASP 390 A LYS 391 A THR 393 A THR 394 A CYS 395 A PHE 396 A SER 397 A VAL 398 A ARG 457 A ASN 459 A LEU 460 A PRO 461 A THR 462 A PRO 677
023 |         000007.7410 | 00000002117248.2500 | A PHE 165 A PRO 169 A ASP 170 A LEU 172 A ARG 173 A ARG 249 A THR 252 A SER 255 A TYR 265 A ILE 266 A LYS 267 A TRP 268 A THR 319 A VAL 320 A PHE 321 A PRO 322 A PRO 323 A ARG 349 A LEU 388 A LEU 389 A ASP 390 A LYS 391 A THR 393 A THR 394 A CYS 395 A PHE 396 A SER 397 A TYR 456 A ARG 457 A TYR 458 A ASN 459 A LEU 460 A PRO 461 A VAL 675 A PRO 677
024 |         000007.7380 | 00000002127996.0000 | A PRO 169 A ASP 170 A LEU 172 A ARG 173 A THR 246 A LEU 247 A ARG 249 A LEU 251 A THR 252 A SER 255 A TYR 265 A TRP 268 A THR 319 A VAL 320 A PHE 321 A PRO 322 A PRO 323 A ARG 349 A LYS 391 A THR 394 A CYS 395 A PHE 396 A TYR 456 A ARG 457 A TYR 458 A ASN 459 A LEU 460 A PRO 461 A PRO 677
025 |         000007.6790 | 00000002350814.5000 | A HIS 439 A TYR 455 A TYR 456 A ASN 497 A LYS 500 A SER 501 A ASN 543 A LYS 545 A ILE 548 A SER 549 A ALA 550 A LYS 551 A ARG 553 A ARG 555 A THR 556 A VAL 557 A ALA 558 A GLY 559 A ASP 618 A TYR 619 A PRO 620 A LYS 621 A CYS 622 A ASP 623 A ARG 624 A THR 680 A SER 681 A SER 682 A GLY 683 A THR 687 A ALA 688 A ASN 691 A LEU 758 A SER 759 A ASP 760 A ASP 761 A LYS 798 A GLU 811 A SER 814 A ARG 836

After clustering the 25 runs, the following 19 distinct complex conformations were found:
[They all differ by at least 5.0 A heavy atom RMSD after superposing on the receptor]

Clu |Bind.energy[kcal/mol]|Dissoc. constant [pM]| Contacting receptor residues
----+---------------------+---------------------+-----------------------------
001 |         000008.1340 | 00000001090684.0000 | A PRO 169 A ASP 170 A LEU 172 A ARG 173 A ALA 176 A ASN 177 A LEU 245 A THR 246 A ARG 249 A ALA 250 A LEU 251 A THR 252 A SER 255 A LEU 261 A TYR 265 A ILE 266 A TRP 268 A VAL 315 A LEU 316 A SER 318 A THR 319 A VAL 320 A PHE 321 A PRO 322 A PRO 323 A ARG 349 A GLU 350 A ASP 390 A LYS 391 A THR 393 A THR 394 A CYS 395 A PHE 396 A TYR 456 A ARG 457 A ASN 459 A LEU 460 A PRO 461 A ASN 628 A PRO 677
002 |         000008.1150 | 00000001126227.5000 | A PRO 169 A LEU 172 A ARG 173 A LEU 245 A THR 246 A ARG 249 A ALA 250 A LEU 251 A THR 252 A SER 255 A TYR 265 A ILE 266 A TRP 268 A LEU 316 A SER 318 A THR 319 A VAL 320 A PHE 321 A PRO 322 A PRO 323 A PHE 326 A ARG 349 A THR 394 A CYS 395 A PHE 396 A SER 397 A TYR 456 A ARG 457 A ASN 459 A LEU 460 A PRO 461 A THR 462 A VAL 675 A PRO 677
003 |         000008.0790 | 00000001196780.3750 | A PRO 169 A ASP 170 A LEU 172 A ARG 173 A LEU 245 A THR 246 A ARG 249 A ALA 250 A LEU 251 A THR 252 A ALA 253 A SER 255 A HIS 256 A LEU 261 A TYR 265 A ILE 266 A LYS 267 A TRP 268 A ASN 314 A VAL 315 A LEU 316 A SER 318 A THR 319 A VAL 320 A PHE 321 A PRO 322 A PRO 323 A PHE 326 A ARG 349 A THR 394 A CYS 395 A PHE 396 A ARG 457 A TYR 458 A ASN 459 A LEU 460 A PRO 461 A ASN 628 A VAL 675 A PRO 677
004 |         000008.0170 | 00000001328804.5000 | A LEU 172 A ALA 176 A ASN 177 A THR 246 A LEU 247 A ARG 249 A THR 252 A SER 255 A HIS 256 A LEU 261 A THR 262 A TYR 265 A ILE 266 A LYS 267 A TRP 268 A THR 319 A VAL 320 A PHE 321 A PRO 322 A PRO 323 A THR 324 A ARG 349 A LEU 387 A LEU 389 A ASP 390 A LYS 391 A THR 393 A THR 394 A CYS 395 A PHE 396 A SER 397 A ARG 457 A ASN 459 A LEU 460 A PRO 461 A PRO 677
005 |         000008.0170 | 00000001328804.5000 | A PRO 169 A LEU 172 A ARG 173 A ALA 176 A ASN 177 A ARG 249 A THR 252 A SER 255 A LEU 261 A TYR 265 A ILE 266 A LYS 267 A TRP 268 A VAL 315 A SER 318 A THR 319 A VAL 320 A PHE 321 A PRO 322 A PRO 323 A ARG 349 A GLU 350 A LEU 387 A LEU 388 A LEU 389 A ASP 390 A THR 394 A CYS 395 A PHE 396 A SER 397 A ARG 457 A TYR 458 A ASN 459 A LEU 460 A PRO 461 A ASN 628 A VAL 675 A LYS 676 A PRO 677
006 |         000007.9910 | 00000001388415.1250 | A PRO 169 A LEU 172 A ARG 173 A ALA 176 A ASN 177 A GLU 180 A THR 246 A ARG 249 A LEU 251 A THR 252 A SER 255 A LEU 261 A TYR 265 A LYS 267 A TRP 268 A LEU 316 A THR 319 A VAL 320 A PHE 321 A PRO 322 A PRO 323 A ARG 349 A LEU 389 A ASP 390 A LYS 391 A THR 393 A THR 394 A CYS 395 A PHE 396 A SER 397 A TYR 456 A ARG 457 A ASN 459 A LEU 460 A PRO 461 A PRO 677
007 |         000007.9890 | 00000001393109.8750 | A PRO 169 A ASP 170 A LEU 172 A ARG 173 A ALA 176 A LEU 245 A THR 246 A ARG 249 A ALA 250 A LEU 251 A THR 252 A GLU 254 A SER 255 A TYR 265 A LYS 267 A LEU 316 A THR 319 A VAL 320 A PHE 321 A PRO 322 A PRO 323 A ARG 349 A THR 394 A CYS 395 A PHE 396 A TYR 456 A ARG 457 A ASN 459 A LEU 460 A PRO 461 A VAL 675 A PRO 677
008 |         000007.9130 | 00000001583777.2500 | A PHE 165 A PRO 169 A ASP 170 A LEU 172 A ARG 173 A ARG 249 A THR 252 A SER 255 A TYR 265 A ILE 266 A LYS 267 A TRP 268 A LEU 270 A VAL 315 A SER 318 A THR 319 A PRO 322 A PRO 323 A THR 324 A ARG 349 A GLU 350 A THR 394 A CYS 395 A PHE 396 A TYR 456 A ARG 457 A TYR 458 A ASN 459 A LEU 460 A PRO 461 A THR 462 A PRO 627 A ASN 628 A MET 629 A PRO 677 A GLY 678
009 |         000007.8940 | 00000001635389.7500 | A LYS 160 A ASP 161 A ASP 164 A VAL 166 A GLU 167 A HIS 439 A GLN 444 A ASN 447 A ALA 448 A SER 451 A TYR 455 A ARG 457 A TYR 458 A SER 549 A ALA 550 A LYS 551 A ASN 552 A ARG 553 A ALA 554 A ARG 555 A THR 556 A ASP 618 A TYR 619 A PRO 620 A LYS 621 A CYS 622 A ASP 623 A ARG 624 A THR 680 A SER 682 A THR 687 A ASN 691 A LEU 758 A SER 759 A ASP 760 A ASP 761 A PHE 793 A SER 795 A LYS 798 A CYS 813 A SER 814 A ARG 836
010 |         000007.8840 | 00000001663226.3750 | A VAL 166 A GLU 167 A ASN 168 A PRO 169 A ASP 170 A LEU 172 A ARG 173 A ALA 176 A ASN 177 A LEU 245 A THR 246 A ARG 249 A LEU 251 A THR 252 A SER 255 A TYR 265 A VAL 315 A LEU 316 A THR 319 A VAL 320 A PRO 323 A ARG 349 A GLU 350 A THR 394 A CYS 395 A PHE 396 A ASP 454 A TYR 455 A ARG 457 A TYR 458 A ASN 459 A LEU 460 A PRO 461 A THR 462 A PRO 627 A ASN 628 A MET 629 A VAL 675 A LYS 676 A PRO 677
011 |         000007.8690 | 00000001705872.3750 | A PRO 169 A ASP 170 A LEU 172 A ARG 173 A THR 246 A ARG 249 A LEU 251 A THR 252 A SER 255 A TYR 265 A TRP 268 A ASN 314 A VAL 315 A LEU 316 A SER 318 A THR 319 A VAL 320 A PHE 321 A PRO 322 A PRO 323 A ARG 349 A GLU 350 A LEU 388 A LEU 389 A ASP 390 A THR 393 A THR 394 A CYS 395 A PHE 396 A SER 397 A ARG 457 A ASN 459 A LEU 460 A PRO 461 A THR 462 A ASN 628 A VAL 675 A PRO 677
012 |         000007.8680 | 00000001708754.0000 | A PRO 169 A ASP 170 A LEU 172 A ARG 173 A LEU 245 A THR 246 A ARG 249 A ALA 250 A LEU 251 A THR 252 A SER 255 A TYR 265 A ILE 266 A LYS 267 A TRP 268 A LEU 270 A LEU 316 A THR 319 A PHE 321 A PRO 322 A PRO 323 A ARG 349 A LEU 389 A ASP 390 A THR 394 A CYS 395 A PHE 396 A SER 397 A TYR 456 A ARG 457 A ASN 459 A LEU 460 A PRO 461 A PRO 677
013 |         000007.8150 | 00000001868654.6250 | A THR 246 A ARG 249 A THR 252 A SER 255 A TYR 265 A ILE 266 A LYS 267 A TRP 268 A LEU 270 A SER 318 A THR 319 A VAL 320 A PHE 321 A PRO 322 A PRO 323 A THR 324 A PHE 326 A ARG 349 A LEU 387 A LEU 388 A LEU 389 A ASP 390 A LYS 391 A THR 394 A CYS 395 A PHE 396 A SER 397 A ARG 457 A ASN 459 A LEU 460 A PRO 461 A VAL 675 A LYS 676 A PRO 677
014 |         000007.8080 | 00000001890863.2500 | A PRO 169 A ASP 170 A LEU 172 A ARG 173 A THR 246 A ARG 249 A SER 255 A TYR 265 A ILE 266 A LYS 267 A TRP 268 A ASP 269 A LEU 270 A SER 318 A THR 319 A VAL 320 A PHE 321 A PRO 322 A PRO 323 A THR 324 A ARG 349 A LEU 387 A LEU 388 A LEU 389 A ASP 390 A THR 394 A CYS 395 A PHE 396 A SER 397 A ARG 457 A ASN 459 A LEU 460 A PRO 461 A PRO 677
015 |         000007.8070 | 00000001894057.3750 | A ASP 170 A LEU 172 A ARG 173 A ALA 176 A ASN 177 A ARG 249 A THR 252 A SER 255 A TYR 265 A ILE 266 A LYS 267 A TRP 268 A THR 319 A VAL 320 A PHE 321 A PRO 322 A PRO 323 A ARG 349 A LEU 388 A LEU 389 A ASP 390 A LYS 391 A THR 393 A THR 394 A CYS 395 A PHE 396 A SER 397 A ARG 457 A ASN 459 A LEU 460 A PRO 461 A TYR 674 A VAL 675 A PRO 677
016 |         000007.7500 | 00000002085329.5000 | A ARG 173 A ALA 176 A ASN 177 A LEU 245 A THR 246 A ARG 249 A LEU 251 A THR 252 A SER 255 A LEU 261 A TYR 265 A ILE 266 A LYS 267 A TRP 268 A LEU 316 A THR 319 A VAL 320 A PHE 321 A PRO 322 A PRO 323 A THR 324 A ARG 349 A LEU 387 A LEU 388 A LEU 389 A ASP 390 A LYS 391 A THR 393 A THR 394 A CYS 395 A PHE 396 A SER 397 A VAL 398 A ARG 457 A ASN 459 A LEU 460 A PRO 461 A THR 462 A PRO 677
017 |         000007.7410 | 00000002117248.2500 | A PHE 165 A PRO 169 A ASP 170 A LEU 172 A ARG 173 A ARG 249 A THR 252 A SER 255 A TYR 265 A ILE 266 A LYS 267 A TRP 268 A THR 319 A VAL 320 A PHE 321 A PRO 322 A PRO 323 A ARG 349 A LEU 388 A LEU 389 A ASP 390 A LYS 391 A THR 393 A THR 394 A CYS 395 A PHE 396 A SER 397 A TYR 456 A ARG 457 A TYR 458 A ASN 459 A LEU 460 A PRO 461 A VAL 675 A PRO 677
018 |         000007.7380 | 00000002127996.0000 | A PRO 169 A ASP 170 A LEU 172 A ARG 173 A THR 246 A LEU 247 A ARG 249 A LEU 251 A THR 252 A SER 255 A TYR 265 A TRP 268 A THR 319 A VAL 320 A PHE 321 A PRO 322 A PRO 323 A ARG 349 A LYS 391 A THR 394 A CYS 395 A PHE 396 A TYR 456 A ARG 457 A TYR 458 A ASN 459 A LEU 460 A PRO 461 A PRO 677
019 |         000007.6790 | 00000002350814.5000 | A HIS 439 A TYR 455 A TYR 456 A ASN 497 A LYS 500 A SER 501 A ASN 543 A LYS 545 A ILE 548 A SER 549 A ALA 550 A LYS 551 A ARG 553 A ARG 555 A THR 556 A VAL 557 A ALA 558 A GLY 559 A ASP 618 A TYR 619 A PRO 620 A LYS 621 A CYS 622 A ASP 623 A ARG 624 A THR 680 A SER 681 A SER 682 A GLY 683 A THR 687 A ALA 688 A ASN 691 A LEU 758 A SER 759 A ASP 760 A ASP 761 A LYS 798 A GLU 811 A SER 814 A ARG 836

While the table above lists the best binding energy in each cluster, it is sometimes
helpful to also look at the energy spread [average and standard deviation], the
dissociation constant has been recalculated from the average binding energy:

Clu |Members|Bind.energy spread [kcal/mol]|Dissoc. constant [pM]
----+-------+-----------------------------+---------------------
001 |  001  |    000008.1340+-000000.0000 | 00000001090774.0846
002 |  001  |    000008.1150+-000000.0000 | 00000001126320.4033
003 |  001  |    000008.0790+-000000.0000 | 00000001196877.2957
004 |  001  |    000008.0170+-000000.0000 | 00000001328911.8075
005 |  001  |    000008.0170+-000000.0000 | 00000001328911.8075
006 |  002  |    000007.9275+-000000.0635 | 00000001545611.2679
007 |  001  |    000007.9890+-000000.0000 | 00000001393222.7881
008 |  001  |    000007.9130+-000000.0000 | 00000001583903.7285
009 |  001  |    000007.8940+-000000.0000 | 00000001635520.2342
010 |  001  |    000007.8840+-000000.0000 | 00000001663359.5749
011 |  001  |    000007.8690+-000000.0000 | 00000001706008.2401
012 |  001  |    000007.8680+-000000.0000 | 00000001708889.8753
013 |  001  |    000007.8150+-000000.0000 | 00000001868802.2115
014 |  001  |    000007.8080+-000000.0000 | 00000001891012.3025
015 |  001  |    000007.8070+-000000.0000 | 00000001894206.4299
016 |  001  |    000007.7500+-000000.0000 | 00000002085492.9568
017 |  001  |    000007.7410+-000000.0000 | 00000002117413.3493
018 |  001  |    000007.7380+-000000.0000 | 00000002128162.8264
019 |  001  |    000007.6790+-000000.0000 | 00000002350997.5595

The results of the 25 runs have been combined in a single scene at E:\PNA-CPP-5\PNA-CPP-5 CAVITY 2\dock.sce
The 19 clusters have been saved as:
E:\PNA-CPP-5\PNA-CPP-5 CAVITY 2\dock_001.yob
E:\PNA-CPP-5\PNA-CPP-5 CAVITY 2\dock_002.yob
E:\PNA-CPP-5\PNA-CPP-5 CAVITY 2\dock_003.yob
E:\PNA-CPP-5\PNA-CPP-5 CAVITY 2\dock_004.yob
E:\PNA-CPP-5\PNA-CPP-5 CAVITY 2\dock_005.yob
E:\PNA-CPP-5\PNA-CPP-5 CAVITY 2\dock_006.yob
E:\PNA-CPP-5\PNA-CPP-5 CAVITY 2\dock_007.yob
E:\PNA-CPP-5\PNA-CPP-5 CAVITY 2\dock_008.yob
E:\PNA-CPP-5\PNA-CPP-5 CAVITY 2\dock_009.yob
E:\PNA-CPP-5\PNA-CPP-5 CAVITY 2\dock_010.yob
E:\PNA-CPP-5\PNA-CPP-5 CAVITY 2\dock_011.yob
E:\PNA-CPP-5\PNA-CPP-5 CAVITY 2\dock_012.yob
E:\PNA-CPP-5\PNA-CPP-5 CAVITY 2\dock_013.yob
E:\PNA-CPP-5\PNA-CPP-5 CAVITY 2\dock_014.yob
E:\PNA-CPP-5\PNA-CPP-5 CAVITY 2\dock_015.yob
E:\PNA-CPP-5\PNA-CPP-5 CAVITY 2\dock_016.yob
E:\PNA-CPP-5\PNA-CPP-5 CAVITY 2\dock_017.yob
E:\PNA-CPP-5\PNA-CPP-5 CAVITY 2\dock_018.yob
E:\PNA-CPP-5\PNA-CPP-5 CAVITY 2\dock_019.yob
