Global docking result analysis
==============================

25 VINA docking runs of the ligand object 3 to the receptor object 1 yielded the following results,
sorted by binding energy [more positive energies indicate stronger binding, and negative energies mean no binding]

Run |Bind.energy[kcal/mol]|Dissoc. constant [pM]| Contacting receptor residues
----+---------------------+---------------------+-----------------------------
001 |         000008.3130 | 00000000806288.0000 | A HIS 439 A PHE 441 A ASP 452 A TYR 455 A TYR 546 A ALA 547 A ILE 548 A SER 549 A ALA 550 A LYS 551 A ARG 553 A ARG 555 A THR 556 A GLY 616 A TRP 617 A ASP 618 A TYR 619 A PRO 620 A LYS 621 A CYS 622 A ASP 623 A ARG 624 A SER 682 A ASN 691 A LEU 758 A SER 759 A ASP 760 A ASP 761 A ALA 762 A TRP 800 A GLU 811 A CYS 813 A SER 814 A ASP 833 A ARG 836 A ALA 840 A ASP 845 A ARG 858
002 |         000008.3130 | 00000000806288.0000 | A HIS 439 A PHE 441 A ASP 452 A TYR 455 A TYR 546 A ALA 547 A ILE 548 A SER 549 A ALA 550 A LYS 551 A ARG 553 A ARG 555 A THR 556 A GLY 616 A TRP 617 A ASP 618 A TYR 619 A PRO 620 A LYS 621 A CYS 622 A ASP 623 A ARG 624 A SER 682 A ASN 691 A LEU 758 A SER 759 A ASP 760 A ASP 761 A ALA 762 A TRP 800 A GLU 811 A CYS 813 A SER 814 A ASP 833 A ARG 836 A ALA 840 A ASP 845 A ARG 858
003 |         000008.1550 | 00000001052702.7500 | A LYS 160 A ASP 161 A TYR 163 A ASP 164 A VAL 166 A GLU 167 A TYR 455 A ARG 457 A TYR 458 A ALA 547 A ILE 548 A SER 549 A ALA 550 A LYS 551 A ARG 553 A ARG 555 A TRP 617 A ASP 618 A TYR 619 A PRO 620 A LYS 621 A CYS 622 A ASP 623 A ARG 624 A THR 680 A SER 681 A SER 682 A THR 687 A ALA 688 A ASN 691 A LEU 758 A SER 759 A ASP 760 A ASP 761 A ALA 762 A PHE 793 A SER 795 A LYS 798 A TRP 800 A GLU 811 A PHE 812 A CYS 813 A SER 814 A ARG 836
004 |         000008.1550 | 00000001052702.7500 | A LYS 160 A ASP 161 A TYR 163 A ASP 164 A VAL 166 A GLU 167 A TYR 455 A ARG 457 A TYR 458 A ALA 547 A ILE 548 A SER 549 A ALA 550 A LYS 551 A ARG 553 A ARG 555 A TRP 617 A ASP 618 A TYR 619 A PRO 620 A LYS 621 A CYS 622 A ASP 623 A ARG 624 A THR 680 A SER 681 A SER 682 A THR 687 A ALA 688 A ASN 691 A LEU 758 A SER 759 A ASP 760 A ASP 761 A ALA 762 A PHE 793 A SER 795 A LYS 798 A TRP 800 A GLU 811 A PHE 812 A CYS 813 A SER 814 A ARG 836
005 |         000008.1230 | 00000001111122.7500 | A HIS 439 A ILE 548 A SER 549 A ARG 553 A ARG 555 A THR 556 A ILE 589 A GLY 590 A LYS 593 A TRP 617 A ASP 618 A TYR 619 A PRO 620 A LYS 621 A CYS 622 A ASP 623 A ARG 624 A THR 680 A SER 681 A SER 682 A THR 687 A ALA 688 A ASN 691 A LEU 758 A SER 759 A ASP 760 A ASP 761 A ALA 762 A TRP 800 A GLU 811 A CYS 813 A SER 814 A GLN 815 A PRO 832 A ARG 836 A ILE 837 A ALA 840 A ARG 858 A LEU 862 A ASP 865
006 |         000008.1230 | 00000001111122.7500 | A HIS 439 A ILE 548 A SER 549 A ARG 553 A ARG 555 A THR 556 A ILE 589 A GLY 590 A LYS 593 A TRP 617 A ASP 618 A TYR 619 A PRO 620 A LYS 621 A CYS 622 A ASP 623 A ARG 624 A THR 680 A SER 681 A SER 682 A THR 687 A ALA 688 A ASN 691 A LEU 758 A SER 759 A ASP 760 A ASP 761 A ALA 762 A TRP 800 A GLU 811 A CYS 813 A SER 814 A GLN 815 A PRO 832 A ARG 836 A ILE 837 A ALA 840 A ARG 858 A LEU 862 A ASP 865
007 |         000008.0720 | 00000001211003.8750 | A HIS 439 A PHE 441 A LYS 545 A TYR 546 A ALA 547 A ILE 548 A SER 549 A ALA 550 A LYS 551 A ARG 553 A ARG 555 A THR 556 A VAL 557 A LYS 593 A TRP 617 A ASP 618 A TYR 619 A PRO 620 A LYS 621 A CYS 622 A ASP 623 A ARG 624 A SER 682 A LEU 758 A SER 759 A ASP 760 A ASP 761 A LYS 798 A CYS 799 A TRP 800 A GLU 811 A CYS 813 A SER 814 A GLN 815 A PRO 832 A ARG 836 A ILE 837 A ALA 840 A ASP 845 A ARG 858 A LEU 862 A ASP 865
008 |         000008.0720 | 00000001211003.8750 | A HIS 439 A PHE 441 A LYS 545 A TYR 546 A ALA 547 A ILE 548 A SER 549 A ALA 550 A LYS 551 A ARG 553 A ARG 555 A THR 556 A VAL 557 A LYS 593 A TRP 617 A ASP 618 A TYR 619 A PRO 620 A LYS 621 A CYS 622 A ASP 623 A ARG 624 A SER 682 A LEU 758 A SER 759 A ASP 760 A ASP 761 A LYS 798 A CYS 799 A TRP 800 A GLU 811 A CYS 813 A SER 814 A GLN 815 A PRO 832 A ARG 836 A ILE 837 A ALA 840 A ASP 845 A ARG 858 A LEU 862 A ASP 865
009 |         000008.0110 | 00000001342329.5000 | A VAL 166 A HIS 439 A TYR 455 A TYR 456 A LYS 545 A ALA 547 A ILE 548 A SER 549 A ALA 550 A LYS 551 A ARG 553 A ARG 555 A THR 556 A VAL 557 A GLY 616 A TRP 617 A ASP 618 A PRO 620 A LYS 621 A CYS 622 A ASP 623 A ARG 624 A THR 680 A SER 681 A SER 682 A ALA 688 A ASN 691 A LEU 758 A SER 759 A ASP 760 A ASP 761 A ALA 762 A LYS 798 A TRP 800 A GLU 811 A CYS 813 A SER 814 A ARG 836
010 |         000008.0110 | 00000001342329.5000 | A VAL 166 A HIS 439 A TYR 455 A TYR 456 A LYS 545 A ALA 547 A ILE 548 A SER 549 A ALA 550 A LYS 551 A ARG 553 A ARG 555 A THR 556 A VAL 557 A GLY 616 A TRP 617 A ASP 618 A PRO 620 A LYS 621 A CYS 622 A ASP 623 A ARG 624 A THR 680 A SER 681 A SER 682 A ALA 688 A ASN 691 A LEU 758 A SER 759 A ASP 760 A ASP 761 A ALA 762 A LYS 798 A TRP 800 A GLU 811 A CYS 813 A SER 814 A ARG 836
011 |         000008.0090 | 00000001346868.3750 | A HIS 439 A ASP 452 A TYR 455 A ILE 548 A SER 549 A ALA 550 A LYS 551 A ARG 553 A ARG 555 A THR 556 A TRP 617 A ASP 618 A TYR 619 A PRO 620 A LYS 621 A CYS 622 A ASP 623 A ARG 624 A THR 680 A SER 681 A SER 682 A GLY 683 A ASP 684 A THR 687 A ALA 688 A ASN 691 A LEU 758 A SER 759 A ASP 760 A ASP 761 A LYS 798 A CYS 799 A TRP 800 A GLU 811 A CYS 813 A SER 814 A ARG 836 A ALA 840
012 |         000007.9760 | 00000001424014.7500 | A HIS 439 A PHE 441 A LYS 545 A TYR 546 A ALA 547 A ILE 548 A SER 549 A ALA 550 A LYS 551 A ARG 553 A ARG 555 A THR 556 A TRP 617 A ASP 618 A TYR 619 A PRO 620 A LYS 621 A CYS 622 A ASP 623 A ARG 624 A THR 680 A SER 681 A SER 682 A THR 687 A ALA 688 A ASN 691 A LEU 758 A SER 759 A ASP 760 A ASP 761 A LYS 798 A TRP 800 A GLU 811 A SER 814 A ARG 836 A ASP 845
013 |         000007.9480 | 00000001492927.6250 | A ASP 164 A VAL 166 A GLU 167 A TYR 455 A ASN 497 A LYS 500 A SER 501 A ILE 548 A SER 549 A ALA 550 A LYS 551 A ARG 553 A ARG 555 A THR 556 A ALA 558 A GLY 559 A VAL 560 A ILE 589 A TRP 617 A ASP 618 A TYR 619 A PRO 620 A LYS 621 A CYS 622 A ASP 623 A ARG 624 A THR 680 A SER 682 A GLY 683 A ASP 684 A ALA 685 A THR 687 A ALA 688 A TYR 689 A ASN 691 A LEU 758 A SER 759 A ASP 760 A ASP 761 A ALA 762 A VAL 792 A PHE 793 A LYS 798 A TRP 800 A GLU 811 A CYS 813 A SER 814
014 |         000007.9390 | 00000001515778.8750 | A LYS 438 A HIS 439 A TYR 455 A SER 549 A ALA 550 A LYS 551 A ARG 553 A ARG 555 A THR 556 A TRP 617 A ASP 618 A TYR 619 A PRO 620 A LYS 621 A CYS 622 A ASP 623 A ARG 624 A THR 680 A SER 682 A ASP 684 A ALA 685 A THR 687 A ALA 688 A ASN 691 A LEU 758 A SER 759 A ASP 760 A ASP 761 A LYS 798 A GLU 811 A CYS 813 A SER 814 A ASP 833 A SER 835 A ARG 836
015 |         000007.9230 | 00000001557270.2500 | A HIS 439 A TYR 456 A MET 542 A LYS 545 A ALA 547 A ILE 548 A SER 549 A ALA 550 A LYS 551 A ARG 553 A ARG 555 A THR 556 A ALA 558 A VAL 588 A ILE 589 A GLY 590 A THR 591 A LYS 593 A TRP 598 A MET 601 A TRP 617 A ASP 618 A TYR 619 A PRO 620 A LYS 621 A CYS 622 A ASP 623 A ARG 624 A LYS 676 A THR 680 A SER 681 A SER 682 A ALA 688 A LEU 758 A SER 759 A ASP 760 A ASP 761 A ALA 762 A TRP 800 A GLU 811 A PHE 812 A CYS 813 A SER 814 A GLN 815 A ARG 836
016 |         000007.9110 | 00000001589132.5000 | A PHE 441 A LYS 545 A ALA 547 A ILE 548 A LYS 551 A ARG 553 A ARG 555 A THR 556 A THR 591 A SER 592 A LYS 593 A TRP 598 A MET 601 A GLY 616 A TRP 617 A ASP 618 A TYR 619 A PRO 620 A LYS 621 A CYS 622 A ASP 623 A ARG 624 A SER 682 A ASP 760 A ASP 761 A ALA 762 A LYS 798 A TRP 800 A GLU 811 A CYS 813 A SER 814 A GLN 815 A PRO 832 A ARG 836 A ILE 837 A ALA 840 A ASP 845 A ARG 858 A LEU 862 A ASP 865
017 |         000007.8360 | 00000001803581.7500 | A LYS 545 A ILE 548 A SER 549 A ALA 550 A LYS 551 A ARG 553 A ARG 555 A LEU 576 A ILE 589 A GLY 590 A THR 591 A GLY 616 A TRP 617 A ASP 618 A PRO 620 A LYS 621 A CYS 622 A ASP 623 A ARG 624 A THR 680 A SER 681 A SER 682 A ASP 684 A ALA 685 A THR 687 A ALA 688 A TYR 689 A ASN 691 A LEU 758 A SER 759 A ASP 760 A ASP 761 A ALA 762 A LYS 798 A TRP 800 A GLU 811 A CYS 813 A SER 814 A ARG 836
018 |         000007.8310 | 00000001818866.7500 | A ASP 452 A TYR 455 A ALA 550 A ARG 553 A ALA 554 A ARG 555 A THR 556 A LYS 593 A PHE 594 A TRP 598 A MET 601 A GLY 616 A TRP 617 A ASP 618 A TYR 619 A PRO 620 A LYS 621 A CYS 622 A ASP 623 A ARG 624 A SER 682 A LEU 758 A SER 759 A ASP 760 A ASP 761 A ALA 762 A LYS 798 A TRP 800 A HIS 810 A GLU 811 A CYS 813 A SER 814 A GLN 815 A HIS 816 A ASP 833 A ARG 836 A ARG 858 A SER 861 A ASP 865
019 |         000007.8290 | 00000001825017.0000 | A ASP 161 A ASP 164 A VAL 166 A GLU 167 A HIS 439 A ASP 452 A TYR 455 A TYR 458 A LYS 545 A ILE 548 A SER 549 A ALA 550 A LYS 551 A ARG 553 A ALA 554 A ARG 555 A THR 556 A ASP 618 A TYR 619 A PRO 620 A LYS 621 A CYS 622 A ASP 623 A ARG 624 A THR 680 A SER 682 A ASN 691 A LEU 758 A SER 759 A ASP 760 A ASP 761 A PHE 793 A SER 795 A ALA 797 A LYS 798 A GLU 811 A CYS 813 A SER 814 A ARG 836
020 |         000007.8260 | 00000001834281.2500 | A ASP 452 A TYR 455 A LYS 500 A SER 501 A LYS 545 A ARG 553 A ALA 554 A ARG 555 A THR 556 A VAL 557 A ALA 558 A GLY 559 A VAL 560 A GLY 616 A TRP 617 A ASP 618 A TYR 619 A PRO 620 A LYS 621 A CYS 622 A ASP 623 A ARG 624 A THR 680 A SER 682 A GLY 683 A ASP 684 A ALA 685 A THR 686 A THR 687 A ALA 688 A TYR 689 A ASN 691 A LEU 758 A SER 759 A ASP 760 A ASP 761 A LYS 798 A CYS 799 A TRP 800 A GLU 811 A CYS 813 A SER 814 A ARG 836
021 |         000007.8080 | 00000001890863.2500 | A HIS 439 A LYS 545 A ILE 548 A SER 549 A ALA 550 A LYS 551 A ARG 553 A ARG 555 A THR 556 A GLY 590 A THR 591 A SER 592 A LYS 593 A TRP 598 A TRP 617 A ASP 618 A TYR 619 A PRO 620 A LYS 621 A CYS 622 A ASP 623 A ARG 624 A THR 680 A SER 682 A THR 687 A ALA 688 A ASN 691 A LEU 758 A SER 759 A ASP 760 A ASP 761 A LYS 798 A TRP 800 A HIS 810 A GLU 811 A CYS 813 A SER 814 A GLN 815 A ARG 836
022 |         000007.8080 | 00000001890863.2500 | A PHE 441 A ASP 452 A TYR 455 A TYR 546 A ALA 547 A ILE 548 A ARG 553 A ARG 555 A TRP 617 A ASP 618 A TYR 619 A LYS 621 A CYS 622 A ASP 623 A ARG 624 A THR 680 A SER 681 A SER 682 A THR 687 A ALA 688 A ASN 691 A LEU 758 A SER 759 A ASP 760 A ASP 761 A ALA 762 A LYS 798 A TRP 800 A HIS 810 A GLU 811 A PHE 812 A CYS 813 A SER 814 A ARG 836 A ALA 840 A ASP 845 A ARG 858
023 |         000007.7680 | 00000002022928.3750 | A VAL 166 A TYR 455 A LYS 545 A SER 549 A ALA 550 A LYS 551 A ARG 553 A ARG 555 A THR 556 A TRP 617 A ASP 618 A TYR 619 A PRO 620 A LYS 621 A CYS 622 A ASP 623 A ARG 624 A THR 680 A SER 681 A SER 682 A GLY 683 A ASP 684 A THR 687 A ALA 688 A ASN 691 A LEU 758 A SER 759 A ASP 760 A ASP 761 A ALA 797 A LYS 798 A TRP 800 A HIS 810 A GLU 811 A PHE 812 A CYS 813 A SER 814 A ARG 836
024 |         000007.7380 | 00000002127996.0000 | A HIS 439 A ASP 452 A TYR 455 A ALA 547 A ILE 548 A SER 549 A ALA 550 A LYS 551 A ARG 553 A ALA 554 A ARG 555 A THR 556 A VAL 557 A TRP 617 A ASP 618 A TYR 619 A PRO 620 A LYS 621 A CYS 622 A ASP 623 A ARG 624 A SER 682 A ASN 691 A LEU 758 A SER 759 A ASP 760 A ASP 761 A LYS 798 A CYS 799 A TRP 800 A GLU 811 A CYS 813 A SER 814 A GLN 815 A ASP 833 A ARG 836 A ILE 837 A ALA 840 A ARG 858 A LEU 862 A ASP 865
025 |         000007.7240 | 00000002178878.0000 | A VAL 166 A GLU 167 A HIS 439 A ASP 452 A LYS 545 A ILE 548 A SER 549 A ALA 550 A LYS 551 A ARG 553 A ARG 555 A THR 556 A TRP 617 A ASP 618 A TYR 619 A PRO 620 A LYS 621 A CYS 622 A ASP 623 A ARG 624 A THR 680 A SER 681 A SER 682 A THR 687 A ALA 688 A ASN 691 A LEU 758 A SER 759 A ASP 760 A ASP 761 A LYS 798 A GLU 811 A CYS 813 A SER 814 A ARG 836

After clustering the 25 runs, the following 18 distinct complex conformations were found:
[They all differ by at least 5.0 A heavy atom RMSD after superposing on the receptor]

Clu |Bind.energy[kcal/mol]|Dissoc. constant [pM]| Contacting receptor residues
----+---------------------+---------------------+-----------------------------
001 |         000008.3130 | 00000000806288.0000 | A HIS 439 A PHE 441 A ASP 452 A TYR 455 A TYR 546 A ALA 547 A ILE 548 A SER 549 A ALA 550 A LYS 551 A ARG 553 A ARG 555 A THR 556 A GLY 616 A TRP 617 A ASP 618 A TYR 619 A PRO 620 A LYS 621 A CYS 622 A ASP 623 A ARG 624 A SER 682 A ASN 691 A LEU 758 A SER 759 A ASP 760 A ASP 761 A ALA 762 A TRP 800 A GLU 811 A CYS 813 A SER 814 A ASP 833 A ARG 836 A ALA 840 A ASP 845 A ARG 858
002 |         000008.1550 | 00000001052702.7500 | A LYS 160 A ASP 161 A TYR 163 A ASP 164 A VAL 166 A GLU 167 A TYR 455 A ARG 457 A TYR 458 A ALA 547 A ILE 548 A SER 549 A ALA 550 A LYS 551 A ARG 553 A ARG 555 A TRP 617 A ASP 618 A TYR 619 A PRO 620 A LYS 621 A CYS 622 A ASP 623 A ARG 624 A THR 680 A SER 681 A SER 682 A THR 687 A ALA 688 A ASN 691 A LEU 758 A SER 759 A ASP 760 A ASP 761 A ALA 762 A PHE 793 A SER 795 A LYS 798 A TRP 800 A GLU 811 A PHE 812 A CYS 813 A SER 814 A ARG 836
003 |         000008.1230 | 00000001111122.7500 | A HIS 439 A ILE 548 A SER 549 A ARG 553 A ARG 555 A THR 556 A ILE 589 A GLY 590 A LYS 593 A TRP 617 A ASP 618 A TYR 619 A PRO 620 A LYS 621 A CYS 622 A ASP 623 A ARG 624 A THR 680 A SER 681 A SER 682 A THR 687 A ALA 688 A ASN 691 A LEU 758 A SER 759 A ASP 760 A ASP 761 A ALA 762 A TRP 800 A GLU 811 A CYS 813 A SER 814 A GLN 815 A PRO 832 A ARG 836 A ILE 837 A ALA 840 A ARG 858 A LEU 862 A ASP 865
004 |         000008.0720 | 00000001211003.8750 | A HIS 439 A PHE 441 A LYS 545 A TYR 546 A ALA 547 A ILE 548 A SER 549 A ALA 550 A LYS 551 A ARG 553 A ARG 555 A THR 556 A VAL 557 A LYS 593 A TRP 617 A ASP 618 A TYR 619 A PRO 620 A LYS 621 A CYS 622 A ASP 623 A ARG 624 A SER 682 A LEU 758 A SER 759 A ASP 760 A ASP 761 A LYS 798 A CYS 799 A TRP 800 A GLU 811 A CYS 813 A SER 814 A GLN 815 A PRO 832 A ARG 836 A ILE 837 A ALA 840 A ASP 845 A ARG 858 A LEU 862 A ASP 865
005 |         000008.0110 | 00000001342329.5000 | A VAL 166 A HIS 439 A TYR 455 A TYR 456 A LYS 545 A ALA 547 A ILE 548 A SER 549 A ALA 550 A LYS 551 A ARG 553 A ARG 555 A THR 556 A VAL 557 A GLY 616 A TRP 617 A ASP 618 A PRO 620 A LYS 621 A CYS 622 A ASP 623 A ARG 624 A THR 680 A SER 681 A SER 682 A ALA 688 A ASN 691 A LEU 758 A SER 759 A ASP 760 A ASP 761 A ALA 762 A LYS 798 A TRP 800 A GLU 811 A CYS 813 A SER 814 A ARG 836
006 |         000008.0090 | 00000001346868.3750 | A HIS 439 A ASP 452 A TYR 455 A ILE 548 A SER 549 A ALA 550 A LYS 551 A ARG 553 A ARG 555 A THR 556 A TRP 617 A ASP 618 A TYR 619 A PRO 620 A LYS 621 A CYS 622 A ASP 623 A ARG 624 A THR 680 A SER 681 A SER 682 A GLY 683 A ASP 684 A THR 687 A ALA 688 A ASN 691 A LEU 758 A SER 759 A ASP 760 A ASP 761 A LYS 798 A CYS 799 A TRP 800 A GLU 811 A CYS 813 A SER 814 A ARG 836 A ALA 840
007 |         000007.9760 | 00000001424014.7500 | A HIS 439 A PHE 441 A LYS 545 A TYR 546 A ALA 547 A ILE 548 A SER 549 A ALA 550 A LYS 551 A ARG 553 A ARG 555 A THR 556 A TRP 617 A ASP 618 A TYR 619 A PRO 620 A LYS 621 A CYS 622 A ASP 623 A ARG 624 A THR 680 A SER 681 A SER 682 A THR 687 A ALA 688 A ASN 691 A LEU 758 A SER 759 A ASP 760 A ASP 761 A LYS 798 A TRP 800 A GLU 811 A SER 814 A ARG 836 A ASP 845
008 |         000007.9480 | 00000001492927.6250 | A ASP 164 A VAL 166 A GLU 167 A TYR 455 A ASN 497 A LYS 500 A SER 501 A ILE 548 A SER 549 A ALA 550 A LYS 551 A ARG 553 A ARG 555 A THR 556 A ALA 558 A GLY 559 A VAL 560 A ILE 589 A TRP 617 A ASP 618 A TYR 619 A PRO 620 A LYS 621 A CYS 622 A ASP 623 A ARG 624 A THR 680 A SER 682 A GLY 683 A ASP 684 A ALA 685 A THR 687 A ALA 688 A TYR 689 A ASN 691 A LEU 758 A SER 759 A ASP 760 A ASP 761 A ALA 762 A VAL 792 A PHE 793 A LYS 798 A TRP 800 A GLU 811 A CYS 813 A SER 814
009 |         000007.9390 | 00000001515778.8750 | A LYS 438 A HIS 439 A TYR 455 A SER 549 A ALA 550 A LYS 551 A ARG 553 A ARG 555 A THR 556 A TRP 617 A ASP 618 A TYR 619 A PRO 620 A LYS 621 A CYS 622 A ASP 623 A ARG 624 A THR 680 A SER 682 A ASP 684 A ALA 685 A THR 687 A ALA 688 A ASN 691 A LEU 758 A SER 759 A ASP 760 A ASP 761 A LYS 798 A GLU 811 A CYS 813 A SER 814 A ASP 833 A SER 835 A ARG 836
010 |         000007.9230 | 00000001557270.2500 | A HIS 439 A TYR 456 A MET 542 A LYS 545 A ALA 547 A ILE 548 A SER 549 A ALA 550 A LYS 551 A ARG 553 A ARG 555 A THR 556 A ALA 558 A VAL 588 A ILE 589 A GLY 590 A THR 591 A LYS 593 A TRP 598 A MET 601 A TRP 617 A ASP 618 A TYR 619 A PRO 620 A LYS 621 A CYS 622 A ASP 623 A ARG 624 A LYS 676 A THR 680 A SER 681 A SER 682 A ALA 688 A LEU 758 A SER 759 A ASP 760 A ASP 761 A ALA 762 A TRP 800 A GLU 811 A PHE 812 A CYS 813 A SER 814 A GLN 815 A ARG 836
011 |         000007.9110 | 00000001589132.5000 | A PHE 441 A LYS 545 A ALA 547 A ILE 548 A LYS 551 A ARG 553 A ARG 555 A THR 556 A THR 591 A SER 592 A LYS 593 A TRP 598 A MET 601 A GLY 616 A TRP 617 A ASP 618 A TYR 619 A PRO 620 A LYS 621 A CYS 622 A ASP 623 A ARG 624 A SER 682 A ASP 760 A ASP 761 A ALA 762 A LYS 798 A TRP 800 A GLU 811 A CYS 813 A SER 814 A GLN 815 A PRO 832 A ARG 836 A ILE 837 A ALA 840 A ASP 845 A ARG 858 A LEU 862 A ASP 865
012 |         000007.8360 | 00000001803581.7500 | A LYS 545 A ILE 548 A SER 549 A ALA 550 A LYS 551 A ARG 553 A ARG 555 A LEU 576 A ILE 589 A GLY 590 A THR 591 A GLY 616 A TRP 617 A ASP 618 A PRO 620 A LYS 621 A CYS 622 A ASP 623 A ARG 624 A THR 680 A SER 681 A SER 682 A ASP 684 A ALA 685 A THR 687 A ALA 688 A TYR 689 A ASN 691 A LEU 758 A SER 759 A ASP 760 A ASP 761 A ALA 762 A LYS 798 A TRP 800 A GLU 811 A CYS 813 A SER 814 A ARG 836
013 |         000007.8310 | 00000001818866.7500 | A ASP 452 A TYR 455 A ALA 550 A ARG 553 A ALA 554 A ARG 555 A THR 556 A LYS 593 A PHE 594 A TRP 598 A MET 601 A GLY 616 A TRP 617 A ASP 618 A TYR 619 A PRO 620 A LYS 621 A CYS 622 A ASP 623 A ARG 624 A SER 682 A LEU 758 A SER 759 A ASP 760 A ASP 761 A ALA 762 A LYS 798 A TRP 800 A HIS 810 A GLU 811 A CYS 813 A SER 814 A GLN 815 A HIS 816 A ASP 833 A ARG 836 A ARG 858 A SER 861 A ASP 865
014 |         000007.8290 | 00000001825017.0000 | A ASP 161 A ASP 164 A VAL 166 A GLU 167 A HIS 439 A ASP 452 A TYR 455 A TYR 458 A LYS 545 A ILE 548 A SER 549 A ALA 550 A LYS 551 A ARG 553 A ALA 554 A ARG 555 A THR 556 A ASP 618 A TYR 619 A PRO 620 A LYS 621 A CYS 622 A ASP 623 A ARG 624 A THR 680 A SER 682 A ASN 691 A LEU 758 A SER 759 A ASP 760 A ASP 761 A PHE 793 A SER 795 A ALA 797 A LYS 798 A GLU 811 A CYS 813 A SER 814 A ARG 836
015 |         000007.8260 | 00000001834281.2500 | A ASP 452 A TYR 455 A LYS 500 A SER 501 A LYS 545 A ARG 553 A ALA 554 A ARG 555 A THR 556 A VAL 557 A ALA 558 A GLY 559 A VAL 560 A GLY 616 A TRP 617 A ASP 618 A TYR 619 A PRO 620 A LYS 621 A CYS 622 A ASP 623 A ARG 624 A THR 680 A SER 682 A GLY 683 A ASP 684 A ALA 685 A THR 686 A THR 687 A ALA 688 A TYR 689 A ASN 691 A LEU 758 A SER 759 A ASP 760 A ASP 761 A LYS 798 A CYS 799 A TRP 800 A GLU 811 A CYS 813 A SER 814 A ARG 836
016 |         000007.8080 | 00000001890863.2500 | A HIS 439 A LYS 545 A ILE 548 A SER 549 A ALA 550 A LYS 551 A ARG 553 A ARG 555 A THR 556 A GLY 590 A THR 591 A SER 592 A LYS 593 A TRP 598 A TRP 617 A ASP 618 A TYR 619 A PRO 620 A LYS 621 A CYS 622 A ASP 623 A ARG 624 A THR 680 A SER 682 A THR 687 A ALA 688 A ASN 691 A LEU 758 A SER 759 A ASP 760 A ASP 761 A LYS 798 A TRP 800 A HIS 810 A GLU 811 A CYS 813 A SER 814 A GLN 815 A ARG 836
017 |         000007.8080 | 00000001890863.2500 | A PHE 441 A ASP 452 A TYR 455 A TYR 546 A ALA 547 A ILE 548 A ARG 553 A ARG 555 A TRP 617 A ASP 618 A TYR 619 A LYS 621 A CYS 622 A ASP 623 A ARG 624 A THR 680 A SER 681 A SER 682 A THR 687 A ALA 688 A ASN 691 A LEU 758 A SER 759 A ASP 760 A ASP 761 A ALA 762 A LYS 798 A TRP 800 A HIS 810 A GLU 811 A PHE 812 A CYS 813 A SER 814 A ARG 836 A ALA 840 A ASP 845 A ARG 858
018 |         000007.7240 | 00000002178878.0000 | A VAL 166 A GLU 167 A HIS 439 A ASP 452 A LYS 545 A ILE 548 A SER 549 A ALA 550 A LYS 551 A ARG 553 A ARG 555 A THR 556 A TRP 617 A ASP 618 A TYR 619 A PRO 620 A LYS 621 A CYS 622 A ASP 623 A ARG 624 A THR 680 A SER 681 A SER 682 A THR 687 A ALA 688 A ASN 691 A LEU 758 A SER 759 A ASP 760 A ASP 761 A LYS 798 A GLU 811 A CYS 813 A SER 814 A ARG 836

While the table above lists the best binding energy in each cluster, it is sometimes
helpful to also look at the energy spread [average and standard deviation], the
dissociation constant has been recalculated from the average binding energy:

Clu |Members|Bind.energy spread [kcal/mol]|Dissoc. constant [pM]
----+-------+-----------------------------+---------------------
001 |  002  |    000008.0255+-000000.2875 | 00000001309983.6998
002 |  001  |    000008.1550+-000000.0000 | 00000001052790.0370
003 |  001  |    000008.1230+-000000.0000 | 00000001111213.8220
004 |  001  |    000008.0720+-000000.0000 | 00000001211103.7326
005 |  001  |    000008.0110+-000000.0000 | 00000001342439.0364
006 |  001  |    000008.0090+-000000.0000 | 00000001346977.9203
007 |  001  |    000007.9760+-000000.0000 | 00000001424130.0387
008 |  001  |    000007.9480+-000000.0000 | 00000001493047.7817
009 |  002  |    000007.8535+-000000.0855 | 00000001751227.5571
010 |  001  |    000007.9230+-000000.0000 | 00000001557395.4790
011 |  001  |    000007.9110+-000000.0000 | 00000001589260.3010
012 |  001  |    000007.8360+-000000.0000 | 00000001803724.8751
013 |  001  |    000007.8310+-000000.0000 | 00000001819011.3343
014 |  001  |    000007.8290+-000000.0000 | 00000001825161.5436
015 |  001  |    000007.8260+-000000.0000 | 00000001834425.8689
016 |  001  |    000007.8080+-000000.0000 | 00000001891012.3025
017 |  001  |    000007.8080+-000000.0000 | 00000001891012.3025
018 |  001  |    000007.7240+-000000.0000 | 00000002179048.4302

The results of the 25 runs have been combined in a single scene at C:\Users\Hp\Desktop\L2-lysine1 docking in cavity 1\dock.sce
The 18 clusters have been saved as:
C:\Users\Hp\Desktop\L2-lysine1 docking in cavity 1\dock_001.yob
C:\Users\Hp\Desktop\L2-lysine1 docking in cavity 1\dock_002.yob
C:\Users\Hp\Desktop\L2-lysine1 docking in cavity 1\dock_003.yob
C:\Users\Hp\Desktop\L2-lysine1 docking in cavity 1\dock_004.yob
C:\Users\Hp\Desktop\L2-lysine1 docking in cavity 1\dock_005.yob
C:\Users\Hp\Desktop\L2-lysine1 docking in cavity 1\dock_006.yob
C:\Users\Hp\Desktop\L2-lysine1 docking in cavity 1\dock_007.yob
C:\Users\Hp\Desktop\L2-lysine1 docking in cavity 1\dock_008.yob
C:\Users\Hp\Desktop\L2-lysine1 docking in cavity 1\dock_009.yob
C:\Users\Hp\Desktop\L2-lysine1 docking in cavity 1\dock_010.yob
C:\Users\Hp\Desktop\L2-lysine1 docking in cavity 1\dock_011.yob
C:\Users\Hp\Desktop\L2-lysine1 docking in cavity 1\dock_012.yob
C:\Users\Hp\Desktop\L2-lysine1 docking in cavity 1\dock_013.yob
C:\Users\Hp\Desktop\L2-lysine1 docking in cavity 1\dock_014.yob
C:\Users\Hp\Desktop\L2-lysine1 docking in cavity 1\dock_015.yob
C:\Users\Hp\Desktop\L2-lysine1 docking in cavity 1\dock_016.yob
C:\Users\Hp\Desktop\L2-lysine1 docking in cavity 1\dock_017.yob
C:\Users\Hp\Desktop\L2-lysine1 docking in cavity 1\dock_018.yob
