Global docking result analysis
==============================

25 VINA docking runs of the ligand object 3 to the receptor object 1 yielded the following results,
sorted by binding energy [more positive energies indicate stronger binding, and negative energies mean no binding]

Run |Bind.energy[kcal/mol]|Dissoc. constant [pM]| Contacting receptor residues
----+---------------------+---------------------+-----------------------------
001 |         000007.2240 | 00000005066847.0000 | A PRO 169 A LEU 172 A THR 246 A ARG 249 A THR 252 A SER 255 A TYR 265 A VAL 315 A SER 318 A THR 319 A VAL 320 A PRO 323 A ARG 349 A GLU 350 A THR 394 A CYS 395 A PHE 396 A TYR 456 A ARG 457 A TYR 458 A ASN 459 A LEU 460 A PRO 461 A ASN 628 A VAL 675 A LYS 676 A PRO 677
002 |         000007.2240 | 00000005066847.0000 | A PRO 169 A LEU 172 A THR 246 A ARG 249 A THR 252 A SER 255 A TYR 265 A VAL 315 A SER 318 A THR 319 A VAL 320 A PRO 323 A ARG 349 A GLU 350 A THR 394 A CYS 395 A PHE 396 A TYR 456 A ARG 457 A TYR 458 A ASN 459 A LEU 460 A PRO 461 A ASN 628 A VAL 675 A LYS 676 A PRO 677
003 |         000007.0090 | 00000007283412.0000 | A THR 246 A ARG 249 A THR 252 A SER 255 A TYR 265 A TRP 268 A LEU 316 A THR 319 A VAL 320 A PHE 321 A PRO 322 A PRO 323 A ARG 349 A THR 394 A CYS 395 A PHE 396 A SER 397 A TYR 456 A ARG 457 A ASN 459 A LEU 460 A PRO 461 A VAL 675 A LYS 676 A PRO 677
004 |         000007.0090 | 00000007283412.0000 | A THR 246 A ARG 249 A THR 252 A SER 255 A TYR 265 A TRP 268 A LEU 316 A THR 319 A VAL 320 A PHE 321 A PRO 322 A PRO 323 A ARG 349 A THR 394 A CYS 395 A PHE 396 A SER 397 A TYR 456 A ARG 457 A ASN 459 A LEU 460 A PRO 461 A VAL 675 A LYS 676 A PRO 677
005 |         000006.9610 | 00000007898040.5000 | A LEU 245 A THR 246 A ARG 249 A THR 252 A SER 255 A TYR 265 A ILE 266 A TRP 268 A VAL 315 A LEU 316 A SER 318 A THR 319 A VAL 320 A PHE 321 A PRO 322 A PRO 323 A ARG 349 A GLU 350 A THR 394 A CYS 395 A PHE 396 A TYR 456 A ARG 457 A ASN 459 A LEU 460 A PRO 461 A ASN 628 A VAL 675 A LYS 676 A PRO 677
006 |         000006.9610 | 00000007898040.5000 | A LEU 245 A THR 246 A ARG 249 A THR 252 A SER 255 A TYR 265 A ILE 266 A TRP 268 A VAL 315 A LEU 316 A SER 318 A THR 319 A VAL 320 A PHE 321 A PRO 322 A PRO 323 A ARG 349 A GLU 350 A THR 394 A CYS 395 A PHE 396 A TYR 456 A ARG 457 A ASN 459 A LEU 460 A PRO 461 A ASN 628 A VAL 675 A LYS 676 A PRO 677
007 |         000006.9290 | 00000008336344.5000 | A LEU 172 A LEU 245 A THR 246 A ARG 249 A ALA 250 A LEU 251 A THR 252 A SER 255 A TYR 265 A ILE 266 A LYS 267 A TRP 268 A LEU 316 A THR 319 A VAL 320 A PHE 321 A PRO 322 A PRO 323 A ARG 349 A THR 394 A CYS 395 A PHE 396 A TYR 456 A ARG 457 A ASN 459 A LEU 460 A PRO 461 A THR 462 A PRO 677
008 |         000006.9290 | 00000008336344.5000 | A LEU 172 A LEU 245 A THR 246 A ARG 249 A ALA 250 A LEU 251 A THR 252 A SER 255 A TYR 265 A ILE 266 A LYS 267 A TRP 268 A LEU 316 A THR 319 A VAL 320 A PHE 321 A PRO 322 A PRO 323 A ARG 349 A THR 394 A CYS 395 A PHE 396 A TYR 456 A ARG 457 A ASN 459 A LEU 460 A PRO 461 A THR 462 A PRO 677
009 |         000006.9170 | 00000008506909.0000 | A PRO 169 A LEU 172 A THR 246 A ARG 249 A LEU 251 A THR 252 A SER 255 A HIS 256 A TYR 265 A ILE 266 A LYS 267 A TRP 268 A THR 319 A VAL 320 A PHE 321 A PRO 322 A PRO 323 A ARG 349 A THR 394 A CYS 395 A PHE 396 A TYR 456 A ARG 457 A TYR 458 A ASN 459 A LEU 460 A PRO 461 A ASN 628 A VAL 675 A LYS 676 A PRO 677
010 |         000006.9170 | 00000008506909.0000 | A PRO 169 A LEU 172 A THR 246 A ARG 249 A LEU 251 A THR 252 A SER 255 A HIS 256 A TYR 265 A ILE 266 A LYS 267 A TRP 268 A THR 319 A VAL 320 A PHE 321 A PRO 322 A PRO 323 A ARG 349 A THR 394 A CYS 395 A PHE 396 A TYR 456 A ARG 457 A TYR 458 A ASN 459 A LEU 460 A PRO 461 A ASN 628 A VAL 675 A LYS 676 A PRO 677
011 |         000006.8800 | 00000009055098.0000 | A LEU 172 A ARG 173 A LEU 245 A THR 246 A ARG 249 A ALA 250 A LEU 251 A THR 252 A SER 255 A TYR 265 A ILE 266 A LYS 267 A TRP 268 A LEU 316 A THR 319 A VAL 320 A PHE 321 A PRO 322 A PRO 323 A ARG 349 A THR 394 A CYS 395 A PHE 396 A TYR 456 A ARG 457 A TYR 458 A ASN 459 A LEU 460 A PRO 461 A VAL 675 A PRO 677
012 |         000006.8790 | 00000009070394.0000 | A ARG 173 A ALA 176 A ASN 177 A THR 246 A ARG 249 A THR 252 A SER 255 A TYR 265 A ILE 266 A LYS 267 A TRP 268 A SER 318 A THR 319 A VAL 320 A PHE 321 A PRO 322 A PRO 323 A ARG 349 A THR 394 A CYS 395 A PHE 396 A TYR 456 A ARG 457 A ASN 459 A LEU 460 A PRO 461 A VAL 675 A LYS 676 A PRO 677
013 |         000006.8050 | 00000010277059.0000 | A PRO 169 A ASP 170 A LEU 172 A ARG 173 A LEU 245 A THR 246 A ARG 249 A ALA 250 A LEU 251 A THR 252 A SER 255 A TYR 265 A ILE 266 A TRP 268 A LEU 316 A SER 318 A THR 319 A VAL 320 A PHE 321 A PRO 322 A PRO 323 A PHE 326 A ARG 349 A THR 394 A CYS 395 A PHE 396 A TYR 456 A ARG 457 A ASN 459 A LEU 460 A PRO 461 A THR 462 A VAL 675 A PRO 677
014 |         000006.7900 | 00000010540568.0000 | A ALA 176 A THR 246 A ARG 249 A LEU 251 A THR 252 A SER 255 A LEU 261 A TYR 265 A ILE 266 A LYS 267 A TRP 268 A SER 318 A THR 319 A VAL 320 A PHE 321 A PRO 322 A PRO 323 A ARG 349 A THR 394 A CYS 395 A PHE 396 A ARG 457 A ASN 459 A LEU 460 A PRO 461 A THR 462 A VAL 675 A PRO 677
015 |         000006.7650 | 00000010994849.0000 | A PRO 169 A ASP 170 A LEU 172 A LEU 245 A THR 246 A ARG 249 A ALA 250 A LEU 251 A THR 252 A SER 255 A TYR 265 A ILE 266 A LYS 267 A TRP 268 A LEU 316 A THR 319 A VAL 320 A PHE 321 A PRO 322 A PRO 323 A ARG 349 A THR 394 A CYS 395 A PHE 396 A TYR 456 A ARG 457 A ASN 459 A LEU 460 A PRO 461 A THR 462 A ASN 628 A PRO 677
016 |         000006.7190 | 00000011882497.0000 | A LEU 172 A THR 246 A ARG 249 A LEU 251 A THR 252 A SER 255 A TYR 265 A ILE 266 A LYS 267 A TRP 268 A ASP 269 A LEU 270 A THR 319 A VAL 320 A PHE 321 A PRO 322 A PRO 323 A THR 324 A ARG 349 A THR 394 A CYS 395 A PHE 396 A TYR 456 A ARG 457 A ASN 459 A LEU 460 A PRO 461 A THR 462 A VAL 675 A PRO 677
017 |         000006.6810 | 00000012669576.0000 | A ARG 173 A ALA 176 A ASN 177 A ARG 249 A LEU 251 A THR 252 A SER 255 A LEU 261 A TYR 265 A ILE 266 A TRP 268 A LEU 316 A SER 318 A THR 319 A VAL 320 A PHE 321 A PRO 322 A PRO 323 A ARG 349 A THR 394 A CYS 395 A PHE 396 A ARG 457 A ASN 459 A LEU 460 A PRO 461 A PRO 677
018 |         000006.6520 | 00000013305137.0000 | A LEU 172 A ALA 176 A ASN 177 A GLY 179 A THR 246 A LEU 247 A ARG 249 A THR 252 A SER 255 A LEU 261 A TYR 265 A VAL 315 A SER 318 A THR 319 A VAL 320 A PHE 321 A PRO 322 A PRO 323 A ARG 349 A GLU 350 A THR 394 A CYS 395 A PHE 396 A ARG 457 A ASN 459 A LEU 460 A PRO 461 A ASN 628 A VAL 675 A LYS 676 A PRO 677
019 |         000006.6500 | 00000013350126.0000 | A THR 246 A ARG 249 A LEU 251 A THR 252 A TYR 265 A ILE 266 A LYS 267 A TRP 268 A ASP 269 A LEU 270 A VAL 315 A LEU 316 A THR 319 A PHE 321 A PRO 322 A PRO 323 A THR 324 A ARG 349 A GLU 350 A THR 394 A CYS 395 A PHE 396 A TYR 456 A ARG 457 A ASN 459 A LEU 460 A PRO 461 A THR 462 A ASN 628 A MET 629 A VAL 675 A PRO 677
020 |         000006.5650 | 00000015409594.0000 | A PRO 169 A ASP 170 A LEU 172 A ARG 173 A ALA 176 A ASN 177 A THR 246 A ARG 249 A THR 252 A SER 255 A TYR 265 A ILE 266 A LYS 267 A TRP 268 A SER 318 A THR 319 A VAL 320 A PHE 321 A PRO 322 A PRO 323 A ARG 349 A THR 394 A CYS 395 A PHE 396 A ARG 457 A ASN 459 A LEU 460 A PRO 461 A VAL 675 A LYS 676 A PRO 677
021 |         000006.5630 | 00000015461699.0000 | A LEU 270 A LEU 271 A TYR 273 A PRO 323 A THR 324 A SER 325 A PHE 326 A GLY 327 A PRO 328 A LEU 329 A VAL 330 A VAL 341 A TYR 346 A ARG 349 A PRO 378 A ALA 379 A ALA 382 A ALA 383 A GLY 385 A ASN 386 A LEU 387 A LEU 388 A LEU 389 A ASP 390 A PHE 396 A SER 397 A VAL 398 A ALA 399 A SER 664 A MET 666 A VAL 675
022 |         000006.5480 | 00000015858144.0000 | A LEU 172 A LEU 245 A THR 246 A ARG 249 A ALA 250 A LEU 251 A THR 252 A SER 255 A TYR 265 A LEU 316 A THR 319 A VAL 320 A PRO 323 A ARG 349 A ASP 390 A THR 393 A THR 394 A CYS 395 A PHE 396 A SER 397 A TYR 456 A ARG 457 A ASN 459 A LEU 460 A PRO 461 A PRO 677
023 |         000006.5240 | 00000016513708.0000 | A PRO 169 A LEU 172 A ARG 249 A LEU 251 A THR 252 A SER 255 A HIS 256 A TYR 265 A ILE 266 A LYS 267 A TRP 268 A THR 319 A VAL 320 A PHE 321 A PRO 322 A PRO 323 A THR 394 A CYS 395 A PHE 396 A TYR 456 A ARG 457 A TYR 458 A ASN 459 A LEU 460 A PRO 461 A PRO 677
024 |         000006.5140 | 00000016794794.0000 | A LEU 245 A THR 246 A ARG 249 A ALA 250 A LEU 251 A THR 252 A TYR 265 A LEU 316 A THR 319 A VAL 320 A PHE 321 A PRO 322 A PRO 323 A ARG 349 A LEU 388 A LEU 389 A ASP 390 A LYS 391 A THR 393 A THR 394 A CYS 395 A PHE 396 A SER 397 A ARG 457 A ASN 459 A LEU 460 A PRO 461 A THR 462 A PRO 677
025 |         000006.4890 | 00000017518622.0000 | A THR 246 A ARG 249 A LEU 251 A THR 252 A SER 255 A TYR 265 A TRP 268 A VAL 315 A LEU 316 A SER 318 A THR 319 A VAL 320 A PHE 321 A PRO 322 A PRO 323 A ARG 349 A GLU 350 A LEU 389 A ASP 390 A LYS 391 A THR 393 A THR 394 A CYS 395 A PHE 396 A SER 397 A TYR 456 A ARG 457 A ASN 459 A LEU 460 A PRO 461 A THR 462 A ASN 628 A PRO 677

After clustering the 25 runs, the following 17 distinct complex conformations were found:
[They all differ by at least 5.0 A heavy atom RMSD after superposing on the receptor]

Clu |Bind.energy[kcal/mol]|Dissoc. constant [pM]| Contacting receptor residues
----+---------------------+---------------------+-----------------------------
001 |         000007.2240 | 00000005066847.0000 | A PRO 169 A LEU 172 A THR 246 A ARG 249 A THR 252 A SER 255 A TYR 265 A VAL 315 A SER 318 A THR 319 A VAL 320 A PRO 323 A ARG 349 A GLU 350 A THR 394 A CYS 395 A PHE 396 A TYR 456 A ARG 457 A TYR 458 A ASN 459 A LEU 460 A PRO 461 A ASN 628 A VAL 675 A LYS 676 A PRO 677
002 |         000007.0090 | 00000007283412.0000 | A THR 246 A ARG 249 A THR 252 A SER 255 A TYR 265 A TRP 268 A LEU 316 A THR 319 A VAL 320 A PHE 321 A PRO 322 A PRO 323 A ARG 349 A THR 394 A CYS 395 A PHE 396 A SER 397 A TYR 456 A ARG 457 A ASN 459 A LEU 460 A PRO 461 A VAL 675 A LYS 676 A PRO 677
003 |         000006.9610 | 00000007898040.5000 | A LEU 245 A THR 246 A ARG 249 A THR 252 A SER 255 A TYR 265 A ILE 266 A TRP 268 A VAL 315 A LEU 316 A SER 318 A THR 319 A VAL 320 A PHE 321 A PRO 322 A PRO 323 A ARG 349 A GLU 350 A THR 394 A CYS 395 A PHE 396 A TYR 456 A ARG 457 A ASN 459 A LEU 460 A PRO 461 A ASN 628 A VAL 675 A LYS 676 A PRO 677
004 |         000006.9290 | 00000008336344.5000 | A LEU 172 A LEU 245 A THR 246 A ARG 249 A ALA 250 A LEU 251 A THR 252 A SER 255 A TYR 265 A ILE 266 A LYS 267 A TRP 268 A LEU 316 A THR 319 A VAL 320 A PHE 321 A PRO 322 A PRO 323 A ARG 349 A THR 394 A CYS 395 A PHE 396 A TYR 456 A ARG 457 A ASN 459 A LEU 460 A PRO 461 A THR 462 A PRO 677
005 |         000006.9170 | 00000008506909.0000 | A PRO 169 A LEU 172 A THR 246 A ARG 249 A LEU 251 A THR 252 A SER 255 A HIS 256 A TYR 265 A ILE 266 A LYS 267 A TRP 268 A THR 319 A VAL 320 A PHE 321 A PRO 322 A PRO 323 A ARG 349 A THR 394 A CYS 395 A PHE 396 A TYR 456 A ARG 457 A TYR 458 A ASN 459 A LEU 460 A PRO 461 A ASN 628 A VAL 675 A LYS 676 A PRO 677
006 |         000006.8790 | 00000009070394.0000 | A ARG 173 A ALA 176 A ASN 177 A THR 246 A ARG 249 A THR 252 A SER 255 A TYR 265 A ILE 266 A LYS 267 A TRP 268 A SER 318 A THR 319 A VAL 320 A PHE 321 A PRO 322 A PRO 323 A ARG 349 A THR 394 A CYS 395 A PHE 396 A TYR 456 A ARG 457 A ASN 459 A LEU 460 A PRO 461 A VAL 675 A LYS 676 A PRO 677
007 |         000006.8050 | 00000010277059.0000 | A PRO 169 A ASP 170 A LEU 172 A ARG 173 A LEU 245 A THR 246 A ARG 249 A ALA 250 A LEU 251 A THR 252 A SER 255 A TYR 265 A ILE 266 A TRP 268 A LEU 316 A SER 318 A THR 319 A VAL 320 A PHE 321 A PRO 322 A PRO 323 A PHE 326 A ARG 349 A THR 394 A CYS 395 A PHE 396 A TYR 456 A ARG 457 A ASN 459 A LEU 460 A PRO 461 A THR 462 A VAL 675 A PRO 677
008 |         000006.7900 | 00000010540568.0000 | A ALA 176 A THR 246 A ARG 249 A LEU 251 A THR 252 A SER 255 A LEU 261 A TYR 265 A ILE 266 A LYS 267 A TRP 268 A SER 318 A THR 319 A VAL 320 A PHE 321 A PRO 322 A PRO 323 A ARG 349 A THR 394 A CYS 395 A PHE 396 A ARG 457 A ASN 459 A LEU 460 A PRO 461 A THR 462 A VAL 675 A PRO 677
009 |         000006.7190 | 00000011882497.0000 | A LEU 172 A THR 246 A ARG 249 A LEU 251 A THR 252 A SER 255 A TYR 265 A ILE 266 A LYS 267 A TRP 268 A ASP 269 A LEU 270 A THR 319 A VAL 320 A PHE 321 A PRO 322 A PRO 323 A THR 324 A ARG 349 A THR 394 A CYS 395 A PHE 396 A TYR 456 A ARG 457 A ASN 459 A LEU 460 A PRO 461 A THR 462 A VAL 675 A PRO 677
010 |         000006.6810 | 00000012669576.0000 | A ARG 173 A ALA 176 A ASN 177 A ARG 249 A LEU 251 A THR 252 A SER 255 A LEU 261 A TYR 265 A ILE 266 A TRP 268 A LEU 316 A SER 318 A THR 319 A VAL 320 A PHE 321 A PRO 322 A PRO 323 A ARG 349 A THR 394 A CYS 395 A PHE 396 A ARG 457 A ASN 459 A LEU 460 A PRO 461 A PRO 677
011 |         000006.6520 | 00000013305137.0000 | A LEU 172 A ALA 176 A ASN 177 A GLY 179 A THR 246 A LEU 247 A ARG 249 A THR 252 A SER 255 A LEU 261 A TYR 265 A VAL 315 A SER 318 A THR 319 A VAL 320 A PHE 321 A PRO 322 A PRO 323 A ARG 349 A GLU 350 A THR 394 A CYS 395 A PHE 396 A ARG 457 A ASN 459 A LEU 460 A PRO 461 A ASN 628 A VAL 675 A LYS 676 A PRO 677
012 |         000006.6500 | 00000013350126.0000 | A THR 246 A ARG 249 A LEU 251 A THR 252 A TYR 265 A ILE 266 A LYS 267 A TRP 268 A ASP 269 A LEU 270 A VAL 315 A LEU 316 A THR 319 A PHE 321 A PRO 322 A PRO 323 A THR 324 A ARG 349 A GLU 350 A THR 394 A CYS 395 A PHE 396 A TYR 456 A ARG 457 A ASN 459 A LEU 460 A PRO 461 A THR 462 A ASN 628 A MET 629 A VAL 675 A PRO 677
013 |         000006.5630 | 00000015461699.0000 | A LEU 270 A LEU 271 A TYR 273 A PRO 323 A THR 324 A SER 325 A PHE 326 A GLY 327 A PRO 328 A LEU 329 A VAL 330 A VAL 341 A TYR 346 A ARG 349 A PRO 378 A ALA 379 A ALA 382 A ALA 383 A GLY 385 A ASN 386 A LEU 387 A LEU 388 A LEU 389 A ASP 390 A PHE 396 A SER 397 A VAL 398 A ALA 399 A SER 664 A MET 666 A VAL 675
014 |         000006.5480 | 00000015858144.0000 | A LEU 172 A LEU 245 A THR 246 A ARG 249 A ALA 250 A LEU 251 A THR 252 A SER 255 A TYR 265 A LEU 316 A THR 319 A VAL 320 A PRO 323 A ARG 349 A ASP 390 A THR 393 A THR 394 A CYS 395 A PHE 396 A SER 397 A TYR 456 A ARG 457 A ASN 459 A LEU 460 A PRO 461 A PRO 677
015 |         000006.5240 | 00000016513708.0000 | A PRO 169 A LEU 172 A ARG 249 A LEU 251 A THR 252 A SER 255 A HIS 256 A TYR 265 A ILE 266 A LYS 267 A TRP 268 A THR 319 A VAL 320 A PHE 321 A PRO 322 A PRO 323 A THR 394 A CYS 395 A PHE 396 A TYR 456 A ARG 457 A TYR 458 A ASN 459 A LEU 460 A PRO 461 A PRO 677
016 |         000006.5140 | 00000016794794.0000 | A LEU 245 A THR 246 A ARG 249 A ALA 250 A LEU 251 A THR 252 A TYR 265 A LEU 316 A THR 319 A VAL 320 A PHE 321 A PRO 322 A PRO 323 A ARG 349 A LEU 388 A LEU 389 A ASP 390 A LYS 391 A THR 393 A THR 394 A CYS 395 A PHE 396 A SER 397 A ARG 457 A ASN 459 A LEU 460 A PRO 461 A THR 462 A PRO 677
017 |         000006.4890 | 00000017518622.0000 | A THR 246 A ARG 249 A LEU 251 A THR 252 A SER 255 A TYR 265 A TRP 268 A VAL 315 A LEU 316 A SER 318 A THR 319 A VAL 320 A PHE 321 A PRO 322 A PRO 323 A ARG 349 A GLU 350 A LEU 389 A ASP 390 A LYS 391 A THR 393 A THR 394 A CYS 395 A PHE 396 A SER 397 A TYR 456 A ARG 457 A ASN 459 A LEU 460 A PRO 461 A THR 462 A ASN 628 A PRO 677

While the table above lists the best binding energy in each cluster, it is sometimes
helpful to also look at the energy spread [average and standard deviation], the
dissociation constant has been recalculated from the average binding energy:

Clu |Members|Bind.energy spread [kcal/mol]|Dissoc. constant [pM]
----+-------+-----------------------------+---------------------
001 |  001  |    000007.2240+-000000.0000 | 00000005067217.4949
002 |  001  |    000007.0090+-000000.0000 | 00000007283930.6508
003 |  001  |    000006.9610+-000000.0000 | 00000007898596.9729
004 |  003  |    000006.8580+-000000.0687 | 00000009398304.3893
005 |  001  |    000006.9170+-000000.0000 | 00000008507506.6615
006 |  002  |    000006.7220+-000000.1570 | 00000011823283.7540
007 |  001  |    000006.8050+-000000.0000 | 00000010277769.7929
008 |  001  |    000006.7900+-000000.0000 | 00000010541292.5873
009 |  001  |    000006.7190+-000000.0000 | 00000011883307.0449
010 |  001  |    000006.6810+-000000.0000 | 00000012670426.9642
011 |  001  |    000006.6520+-000000.0000 | 00000013306033.4601
012 |  001  |    000006.6500+-000000.0000 | 00000013351022.1250
013 |  001  |    000006.5630+-000000.0000 | 00000015462720.3172
014 |  001  |    000006.5480+-000000.0000 | 00000015859198.3986
015 |  001  |    000006.5240+-000000.0000 | 00000016514792.9609
016 |  001  |    000006.5140+-000000.0000 | 00000016795902.8720
017 |  001  |    000006.4890+-000000.0000 | 00000017519776.3383

The results of the 25 runs have been combined in a single scene at C:\Users\Asus\Desktop\PNA-dk2 docking in cavity 4\dock.sce
The 17 clusters have been saved as:
C:\Users\Asus\Desktop\PNA-dk2 docking in cavity 4\dock_001.yob
C:\Users\Asus\Desktop\PNA-dk2 docking in cavity 4\dock_002.yob
C:\Users\Asus\Desktop\PNA-dk2 docking in cavity 4\dock_003.yob
C:\Users\Asus\Desktop\PNA-dk2 docking in cavity 4\dock_004.yob
C:\Users\Asus\Desktop\PNA-dk2 docking in cavity 4\dock_005.yob
C:\Users\Asus\Desktop\PNA-dk2 docking in cavity 4\dock_006.yob
C:\Users\Asus\Desktop\PNA-dk2 docking in cavity 4\dock_007.yob
C:\Users\Asus\Desktop\PNA-dk2 docking in cavity 4\dock_008.yob
C:\Users\Asus\Desktop\PNA-dk2 docking in cavity 4\dock_009.yob
C:\Users\Asus\Desktop\PNA-dk2 docking in cavity 4\dock_010.yob
C:\Users\Asus\Desktop\PNA-dk2 docking in cavity 4\dock_011.yob
C:\Users\Asus\Desktop\PNA-dk2 docking in cavity 4\dock_012.yob
C:\Users\Asus\Desktop\PNA-dk2 docking in cavity 4\dock_013.yob
C:\Users\Asus\Desktop\PNA-dk2 docking in cavity 4\dock_014.yob
C:\Users\Asus\Desktop\PNA-dk2 docking in cavity 4\dock_015.yob
C:\Users\Asus\Desktop\PNA-dk2 docking in cavity 4\dock_016.yob
C:\Users\Asus\Desktop\PNA-dk2 docking in cavity 4\dock_017.yob
