Global docking result analysis
==============================

25 VINA docking runs of the ligand object 3 to the receptor object 1 yielded the following results,
sorted by binding energy [more positive energies indicate stronger binding, and negative energies mean no binding]

Run |Bind.energy[kcal/mol]|Dissoc. constant [pM]| Contacting receptor residues
----+---------------------+---------------------+-----------------------------
001 |         000007.8010 | 00000001913335.7500 | A LEU 172 A ALA 176 A THR 246 A LEU 247 A THR 248 A ARG 249 A LEU 251 A THR 252 A GLU 254 A SER 255 A HIS 256 A TYR 265 A ASN 314 A VAL 315 A SER 318 A THR 319 A VAL 320 A PRO 323 A ARG 349 A GLU 350 A THR 394 A CYS 395 A PHE 396 A ASN 459 A LEU 460 A PRO 461 A THR 462 A ASN 628 A PRO 677
002 |         000007.8010 | 00000001913335.7500 | A LEU 172 A ALA 176 A THR 246 A LEU 247 A THR 248 A ARG 249 A LEU 251 A THR 252 A GLU 254 A SER 255 A HIS 256 A TYR 265 A ASN 314 A VAL 315 A SER 318 A THR 319 A VAL 320 A PRO 323 A ARG 349 A GLU 350 A THR 394 A CYS 395 A PHE 396 A ASN 459 A LEU 460 A PRO 461 A THR 462 A ASN 628 A PRO 677
003 |         000007.7470 | 00000002095915.2500 | A HIS 439 A ASP 452 A TYR 455 A ALA 547 A ILE 548 A SER 549 A ALA 550 A LYS 551 A ARG 553 A ARG 555 A THR 556 A VAL 557 A TRP 617 A ASP 618 A TYR 619 A PRO 620 A LYS 621 A CYS 622 A ASP 623 A ARG 624 A SER 682 A LEU 758 A SER 759 A ASP 760 A ASP 761 A ALA 762 A LYS 798 A TRP 800 A GLU 811 A CYS 813 A SER 814 A ARG 836
004 |         000007.7470 | 00000002095915.2500 | A HIS 439 A ASP 452 A TYR 455 A ALA 547 A ILE 548 A SER 549 A ALA 550 A LYS 551 A ARG 553 A ARG 555 A THR 556 A VAL 557 A TRP 617 A ASP 618 A TYR 619 A PRO 620 A LYS 621 A CYS 622 A ASP 623 A ARG 624 A SER 682 A LEU 758 A SER 759 A ASP 760 A ASP 761 A ALA 762 A LYS 798 A TRP 800 A GLU 811 A CYS 813 A SER 814 A ARG 836
005 |         000007.6530 | 00000002456273.0000 | A LEU 172 A THR 246 A ARG 249 A THR 252 A SER 255 A TYR 265 A ASN 314 A VAL 315 A SER 318 A THR 319 A VAL 320 A PHE 321 A PRO 323 A PHE 326 A ARG 349 A GLU 350 A THR 394 A CYS 395 A PHE 396 A ARG 457 A ASN 459 A LEU 460 A PRO 461 A THR 462 A ASN 628 A PRO 677
006 |         000007.6530 | 00000002456273.0000 | A LEU 172 A THR 246 A ARG 249 A THR 252 A SER 255 A TYR 265 A ASN 314 A VAL 315 A SER 318 A THR 319 A VAL 320 A PHE 321 A PRO 323 A PHE 326 A ARG 349 A GLU 350 A THR 394 A CYS 395 A PHE 396 A ARG 457 A ASN 459 A LEU 460 A PRO 461 A THR 462 A ASN 628 A PRO 677
007 |         000007.6000 | 00000002686124.5000 | A LEU 245 A THR 246 A ARG 249 A LEU 251 A THR 252 A SER 255 A HIS 256 A LEU 261 A TYR 265 A ILE 266 A LYS 267 A TRP 268 A VAL 315 A LEU 316 A SER 318 A THR 319 A VAL 320 A PHE 321 A PRO 322 A PRO 323 A ARG 349 A GLU 350 A THR 394 A CYS 395 A PHE 396 A TYR 456 A ARG 457 A ASN 459 A PRO 461 A THR 462 A ASN 628 A PRO 677
008 |         000007.6000 | 00000002686124.5000 | A LEU 245 A THR 246 A ARG 249 A LEU 251 A THR 252 A SER 255 A HIS 256 A LEU 261 A TYR 265 A ILE 266 A LYS 267 A TRP 268 A VAL 315 A LEU 316 A SER 318 A THR 319 A VAL 320 A PHE 321 A PRO 322 A PRO 323 A ARG 349 A GLU 350 A THR 394 A CYS 395 A PHE 396 A TYR 456 A ARG 457 A ASN 459 A PRO 461 A THR 462 A ASN 628 A PRO 677
009 |         000007.4950 | 00000003206949.7500 | A ALA 176 A THR 246 A ARG 249 A ALA 250 A LEU 251 A THR 252 A SER 255 A HIS 256 A LEU 261 A TYR 265 A ILE 266 A LYS 267 A TRP 268 A LEU 316 A THR 319 A VAL 320 A PHE 321 A PRO 322 A PRO 323 A ARG 349 A GLU 350 A THR 394 A CYS 395 A PHE 396 A TYR 456 A ARG 457 A ASN 459 A LEU 460 A PRO 461 A ASN 628 A VAL 675 A PRO 677
010 |         000007.4950 | 00000003206949.7500 | A ALA 176 A THR 246 A ARG 249 A ALA 250 A LEU 251 A THR 252 A SER 255 A HIS 256 A LEU 261 A TYR 265 A ILE 266 A LYS 267 A TRP 268 A LEU 316 A THR 319 A VAL 320 A PHE 321 A PRO 322 A PRO 323 A ARG 349 A GLU 350 A THR 394 A CYS 395 A PHE 396 A TYR 456 A ARG 457 A ASN 459 A LEU 460 A PRO 461 A ASN 628 A VAL 675 A PRO 677
011 |         000007.4530 | 00000003442536.5000 | A HIS 439 A TYR 455 A TYR 456 A ILE 548 A SER 549 A ALA 550 A ARG 553 A ARG 555 A THR 556 A GLY 616 A TRP 617 A ASP 618 A TYR 619 A LYS 621 A CYS 622 A ASP 623 A ARG 624 A THR 680 A SER 681 A SER 682 A GLY 683 A ASP 684 A THR 687 A ALA 688 A ASN 691 A ASP 760 A ASP 761 A LYS 798 A CYS 799 A TRP 800 A GLU 811 A CYS 813 A SER 814 A ASP 833 A ARG 836
012 |         000007.3860 | 00000003854696.7500 | A HIS 439 A ASP 452 A TYR 455 A ILE 548 A SER 549 A ALA 550 A LYS 551 A ARG 553 A ARG 555 A ASP 618 A TYR 619 A PRO 620 A LYS 621 A CYS 622 A ASP 623 A ARG 624 A THR 680 A SER 681 A SER 682 A ASP 684 A THR 687 A ASN 691 A LEU 758 A SER 759 A ASP 760 A ASP 761 A GLU 811 A CYS 813 A SER 814 A ARG 836
013 |         000007.3590 | 00000004034423.5000 | A LYS 545 A LYS 551 A ARG 553 A ARG 555 A ASP 618 A TYR 619 A PRO 620 A LYS 621 A CYS 622 A ASP 623 A ARG 624 A THR 680 A SER 681 A SER 682 A THR 687 A ALA 688 A ASN 691 A LEU 758 A SER 759 A ASP 760 A ASP 761 A LYS 798 A GLU 811 A CYS 813 A SER 814
014 |         000007.3160 | 00000004338113.5000 | A HIS 439 A TYR 455 A LYS 545 A ILE 548 A SER 549 A ALA 550 A LYS 551 A ARG 553 A ARG 555 A THR 556 A ASP 618 A TYR 619 A PRO 620 A LYS 621 A CYS 622 A ASP 623 A ARG 624 A SER 682 A THR 687 A ALA 688 A ASN 691 A LEU 758 A SER 759 A ASP 760 A ASP 761 A TRP 800 A GLU 811 A CYS 813 A SER 814 A ARG 836
015 |         000007.3160 | 00000004338113.5000 | A HIS 439 A ASP 452 A TYR 455 A ILE 548 A SER 549 A ALA 550 A LYS 551 A ARG 553 A ALA 554 A ARG 555 A THR 556 A GLY 616 A TRP 617 A ASP 618 A TYR 619 A PRO 620 A LYS 621 A CYS 622 A ASP 623 A ARG 624 A SER 682 A SER 759 A ASP 760 A ASP 761 A LYS 798 A CYS 799 A TRP 800 A GLU 811 A CYS 813 A SER 814 A ARG 836
016 |         000007.2940 | 00000004502224.0000 | A LEU 172 A THR 246 A LEU 247 A THR 248 A ARG 249 A LEU 251 A THR 252 A SER 255 A TYR 265 A ILE 266 A TRP 268 A ASN 314 A VAL 315 A SER 318 A THR 319 A VAL 320 A PHE 321 A PRO 322 A PRO 323 A ARG 349 A GLU 350 A THR 394 A CYS 395 A PHE 396 A ASN 459 A LEU 460 A PRO 461 A THR 462 A ASN 628 A PRO 677
017 |         000007.2730 | 00000004664663.5000 | A PRO 169 A LEU 172 A ARG 249 A THR 252 A SER 255 A TYR 265 A ILE 266 A LYS 267 A TRP 268 A LEU 270 A VAL 315 A THR 319 A VAL 320 A PHE 321 A PRO 322 A PRO 323 A ARG 349 A GLU 350 A THR 394 A CYS 395 A PHE 396 A TYR 456 A ARG 457 A TYR 458 A ASN 459 A LEU 460 A PRO 461 A ASN 628 A VAL 675 A LYS 676 A PRO 677
018 |         000007.1910 | 00000005357067.5000 | A HIS 439 A ASP 452 A TYR 455 A ILE 548 A SER 549 A ALA 550 A LYS 551 A ARG 553 A ARG 555 A THR 556 A TRP 617 A ASP 618 A TYR 619 A PRO 620 A LYS 621 A CYS 622 A ASP 623 A ARG 624 A THR 680 A SER 681 A SER 682 A THR 687 A ALA 688 A ASN 691 A SER 759 A ASP 760 A ASP 761 A LYS 798 A CYS 799 A TRP 800 A GLU 811 A PHE 812 A CYS 813 A SER 814 A ARG 836
019 |         000007.1870 | 00000005393357.0000 | A HIS 439 A LYS 545 A ALA 547 A ILE 548 A SER 549 A ALA 550 A LYS 551 A ARG 553 A ARG 555 A TRP 617 A ASP 618 A TYR 619 A PRO 620 A LYS 621 A CYS 622 A ASP 623 A THR 680 A SER 682 A THR 687 A ALA 688 A ASN 691 A SER 759 A ASP 760 A ASP 761 A ALA 762 A LYS 798 A TRP 800 A GLU 811 A CYS 813 A SER 814 A ARG 836
020 |         000007.1690 | 00000005559725.0000 | A HIS 439 A TYR 455 A SER 549 A ALA 550 A LYS 551 A ARG 553 A ARG 555 A THR 556 A TRP 617 A ASP 618 A TYR 619 A PRO 620 A LYS 621 A CYS 622 A ASP 623 A ARG 624 A THR 680 A SER 681 A SER 682 A THR 687 A ALA 688 A ASN 691 A SER 759 A ASP 760 A ASP 761 A LYS 798 A TRP 800 A GLU 811 A CYS 813 A SER 814 A ARG 836
021 |         000007.1510 | 00000005731225.5000 | A LYS 545 A ILE 548 A SER 549 A ALA 550 A LYS 551 A ARG 553 A ARG 555 A GLY 616 A TRP 617 A ASP 618 A TYR 619 A PRO 620 A LYS 621 A CYS 622 A ASP 623 A THR 680 A SER 682 A THR 687 A ALA 688 A ASN 691 A LEU 758 A SER 759 A ASP 760 A ASP 761 A ALA 762 A LYS 798 A TRP 800 A GLU 811 A CYS 813 A SER 814 A ARG 836
022 |         000007.1450 | 00000005789560.0000 | A ARG 249 A LEU 251 A THR 252 A SER 255 A TYR 265 A ILE 266 A LYS 267 A TRP 268 A THR 319 A VAL 320 A PHE 321 A PRO 322 A PRO 323 A THR 324 A ARG 349 A LEU 387 A LEU 388 A LEU 389 A ASP 390 A THR 394 A CYS 395 A PHE 396 A SER 397 A TYR 456 A ARG 457 A ASN 459 A LEU 460 A PRO 461 A PRO 677
023 |         000007.1270 | 00000005968150.0000 | A HIS 439 A ASP 452 A TYR 455 A ILE 548 A SER 549 A ALA 550 A LYS 551 A ARG 553 A ALA 554 A ARG 555 A ASP 618 A TYR 619 A PRO 620 A LYS 621 A CYS 622 A ASP 623 A ARG 624 A THR 680 A SER 681 A SER 682 A THR 687 A ASN 691 A LEU 758 A SER 759 A ASP 760 A ASP 761 A LYS 798 A GLU 811 A CYS 813 A SER 814 A ARG 836
024 |         000007.0980 | 00000006267538.5000 | A ARG 249 A THR 252 A SER 255 A TYR 265 A ILE 266 A LYS 267 A TRP 268 A LEU 270 A VAL 315 A SER 318 A THR 319 A VAL 320 A PHE 321 A PRO 322 A PRO 323 A THR 324 A ARG 349 A GLU 350 A THR 394 A CYS 395 A PHE 396 A TYR 456 A ARG 457 A TYR 458 A ASN 459 A LEU 460 A PRO 461 A THR 462 A ASN 628 A PRO 677
025 |         000007.0930 | 00000006320654.5000 | A LYS 545 A ALA 547 A ILE 548 A SER 549 A LYS 551 A ARG 553 A ARG 555 A ASP 618 A TYR 619 A PRO 620 A LYS 621 A CYS 622 A ASP 623 A ARG 624 A THR 680 A SER 681 A SER 682 A THR 687 A ALA 688 A ASN 691 A LEU 758 A SER 759 A ASP 760 A ASP 761 A LYS 798 A GLU 811 A CYS 813 A SER 814

After clustering the 25 runs, the following 15 distinct complex conformations were found:
[They all differ by at least 5.0 A heavy atom RMSD after superposing on the receptor]

Clu |Bind.energy[kcal/mol]|Dissoc. constant [pM]| Contacting receptor residues
----+---------------------+---------------------+-----------------------------
001 |         000007.8010 | 00000001913335.7500 | A LEU 172 A ALA 176 A THR 246 A LEU 247 A THR 248 A ARG 249 A LEU 251 A THR 252 A GLU 254 A SER 255 A HIS 256 A TYR 265 A ASN 314 A VAL 315 A SER 318 A THR 319 A VAL 320 A PRO 323 A ARG 349 A GLU 350 A THR 394 A CYS 395 A PHE 396 A ASN 459 A LEU 460 A PRO 461 A THR 462 A ASN 628 A PRO 677
002 |         000007.7470 | 00000002095915.2500 | A HIS 439 A ASP 452 A TYR 455 A ALA 547 A ILE 548 A SER 549 A ALA 550 A LYS 551 A ARG 553 A ARG 555 A THR 556 A VAL 557 A TRP 617 A ASP 618 A TYR 619 A PRO 620 A LYS 621 A CYS 622 A ASP 623 A ARG 624 A SER 682 A LEU 758 A SER 759 A ASP 760 A ASP 761 A ALA 762 A LYS 798 A TRP 800 A GLU 811 A CYS 813 A SER 814 A ARG 836
003 |         000007.6000 | 00000002686124.5000 | A LEU 245 A THR 246 A ARG 249 A LEU 251 A THR 252 A SER 255 A HIS 256 A LEU 261 A TYR 265 A ILE 266 A LYS 267 A TRP 268 A VAL 315 A LEU 316 A SER 318 A THR 319 A VAL 320 A PHE 321 A PRO 322 A PRO 323 A ARG 349 A GLU 350 A THR 394 A CYS 395 A PHE 396 A TYR 456 A ARG 457 A ASN 459 A PRO 461 A THR 462 A ASN 628 A PRO 677
004 |         000007.4950 | 00000003206949.7500 | A ALA 176 A THR 246 A ARG 249 A ALA 250 A LEU 251 A THR 252 A SER 255 A HIS 256 A LEU 261 A TYR 265 A ILE 266 A LYS 267 A TRP 268 A LEU 316 A THR 319 A VAL 320 A PHE 321 A PRO 322 A PRO 323 A ARG 349 A GLU 350 A THR 394 A CYS 395 A PHE 396 A TYR 456 A ARG 457 A ASN 459 A LEU 460 A PRO 461 A ASN 628 A VAL 675 A PRO 677
005 |         000007.4530 | 00000003442536.5000 | A HIS 439 A TYR 455 A TYR 456 A ILE 548 A SER 549 A ALA 550 A ARG 553 A ARG 555 A THR 556 A GLY 616 A TRP 617 A ASP 618 A TYR 619 A LYS 621 A CYS 622 A ASP 623 A ARG 624 A THR 680 A SER 681 A SER 682 A GLY 683 A ASP 684 A THR 687 A ALA 688 A ASN 691 A ASP 760 A ASP 761 A LYS 798 A CYS 799 A TRP 800 A GLU 811 A CYS 813 A SER 814 A ASP 833 A ARG 836
006 |         000007.3860 | 00000003854696.7500 | A HIS 439 A ASP 452 A TYR 455 A ILE 548 A SER 549 A ALA 550 A LYS 551 A ARG 553 A ARG 555 A ASP 618 A TYR 619 A PRO 620 A LYS 621 A CYS 622 A ASP 623 A ARG 624 A THR 680 A SER 681 A SER 682 A ASP 684 A THR 687 A ASN 691 A LEU 758 A SER 759 A ASP 760 A ASP 761 A GLU 811 A CYS 813 A SER 814 A ARG 836
007 |         000007.3590 | 00000004034423.5000 | A LYS 545 A LYS 551 A ARG 553 A ARG 555 A ASP 618 A TYR 619 A PRO 620 A LYS 621 A CYS 622 A ASP 623 A ARG 624 A THR 680 A SER 681 A SER 682 A THR 687 A ALA 688 A ASN 691 A LEU 758 A SER 759 A ASP 760 A ASP 761 A LYS 798 A GLU 811 A CYS 813 A SER 814
008 |         000007.3160 | 00000004338113.5000 | A HIS 439 A TYR 455 A LYS 545 A ILE 548 A SER 549 A ALA 550 A LYS 551 A ARG 553 A ARG 555 A THR 556 A ASP 618 A TYR 619 A PRO 620 A LYS 621 A CYS 622 A ASP 623 A ARG 624 A SER 682 A THR 687 A ALA 688 A ASN 691 A LEU 758 A SER 759 A ASP 760 A ASP 761 A TRP 800 A GLU 811 A CYS 813 A SER 814 A ARG 836
009 |         000007.3160 | 00000004338113.5000 | A HIS 439 A ASP 452 A TYR 455 A ILE 548 A SER 549 A ALA 550 A LYS 551 A ARG 553 A ALA 554 A ARG 555 A THR 556 A GLY 616 A TRP 617 A ASP 618 A TYR 619 A PRO 620 A LYS 621 A CYS 622 A ASP 623 A ARG 624 A SER 682 A SER 759 A ASP 760 A ASP 761 A LYS 798 A CYS 799 A TRP 800 A GLU 811 A CYS 813 A SER 814 A ARG 836
010 |         000007.2730 | 00000004664663.5000 | A PRO 169 A LEU 172 A ARG 249 A THR 252 A SER 255 A TYR 265 A ILE 266 A LYS 267 A TRP 268 A LEU 270 A VAL 315 A THR 319 A VAL 320 A PHE 321 A PRO 322 A PRO 323 A ARG 349 A GLU 350 A THR 394 A CYS 395 A PHE 396 A TYR 456 A ARG 457 A TYR 458 A ASN 459 A LEU 460 A PRO 461 A ASN 628 A VAL 675 A LYS 676 A PRO 677
011 |         000007.1870 | 00000005393357.0000 | A HIS 439 A LYS 545 A ALA 547 A ILE 548 A SER 549 A ALA 550 A LYS 551 A ARG 553 A ARG 555 A TRP 617 A ASP 618 A TYR 619 A PRO 620 A LYS 621 A CYS 622 A ASP 623 A THR 680 A SER 682 A THR 687 A ALA 688 A ASN 691 A SER 759 A ASP 760 A ASP 761 A ALA 762 A LYS 798 A TRP 800 A GLU 811 A CYS 813 A SER 814 A ARG 836
012 |         000007.1690 | 00000005559725.0000 | A HIS 439 A TYR 455 A SER 549 A ALA 550 A LYS 551 A ARG 553 A ARG 555 A THR 556 A TRP 617 A ASP 618 A TYR 619 A PRO 620 A LYS 621 A CYS 622 A ASP 623 A ARG 624 A THR 680 A SER 681 A SER 682 A THR 687 A ALA 688 A ASN 691 A SER 759 A ASP 760 A ASP 761 A LYS 798 A TRP 800 A GLU 811 A CYS 813 A SER 814 A ARG 836
013 |         000007.1510 | 00000005731225.5000 | A LYS 545 A ILE 548 A SER 549 A ALA 550 A LYS 551 A ARG 553 A ARG 555 A GLY 616 A TRP 617 A ASP 618 A TYR 619 A PRO 620 A LYS 621 A CYS 622 A ASP 623 A THR 680 A SER 682 A THR 687 A ALA 688 A ASN 691 A LEU 758 A SER 759 A ASP 760 A ASP 761 A ALA 762 A LYS 798 A TRP 800 A GLU 811 A CYS 813 A SER 814 A ARG 836
014 |         000007.1450 | 00000005789560.0000 | A ARG 249 A LEU 251 A THR 252 A SER 255 A TYR 265 A ILE 266 A LYS 267 A TRP 268 A THR 319 A VAL 320 A PHE 321 A PRO 322 A PRO 323 A THR 324 A ARG 349 A LEU 387 A LEU 388 A LEU 389 A ASP 390 A THR 394 A CYS 395 A PHE 396 A SER 397 A TYR 456 A ARG 457 A ASN 459 A LEU 460 A PRO 461 A PRO 677
015 |         000007.0980 | 00000006267538.5000 | A ARG 249 A THR 252 A SER 255 A TYR 265 A ILE 266 A LYS 267 A TRP 268 A LEU 270 A VAL 315 A SER 318 A THR 319 A VAL 320 A PHE 321 A PRO 322 A PRO 323 A THR 324 A ARG 349 A GLU 350 A THR 394 A CYS 395 A PHE 396 A TYR 456 A ARG 457 A TYR 458 A ASN 459 A LEU 460 A PRO 461 A THR 462 A ASN 628 A PRO 677

While the table above lists the best binding energy in each cluster, it is sometimes
helpful to also look at the energy spread [average and standard deviation], the
dissociation constant has been recalculated from the average binding energy:

Clu |Members|Bind.energy spread [kcal/mol]|Dissoc. constant [pM]
----+-------+-----------------------------+---------------------
001 |  003  |    000007.5827+-000000.2129 | 00000002766081.1464
002 |  001  |    000007.7470+-000000.0000 | 00000002096078.6966
003 |  001  |    000007.6000+-000000.0000 | 00000002686331.4477
004 |  001  |    000007.4950+-000000.0000 | 00000003207193.5465
005 |  001  |    000007.4530+-000000.0000 | 00000003442795.7551
006 |  001  |    000007.3860+-000000.0000 | 00000003854983.7465
007 |  002  |    000007.2260+-000000.1330 | 00000005050140.5640
008 |  002  |    000007.2535+-000000.0625 | 00000004821097.1469
009 |  001  |    000007.3160+-000000.0000 | 00000004338434.5489
010 |  001  |    000007.2730+-000000.0000 | 00000004665008.5182
011 |  001  |    000007.1870+-000000.0000 | 00000005393750.7559
012 |  002  |    000007.1480+-000000.0210 | 00000005760735.4556
013 |  001  |    000007.1510+-000000.0000 | 00000005731639.9445
014 |  001  |    000007.1450+-000000.0000 | 00000005789978.6642
015 |  001  |    000007.0980+-000000.0000 | 00000006267988.1010

The results of the 25 runs have been combined in a single scene at C:\Users\Hp\Desktop\PNA-CPP-2- PNA-dk2 docking in cavity 3\dock.sce
The 15 clusters have been saved as:
C:\Users\Hp\Desktop\PNA-CPP-2- PNA-dk2 docking in cavity 3\dock_001.yob
C:\Users\Hp\Desktop\PNA-CPP-2- PNA-dk2 docking in cavity 3\dock_002.yob
C:\Users\Hp\Desktop\PNA-CPP-2- PNA-dk2 docking in cavity 3\dock_003.yob
C:\Users\Hp\Desktop\PNA-CPP-2- PNA-dk2 docking in cavity 3\dock_004.yob
C:\Users\Hp\Desktop\PNA-CPP-2- PNA-dk2 docking in cavity 3\dock_005.yob
C:\Users\Hp\Desktop\PNA-CPP-2- PNA-dk2 docking in cavity 3\dock_006.yob
C:\Users\Hp\Desktop\PNA-CPP-2- PNA-dk2 docking in cavity 3\dock_007.yob
C:\Users\Hp\Desktop\PNA-CPP-2- PNA-dk2 docking in cavity 3\dock_008.yob
C:\Users\Hp\Desktop\PNA-CPP-2- PNA-dk2 docking in cavity 3\dock_009.yob
C:\Users\Hp\Desktop\PNA-CPP-2- PNA-dk2 docking in cavity 3\dock_010.yob
C:\Users\Hp\Desktop\PNA-CPP-2- PNA-dk2 docking in cavity 3\dock_011.yob
C:\Users\Hp\Desktop\PNA-CPP-2- PNA-dk2 docking in cavity 3\dock_012.yob
C:\Users\Hp\Desktop\PNA-CPP-2- PNA-dk2 docking in cavity 3\dock_013.yob
C:\Users\Hp\Desktop\PNA-CPP-2- PNA-dk2 docking in cavity 3\dock_014.yob
C:\Users\Hp\Desktop\PNA-CPP-2- PNA-dk2 docking in cavity 3\dock_015.yob
