Global docking result analysis
==============================

25 VINA docking runs of the ligand object 3 to the receptor object 1 yielded the following results,
sorted by binding energy [more positive energies indicate stronger binding, and negative energies mean no binding]

Run |Bind.energy[kcal/mol]|Dissoc. constant [pM]| Contacting receptor residues
----+---------------------+---------------------+-----------------------------
001 |         000008.6000 | 00000000496725.4688 | A ARG 173 A ALA 176 A ASN 177 A GLU 180 A ARG 181 A LEU 245 A THR 246 A ARG 249 A LEU 251 A THR 252 A SER 255 A LEU 261 A TYR 265 A ILE 266 A LYS 267 A TRP 268 A LEU 270 A LEU 316 A SER 318 A THR 319 A VAL 320 A PHE 321 A PRO 322 A PRO 323 A PHE 326 A ARG 349 A LEU 389 A ASP 390 A LYS 391 A THR 394 A CYS 395 A PHE 396 A SER 397 A TYR 456 A ARG 457 A LEU 460 A PRO 461 A ASN 628 A SER 664 A VAL 675 A PRO 677
002 |         000008.6000 | 00000000496725.4688 | A ARG 173 A ALA 176 A ASN 177 A GLU 180 A ARG 181 A LEU 245 A THR 246 A ARG 249 A LEU 251 A THR 252 A SER 255 A LEU 261 A TYR 265 A ILE 266 A LYS 267 A TRP 268 A LEU 270 A LEU 316 A SER 318 A THR 319 A VAL 320 A PHE 321 A PRO 322 A PRO 323 A PHE 326 A ARG 349 A LEU 389 A ASP 390 A LYS 391 A THR 394 A CYS 395 A PHE 396 A SER 397 A TYR 456 A ARG 457 A LEU 460 A PRO 461 A ASN 628 A SER 664 A VAL 675 A PRO 677
003 |         000008.4710 | 00000000617553.6250 | A PRO 169 A LEU 172 A LEU 245 A THR 246 A ARG 249 A ALA 250 A LEU 251 A THR 252 A ALA 253 A GLU 254 A SER 255 A HIS 256 A TYR 265 A ILE 266 A LYS 267 A TRP 268 A LEU 316 A SER 318 A THR 319 A VAL 320 A PHE 321 A PRO 322 A PRO 323 A ARG 349 A ASP 390 A THR 393 A THR 394 A CYS 395 A PHE 396 A SER 397 A ARG 457 A ASN 459 A LEU 460 A PRO 461 A ASN 628 A VAL 675 A LYS 676 A PRO 677
004 |         000008.4710 | 00000000617553.6250 | A PRO 169 A LEU 172 A LEU 245 A THR 246 A ARG 249 A ALA 250 A LEU 251 A THR 252 A ALA 253 A GLU 254 A SER 255 A HIS 256 A TYR 265 A ILE 266 A LYS 267 A TRP 268 A LEU 316 A SER 318 A THR 319 A VAL 320 A PHE 321 A PRO 322 A PRO 323 A ARG 349 A ASP 390 A THR 393 A THR 394 A CYS 395 A PHE 396 A SER 397 A ARG 457 A ASN 459 A LEU 460 A PRO 461 A ASN 628 A VAL 675 A LYS 676 A PRO 677
005 |         000008.3390 | 00000000771670.6250 | A PRO 169 A LEU 172 A ALA 176 A ARG 249 A LEU 251 A THR 252 A SER 255 A HIS 256 A LEU 261 A TYR 265 A ILE 266 A LYS 267 A TRP 268 A THR 319 A VAL 320 A PHE 321 A PRO 322 A PRO 323 A ARG 349 A THR 394 A CYS 395 A PHE 396 A ARG 457 A TYR 458 A ASN 459 A LEU 460 A PRO 461 A ASN 628 A VAL 675 A PRO 677
006 |         000008.3390 | 00000000771670.6250 | A PRO 169 A LEU 172 A ALA 176 A ARG 249 A LEU 251 A THR 252 A SER 255 A HIS 256 A LEU 261 A TYR 265 A ILE 266 A LYS 267 A TRP 268 A THR 319 A VAL 320 A PHE 321 A PRO 322 A PRO 323 A ARG 349 A THR 394 A CYS 395 A PHE 396 A ARG 457 A TYR 458 A ASN 459 A LEU 460 A PRO 461 A ASN 628 A VAL 675 A PRO 677
007 |         000008.2760 | 00000000858245.5625 | A PRO 169 A ASP 170 A LEU 172 A ARG 173 A ALA 176 A THR 246 A ARG 249 A THR 252 A ALA 253 A SER 255 A HIS 256 A LEU 261 A TYR 265 A ILE 266 A TRP 268 A LEU 316 A SER 318 A THR 319 A PHE 321 A PRO 322 A PRO 323 A ARG 349 A LEU 387 A LEU 388 A LEU 389 A THR 394 A CYS 395 A PHE 396 A SER 397 A TYR 456 A ARG 457 A ASN 459 A LEU 460 A PRO 461 A VAL 675 A PRO 677
008 |         000008.2760 | 00000000858245.5625 | A PRO 169 A ASP 170 A LEU 172 A ARG 173 A ALA 176 A THR 246 A ARG 249 A THR 252 A ALA 253 A SER 255 A HIS 256 A LEU 261 A TYR 265 A ILE 266 A TRP 268 A LEU 316 A SER 318 A THR 319 A PHE 321 A PRO 322 A PRO 323 A ARG 349 A LEU 387 A LEU 388 A LEU 389 A THR 394 A CYS 395 A PHE 396 A SER 397 A TYR 456 A ARG 457 A ASN 459 A LEU 460 A PRO 461 A VAL 675 A PRO 677
009 |         000008.2530 | 00000000892217.6250 | A LEU 172 A ARG 173 A ALA 176 A ARG 249 A THR 252 A SER 255 A TYR 265 A ILE 266 A LYS 267 A TRP 268 A LEU 270 A THR 319 A VAL 320 A PHE 321 A PRO 322 A PRO 323 A THR 324 A ARG 349 A LEU 388 A LEU 389 A ASP 390 A LYS 391 A THR 394 A CYS 395 A PHE 396 A SER 397 A TYR 456 A ARG 457 A ASN 459 A LEU 460 A PRO 461 A ASN 628 A PRO 677
010 |         000008.2530 | 00000000892217.6250 | A LEU 172 A ARG 173 A ALA 176 A ARG 249 A THR 252 A SER 255 A TYR 265 A ILE 266 A LYS 267 A TRP 268 A LEU 270 A THR 319 A VAL 320 A PHE 321 A PRO 322 A PRO 323 A THR 324 A ARG 349 A LEU 388 A LEU 389 A ASP 390 A LYS 391 A THR 394 A CYS 395 A PHE 396 A SER 397 A TYR 456 A ARG 457 A ASN 459 A LEU 460 A PRO 461 A ASN 628 A PRO 677
011 |         000008.1290 | 00000001099927.3750 | A ARG 173 A ALA 176 A ASN 177 A LEU 245 A THR 246 A ARG 249 A ALA 250 A LEU 251 A THR 252 A ALA 253 A SER 255 A HIS 256 A LEU 261 A TYR 265 A ILE 266 A LYS 267 A TRP 268 A LEU 316 A THR 319 A VAL 320 A PHE 321 A PRO 322 A PRO 323 A ARG 349 A LEU 387 A LEU 388 A LEU 389 A ASP 390 A THR 394 A CYS 395 A PHE 396 A SER 397 A VAL 398 A TYR 456 A ARG 457 A ASN 459 A LEU 460 A PRO 461 A SER 664 A VAL 675 A LYS 676 A PRO 677
012 |         000008.1250 | 00000001107378.3750 | A ASP 170 A LEU 172 A ARG 173 A ALA 176 A ASN 177 A GLY 179 A LEU 245 A THR 246 A ARG 249 A ALA 250 A LEU 251 A THR 252 A SER 255 A HIS 256 A LEU 261 A TYR 265 A ILE 266 A LYS 267 A TRP 268 A VAL 315 A LEU 316 A SER 318 A THR 319 A VAL 320 A PHE 321 A PRO 322 A PRO 323 A ARG 349 A GLU 350 A THR 394 A CYS 395 A PHE 396 A ASN 459 A LEU 460 A PRO 461 A ASN 628 A VAL 675 A PRO 677
013 |         000008.0790 | 00000001196780.3750 | A PRO 169 A ASP 170 A LEU 172 A ARG 173 A ALA 176 A LEU 245 A THR 246 A ARG 249 A ALA 250 A LEU 251 A THR 252 A SER 255 A HIS 256 A LEU 261 A TYR 265 A LEU 316 A THR 319 A VAL 320 A PRO 323 A THR 324 A ARG 349 A LEU 387 A LEU 388 A LEU 389 A ASP 390 A LYS 391 A THR 394 A CYS 395 A PHE 396 A SER 397 A ARG 457 A ASN 459 A LEU 460 A PRO 461 A PRO 677
014 |         000008.0550 | 00000001246254.3750 | A PRO 169 A LEU 172 A ARG 173 A ALA 176 A ASN 177 A GLY 179 A GLU 180 A THR 246 A ARG 249 A ALA 250 A LEU 251 A THR 252 A SER 255 A LEU 261 A TYR 265 A LEU 316 A THR 319 A VAL 320 A PHE 321 A PRO 322 A PRO 323 A ARG 349 A ASP 390 A LYS 391 A THR 393 A THR 394 A CYS 395 A PHE 396 A TYR 456 A ARG 457 A ASN 459 A LEU 460 A PRO 461 A PRO 677
015 |         000008.0490 | 00000001258939.2500 | A PRO 169 A ASP 170 A LEU 172 A ARG 173 A ALA 176 A ASN 177 A ARG 249 A LEU 251 A THR 252 A SER 255 A LEU 261 A TYR 265 A ILE 266 A LYS 267 A TRP 268 A LEU 316 A THR 319 A VAL 320 A PHE 321 A PRO 322 A PRO 323 A ARG 349 A THR 394 A CYS 395 A PHE 396 A TYR 456 A ARG 457 A TYR 458 A ASN 459 A LEU 460 A PRO 461 A VAL 675 A PRO 677
016 |         000007.9860 | 00000001400181.6250 | A PHE 165 A VAL 166 A PRO 169 A ASP 170 A LEU 172 A ARG 173 A ALA 176 A THR 246 A ARG 249 A THR 252 A SER 255 A HIS 256 A LEU 261 A TYR 265 A ILE 266 A LYS 267 A TRP 268 A THR 319 A VAL 320 A PHE 321 A PRO 322 A PRO 323 A ARG 349 A THR 394 A CYS 395 A PHE 396 A TYR 456 A ARG 457 A TYR 458 A ASN 459 A LEU 460 A PRO 461 A PRO 677
017 |         000007.9550 | 00000001475392.8750 | A TYR 149 A ASN 150 A PRO 169 A LEU 172 A ARG 173 A ALA 176 A ASN 177 A GLY 179 A GLU 180 A ARG 181 A ARG 249 A THR 252 A SER 255 A LEU 261 A TYR 265 A LYS 267 A TRP 268 A THR 319 A VAL 320 A PHE 321 A PRO 322 A PRO 323 A ARG 349 A THR 394 A CYS 395 A PHE 396 A TYR 456 A ARG 457 A TYR 458 A ASN 459 A LEU 460 A PRO 461 A VAL 675 A LYS 676 A PRO 677
018 |         000007.9440 | 00000001503040.8750 | A PRO 169 A ASP 170 A LEU 172 A ARG 173 A ALA 176 A ASN 177 A GLU 180 A LEU 245 A THR 246 A ARG 249 A LEU 251 A THR 252 A SER 255 A HIS 256 A LEU 261 A TYR 265 A TRP 268 A LEU 316 A SER 318 A THR 319 A VAL 320 A PHE 321 A PRO 322 A PRO 323 A ARG 349 A THR 394 A CYS 395 A PHE 396 A TYR 456 A ARG 457 A ASN 459 A LEU 460 A PRO 461 A VAL 675 A LYS 676 A PRO 677
019 |         000007.9340 | 00000001528624.7500 | A PRO 169 A ASP 170 A LEU 172 A ARG 173 A ALA 176 A ASN 177 A THR 246 A ARG 249 A THR 252 A SER 255 A TYR 265 A VAL 315 A SER 318 A THR 319 A PRO 323 A ARG 349 A LEU 388 A LEU 389 A ASP 390 A THR 393 A THR 394 A CYS 395 A PHE 396 A SER 397 A TYR 456 A ARG 457 A TYR 458 A ASN 459 A LEU 460 A PRO 461 A THR 462 A VAL 675 A PRO 677
020 |         000007.9290 | 00000001541579.5000 | A ARG 173 A ALA 176 A ASN 177 A GLU 180 A THR 246 A ARG 249 A THR 252 A ALA 253 A SER 255 A HIS 256 A LEU 261 A TYR 265 A ILE 266 A LYS 267 A TRP 268 A LEU 270 A SER 318 A THR 319 A VAL 320 A PHE 321 A PRO 322 A PRO 323 A THR 324 A PHE 326 A ARG 349 A LEU 387 A LEU 388 A LEU 389 A ASP 390 A LYS 391 A THR 393 A THR 394 A CYS 395 A PHE 396 A SER 397 A VAL 398 A ARG 457 A ASN 459 A LEU 460 A PRO 461
021 |         000007.9000 | 00000001618911.8750 | A LYS 160 A ASP 161 A TYR 163 A ASP 164 A VAL 166 A GLU 167 A ARG 392 A ASN 447 A ALA 448 A ILE 450 A SER 451 A ASP 452 A ASP 454 A TYR 455 A ARG 457 A TYR 458 A LYS 551 A ASN 552 A ARG 553 A ALA 554 A ARG 555 A THR 556 A ASP 618 A TYR 619 A PRO 620 A LYS 621 A CYS 622 A ASP 623 A ARG 624 A ASN 691 A ASP 760 A PHE 793 A SER 795 A LYS 798
022 |         000007.8900 | 00000001646468.1250 | A PRO 169 A ASP 170 A LEU 172 A ARG 173 A LEU 245 A THR 246 A ARG 249 A ALA 250 A LEU 251 A THR 252 A SER 255 A TYR 265 A LYS 267 A LEU 316 A SER 318 A THR 319 A VAL 320 A PHE 321 A PRO 322 A PRO 323 A ARG 349 A LEU 389 A ASP 390 A LYS 391 A THR 393 A THR 394 A CYS 395 A PHE 396 A TYR 456 A ARG 457 A LEU 460 A PRO 461 A VAL 675 A LYS 676 A PRO 677
023 |         000007.8780 | 00000001680155.3750 | A LEU 172 A ARG 173 A LEU 245 A THR 246 A ARG 249 A THR 252 A SER 255 A HIS 256 A TYR 265 A LEU 316 A THR 319 A VAL 320 A PRO 323 A THR 324 A ARG 349 A LEU 388 A LEU 389 A ASP 390 A LYS 391 A THR 393 A THR 394 A CYS 395 A PHE 396 A SER 397 A VAL 398 A ARG 457 A ASN 459 A LEU 460 A PRO 461 A PRO 677
024 |         000007.8480 | 00000001767419.8750 | A PRO 169 A ASP 170 A LEU 172 A ARG 173 A ALA 176 A ASN 177 A THR 246 A LEU 247 A ARG 249 A LEU 251 A THR 252 A SER 255 A HIS 256 A TYR 265 A ILE 266 A LYS 267 A TRP 268 A THR 319 A VAL 320 A PHE 321 A PRO 322 A PRO 323 A ARG 349 A THR 394 A CYS 395 A PHE 396 A ARG 457 A ASN 459 A LEU 460 A PRO 461 A VAL 675 A PRO 677
025 |         000007.7910 | 00000001945903.3750 | A PRO 169 A LEU 172 A ARG 173 A ALA 176 A ASN 177 A ARG 249 A THR 252 A SER 255 A TYR 265 A ILE 266 A LYS 267 A TRP 268 A THR 319 A VAL 320 A PHE 321 A PRO 322 A PRO 323 A ARG 349 A LEU 388 A LEU 389 A ASP 390 A LYS 391 A THR 393 A THR 394 A CYS 395 A PHE 396 A SER 397 A TYR 456 A ARG 457 A ASN 459 A LEU 460 A PRO 461 A VAL 675 A PRO 677

After clustering the 25 runs, the following 20 distinct complex conformations were found:
[They all differ by at least 5.0 A heavy atom RMSD after superposing on the receptor]

Clu |Bind.energy[kcal/mol]|Dissoc. constant [pM]| Contacting receptor residues
----+---------------------+---------------------+-----------------------------
001 |         000008.6000 | 00000000496725.4688 | A ARG 173 A ALA 176 A ASN 177 A GLU 180 A ARG 181 A LEU 245 A THR 246 A ARG 249 A LEU 251 A THR 252 A SER 255 A LEU 261 A TYR 265 A ILE 266 A LYS 267 A TRP 268 A LEU 270 A LEU 316 A SER 318 A THR 319 A VAL 320 A PHE 321 A PRO 322 A PRO 323 A PHE 326 A ARG 349 A LEU 389 A ASP 390 A LYS 391 A THR 394 A CYS 395 A PHE 396 A SER 397 A TYR 456 A ARG 457 A LEU 460 A PRO 461 A ASN 628 A SER 664 A VAL 675 A PRO 677
002 |         000008.4710 | 00000000617553.6250 | A PRO 169 A LEU 172 A LEU 245 A THR 246 A ARG 249 A ALA 250 A LEU 251 A THR 252 A ALA 253 A GLU 254 A SER 255 A HIS 256 A TYR 265 A ILE 266 A LYS 267 A TRP 268 A LEU 316 A SER 318 A THR 319 A VAL 320 A PHE 321 A PRO 322 A PRO 323 A ARG 349 A ASP 390 A THR 393 A THR 394 A CYS 395 A PHE 396 A SER 397 A ARG 457 A ASN 459 A LEU 460 A PRO 461 A ASN 628 A VAL 675 A LYS 676 A PRO 677
003 |         000008.3390 | 00000000771670.6250 | A PRO 169 A LEU 172 A ALA 176 A ARG 249 A LEU 251 A THR 252 A SER 255 A HIS 256 A LEU 261 A TYR 265 A ILE 266 A LYS 267 A TRP 268 A THR 319 A VAL 320 A PHE 321 A PRO 322 A PRO 323 A ARG 349 A THR 394 A CYS 395 A PHE 396 A ARG 457 A TYR 458 A ASN 459 A LEU 460 A PRO 461 A ASN 628 A VAL 675 A PRO 677
004 |         000008.2760 | 00000000858245.5625 | A PRO 169 A ASP 170 A LEU 172 A ARG 173 A ALA 176 A THR 246 A ARG 249 A THR 252 A ALA 253 A SER 255 A HIS 256 A LEU 261 A TYR 265 A ILE 266 A TRP 268 A LEU 316 A SER 318 A THR 319 A PHE 321 A PRO 322 A PRO 323 A ARG 349 A LEU 387 A LEU 388 A LEU 389 A THR 394 A CYS 395 A PHE 396 A SER 397 A TYR 456 A ARG 457 A ASN 459 A LEU 460 A PRO 461 A VAL 675 A PRO 677
005 |         000008.2530 | 00000000892217.6250 | A LEU 172 A ARG 173 A ALA 176 A ARG 249 A THR 252 A SER 255 A TYR 265 A ILE 266 A LYS 267 A TRP 268 A LEU 270 A THR 319 A VAL 320 A PHE 321 A PRO 322 A PRO 323 A THR 324 A ARG 349 A LEU 388 A LEU 389 A ASP 390 A LYS 391 A THR 394 A CYS 395 A PHE 396 A SER 397 A TYR 456 A ARG 457 A ASN 459 A LEU 460 A PRO 461 A ASN 628 A PRO 677
006 |         000008.1290 | 00000001099927.3750 | A ARG 173 A ALA 176 A ASN 177 A LEU 245 A THR 246 A ARG 249 A ALA 250 A LEU 251 A THR 252 A ALA 253 A SER 255 A HIS 256 A LEU 261 A TYR 265 A ILE 266 A LYS 267 A TRP 268 A LEU 316 A THR 319 A VAL 320 A PHE 321 A PRO 322 A PRO 323 A ARG 349 A LEU 387 A LEU 388 A LEU 389 A ASP 390 A THR 394 A CYS 395 A PHE 396 A SER 397 A VAL 398 A TYR 456 A ARG 457 A ASN 459 A LEU 460 A PRO 461 A SER 664 A VAL 675 A LYS 676 A PRO 677
007 |         000008.1250 | 00000001107378.3750 | A ASP 170 A LEU 172 A ARG 173 A ALA 176 A ASN 177 A GLY 179 A LEU 245 A THR 246 A ARG 249 A ALA 250 A LEU 251 A THR 252 A SER 255 A HIS 256 A LEU 261 A TYR 265 A ILE 266 A LYS 267 A TRP 268 A VAL 315 A LEU 316 A SER 318 A THR 319 A VAL 320 A PHE 321 A PRO 322 A PRO 323 A ARG 349 A GLU 350 A THR 394 A CYS 395 A PHE 396 A ASN 459 A LEU 460 A PRO 461 A ASN 628 A VAL 675 A PRO 677
008 |         000008.0790 | 00000001196780.3750 | A PRO 169 A ASP 170 A LEU 172 A ARG 173 A ALA 176 A LEU 245 A THR 246 A ARG 249 A ALA 250 A LEU 251 A THR 252 A SER 255 A HIS 256 A LEU 261 A TYR 265 A LEU 316 A THR 319 A VAL 320 A PRO 323 A THR 324 A ARG 349 A LEU 387 A LEU 388 A LEU 389 A ASP 390 A LYS 391 A THR 394 A CYS 395 A PHE 396 A SER 397 A ARG 457 A ASN 459 A LEU 460 A PRO 461 A PRO 677
009 |         000008.0550 | 00000001246254.3750 | A PRO 169 A LEU 172 A ARG 173 A ALA 176 A ASN 177 A GLY 179 A GLU 180 A THR 246 A ARG 249 A ALA 250 A LEU 251 A THR 252 A SER 255 A LEU 261 A TYR 265 A LEU 316 A THR 319 A VAL 320 A PHE 321 A PRO 322 A PRO 323 A ARG 349 A ASP 390 A LYS 391 A THR 393 A THR 394 A CYS 395 A PHE 396 A TYR 456 A ARG 457 A ASN 459 A LEU 460 A PRO 461 A PRO 677
010 |         000008.0490 | 00000001258939.2500 | A PRO 169 A ASP 170 A LEU 172 A ARG 173 A ALA 176 A ASN 177 A ARG 249 A LEU 251 A THR 252 A SER 255 A LEU 261 A TYR 265 A ILE 266 A LYS 267 A TRP 268 A LEU 316 A THR 319 A VAL 320 A PHE 321 A PRO 322 A PRO 323 A ARG 349 A THR 394 A CYS 395 A PHE 396 A TYR 456 A ARG 457 A TYR 458 A ASN 459 A LEU 460 A PRO 461 A VAL 675 A PRO 677
011 |         000007.9860 | 00000001400181.6250 | A PHE 165 A VAL 166 A PRO 169 A ASP 170 A LEU 172 A ARG 173 A ALA 176 A THR 246 A ARG 249 A THR 252 A SER 255 A HIS 256 A LEU 261 A TYR 265 A ILE 266 A LYS 267 A TRP 268 A THR 319 A VAL 320 A PHE 321 A PRO 322 A PRO 323 A ARG 349 A THR 394 A CYS 395 A PHE 396 A TYR 456 A ARG 457 A TYR 458 A ASN 459 A LEU 460 A PRO 461 A PRO 677
012 |         000007.9550 | 00000001475392.8750 | A TYR 149 A ASN 150 A PRO 169 A LEU 172 A ARG 173 A ALA 176 A ASN 177 A GLY 179 A GLU 180 A ARG 181 A ARG 249 A THR 252 A SER 255 A LEU 261 A TYR 265 A LYS 267 A TRP 268 A THR 319 A VAL 320 A PHE 321 A PRO 322 A PRO 323 A ARG 349 A THR 394 A CYS 395 A PHE 396 A TYR 456 A ARG 457 A TYR 458 A ASN 459 A LEU 460 A PRO 461 A VAL 675 A LYS 676 A PRO 677
013 |         000007.9440 | 00000001503040.8750 | A PRO 169 A ASP 170 A LEU 172 A ARG 173 A ALA 176 A ASN 177 A GLU 180 A LEU 245 A THR 246 A ARG 249 A LEU 251 A THR 252 A SER 255 A HIS 256 A LEU 261 A TYR 265 A TRP 268 A LEU 316 A SER 318 A THR 319 A VAL 320 A PHE 321 A PRO 322 A PRO 323 A ARG 349 A THR 394 A CYS 395 A PHE 396 A TYR 456 A ARG 457 A ASN 459 A LEU 460 A PRO 461 A VAL 675 A LYS 676 A PRO 677
014 |         000007.9340 | 00000001528624.7500 | A PRO 169 A ASP 170 A LEU 172 A ARG 173 A ALA 176 A ASN 177 A THR 246 A ARG 249 A THR 252 A SER 255 A TYR 265 A VAL 315 A SER 318 A THR 319 A PRO 323 A ARG 349 A LEU 388 A LEU 389 A ASP 390 A THR 393 A THR 394 A CYS 395 A PHE 396 A SER 397 A TYR 456 A ARG 457 A TYR 458 A ASN 459 A LEU 460 A PRO 461 A THR 462 A VAL 675 A PRO 677
015 |         000007.9290 | 00000001541579.5000 | A ARG 173 A ALA 176 A ASN 177 A GLU 180 A THR 246 A ARG 249 A THR 252 A ALA 253 A SER 255 A HIS 256 A LEU 261 A TYR 265 A ILE 266 A LYS 267 A TRP 268 A LEU 270 A SER 318 A THR 319 A VAL 320 A PHE 321 A PRO 322 A PRO 323 A THR 324 A PHE 326 A ARG 349 A LEU 387 A LEU 388 A LEU 389 A ASP 390 A LYS 391 A THR 393 A THR 394 A CYS 395 A PHE 396 A SER 397 A VAL 398 A ARG 457 A ASN 459 A LEU 460 A PRO 461
016 |         000007.9000 | 00000001618911.8750 | A LYS 160 A ASP 161 A TYR 163 A ASP 164 A VAL 166 A GLU 167 A ARG 392 A ASN 447 A ALA 448 A ILE 450 A SER 451 A ASP 452 A ASP 454 A TYR 455 A ARG 457 A TYR 458 A LYS 551 A ASN 552 A ARG 553 A ALA 554 A ARG 555 A THR 556 A ASP 618 A TYR 619 A PRO 620 A LYS 621 A CYS 622 A ASP 623 A ARG 624 A ASN 691 A ASP 760 A PHE 793 A SER 795 A LYS 798
017 |         000007.8900 | 00000001646468.1250 | A PRO 169 A ASP 170 A LEU 172 A ARG 173 A LEU 245 A THR 246 A ARG 249 A ALA 250 A LEU 251 A THR 252 A SER 255 A TYR 265 A LYS 267 A LEU 316 A SER 318 A THR 319 A VAL 320 A PHE 321 A PRO 322 A PRO 323 A ARG 349 A LEU 389 A ASP 390 A LYS 391 A THR 393 A THR 394 A CYS 395 A PHE 396 A TYR 456 A ARG 457 A LEU 460 A PRO 461 A VAL 675 A LYS 676 A PRO 677
018 |         000007.8780 | 00000001680155.3750 | A LEU 172 A ARG 173 A LEU 245 A THR 246 A ARG 249 A THR 252 A SER 255 A HIS 256 A TYR 265 A LEU 316 A THR 319 A VAL 320 A PRO 323 A THR 324 A ARG 349 A LEU 388 A LEU 389 A ASP 390 A LYS 391 A THR 393 A THR 394 A CYS 395 A PHE 396 A SER 397 A VAL 398 A ARG 457 A ASN 459 A LEU 460 A PRO 461 A PRO 677
019 |         000007.8480 | 00000001767419.8750 | A PRO 169 A ASP 170 A LEU 172 A ARG 173 A ALA 176 A ASN 177 A THR 246 A LEU 247 A ARG 249 A LEU 251 A THR 252 A SER 255 A HIS 256 A TYR 265 A ILE 266 A LYS 267 A TRP 268 A THR 319 A VAL 320 A PHE 321 A PRO 322 A PRO 323 A ARG 349 A THR 394 A CYS 395 A PHE 396 A ARG 457 A ASN 459 A LEU 460 A PRO 461 A VAL 675 A PRO 677
020 |         000007.7910 | 00000001945903.3750 | A PRO 169 A LEU 172 A ARG 173 A ALA 176 A ASN 177 A ARG 249 A THR 252 A SER 255 A TYR 265 A ILE 266 A LYS 267 A TRP 268 A THR 319 A VAL 320 A PHE 321 A PRO 322 A PRO 323 A ARG 349 A LEU 388 A LEU 389 A ASP 390 A LYS 391 A THR 393 A THR 394 A CYS 395 A PHE 396 A SER 397 A TYR 456 A ARG 457 A ASN 459 A LEU 460 A PRO 461 A VAL 675 A PRO 677

While the table above lists the best binding energy in each cluster, it is sometimes
helpful to also look at the energy spread [average and standard deviation], the
dissociation constant has been recalculated from the average binding energy:

Clu |Members|Bind.energy spread [kcal/mol]|Dissoc. constant [pM]
----+-------+-----------------------------+---------------------
001 |  001  |    000008.6000+-000000.0000 | 00000000496768.3532
002 |  001  |    000008.4710+-000000.0000 | 00000000617606.8365
003 |  001  |    000008.3390+-000000.0000 | 00000000771736.0277
004 |  001  |    000008.2760+-000000.0000 | 00000000858317.3857
005 |  001  |    000008.2530+-000000.0000 | 00000000892291.7110
006 |  001  |    000008.1290+-000000.0000 | 00000001100018.3290
007 |  001  |    000008.1250+-000000.0000 | 00000001107469.3877
008 |  001  |    000008.0790+-000000.0000 | 00000001196877.2957
009 |  001  |    000008.0550+-000000.0000 | 00000001246355.3421
010 |  001  |    000008.0490+-000000.0000 | 00000001259042.2142
011 |  001  |    000007.9860+-000000.0000 | 00000001400294.6383
012 |  001  |    000007.9550+-000000.0000 | 00000001475511.8159
013 |  001  |    000007.9440+-000000.0000 | 00000001503162.2653
014 |  001  |    000007.9340+-000000.0000 | 00000001528747.4175
015 |  001  |    000007.9290+-000000.0000 | 00000001541703.4594
016 |  001  |    000007.9000+-000000.0000 | 00000001619041.0445
017 |  001  |    000007.8900+-000000.0000 | 00000001646599.8813
018 |  001  |    000007.8780+-000000.0000 | 00000001680289.8547
019 |  001  |    000007.8480+-000000.0000 | 00000001767560.0177
020 |  001  |    000007.7910+-000000.0000 | 00000001946057.1507

The results of the 25 runs have been combined in a single scene at C:\Users\Asus\Desktop\L2-lysine1 docking in cavity 4\dock.sce
The 20 clusters have been saved as:
C:\Users\Asus\Desktop\L2-lysine1 docking in cavity 4\dock_001.yob
C:\Users\Asus\Desktop\L2-lysine1 docking in cavity 4\dock_002.yob
C:\Users\Asus\Desktop\L2-lysine1 docking in cavity 4\dock_003.yob
C:\Users\Asus\Desktop\L2-lysine1 docking in cavity 4\dock_004.yob
C:\Users\Asus\Desktop\L2-lysine1 docking in cavity 4\dock_005.yob
C:\Users\Asus\Desktop\L2-lysine1 docking in cavity 4\dock_006.yob
C:\Users\Asus\Desktop\L2-lysine1 docking in cavity 4\dock_007.yob
C:\Users\Asus\Desktop\L2-lysine1 docking in cavity 4\dock_008.yob
C:\Users\Asus\Desktop\L2-lysine1 docking in cavity 4\dock_009.yob
C:\Users\Asus\Desktop\L2-lysine1 docking in cavity 4\dock_010.yob
C:\Users\Asus\Desktop\L2-lysine1 docking in cavity 4\dock_011.yob
C:\Users\Asus\Desktop\L2-lysine1 docking in cavity 4\dock_012.yob
C:\Users\Asus\Desktop\L2-lysine1 docking in cavity 4\dock_013.yob
C:\Users\Asus\Desktop\L2-lysine1 docking in cavity 4\dock_014.yob
C:\Users\Asus\Desktop\L2-lysine1 docking in cavity 4\dock_015.yob
C:\Users\Asus\Desktop\L2-lysine1 docking in cavity 4\dock_016.yob
C:\Users\Asus\Desktop\L2-lysine1 docking in cavity 4\dock_017.yob
C:\Users\Asus\Desktop\L2-lysine1 docking in cavity 4\dock_018.yob
C:\Users\Asus\Desktop\L2-lysine1 docking in cavity 4\dock_019.yob
C:\Users\Asus\Desktop\L2-lysine1 docking in cavity 4\dock_020.yob
