Global docking result analysis
==============================

25 VINA docking runs of the ligand object 3 to the receptor object 1 yielded the following results,
sorted by binding energy [more positive energies indicate stronger binding, and negative energies mean no binding]

Run |Bind.energy[kcal/mol]|Dissoc. constant [pM]| Contacting receptor residues
----+---------------------+---------------------+-----------------------------
001 |         000009.9400 | 00000000051746.7891 | A VAL 410 A HIS 439 A PHE 441 A PHE 442 A GLN 444 A ASP 452 A TYR 455 A TYR 456 A LYS 545 A TYR 546 A ALA 547 A ILE 548 A SER 549 A ALA 550 A LYS 551 A ARG 553 A ALA 554 A ARG 555 A THR 556 A VAL 557 A ALA 558 A ASP 618 A TYR 619 A PRO 620 A LYS 621 A CYS 622 A ASP 623 A ARG 624 A THR 680 A SER 681 A SER 682 A THR 687 A ASN 691 A ASP 760 A SER 814 A ARG 836 P A 19 P U 20
002 |         000009.9400 | 00000000051746.7891 | A VAL 410 A HIS 439 A PHE 441 A PHE 442 A GLN 444 A ASP 452 A TYR 455 A TYR 456 A LYS 545 A TYR 546 A ALA 547 A ILE 548 A SER 549 A ALA 550 A LYS 551 A ARG 553 A ALA 554 A ARG 555 A THR 556 A VAL 557 A ALA 558 A ASP 618 A TYR 619 A PRO 620 A LYS 621 A CYS 622 A ASP 623 A ARG 624 A THR 680 A SER 681 A SER 682 A THR 687 A ASN 691 A ASP 760 A SER 814 A ARG 836 P A 19 P U 20
003 |         000009.7310 | 00000000073634.6797 | A VAL 410 A PHE 441 A PHE 442 A LYS 545 A TYR 546 A ALA 547 A ILE 548 A SER 549 A ALA 550 A LYS 551 A ARG 553 A ARG 555 A VAL 557 A ASP 618 A TYR 619 A LYS 621 A CYS 622 A ASP 623 A SER 682 A THR 687 A ALA 688 A ASN 691 A SER 759 A ASP 760 A ASP 761 A GLU 811 A CYS 813 A SER 814 A ARG 836 A ASP 845 A ARG 858 P U 18 P A 19 P U 20 T U 10 T A 11
004 |         000009.7310 | 00000000073634.6797 | A VAL 410 A PHE 441 A PHE 442 A LYS 545 A TYR 546 A ALA 547 A ILE 548 A SER 549 A ALA 550 A LYS 551 A ARG 553 A ARG 555 A VAL 557 A ASP 618 A TYR 619 A LYS 621 A CYS 622 A ASP 623 A SER 682 A THR 687 A ALA 688 A ASN 691 A SER 759 A ASP 760 A ASP 761 A GLU 811 A CYS 813 A SER 814 A ARG 836 A ASP 845 A ARG 858 P U 18 P A 19 P U 20 T U 10 T A 11
005 |         000009.6630 | 00000000082589.9297 | A HIS 439 A LYS 545 A ALA 547 A ILE 548 A SER 549 A ALA 550 A LYS 551 A ARG 553 A ARG 555 A ASP 618 A TYR 619 A LYS 621 A CYS 622 A ASP 623 A SER 682 A THR 687 A ALA 688 A ASN 691 A SER 759 A ASP 760 A ASP 761 A GLU 811 A CYS 813 A SER 814 A ASP 833 A ARG 836 P A 19 P U 20 T A 11
006 |         000009.6630 | 00000000082589.9297 | A HIS 439 A LYS 545 A ALA 547 A ILE 548 A SER 549 A ALA 550 A LYS 551 A ARG 553 A ARG 555 A ASP 618 A TYR 619 A LYS 621 A CYS 622 A ASP 623 A SER 682 A THR 687 A ALA 688 A ASN 691 A SER 759 A ASP 760 A ASP 761 A GLU 811 A CYS 813 A SER 814 A ASP 833 A ARG 836 P A 19 P U 20 T A 11
007 |         000009.6600 | 00000000083009.1797 | A PHE 441 A LYS 545 A ALA 547 A ILE 548 A SER 549 A LYS 551 A ARG 553 A ARG 555 A ASP 618 A TYR 619 A LYS 621 A CYS 622 A ASP 623 A SER 682 A THR 687 A ALA 688 A ASN 691 A SER 759 A ASP 760 A GLU 811 A SER 814 A ARG 836 A VAL 844 A ASP 845 A LYS 849 A ARG 858 P U 17 P U 18 P A 19 P U 20 T U 10 T A 11
008 |         000009.6600 | 00000000083009.1797 | A PHE 441 A LYS 545 A ALA 547 A ILE 548 A SER 549 A LYS 551 A ARG 553 A ARG 555 A ASP 618 A TYR 619 A LYS 621 A CYS 622 A ASP 623 A SER 682 A THR 687 A ALA 688 A ASN 691 A SER 759 A ASP 760 A GLU 811 A SER 814 A ARG 836 A VAL 844 A ASP 845 A LYS 849 A ARG 858 P U 17 P U 18 P A 19 P U 20 T U 10 T A 11
009 |         000009.6380 | 00000000086149.4141 | A HIS 439 A PHE 441 A LYS 545 A TYR 546 A ALA 547 A ILE 548 A SER 549 A ALA 550 A LYS 551 A ARG 553 A ARG 555 A THR 556 A ASP 618 A TYR 619 A LYS 621 A CYS 622 A ASP 623 A THR 680 A SER 682 A THR 687 A ASN 691 A ASP 760 A ASP 761 A CYS 813 A ARG 836 A VAL 844 A ASP 845 A LYS 849 A ARG 858 P U 17 P U 18 P A 19 P U 20 T U 10 T A 11 T U 12 T A 13
010 |         000009.6380 | 00000000086149.4141 | A HIS 439 A PHE 441 A LYS 545 A TYR 546 A ALA 547 A ILE 548 A SER 549 A ALA 550 A LYS 551 A ARG 553 A ARG 555 A THR 556 A ASP 618 A TYR 619 A LYS 621 A CYS 622 A ASP 623 A THR 680 A SER 682 A THR 687 A ASN 691 A ASP 760 A ASP 761 A CYS 813 A ARG 836 A VAL 844 A ASP 845 A LYS 849 A ARG 858 P U 17 P U 18 P A 19 P U 20 T U 10 T A 11 T U 12 T A 13
011 |         000009.6300 | 00000000087320.5391 | A VAL 410 A HIS 439 A PHE 442 A GLN 444 A LYS 545 A TYR 546 A ALA 547 A ILE 548 A SER 549 A ALA 550 A LYS 551 A ARG 553 A ALA 554 A ARG 555 A ASP 618 A TYR 619 A PRO 620 A LYS 621 A CYS 622 A ASP 623 A SER 682 A THR 687 A ALA 688 A ASN 691 A SER 759 A ASP 760 A LYS 798 A GLU 811 A SER 814 A ARG 836 P U 18 P A 19 P U 20 T A 11
012 |         000009.5920 | 00000000093104.5234 | A HIS 439 A PHE 441 A ASP 452 A TYR 455 A LYS 500 A LYS 545 A TYR 546 A ALA 547 A ILE 548 A SER 549 A ALA 550 A LYS 551 A ARG 553 A ARG 555 A THR 556 A VAL 557 A ASP 623 A ARG 624 A SER 682 A SER 814 A ARG 836 A ALA 840 A ASP 845 A LYS 849 A ARG 858 P U 17 P U 18 P A 19 P U 20 T U 10 T A 11 T U 12 T A 13
013 |         000009.5810 | 00000000094849.2422 | A VAL 410 A HIS 439 A PHE 442 A LYS 545 A TYR 546 A ALA 547 A ILE 548 A SER 549 A ALA 550 A LYS 551 A ARG 553 A ARG 555 A THR 556 A ASP 618 A ASP 623 A ARG 624 A SER 682 A THR 687 A ALA 688 A ASN 691 A SER 759 A ASP 760 A LYS 798 A TRP 800 A GLU 811 A SER 814 A ARG 836 P A 19 P U 20 T U 10 T A 11
014 |         000009.5780 | 00000000095330.7266 | A HIS 439 A ASP 452 A ILE 548 A SER 549 A ALA 550 A LYS 551 A ARG 553 A ALA 554 A ARG 555 A THR 556 A ASP 618 A TYR 619 A PRO 620 A LYS 621 A CYS 622 A ASP 623 A ARG 624 A SER 682 A THR 687 A ALA 688 A ASN 691 A SER 759 A ASP 760 A ASP 761 A LYS 798 A GLU 811 A SER 814 A HIS 816 A ASP 833 A ARG 836 P A 19 P U 20 T U 10 T A 11
015 |         000009.5630 | 00000000097775.0547 | A ASP 164 A VAL 166 A GLU 167 A HIS 439 A LYS 545 A ALA 547 A ILE 548 A SER 549 A ALA 550 A LYS 551 A ARG 555 A TRP 617 A ASP 618 A TYR 619 A PRO 620 A LYS 621 A CYS 622 A ASP 623 A SER 682 A THR 687 A ALA 688 A ASN 691 A SER 759 A ASP 760 A ASP 761 A PHE 793 A MET 794 A SER 795 A LYS 798 A SER 814 A ARG 836 P U 18 P A 19 P U 20 T U 10 T A 11
016 |         000009.5400 | 00000000101645.2969 | A HIS 439 A PHE 441 A LYS 500 A LYS 545 A TYR 546 A ALA 547 A ILE 548 A SER 549 A ALA 550 A LYS 551 A ARG 555 A THR 556 A ASP 623 A ARG 624 A THR 680 A SER 681 A SER 682 A THR 687 A ASN 691 A ASP 760 A GLU 811 A CYS 813 A SER 814 A ARG 836 A ASP 845 A LYS 849 A ARG 858 P U 17 P U 18 P A 19 P U 20 T U 10 T A 11 T U 12 T A 13
017 |         000009.5400 | 00000000101645.2969 | A VAL 410 A HIS 439 A PHE 441 A PHE 442 A GLN 444 A LYS 545 A TYR 546 A ALA 547 A ILE 548 A SER 549 A ALA 550 A LYS 551 A ARG 553 A ALA 554 A ARG 555 A VAL 557 A CYS 622 A ASP 623 A SER 682 A THR 687 A ALA 688 A ASN 691 A SER 759 A ASP 760 A GLU 811 A SER 814 A ASP 833 A ARG 836 P U 18 P A 19 P U 20 T U 10 T A 11
018 |         000009.5170 | 00000000105668.7344 | A VAL 410 A HIS 439 A PHE 441 A PHE 442 A GLN 444 A LEU 544 A LYS 545 A ALA 547 A ILE 548 A SER 549 A ALA 550 A LYS 551 A ARG 553 A ALA 554 A ARG 555 A ASP 618 A TYR 619 A PRO 620 A LYS 621 A CYS 622 A ASP 623 A ASN 691 A ASP 760 A ASP 761 A GLU 811 A CYS 813 A SER 814 A ARG 836 A ASP 845 A ARG 858 P U 18 P A 19 P U 20
019 |         000009.4770 | 00000000113049.0469 | A HIS 439 A PHE 441 A LYS 545 A ALA 547 A ILE 548 A SER 549 A ALA 550 A LYS 551 A ARG 553 A ARG 555 A ASP 618 A TYR 619 A LYS 621 A CYS 622 A ASP 623 A SER 682 A THR 687 A ASN 691 A ASP 760 A ASP 761 A GLU 811 A SER 814 A ASP 833 A ARG 836 A VAL 844 A ASP 845 A LYS 849 A ARG 858 P U 17 P U 18 P A 19 P U 20 T A 11
020 |         000009.4630 | 00000000115752.1406 | A HIS 439 A PHE 441 A LYS 545 A TYR 546 A ALA 547 A ILE 548 A SER 549 A ALA 550 A LYS 551 A ARG 553 A ARG 555 A ASP 618 A TYR 619 A LYS 621 A CYS 622 A ASP 623 A ASN 691 A SER 759 A ASP 760 A ASP 761 A GLU 811 A PHE 812 A CYS 813 A SER 814 A ARG 836 A VAL 844 A ASP 845 A LYS 849 A ARG 858 P U 17 P U 18 P A 19 P U 20 T U 9 T U 10
021 |         000009.4500 | 00000000118320.0000 | A HIS 439 A PHE 441 A ASP 452 A LYS 500 A LYS 545 A TYR 546 A ALA 547 A ILE 548 A SER 549 A ALA 550 A LYS 551 A ARG 553 A ARG 555 A THR 556 A VAL 557 A ASP 618 A TYR 619 A CYS 622 A ASP 623 A ARG 624 A SER 682 A ASP 760 A ASP 761 A SER 814 A ARG 836 A ASP 845 A LYS 849 A ARG 858 P U 17 P U 18 P A 19 P U 20 T U 10 T A 11 T U 12 T A 13
022 |         000009.4160 | 00000000125308.4844 | A VAL 410 A HIS 439 A PHE 442 A LYS 545 A TYR 546 A ALA 547 A ILE 548 A SER 549 A ALA 550 A LYS 551 A ARG 553 A ALA 554 A ARG 555 A ASP 618 A TYR 619 A PRO 620 A LYS 621 A CYS 622 A ASP 623 A SER 682 A THR 687 A ALA 688 A ASN 691 A SER 759 A ASP 760 A LYS 798 A TRP 800 A GLU 811 A SER 814 A ASP 833 A ARG 836 P U 18 P A 19 P U 20 T A 11
023 |         000009.4100 | 00000000126583.9219 | A TYR 455 A LYS 545 A ALA 547 A ILE 548 A SER 549 A ALA 550 A LYS 551 A ARG 553 A ALA 554 A ARG 555 A TRP 617 A ASP 618 A TYR 619 A PRO 620 A LYS 621 A CYS 622 A ASP 623 A ARG 624 A ASP 760 A ASP 761 A ALA 762 A PHE 793 A MET 794 A SER 795 A LYS 798 A CYS 813 A SER 814 A ARG 836 P A 19 P U 20
024 |         000009.3950 | 00000000129829.5938 | A HIS 439 A PHE 441 A LYS 545 A TYR 546 A ALA 547 A ILE 548 A SER 549 A ALA 550 A LYS 551 A ARG 555 A ASP 618 A TYR 619 A CYS 622 A ASP 623 A THR 687 A ASN 691 A ASP 760 A SER 814 A ASP 833 A ARG 836 A VAL 844 A ASP 845 A LYS 849 A ARG 858 P U 17 P U 18 P A 19 P U 20 T U 10 T A 11 T U 12 T A 13
025 |         000009.3300 | 00000000144883.6250 | A HIS 439 A PHE 441 A LYS 500 A LYS 545 A TYR 546 A ALA 547 A ILE 548 A SER 549 A ALA 550 A LYS 551 A ARG 553 A ALA 554 A ARG 555 A CYS 622 A ASP 623 A ASP 760 A ASP 761 A SER 814 A ARG 836 A ASP 845 A LYS 849 A ARG 858 P U 17 P U 18 P A 19 P U 20 T U 10 T A 11 T U 12 T A 13

After clustering the 25 runs, the following 15 distinct complex conformations were found:
[They all differ by at least 5.0 A heavy atom RMSD after superposing on the receptor]

Clu |Bind.energy[kcal/mol]|Dissoc. constant [pM]| Contacting receptor residues
----+---------------------+---------------------+-----------------------------
001 |         000009.9400 | 00000000051746.7891 | A VAL 410 A HIS 439 A PHE 441 A PHE 442 A GLN 444 A ASP 452 A TYR 455 A TYR 456 A LYS 545 A TYR 546 A ALA 547 A ILE 548 A SER 549 A ALA 550 A LYS 551 A ARG 553 A ALA 554 A ARG 555 A THR 556 A VAL 557 A ALA 558 A ASP 618 A TYR 619 A PRO 620 A LYS 621 A CYS 622 A ASP 623 A ARG 624 A THR 680 A SER 681 A SER 682 A THR 687 A ASN 691 A ASP 760 A SER 814 A ARG 836 P A 19 P U 20
002 |         000009.7310 | 00000000073634.6797 | A VAL 410 A PHE 441 A PHE 442 A LYS 545 A TYR 546 A ALA 547 A ILE 548 A SER 549 A ALA 550 A LYS 551 A ARG 553 A ARG 555 A VAL 557 A ASP 618 A TYR 619 A LYS 621 A CYS 622 A ASP 623 A SER 682 A THR 687 A ALA 688 A ASN 691 A SER 759 A ASP 760 A ASP 761 A GLU 811 A CYS 813 A SER 814 A ARG 836 A ASP 845 A ARG 858 P U 18 P A 19 P U 20 T U 10 T A 11
003 |         000009.6630 | 00000000082589.9297 | A HIS 439 A LYS 545 A ALA 547 A ILE 548 A SER 549 A ALA 550 A LYS 551 A ARG 553 A ARG 555 A ASP 618 A TYR 619 A LYS 621 A CYS 622 A ASP 623 A SER 682 A THR 687 A ALA 688 A ASN 691 A SER 759 A ASP 760 A ASP 761 A GLU 811 A CYS 813 A SER 814 A ASP 833 A ARG 836 P A 19 P U 20 T A 11
004 |         000009.6600 | 00000000083009.1797 | A PHE 441 A LYS 545 A ALA 547 A ILE 548 A SER 549 A LYS 551 A ARG 553 A ARG 555 A ASP 618 A TYR 619 A LYS 621 A CYS 622 A ASP 623 A SER 682 A THR 687 A ALA 688 A ASN 691 A SER 759 A ASP 760 A GLU 811 A SER 814 A ARG 836 A VAL 844 A ASP 845 A LYS 849 A ARG 858 P U 17 P U 18 P A 19 P U 20 T U 10 T A 11
005 |         000009.6380 | 00000000086149.4141 | A HIS 439 A PHE 441 A LYS 545 A TYR 546 A ALA 547 A ILE 548 A SER 549 A ALA 550 A LYS 551 A ARG 553 A ARG 555 A THR 556 A ASP 618 A TYR 619 A LYS 621 A CYS 622 A ASP 623 A THR 680 A SER 682 A THR 687 A ASN 691 A ASP 760 A ASP 761 A CYS 813 A ARG 836 A VAL 844 A ASP 845 A LYS 849 A ARG 858 P U 17 P U 18 P A 19 P U 20 T U 10 T A 11 T U 12 T A 13
006 |         000009.6300 | 00000000087320.5391 | A VAL 410 A HIS 439 A PHE 442 A GLN 444 A LYS 545 A TYR 546 A ALA 547 A ILE 548 A SER 549 A ALA 550 A LYS 551 A ARG 553 A ALA 554 A ARG 555 A ASP 618 A TYR 619 A PRO 620 A LYS 621 A CYS 622 A ASP 623 A SER 682 A THR 687 A ALA 688 A ASN 691 A SER 759 A ASP 760 A LYS 798 A GLU 811 A SER 814 A ARG 836 P U 18 P A 19 P U 20 T A 11
007 |         000009.5920 | 00000000093104.5234 | A HIS 439 A PHE 441 A ASP 452 A TYR 455 A LYS 500 A LYS 545 A TYR 546 A ALA 547 A ILE 548 A SER 549 A ALA 550 A LYS 551 A ARG 553 A ARG 555 A THR 556 A VAL 557 A ASP 623 A ARG 624 A SER 682 A SER 814 A ARG 836 A ALA 840 A ASP 845 A LYS 849 A ARG 858 P U 17 P U 18 P A 19 P U 20 T U 10 T A 11 T U 12 T A 13
008 |         000009.5810 | 00000000094849.2422 | A VAL 410 A HIS 439 A PHE 442 A LYS 545 A TYR 546 A ALA 547 A ILE 548 A SER 549 A ALA 550 A LYS 551 A ARG 553 A ARG 555 A THR 556 A ASP 618 A ASP 623 A ARG 624 A SER 682 A THR 687 A ALA 688 A ASN 691 A SER 759 A ASP 760 A LYS 798 A TRP 800 A GLU 811 A SER 814 A ARG 836 P A 19 P U 20 T U 10 T A 11
009 |         000009.5630 | 00000000097775.0547 | A ASP 164 A VAL 166 A GLU 167 A HIS 439 A LYS 545 A ALA 547 A ILE 548 A SER 549 A ALA 550 A LYS 551 A ARG 555 A TRP 617 A ASP 618 A TYR 619 A PRO 620 A LYS 621 A CYS 622 A ASP 623 A SER 682 A THR 687 A ALA 688 A ASN 691 A SER 759 A ASP 760 A ASP 761 A PHE 793 A MET 794 A SER 795 A LYS 798 A SER 814 A ARG 836 P U 18 P A 19 P U 20 T U 10 T A 11
010 |         000009.5170 | 00000000105668.7344 | A VAL 410 A HIS 439 A PHE 441 A PHE 442 A GLN 444 A LEU 544 A LYS 545 A ALA 547 A ILE 548 A SER 549 A ALA 550 A LYS 551 A ARG 553 A ALA 554 A ARG 555 A ASP 618 A TYR 619 A PRO 620 A LYS 621 A CYS 622 A ASP 623 A ASN 691 A ASP 760 A ASP 761 A GLU 811 A CYS 813 A SER 814 A ARG 836 A ASP 845 A ARG 858 P U 18 P A 19 P U 20
011 |         000009.4770 | 00000000113049.0469 | A HIS 439 A PHE 441 A LYS 545 A ALA 547 A ILE 548 A SER 549 A ALA 550 A LYS 551 A ARG 553 A ARG 555 A ASP 618 A TYR 619 A LYS 621 A CYS 622 A ASP 623 A SER 682 A THR 687 A ASN 691 A ASP 760 A ASP 761 A GLU 811 A SER 814 A ASP 833 A ARG 836 A VAL 844 A ASP 845 A LYS 849 A ARG 858 P U 17 P U 18 P A 19 P U 20 T A 11
012 |         000009.4630 | 00000000115752.1406 | A HIS 439 A PHE 441 A LYS 545 A TYR 546 A ALA 547 A ILE 548 A SER 549 A ALA 550 A LYS 551 A ARG 553 A ARG 555 A ASP 618 A TYR 619 A LYS 621 A CYS 622 A ASP 623 A ASN 691 A SER 759 A ASP 760 A ASP 761 A GLU 811 A PHE 812 A CYS 813 A SER 814 A ARG 836 A VAL 844 A ASP 845 A LYS 849 A ARG 858 P U 17 P U 18 P A 19 P U 20 T U 9 T U 10
013 |         000009.4160 | 00000000125308.4844 | A VAL 410 A HIS 439 A PHE 442 A LYS 545 A TYR 546 A ALA 547 A ILE 548 A SER 549 A ALA 550 A LYS 551 A ARG 553 A ALA 554 A ARG 555 A ASP 618 A TYR 619 A PRO 620 A LYS 621 A CYS 622 A ASP 623 A SER 682 A THR 687 A ALA 688 A ASN 691 A SER 759 A ASP 760 A LYS 798 A TRP 800 A GLU 811 A SER 814 A ASP 833 A ARG 836 P U 18 P A 19 P U 20 T A 11
014 |         000009.4100 | 00000000126583.9219 | A TYR 455 A LYS 545 A ALA 547 A ILE 548 A SER 549 A ALA 550 A LYS 551 A ARG 553 A ALA 554 A ARG 555 A TRP 617 A ASP 618 A TYR 619 A PRO 620 A LYS 621 A CYS 622 A ASP 623 A ARG 624 A ASP 760 A ASP 761 A ALA 762 A PHE 793 A MET 794 A SER 795 A LYS 798 A CYS 813 A SER 814 A ARG 836 P A 19 P U 20
015 |         000009.3950 | 00000000129829.5938 | A HIS 439 A PHE 441 A LYS 545 A TYR 546 A ALA 547 A ILE 548 A SER 549 A ALA 550 A LYS 551 A ARG 555 A ASP 618 A TYR 619 A CYS 622 A ASP 623 A THR 687 A ASN 691 A ASP 760 A SER 814 A ASP 833 A ARG 836 A VAL 844 A ASP 845 A LYS 849 A ARG 858 P U 17 P U 18 P A 19 P U 20 T U 10 T A 11 T U 12 T A 13

While the table above lists the best binding energy in each cluster, it is sometimes
helpful to also look at the energy spread [average and standard deviation], the
dissociation constant has been recalculated from the average binding energy:

Clu |Members|Bind.energy spread [kcal/mol]|Dissoc. constant [pM]
----+-------+-----------------------------+---------------------
001 |  001  |    000009.9400+-000000.0000 | 00000000051752.0279
002 |  002  |    000009.6355+-000000.0955 | 00000000086522.1335
003 |  001  |    000009.6630+-000000.0000 | 00000000082597.9867
004 |  001  |    000009.6600+-000000.0000 | 00000000083017.3121
005 |  003  |    000009.5427+-000000.0768 | 00000000101198.6418
006 |  001  |    000009.6300+-000000.0000 | 00000000087329.0291
007 |  001  |    000009.5920+-000000.0000 | 00000000093113.5559
008 |  002  |    000009.5795+-000000.0015 | 00000000095098.8662
009 |  001  |    000009.5630+-000000.0000 | 00000000097784.5572
010 |  001  |    000009.5170+-000000.0000 | 00000000105678.8727
011 |  001  |    000009.4770+-000000.0000 | 00000000113059.8375
012 |  002  |    000009.3965+-000000.0665 | 00000000129513.6008
013 |  001  |    000009.4160+-000000.0000 | 00000000125320.3464
014 |  001  |    000009.4100+-000000.0000 | 00000000126596.0045
015 |  001  |    000009.3950+-000000.0000 | 00000000129841.8311

The results of the 25 runs have been combined in a single scene at C:\Users\yons\Desktop\DOCKING OF PNA-CPP-1 WITH 7BV2\dock.sce
The 15 clusters have been saved as:
C:\Users\yons\Desktop\DOCKING OF PNA-CPP-1 WITH 7BV2\dock_001.yob
C:\Users\yons\Desktop\DOCKING OF PNA-CPP-1 WITH 7BV2\dock_002.yob
C:\Users\yons\Desktop\DOCKING OF PNA-CPP-1 WITH 7BV2\dock_003.yob
C:\Users\yons\Desktop\DOCKING OF PNA-CPP-1 WITH 7BV2\dock_004.yob
C:\Users\yons\Desktop\DOCKING OF PNA-CPP-1 WITH 7BV2\dock_005.yob
C:\Users\yons\Desktop\DOCKING OF PNA-CPP-1 WITH 7BV2\dock_006.yob
C:\Users\yons\Desktop\DOCKING OF PNA-CPP-1 WITH 7BV2\dock_007.yob
C:\Users\yons\Desktop\DOCKING OF PNA-CPP-1 WITH 7BV2\dock_008.yob
C:\Users\yons\Desktop\DOCKING OF PNA-CPP-1 WITH 7BV2\dock_009.yob
C:\Users\yons\Desktop\DOCKING OF PNA-CPP-1 WITH 7BV2\dock_010.yob
C:\Users\yons\Desktop\DOCKING OF PNA-CPP-1 WITH 7BV2\dock_011.yob
C:\Users\yons\Desktop\DOCKING OF PNA-CPP-1 WITH 7BV2\dock_012.yob
C:\Users\yons\Desktop\DOCKING OF PNA-CPP-1 WITH 7BV2\dock_013.yob
C:\Users\yons\Desktop\DOCKING OF PNA-CPP-1 WITH 7BV2\dock_014.yob
C:\Users\yons\Desktop\DOCKING OF PNA-CPP-1 WITH 7BV2\dock_015.yob
