Global docking result analysis
==============================

25 VINA docking runs of the ligand object 3 to the receptor object 1 yielded the following results,
sorted by binding energy [more positive energies indicate stronger binding, and negative energies mean no binding]

Run |Bind.energy[kcal/mol]|Dissoc. constant [pM]| Contacting receptor residues
----+---------------------+---------------------+-----------------------------
001 |         000007.4890 | 00000003239591.2500 | A HIS 439 A TYR 456 A MET 542 A ILE 548 A SER 549 A ALA 550 A LYS 551 A ARG 553 A ARG 555 A THR 556 A GLY 616 A TRP 617 A ASP 618 A PRO 620 A LYS 621 A CYS 622 A ASP 623 A ARG 624 A THR 680 A SER 681 A SER 682 A THR 687 A ALA 688 A ASN 691 A SER 759 A ASP 760 A ASP 761 A LYS 798 A CYS 799 A TRP 800 A GLU 811 A CYS 813 A SER 814 A ARG 836
002 |         000007.4890 | 00000003239591.2500 | A HIS 439 A TYR 456 A MET 542 A ILE 548 A SER 549 A ALA 550 A LYS 551 A ARG 553 A ARG 555 A THR 556 A GLY 616 A TRP 617 A ASP 618 A PRO 620 A LYS 621 A CYS 622 A ASP 623 A ARG 624 A THR 680 A SER 681 A SER 682 A THR 687 A ALA 688 A ASN 691 A SER 759 A ASP 760 A ASP 761 A LYS 798 A CYS 799 A TRP 800 A GLU 811 A CYS 813 A SER 814 A ARG 836
003 |         000007.2330 | 00000004990461.5000 | A HIS 439 A LYS 545 A ILE 548 A SER 549 A ALA 550 A LYS 551 A ARG 553 A ALA 554 A ARG 555 A THR 556 A VAL 557 A TRP 617 A ASP 618 A TYR 619 A ASP 623 A ARG 624 A SER 682 A ASP 684 A THR 687 A ALA 688 A ASN 691 A LEU 758 A SER 759 A ASP 760 A ASP 761 A ALA 762 A LYS 798 A CYS 799 A TRP 800 A HIS 810 A GLU 811 A PHE 812 A CYS 813 A SER 814 A ARG 836
004 |         000007.2330 | 00000004990461.5000 | A HIS 439 A LYS 545 A ILE 548 A SER 549 A ALA 550 A LYS 551 A ARG 553 A ALA 554 A ARG 555 A THR 556 A VAL 557 A TRP 617 A ASP 618 A TYR 619 A ASP 623 A ARG 624 A SER 682 A ASP 684 A THR 687 A ALA 688 A ASN 691 A LEU 758 A SER 759 A ASP 760 A ASP 761 A ALA 762 A LYS 798 A CYS 799 A TRP 800 A HIS 810 A GLU 811 A PHE 812 A CYS 813 A SER 814 A ARG 836
005 |         000007.1240 | 00000005998446.0000 | A LYS 545 A ILE 548 A SER 549 A ALA 550 A LYS 551 A ARG 553 A ARG 555 A GLY 616 A TRP 617 A ASP 618 A TYR 619 A PRO 620 A LYS 621 A CYS 622 A ASP 623 A THR 680 A SER 682 A ASP 684 A THR 687 A ALA 688 A ASN 691 A LEU 758 A SER 759 A ASP 760 A ASP 761 A ALA 762 A LYS 798 A TRP 800 A GLU 811 A PHE 812 A CYS 813 A SER 814
006 |         000007.1240 | 00000005998446.0000 | A LYS 545 A ILE 548 A SER 549 A ALA 550 A LYS 551 A ARG 553 A ARG 555 A GLY 616 A TRP 617 A ASP 618 A TYR 619 A PRO 620 A LYS 621 A CYS 622 A ASP 623 A THR 680 A SER 682 A ASP 684 A THR 687 A ALA 688 A ASN 691 A LEU 758 A SER 759 A ASP 760 A ASP 761 A ALA 762 A LYS 798 A TRP 800 A GLU 811 A PHE 812 A CYS 813 A SER 814
007 |         000007.1110 | 00000006131516.5000 | A ASP 452 A TYR 455 A ALA 547 A ILE 548 A SER 549 A ALA 550 A LYS 551 A ARG 553 A ARG 555 A THR 556 A TRP 617 A ASP 618 A TYR 619 A LYS 621 A CYS 622 A ASP 623 A ARG 624 A THR 680 A SER 681 A SER 682 A ASN 691 A LEU 758 A SER 759 A ASP 760 A ASP 761 A ALA 762 A GLU 811 A CYS 813 A SER 814 A ARG 836
008 |         000007.1110 | 00000006131516.5000 | A ASP 452 A TYR 455 A ALA 547 A ILE 548 A SER 549 A ALA 550 A LYS 551 A ARG 553 A ARG 555 A THR 556 A TRP 617 A ASP 618 A TYR 619 A LYS 621 A CYS 622 A ASP 623 A ARG 624 A THR 680 A SER 681 A SER 682 A ASN 691 A LEU 758 A SER 759 A ASP 760 A ASP 761 A ALA 762 A GLU 811 A CYS 813 A SER 814 A ARG 836
009 |         000007.0490 | 00000006807920.5000 | A ASP 452 A TYR 455 A ILE 548 A SER 549 A ALA 550 A LYS 551 A ARG 553 A ARG 555 A THR 556 A TRP 617 A ASP 618 A TYR 619 A PRO 620 A LYS 621 A CYS 622 A ASP 623 A ARG 624 A THR 680 A SER 681 A SER 682 A THR 687 A ALA 688 A ASN 691 A SER 759 A ASP 760 A ASP 761 A LYS 798 A GLU 811 A CYS 813 A SER 814
010 |         000007.0490 | 00000006807920.5000 | A ASP 452 A TYR 455 A ILE 548 A SER 549 A ALA 550 A LYS 551 A ARG 553 A ARG 555 A THR 556 A TRP 617 A ASP 618 A TYR 619 A PRO 620 A LYS 621 A CYS 622 A ASP 623 A ARG 624 A THR 680 A SER 681 A SER 682 A THR 687 A ALA 688 A ASN 691 A SER 759 A ASP 760 A ASP 761 A LYS 798 A GLU 811 A CYS 813 A SER 814
011 |         000007.0020 | 00000007369974.0000 | A HIS 439 A ASP 452 A TYR 455 A LYS 545 A SER 549 A ALA 550 A LYS 551 A ARG 553 A ARG 555 A THR 556 A VAL 557 A LYS 621 A CYS 622 A ASP 623 A ARG 624 A THR 680 A SER 682 A GLY 683 A THR 687 A ALA 688 A ASN 691 A SER 759 A ASP 760 A SER 814 A ARG 836
012 |         000006.9590 | 00000007924746.0000 | A HIS 439 A ASP 452 A TYR 455 A ALA 547 A ILE 548 A SER 549 A ALA 550 A LYS 551 A ARG 553 A ARG 555 A THR 556 A VAL 557 A TRP 617 A ASP 618 A LYS 621 A ASP 623 A ARG 624 A THR 680 A SER 681 A SER 682 A THR 687 A ASN 691 A ASP 760 A ASP 761 A ALA 762 A LYS 798 A CYS 799 A TRP 800 A GLU 811 A CYS 813 A SER 814 A ARG 836
013 |         000006.9500 | 00000008046045.0000 | A ILE 548 A SER 549 A ALA 550 A LYS 551 A ARG 553 A ARG 555 A TRP 617 A ASP 618 A TYR 619 A PRO 620 A LYS 621 A CYS 622 A ASP 623 A THR 680 A SER 681 A SER 682 A THR 687 A ASN 691 A LEU 758 A SER 759 A ASP 760 A ASP 761 A ALA 762 A GLU 811 A CYS 813 A SER 814 A ARG 836
014 |         000006.9210 | 00000008449670.0000 | A HIS 439 A ILE 548 A SER 549 A ALA 550 A LYS 551 A ARG 553 A ARG 555 A GLY 616 A TRP 617 A ASP 618 A LYS 621 A CYS 622 A ASP 623 A ARG 624 A SER 682 A ASP 684 A THR 687 A ALA 688 A ASN 691 A LEU 758 A SER 759 A ASP 760 A ASP 761 A ALA 762 A LYS 798 A TRP 800 A GLU 811 A CYS 813 A SER 814 A ARG 836
015 |         000006.9190 | 00000008478241.0000 | A ILE 548 A SER 549 A ALA 550 A LYS 551 A ARG 553 A ARG 555 A THR 556 A TRP 617 A ASP 618 A TYR 619 A PRO 620 A LYS 621 A CYS 622 A ASP 623 A ARG 624 A THR 680 A SER 681 A SER 682 A THR 687 A ASN 691 A LEU 758 A SER 759 A ASP 760 A ASP 761 A ALA 762 A ALA 797 A LYS 798 A CYS 799 A TRP 800 A HIS 810 A GLU 811 A CYS 813 A SER 814 A ARG 836
016 |         000006.9060 | 00000008666323.0000 | A HIS 439 A ILE 548 A SER 549 A ALA 550 A LYS 551 A ARG 553 A ARG 555 A GLY 616 A TRP 617 A ASP 618 A TYR 619 A PRO 620 A LYS 621 A CYS 622 A ASP 623 A ASP 760 A ASP 761 A ALA 797 A LYS 798 A CYS 799 A TRP 800 A GLU 811 A SER 814 A ASP 833 A ARG 836
017 |         000006.9060 | 00000008666323.0000 | A TYR 455 A LYS 545 A SER 549 A ARG 553 A ARG 555 A ILE 589 A GLY 590 A TYR 619 A LYS 621 A CYS 622 A ASP 623 A ARG 624 A THR 680 A SER 681 A SER 682 A ASP 684 A ALA 685 A THR 687 A ALA 688 A ASN 691 A LEU 758 A SER 759 A ASP 760 A ASP 761 A CYS 813 A SER 814
018 |         000006.9010 | 00000008739768.0000 | A HIS 439 A ASP 452 A TYR 455 A ILE 548 A SER 549 A ALA 550 A LYS 551 A ARG 553 A ARG 555 A GLY 616 A TRP 617 A ASP 618 A TYR 619 A PRO 620 A LYS 621 A ASP 623 A ARG 624 A ASP 760 A ASP 761 A ALA 762 A ALA 797 A LYS 798 A CYS 799 A TRP 800 A HIS 810 A GLU 811 A PHE 812 A CYS 813 A SER 814 A GLN 815 A HIS 816 A ASP 833 A ARG 836
019 |         000006.8750 | 00000009131838.0000 | A HIS 439 A TYR 455 A ILE 548 A SER 549 A ALA 550 A LYS 551 A ARG 553 A ARG 555 A TRP 617 A ASP 618 A TYR 619 A LYS 621 A CYS 622 A ASP 623 A ARG 624 A THR 680 A SER 681 A SER 682 A THR 687 A ASN 691 A LEU 758 A SER 759 A ASP 760 A ASP 761 A ALA 762 A LYS 798 A CYS 799 A TRP 800 A HIS 810 A GLU 811 A PHE 812 A CYS 813 A SER 814 A ARG 836
020 |         000006.8750 | 00000009131838.0000 | A HIS 439 A TYR 455 A ALA 550 A LYS 551 A ARG 553 A TRP 617 A ASP 618 A TYR 619 A PRO 620 A LYS 621 A CYS 622 A ASP 623 A ARG 624 A ASN 691 A LEU 758 A SER 759 A ASP 760 A ASP 761 A ALA 762 A LYS 798 A CYS 799 A TRP 800 A HIS 810 A GLU 811 A PHE 812 A CYS 813 A SER 814 A HIS 816 A ASP 833 A ARG 836
021 |         000006.8700 | 00000009209228.0000 | A HIS 439 A ASP 452 A TYR 455 A ILE 548 A SER 549 A ALA 550 A LYS 551 A ARG 553 A ARG 555 A THR 556 A TRP 617 A ASP 618 A TYR 619 A PRO 620 A LYS 621 A ASP 623 A ARG 624 A THR 680 A SER 682 A THR 687 A ALA 688 A ASN 691 A SER 759 A ASP 760 A ASP 761 A ALA 762 A LYS 798 A CYS 799 A TRP 800 A HIS 810 A GLU 811 A SER 814 A ASP 833 A ARG 836
022 |         000006.8430 | 00000009638612.0000 | A HIS 439 A ILE 548 A SER 549 A ALA 550 A LYS 551 A ARG 553 A ARG 555 A GLY 616 A TRP 617 A ASP 618 A TYR 619 A LYS 621 A CYS 622 A ASP 623 A ARG 624 A THR 680 A SER 681 A SER 682 A THR 687 A ALA 688 A ASN 691 A SER 759 A ASP 760 A ASP 761 A LYS 798 A CYS 799 A TRP 800 A GLU 811 A CYS 813 A SER 814 A ARG 836
023 |         000006.8030 | 00000010311809.0000 | A HIS 439 A LYS 545 A ILE 548 A SER 549 A ALA 550 A LYS 551 A ARG 553 A ARG 555 A THR 556 A TRP 617 A ASP 618 A TYR 619 A PRO 620 A LYS 621 A CYS 622 A ASP 623 A ARG 624 A SER 682 A LEU 758 A SER 759 A ASP 760 A ASP 761 A ALA 762 A GLU 811 A CYS 813 A SER 814 A ARG 836
024 |         000006.7690 | 00000010920869.0000 | A HIS 439 A TYR 455 A TYR 456 A SER 549 A ALA 550 A LYS 551 A ARG 553 A ARG 555 A THR 556 A TRP 617 A ASP 618 A TYR 619 A PRO 620 A LYS 621 A CYS 622 A ASP 623 A ARG 624 A THR 680 A SER 681 A SER 682 A THR 687 A ASN 691 A ASP 760 A ASP 761 A ALA 797 A LYS 798 A CYS 799 A TRP 800 A GLU 811 A CYS 813 A SER 814 A ARG 836
025 |         000006.7470 | 00000011334006.0000 | A HIS 439 A LYS 545 A ALA 547 A ILE 548 A SER 549 A ALA 550 A LYS 551 A ARG 553 A ARG 555 A THR 556 A VAL 557 A ASP 618 A CYS 622 A ASP 623 A ARG 624 A THR 680 A SER 681 A SER 682 A THR 687 A ALA 688 A ASN 691 A LEU 758 A SER 759 A ASP 760 A ASP 761 A LYS 798 A CYS 799 A TRP 800 A HIS 810 A GLU 811 A PHE 812 A CYS 813 A SER 814 A ARG 836

After clustering the 25 runs, the following 19 distinct complex conformations were found:
[They all differ by at least 5.0 A heavy atom RMSD after superposing on the receptor]

Clu |Bind.energy[kcal/mol]|Dissoc. constant [pM]| Contacting receptor residues
----+---------------------+---------------------+-----------------------------
001 |         000007.4890 | 00000003239591.2500 | A HIS 439 A TYR 456 A MET 542 A ILE 548 A SER 549 A ALA 550 A LYS 551 A ARG 553 A ARG 555 A THR 556 A GLY 616 A TRP 617 A ASP 618 A PRO 620 A LYS 621 A CYS 622 A ASP 623 A ARG 624 A THR 680 A SER 681 A SER 682 A THR 687 A ALA 688 A ASN 691 A SER 759 A ASP 760 A ASP 761 A LYS 798 A CYS 799 A TRP 800 A GLU 811 A CYS 813 A SER 814 A ARG 836
002 |         000007.2330 | 00000004990461.5000 | A HIS 439 A LYS 545 A ILE 548 A SER 549 A ALA 550 A LYS 551 A ARG 553 A ALA 554 A ARG 555 A THR 556 A VAL 557 A TRP 617 A ASP 618 A TYR 619 A ASP 623 A ARG 624 A SER 682 A ASP 684 A THR 687 A ALA 688 A ASN 691 A LEU 758 A SER 759 A ASP 760 A ASP 761 A ALA 762 A LYS 798 A CYS 799 A TRP 800 A HIS 810 A GLU 811 A PHE 812 A CYS 813 A SER 814 A ARG 836
003 |         000007.1240 | 00000005998446.0000 | A LYS 545 A ILE 548 A SER 549 A ALA 550 A LYS 551 A ARG 553 A ARG 555 A GLY 616 A TRP 617 A ASP 618 A TYR 619 A PRO 620 A LYS 621 A CYS 622 A ASP 623 A THR 680 A SER 682 A ASP 684 A THR 687 A ALA 688 A ASN 691 A LEU 758 A SER 759 A ASP 760 A ASP 761 A ALA 762 A LYS 798 A TRP 800 A GLU 811 A PHE 812 A CYS 813 A SER 814
004 |         000007.1110 | 00000006131516.5000 | A ASP 452 A TYR 455 A ALA 547 A ILE 548 A SER 549 A ALA 550 A LYS 551 A ARG 553 A ARG 555 A THR 556 A TRP 617 A ASP 618 A TYR 619 A LYS 621 A CYS 622 A ASP 623 A ARG 624 A THR 680 A SER 681 A SER 682 A ASN 691 A LEU 758 A SER 759 A ASP 760 A ASP 761 A ALA 762 A GLU 811 A CYS 813 A SER 814 A ARG 836
005 |         000007.0490 | 00000006807920.5000 | A ASP 452 A TYR 455 A ILE 548 A SER 549 A ALA 550 A LYS 551 A ARG 553 A ARG 555 A THR 556 A TRP 617 A ASP 618 A TYR 619 A PRO 620 A LYS 621 A CYS 622 A ASP 623 A ARG 624 A THR 680 A SER 681 A SER 682 A THR 687 A ALA 688 A ASN 691 A SER 759 A ASP 760 A ASP 761 A LYS 798 A GLU 811 A CYS 813 A SER 814
006 |         000007.0020 | 00000007369974.0000 | A HIS 439 A ASP 452 A TYR 455 A LYS 545 A SER 549 A ALA 550 A LYS 551 A ARG 553 A ARG 555 A THR 556 A VAL 557 A LYS 621 A CYS 622 A ASP 623 A ARG 624 A THR 680 A SER 682 A GLY 683 A THR 687 A ALA 688 A ASN 691 A SER 759 A ASP 760 A SER 814 A ARG 836
007 |         000006.9590 | 00000007924746.0000 | A HIS 439 A ASP 452 A TYR 455 A ALA 547 A ILE 548 A SER 549 A ALA 550 A LYS 551 A ARG 553 A ARG 555 A THR 556 A VAL 557 A TRP 617 A ASP 618 A LYS 621 A ASP 623 A ARG 624 A THR 680 A SER 681 A SER 682 A THR 687 A ASN 691 A ASP 760 A ASP 761 A ALA 762 A LYS 798 A CYS 799 A TRP 800 A GLU 811 A CYS 813 A SER 814 A ARG 836
008 |         000006.9500 | 00000008046045.0000 | A ILE 548 A SER 549 A ALA 550 A LYS 551 A ARG 553 A ARG 555 A TRP 617 A ASP 618 A TYR 619 A PRO 620 A LYS 621 A CYS 622 A ASP 623 A THR 680 A SER 681 A SER 682 A THR 687 A ASN 691 A LEU 758 A SER 759 A ASP 760 A ASP 761 A ALA 762 A GLU 811 A CYS 813 A SER 814 A ARG 836
009 |         000006.9210 | 00000008449670.0000 | A HIS 439 A ILE 548 A SER 549 A ALA 550 A LYS 551 A ARG 553 A ARG 555 A GLY 616 A TRP 617 A ASP 618 A LYS 621 A CYS 622 A ASP 623 A ARG 624 A SER 682 A ASP 684 A THR 687 A ALA 688 A ASN 691 A LEU 758 A SER 759 A ASP 760 A ASP 761 A ALA 762 A LYS 798 A TRP 800 A GLU 811 A CYS 813 A SER 814 A ARG 836
010 |         000006.9190 | 00000008478241.0000 | A ILE 548 A SER 549 A ALA 550 A LYS 551 A ARG 553 A ARG 555 A THR 556 A TRP 617 A ASP 618 A TYR 619 A PRO 620 A LYS 621 A CYS 622 A ASP 623 A ARG 624 A THR 680 A SER 681 A SER 682 A THR 687 A ASN 691 A LEU 758 A SER 759 A ASP 760 A ASP 761 A ALA 762 A ALA 797 A LYS 798 A CYS 799 A TRP 800 A HIS 810 A GLU 811 A CYS 813 A SER 814 A ARG 836
011 |         000006.9060 | 00000008666323.0000 | A HIS 439 A ILE 548 A SER 549 A ALA 550 A LYS 551 A ARG 553 A ARG 555 A GLY 616 A TRP 617 A ASP 618 A TYR 619 A PRO 620 A LYS 621 A CYS 622 A ASP 623 A ASP 760 A ASP 761 A ALA 797 A LYS 798 A CYS 799 A TRP 800 A GLU 811 A SER 814 A ASP 833 A ARG 836
012 |         000006.9060 | 00000008666323.0000 | A TYR 455 A LYS 545 A SER 549 A ARG 553 A ARG 555 A ILE 589 A GLY 590 A TYR 619 A LYS 621 A CYS 622 A ASP 623 A ARG 624 A THR 680 A SER 681 A SER 682 A ASP 684 A ALA 685 A THR 687 A ALA 688 A ASN 691 A LEU 758 A SER 759 A ASP 760 A ASP 761 A CYS 813 A SER 814
013 |         000006.9010 | 00000008739768.0000 | A HIS 439 A ASP 452 A TYR 455 A ILE 548 A SER 549 A ALA 550 A LYS 551 A ARG 553 A ARG 555 A GLY 616 A TRP 617 A ASP 618 A TYR 619 A PRO 620 A LYS 621 A ASP 623 A ARG 624 A ASP 760 A ASP 761 A ALA 762 A ALA 797 A LYS 798 A CYS 799 A TRP 800 A HIS 810 A GLU 811 A PHE 812 A CYS 813 A SER 814 A GLN 815 A HIS 816 A ASP 833 A ARG 836
014 |         000006.8750 | 00000009131838.0000 | A HIS 439 A TYR 455 A ILE 548 A SER 549 A ALA 550 A LYS 551 A ARG 553 A ARG 555 A TRP 617 A ASP 618 A TYR 619 A LYS 621 A CYS 622 A ASP 623 A ARG 624 A THR 680 A SER 681 A SER 682 A THR 687 A ASN 691 A LEU 758 A SER 759 A ASP 760 A ASP 761 A ALA 762 A LYS 798 A CYS 799 A TRP 800 A HIS 810 A GLU 811 A PHE 812 A CYS 813 A SER 814 A ARG 836
015 |         000006.8750 | 00000009131838.0000 | A HIS 439 A TYR 455 A ALA 550 A LYS 551 A ARG 553 A TRP 617 A ASP 618 A TYR 619 A PRO 620 A LYS 621 A CYS 622 A ASP 623 A ARG 624 A ASN 691 A LEU 758 A SER 759 A ASP 760 A ASP 761 A ALA 762 A LYS 798 A CYS 799 A TRP 800 A HIS 810 A GLU 811 A PHE 812 A CYS 813 A SER 814 A HIS 816 A ASP 833 A ARG 836
016 |         000006.8700 | 00000009209228.0000 | A HIS 439 A ASP 452 A TYR 455 A ILE 548 A SER 549 A ALA 550 A LYS 551 A ARG 553 A ARG 555 A THR 556 A TRP 617 A ASP 618 A TYR 619 A PRO 620 A LYS 621 A ASP 623 A ARG 624 A THR 680 A SER 682 A THR 687 A ALA 688 A ASN 691 A SER 759 A ASP 760 A ASP 761 A ALA 762 A LYS 798 A CYS 799 A TRP 800 A HIS 810 A GLU 811 A SER 814 A ASP 833 A ARG 836
017 |         000006.8430 | 00000009638612.0000 | A HIS 439 A ILE 548 A SER 549 A ALA 550 A LYS 551 A ARG 553 A ARG 555 A GLY 616 A TRP 617 A ASP 618 A TYR 619 A LYS 621 A CYS 622 A ASP 623 A ARG 624 A THR 680 A SER 681 A SER 682 A THR 687 A ALA 688 A ASN 691 A SER 759 A ASP 760 A ASP 761 A LYS 798 A CYS 799 A TRP 800 A GLU 811 A CYS 813 A SER 814 A ARG 836
018 |         000006.8030 | 00000010311809.0000 | A HIS 439 A LYS 545 A ILE 548 A SER 549 A ALA 550 A LYS 551 A ARG 553 A ARG 555 A THR 556 A TRP 617 A ASP 618 A TYR 619 A PRO 620 A LYS 621 A CYS 622 A ASP 623 A ARG 624 A SER 682 A LEU 758 A SER 759 A ASP 760 A ASP 761 A ALA 762 A GLU 811 A CYS 813 A SER 814 A ARG 836
019 |         000006.7470 | 00000011334006.0000 | A HIS 439 A LYS 545 A ALA 547 A ILE 548 A SER 549 A ALA 550 A LYS 551 A ARG 553 A ARG 555 A THR 556 A VAL 557 A ASP 618 A CYS 622 A ASP 623 A ARG 624 A THR 680 A SER 681 A SER 682 A THR 687 A ALA 688 A ASN 691 A LEU 758 A SER 759 A ASP 760 A ASP 761 A LYS 798 A CYS 799 A TRP 800 A HIS 810 A GLU 811 A PHE 812 A CYS 813 A SER 814 A ARG 836

While the table above lists the best binding energy in each cluster, it is sometimes
helpful to also look at the energy spread [average and standard deviation], the
dissociation constant has been recalculated from the average binding energy:

Clu |Members|Bind.energy spread [kcal/mol]|Dissoc. constant [pM]
----+-------+-----------------------------+---------------------
001 |  001  |    000007.4890+-000000.0000 | 00000003239837.5310
002 |  001  |    000007.2330+-000000.0000 | 00000004990828.2668
003 |  001  |    000007.1240+-000000.0000 | 00000005998877.7014
004 |  002  |    000006.9400+-000000.1710 | 00000008183573.7230
005 |  001  |    000007.0490+-000000.0000 | 00000006808408.6880
006 |  001  |    000007.0020+-000000.0000 | 00000007370497.7372
007 |  001  |    000006.9590+-000000.0000 | 00000007925302.7026
008 |  001  |    000006.9500+-000000.0000 | 00000008046613.2435
009 |  001  |    000006.9210+-000000.0000 | 00000008450261.3204
010 |  001  |    000006.9190+-000000.0000 | 00000008478832.2672
011 |  001  |    000006.9060+-000000.0000 | 00000008666926.6594
012 |  001  |    000006.9060+-000000.0000 | 00000008666926.6594
013 |  001  |    000006.9010+-000000.0000 | 00000008740378.3386
014 |  001  |    000006.8750+-000000.0000 | 00000009132472.7976
015 |  001  |    000006.8750+-000000.0000 | 00000009132472.7976
016 |  001  |    000006.8700+-000000.0000 | 00000009209869.9522
017 |  001  |    000006.8430+-000000.0000 | 00000009639280.2102
018 |  001  |    000006.8030+-000000.0000 | 00000010312519.6785
019 |  001  |    000006.7470+-000000.0000 | 00000011334775.1549

The results of the 25 runs have been combined in a single scene at C:\Users\Hp\Desktop\PNA-CPP-2- PNA-dk2 docking in cavity 1\dock.sce
The 19 clusters have been saved as:
C:\Users\Hp\Desktop\PNA-CPP-2- PNA-dk2 docking in cavity 1\dock_001.yob
C:\Users\Hp\Desktop\PNA-CPP-2- PNA-dk2 docking in cavity 1\dock_002.yob
C:\Users\Hp\Desktop\PNA-CPP-2- PNA-dk2 docking in cavity 1\dock_003.yob
C:\Users\Hp\Desktop\PNA-CPP-2- PNA-dk2 docking in cavity 1\dock_004.yob
C:\Users\Hp\Desktop\PNA-CPP-2- PNA-dk2 docking in cavity 1\dock_005.yob
C:\Users\Hp\Desktop\PNA-CPP-2- PNA-dk2 docking in cavity 1\dock_006.yob
C:\Users\Hp\Desktop\PNA-CPP-2- PNA-dk2 docking in cavity 1\dock_007.yob
C:\Users\Hp\Desktop\PNA-CPP-2- PNA-dk2 docking in cavity 1\dock_008.yob
C:\Users\Hp\Desktop\PNA-CPP-2- PNA-dk2 docking in cavity 1\dock_009.yob
C:\Users\Hp\Desktop\PNA-CPP-2- PNA-dk2 docking in cavity 1\dock_010.yob
C:\Users\Hp\Desktop\PNA-CPP-2- PNA-dk2 docking in cavity 1\dock_011.yob
C:\Users\Hp\Desktop\PNA-CPP-2- PNA-dk2 docking in cavity 1\dock_012.yob
C:\Users\Hp\Desktop\PNA-CPP-2- PNA-dk2 docking in cavity 1\dock_013.yob
C:\Users\Hp\Desktop\PNA-CPP-2- PNA-dk2 docking in cavity 1\dock_014.yob
C:\Users\Hp\Desktop\PNA-CPP-2- PNA-dk2 docking in cavity 1\dock_015.yob
C:\Users\Hp\Desktop\PNA-CPP-2- PNA-dk2 docking in cavity 1\dock_016.yob
C:\Users\Hp\Desktop\PNA-CPP-2- PNA-dk2 docking in cavity 1\dock_017.yob
C:\Users\Hp\Desktop\PNA-CPP-2- PNA-dk2 docking in cavity 1\dock_018.yob
C:\Users\Hp\Desktop\PNA-CPP-2- PNA-dk2 docking in cavity 1\dock_019.yob
