Global docking result analysis
==============================

25 VINA docking runs of the ligand object 3 to the receptor object 1 yielded the following results,
sorted by binding energy [more positive energies indicate stronger binding, and negative energies mean no binding]

Run |Bind.energy[kcal/mol]|Dissoc. constant [pM]| Contacting receptor residues
----+---------------------+---------------------+-----------------------------
001 |         000008.3010 | 00000000822784.9375 | A LEU 245 A THR 246 A ARG 249 A ALA 250 A LEU 251 A THR 252 A SER 255 A TYR 265 A ILE 266 A LYS 267 A TRP 268 A LEU 270 A LEU 271 A LYS 272 A TYR 273 A LEU 316 A THR 319 A VAL 320 A PHE 321 A PRO 322 A PRO 323 A THR 324 A SER 325 A PHE 326 A GLY 327 A PRO 328 A LEU 329 A VAL 330 A ARG 331 A SER 343 A ARG 349 A PRO 378 A ALA 379 A ALA 382 A ALA 383 A GLY 385 A ASN 386 A LEU 387 A LEU 388 A LEU 389 A ASP 390 A LYS 391 A THR 393 A THR 394 A CYS 395 A PHE 396 A SER 397 A VAL 398 A ALA 399 A ARG 457 A LEU 460 A PRO 461 A MET 666 A LEU 673 A TYR 674 A VAL 675 A PRO 677
002 |         000008.3010 | 00000000822784.9375 | A LEU 245 A THR 246 A ARG 249 A ALA 250 A LEU 251 A THR 252 A SER 255 A TYR 265 A ILE 266 A LYS 267 A TRP 268 A LEU 270 A LEU 271 A LYS 272 A TYR 273 A LEU 316 A THR 319 A VAL 320 A PHE 321 A PRO 322 A PRO 323 A THR 324 A SER 325 A PHE 326 A GLY 327 A PRO 328 A LEU 329 A VAL 330 A ARG 331 A SER 343 A ARG 349 A PRO 378 A ALA 379 A ALA 382 A ALA 383 A GLY 385 A ASN 386 A LEU 387 A LEU 388 A LEU 389 A ASP 390 A LYS 391 A THR 393 A THR 394 A CYS 395 A PHE 396 A SER 397 A VAL 398 A ALA 399 A ARG 457 A LEU 460 A PRO 461 A MET 666 A LEU 673 A TYR 674 A VAL 675 A PRO 677
003 |         000008.2560 | 00000000887711.3125 | A PRO 169 A LEU 172 A ARG 173 A ALA 176 A LEU 245 A THR 246 A ARG 249 A ALA 250 A LEU 251 A THR 252 A SER 255 A TYR 265 A TRP 268 A ASN 314 A VAL 315 A LEU 316 A SER 318 A THR 319 A VAL 320 A PHE 321 A PRO 322 A PRO 323 A PHE 326 A ARG 349 A GLU 350 A LYS 391 A THR 393 A THR 394 A CYS 395 A PHE 396 A SER 397 A TYR 456 A ARG 457 A TYR 458 A ASN 459 A LEU 460 A PRO 461 A THR 462 A ASN 628 A VAL 675 A PRO 677
004 |         000008.2560 | 00000000887711.3125 | A PRO 169 A LEU 172 A ARG 173 A ALA 176 A LEU 245 A THR 246 A ARG 249 A ALA 250 A LEU 251 A THR 252 A SER 255 A TYR 265 A TRP 268 A ASN 314 A VAL 315 A LEU 316 A SER 318 A THR 319 A VAL 320 A PHE 321 A PRO 322 A PRO 323 A PHE 326 A ARG 349 A GLU 350 A LYS 391 A THR 393 A THR 394 A CYS 395 A PHE 396 A SER 397 A TYR 456 A ARG 457 A TYR 458 A ASN 459 A LEU 460 A PRO 461 A THR 462 A ASN 628 A VAL 675 A PRO 677
005 |         000008.2530 | 00000000892217.6250 | A PRO 169 A ASP 170 A LEU 172 A ARG 173 A ALA 176 A ASN 177 A GLU 180 A ARG 181 A THR 246 A LEU 247 A ARG 249 A LEU 251 A THR 252 A GLU 254 A SER 255 A LEU 261 A TYR 265 A ILE 266 A LYS 267 A TRP 268 A LEU 270 A SER 318 A THR 319 A VAL 320 A PHE 321 A PRO 322 A PRO 323 A THR 324 A ARG 349 A LEU 387 A LEU 388 A LEU 389 A ASP 390 A THR 394 A CYS 395 A PHE 396 A SER 397 A ARG 457 A ASN 459 A LEU 460 A PRO 461 A PRO 677
006 |         000008.2530 | 00000000892217.6250 | A PRO 169 A ASP 170 A LEU 172 A ARG 173 A ALA 176 A ASN 177 A GLU 180 A ARG 181 A THR 246 A LEU 247 A ARG 249 A LEU 251 A THR 252 A GLU 254 A SER 255 A LEU 261 A TYR 265 A ILE 266 A LYS 267 A TRP 268 A LEU 270 A SER 318 A THR 319 A VAL 320 A PHE 321 A PRO 322 A PRO 323 A THR 324 A ARG 349 A LEU 387 A LEU 388 A LEU 389 A ASP 390 A THR 394 A CYS 395 A PHE 396 A SER 397 A ARG 457 A ASN 459 A LEU 460 A PRO 461 A PRO 677
007 |         000008.2520 | 00000000893724.7500 | A PRO 169 A ASP 170 A LEU 172 A ARG 173 A ALA 176 A ASN 177 A LEU 245 A THR 246 A ARG 249 A ALA 250 A LEU 251 A THR 252 A SER 255 A HIS 256 A LEU 261 A TYR 265 A ILE 266 A LYS 267 A TRP 268 A LEU 316 A SER 318 A THR 319 A VAL 320 A PHE 321 A PRO 322 A PRO 323 A PHE 326 A GLY 327 A PRO 328 A TYR 346 A ARG 349 A ASP 390 A LYS 391 A THR 393 A THR 394 A CYS 395 A PHE 396 A SER 397 A TYR 456 A ARG 457 A ASN 459 A LEU 460 A PRO 461 A ASN 628 A SER 664 A GLU 665 A MET 666 A VAL 675 A LYS 676 A PRO 677
008 |         000008.2520 | 00000000893724.7500 | A PRO 169 A ASP 170 A LEU 172 A ARG 173 A ALA 176 A ASN 177 A LEU 245 A THR 246 A ARG 249 A ALA 250 A LEU 251 A THR 252 A SER 255 A HIS 256 A LEU 261 A TYR 265 A ILE 266 A LYS 267 A TRP 268 A LEU 316 A SER 318 A THR 319 A VAL 320 A PHE 321 A PRO 322 A PRO 323 A PHE 326 A GLY 327 A PRO 328 A TYR 346 A ARG 349 A ASP 390 A LYS 391 A THR 393 A THR 394 A CYS 395 A PHE 396 A SER 397 A TYR 456 A ARG 457 A ASN 459 A LEU 460 A PRO 461 A ASN 628 A SER 664 A GLU 665 A MET 666 A VAL 675 A LYS 676 A PRO 677
009 |         000008.2290 | 00000000929101.1875 | A PHE 165 A VAL 166 A PRO 169 A ASP 170 A LEU 172 A ARG 173 A ALA 176 A ASN 177 A THR 246 A LEU 247 A ARG 249 A LEU 251 A THR 252 A SER 255 A LEU 261 A TYR 265 A ILE 266 A LYS 267 A TRP 268 A THR 319 A VAL 320 A PHE 321 A PRO 322 A PRO 323 A THR 324 A LEU 387 A LEU 388 A LEU 389 A ASP 390 A LYS 391 A THR 393 A THR 394 A CYS 395 A PHE 396 A SER 397 A TYR 456 A ARG 457 A TYR 458 A ASN 459 A LEU 460 A PRO 461 A PRO 677 A ASN 791 A VAL 792
010 |         000008.2290 | 00000000929101.1875 | A PHE 165 A VAL 166 A PRO 169 A ASP 170 A LEU 172 A ARG 173 A ALA 176 A ASN 177 A THR 246 A LEU 247 A ARG 249 A LEU 251 A THR 252 A SER 255 A LEU 261 A TYR 265 A ILE 266 A LYS 267 A TRP 268 A THR 319 A VAL 320 A PHE 321 A PRO 322 A PRO 323 A THR 324 A LEU 387 A LEU 388 A LEU 389 A ASP 390 A LYS 391 A THR 393 A THR 394 A CYS 395 A PHE 396 A SER 397 A TYR 456 A ARG 457 A TYR 458 A ASN 459 A LEU 460 A PRO 461 A PRO 677 A ASN 791 A VAL 792
011 |         000008.2180 | 00000000946512.0000 | A PRO 169 A ASP 170 A LEU 172 A ARG 173 A THR 246 A LEU 247 A ARG 249 A LEU 251 A THR 252 A SER 255 A TYR 265 A TRP 268 A THR 319 A VAL 320 A PHE 321 A PRO 322 A PRO 323 A THR 324 A ARG 349 A ALA 382 A LEU 387 A LEU 388 A LEU 389 A ASP 390 A LYS 391 A THR 393 A THR 394 A CYS 395 A PHE 396 A SER 397 A VAL 398 A ALA 399 A ARG 457 A ASN 459 A LEU 460 A PRO 461 A VAL 675 A PRO 677
012 |         000008.1860 | 00000000999039.0000 | A PRO 169 A LEU 172 A ARG 173 A ALA 176 A ASN 177 A ARG 249 A THR 252 A SER 255 A LEU 261 A TYR 265 A ILE 266 A LYS 267 A TRP 268 A LEU 270 A VAL 315 A SER 318 A THR 319 A VAL 320 A PHE 321 A PRO 322 A PRO 323 A THR 324 A ARG 349 A GLU 350 A LEU 389 A ASP 390 A LYS 391 A THR 393 A THR 394 A CYS 395 A PHE 396 A SER 397 A TYR 456 A ARG 457 A ASN 459 A LEU 460 A PRO 461 A ASN 628 A VAL 675 A PRO 677
013 |         000008.1750 | 00000001017760.3750 | A PRO 169 A ASP 170 A LEU 172 A ARG 173 A LEU 245 A THR 246 A ARG 249 A ALA 250 A LEU 251 A THR 252 A SER 255 A TYR 265 A VAL 315 A LEU 316 A SER 318 A THR 319 A VAL 320 A PHE 321 A PRO 322 A PRO 323 A THR 324 A PHE 326 A ARG 349 A GLU 350 A LEU 387 A LEU 388 A LEU 389 A LYS 391 A THR 393 A THR 394 A CYS 395 A PHE 396 A SER 397 A VAL 398 A TYR 456 A ARG 457 A ASN 459 A LEU 460 A PRO 461 A THR 462 A ASN 628 A VAL 675 A PRO 677
014 |         000008.1660 | 00000001033338.5625 | A LEU 172 A ARG 173 A THR 246 A ARG 249 A LEU 251 A THR 252 A SER 255 A TYR 265 A ILE 266 A LYS 267 A TRP 268 A VAL 315 A LEU 316 A SER 318 A THR 319 A VAL 320 A PHE 321 A PRO 322 A PRO 323 A THR 324 A ARG 349 A GLU 350 A LEU 387 A LEU 388 A LEU 389 A ASP 390 A LYS 391 A THR 393 A THR 394 A CYS 395 A PHE 396 A SER 397 A TYR 456 A ARG 457 A ASN 459 A LEU 460 A PRO 461 A ASN 628 A VAL 675 A PRO 677
015 |         000008.1390 | 00000001081518.3750 | A TYR 149 A ASN 150 A CYS 151 A CYS 152 A PRO 169 A LEU 172 A ARG 173 A ALA 176 A ASN 177 A LEU 178 A GLY 179 A GLU 180 A ARG 181 A THR 246 A LEU 247 A ARG 249 A THR 252 A SER 255 A HIS 256 A LEU 261 A THR 262 A TYR 265 A ILE 266 A LYS 267 A TRP 268 A THR 319 A VAL 320 A PHE 321 A PRO 322 A PRO 323 A PHE 326 A ARG 349 A THR 394 A CYS 395 A PHE 396 A TYR 456 A ARG 457 A TYR 458 A ASN 459 A LEU 460 A PRO 461 A VAL 675 A PRO 677
016 |         000008.1170 | 00000001122432.1250 | A PRO 169 A ASP 170 A LEU 172 A ARG 173 A ALA 176 A ASN 177 A LEU 245 A THR 246 A ARG 249 A ALA 250 A LEU 251 A THR 252 A SER 255 A HIS 256 A LEU 261 A TYR 265 A ILE 266 A LYS 267 A TRP 268 A LEU 316 A THR 319 A VAL 320 A PHE 321 A PRO 322 A PRO 323 A THR 324 A ARG 349 A LEU 387 A LEU 388 A LEU 389 A LYS 391 A THR 394 A CYS 395 A PHE 396 A SER 397 A VAL 398 A TYR 456 A ARG 457 A ASN 459 A LEU 460 A PRO 461 A VAL 675 A PRO 677
017 |         000008.1040 | 00000001147332.3750 | A PRO 169 A ASP 170 A LEU 172 A ARG 173 A ALA 176 A ASN 177 A GLY 179 A THR 246 A ARG 249 A LEU 251 A THR 252 A SER 255 A LEU 261 A TYR 265 A ILE 266 A LYS 267 A TRP 268 A VAL 315 A LEU 316 A SER 318 A THR 319 A VAL 320 A PHE 321 A PRO 322 A PRO 323 A THR 324 A PHE 326 A ARG 349 A GLU 350 A LEU 389 A ASP 390 A LYS 391 A THR 393 A THR 394 A CYS 395 A PHE 396 A SER 397 A ASN 459 A LEU 460 A PRO 461 A THR 462 A ASN 628 A MET 629 A PRO 677
018 |         000008.0690 | 00000001217151.3750 | A LEU 172 A ARG 173 A THR 246 A LEU 247 A ARG 249 A LEU 251 A THR 252 A SER 255 A PRO 264 A TYR 265 A ILE 266 A LYS 267 A TRP 268 A THR 319 A VAL 320 A PHE 321 A PRO 322 A PRO 323 A THR 324 A ARG 349 A LEU 389 A ASP 390 A LYS 391 A THR 393 A THR 394 A CYS 395 A PHE 396 A ARG 457 A ASN 459 A LEU 460 A PRO 461 A THR 462 A ASN 628 A VAL 675 A LYS 676 A PRO 677
019 |         000008.0630 | 00000001229539.8750 | A THR 246 A ARG 249 A ALA 250 A LEU 251 A THR 252 A SER 255 A TYR 265 A ILE 266 A LYS 267 A TRP 268 A LEU 270 A LEU 271 A LYS 272 A TYR 273 A SER 318 A THR 319 A VAL 320 A PHE 321 A PRO 322 A PRO 323 A THR 324 A SER 325 A PHE 326 A PRO 328 A LEU 329 A VAL 330 A ARG 331 A THR 344 A ARG 349 A HIS 355 A ALA 379 A ALA 382 A ALA 383 A LEU 387 A LEU 388 A LEU 389 A ASP 390 A THR 393 A THR 394 A CYS 395 A PHE 396 A SER 397 A VAL 398 A TYR 456 A ARG 457 A ASN 459 A LEU 460 A PRO 461 A MET 666 A VAL 675 A PRO 677
020 |         000008.0580 | 00000001239960.0000 | A PRO 169 A ASP 170 A LEU 172 A ARG 173 A ALA 176 A THR 246 A LEU 247 A ARG 249 A THR 252 A SER 255 A HIS 256 A LEU 261 A TYR 265 A ILE 266 A LYS 267 A TRP 268 A ASP 269 A LEU 270 A VAL 315 A SER 318 A THR 319 A VAL 320 A PHE 321 A PRO 322 A PRO 323 A PHE 326 A ARG 349 A GLU 350 A LEU 388 A LEU 389 A ASP 390 A THR 393 A THR 394 A CYS 395 A PHE 396 A SER 397 A TYR 456 A ARG 457 A ASN 459 A LEU 460 A PRO 461 A THR 462 A ASN 628 A VAL 675 A PRO 677 A ASN 791
021 |         000008.0550 | 00000001246254.3750 | A PRO 169 A ASP 170 A LEU 172 A ARG 173 A ALA 176 A LEU 245 A THR 246 A ARG 249 A ALA 250 A LEU 251 A THR 252 A SER 255 A TYR 265 A ILE 266 A LYS 267 A TRP 268 A LEU 270 A LEU 316 A THR 319 A VAL 320 A PHE 321 A PRO 322 A PRO 323 A ARG 349 A LYS 391 A THR 393 A THR 394 A CYS 395 A PHE 396 A ARG 457 A ASN 459 A LEU 460 A PRO 461 A ASN 628 A VAL 675 A PRO 677
022 |         000008.0500 | 00000001256816.1250 | A PRO 169 A LEU 172 A LEU 245 A THR 246 A ARG 249 A ALA 250 A LEU 251 A THR 252 A SER 255 A TYR 265 A ILE 266 A LYS 267 A TRP 268 A LEU 270 A LEU 316 A SER 318 A THR 319 A VAL 320 A PHE 321 A PRO 322 A PRO 323 A PHE 326 A ARG 349 A LEU 389 A ASP 390 A LYS 391 A THR 393 A THR 394 A CYS 395 A PHE 396 A SER 397 A ARG 457 A TYR 458 A ASN 459 A LEU 460 A PRO 461 A ASN 628 A PRO 677
023 |         000008.0500 | 00000001256816.1250 | A PRO 169 A ASP 170 A LEU 172 A ARG 173 A ALA 176 A ASN 177 A ARG 249 A THR 252 A SER 255 A LEU 261 A TYR 265 A ILE 266 A LYS 267 A TRP 268 A THR 319 A VAL 320 A PHE 321 A PRO 322 A PRO 323 A ARG 349 A LEU 388 A LEU 389 A ASP 390 A LYS 391 A THR 393 A THR 394 A CYS 395 A PHE 396 A SER 397 A TYR 456 A ARG 457 A ASN 459 A LEU 460 A PRO 461 A VAL 675 A LYS 676 A PRO 677
024 |         000008.0220 | 00000001317637.7500 | A ARG 249 A LEU 251 A THR 252 A SER 255 A TYR 265 A ILE 266 A LYS 267 A TRP 268 A LEU 270 A LEU 271 A THR 319 A VAL 320 A PHE 321 A PRO 322 A PRO 323 A THR 324 A SER 325 A PHE 326 A GLY 327 A PRO 328 A LEU 329 A VAL 330 A VAL 341 A TYR 346 A ARG 349 A ALA 379 A ALA 382 A ALA 383 A GLY 385 A ASN 386 A LEU 387 A LEU 388 A LEU 389 A ASP 390 A LYS 391 A THR 393 A THR 394 A CYS 395 A PHE 396 A SER 397 A VAL 398 A ALA 399 A ARG 457 A ASN 459 A LEU 460 A PRO 461 A ASN 628 A SER 664 A MET 666 A VAL 675 A PRO 677
025 |         000008.0140 | 00000001335549.8750 | A LEU 172 A ARG 173 A ALA 176 A ASN 177 A LEU 245 A THR 246 A ARG 249 A ALA 250 A LEU 251 A THR 252 A SER 255 A HIS 256 A LEU 261 A TYR 265 A ILE 266 A LYS 267 A TRP 268 A LEU 270 A LEU 316 A THR 319 A VAL 320 A PHE 321 A PRO 322 A PRO 323 A THR 324 A ARG 349 A LYS 391 A THR 393 A THR 394 A CYS 395 A PHE 396 A ARG 457 A ASN 459 A LEU 460 A PRO 461 A ASN 628 A VAL 675 A PRO 677

After clustering the 25 runs, the following 19 distinct complex conformations were found:
[They all differ by at least 5.0 A heavy atom RMSD after superposing on the receptor]

Clu |Bind.energy[kcal/mol]|Dissoc. constant [pM]| Contacting receptor residues
----+---------------------+---------------------+-----------------------------
001 |         000008.3010 | 00000000822784.9375 | A LEU 245 A THR 246 A ARG 249 A ALA 250 A LEU 251 A THR 252 A SER 255 A TYR 265 A ILE 266 A LYS 267 A TRP 268 A LEU 270 A LEU 271 A LYS 272 A TYR 273 A LEU 316 A THR 319 A VAL 320 A PHE 321 A PRO 322 A PRO 323 A THR 324 A SER 325 A PHE 326 A GLY 327 A PRO 328 A LEU 329 A VAL 330 A ARG 331 A SER 343 A ARG 349 A PRO 378 A ALA 379 A ALA 382 A ALA 383 A GLY 385 A ASN 386 A LEU 387 A LEU 388 A LEU 389 A ASP 390 A LYS 391 A THR 393 A THR 394 A CYS 395 A PHE 396 A SER 397 A VAL 398 A ALA 399 A ARG 457 A LEU 460 A PRO 461 A MET 666 A LEU 673 A TYR 674 A VAL 675 A PRO 677
002 |         000008.2560 | 00000000887711.3125 | A PRO 169 A LEU 172 A ARG 173 A ALA 176 A LEU 245 A THR 246 A ARG 249 A ALA 250 A LEU 251 A THR 252 A SER 255 A TYR 265 A TRP 268 A ASN 314 A VAL 315 A LEU 316 A SER 318 A THR 319 A VAL 320 A PHE 321 A PRO 322 A PRO 323 A PHE 326 A ARG 349 A GLU 350 A LYS 391 A THR 393 A THR 394 A CYS 395 A PHE 396 A SER 397 A TYR 456 A ARG 457 A TYR 458 A ASN 459 A LEU 460 A PRO 461 A THR 462 A ASN 628 A VAL 675 A PRO 677
003 |         000008.2530 | 00000000892217.6250 | A PRO 169 A ASP 170 A LEU 172 A ARG 173 A ALA 176 A ASN 177 A GLU 180 A ARG 181 A THR 246 A LEU 247 A ARG 249 A LEU 251 A THR 252 A GLU 254 A SER 255 A LEU 261 A TYR 265 A ILE 266 A LYS 267 A TRP 268 A LEU 270 A SER 318 A THR 319 A VAL 320 A PHE 321 A PRO 322 A PRO 323 A THR 324 A ARG 349 A LEU 387 A LEU 388 A LEU 389 A ASP 390 A THR 394 A CYS 395 A PHE 396 A SER 397 A ARG 457 A ASN 459 A LEU 460 A PRO 461 A PRO 677
004 |         000008.2520 | 00000000893724.7500 | A PRO 169 A ASP 170 A LEU 172 A ARG 173 A ALA 176 A ASN 177 A LEU 245 A THR 246 A ARG 249 A ALA 250 A LEU 251 A THR 252 A SER 255 A HIS 256 A LEU 261 A TYR 265 A ILE 266 A LYS 267 A TRP 268 A LEU 316 A SER 318 A THR 319 A VAL 320 A PHE 321 A PRO 322 A PRO 323 A PHE 326 A GLY 327 A PRO 328 A TYR 346 A ARG 349 A ASP 390 A LYS 391 A THR 393 A THR 394 A CYS 395 A PHE 396 A SER 397 A TYR 456 A ARG 457 A ASN 459 A LEU 460 A PRO 461 A ASN 628 A SER 664 A GLU 665 A MET 666 A VAL 675 A LYS 676 A PRO 677
005 |         000008.2290 | 00000000929101.1875 | A PHE 165 A VAL 166 A PRO 169 A ASP 170 A LEU 172 A ARG 173 A ALA 176 A ASN 177 A THR 246 A LEU 247 A ARG 249 A LEU 251 A THR 252 A SER 255 A LEU 261 A TYR 265 A ILE 266 A LYS 267 A TRP 268 A THR 319 A VAL 320 A PHE 321 A PRO 322 A PRO 323 A THR 324 A LEU 387 A LEU 388 A LEU 389 A ASP 390 A LYS 391 A THR 393 A THR 394 A CYS 395 A PHE 396 A SER 397 A TYR 456 A ARG 457 A TYR 458 A ASN 459 A LEU 460 A PRO 461 A PRO 677 A ASN 791 A VAL 792
006 |         000008.2180 | 00000000946512.0000 | A PRO 169 A ASP 170 A LEU 172 A ARG 173 A THR 246 A LEU 247 A ARG 249 A LEU 251 A THR 252 A SER 255 A TYR 265 A TRP 268 A THR 319 A VAL 320 A PHE 321 A PRO 322 A PRO 323 A THR 324 A ARG 349 A ALA 382 A LEU 387 A LEU 388 A LEU 389 A ASP 390 A LYS 391 A THR 393 A THR 394 A CYS 395 A PHE 396 A SER 397 A VAL 398 A ALA 399 A ARG 457 A ASN 459 A LEU 460 A PRO 461 A VAL 675 A PRO 677
007 |         000008.1860 | 00000000999039.0000 | A PRO 169 A LEU 172 A ARG 173 A ALA 176 A ASN 177 A ARG 249 A THR 252 A SER 255 A LEU 261 A TYR 265 A ILE 266 A LYS 267 A TRP 268 A LEU 270 A VAL 315 A SER 318 A THR 319 A VAL 320 A PHE 321 A PRO 322 A PRO 323 A THR 324 A ARG 349 A GLU 350 A LEU 389 A ASP 390 A LYS 391 A THR 393 A THR 394 A CYS 395 A PHE 396 A SER 397 A TYR 456 A ARG 457 A ASN 459 A LEU 460 A PRO 461 A ASN 628 A VAL 675 A PRO 677
008 |         000008.1750 | 00000001017760.3750 | A PRO 169 A ASP 170 A LEU 172 A ARG 173 A LEU 245 A THR 246 A ARG 249 A ALA 250 A LEU 251 A THR 252 A SER 255 A TYR 265 A VAL 315 A LEU 316 A SER 318 A THR 319 A VAL 320 A PHE 321 A PRO 322 A PRO 323 A THR 324 A PHE 326 A ARG 349 A GLU 350 A LEU 387 A LEU 388 A LEU 389 A LYS 391 A THR 393 A THR 394 A CYS 395 A PHE 396 A SER 397 A VAL 398 A TYR 456 A ARG 457 A ASN 459 A LEU 460 A PRO 461 A THR 462 A ASN 628 A VAL 675 A PRO 677
009 |         000008.1660 | 00000001033338.5625 | A LEU 172 A ARG 173 A THR 246 A ARG 249 A LEU 251 A THR 252 A SER 255 A TYR 265 A ILE 266 A LYS 267 A TRP 268 A VAL 315 A LEU 316 A SER 318 A THR 319 A VAL 320 A PHE 321 A PRO 322 A PRO 323 A THR 324 A ARG 349 A GLU 350 A LEU 387 A LEU 388 A LEU 389 A ASP 390 A LYS 391 A THR 393 A THR 394 A CYS 395 A PHE 396 A SER 397 A TYR 456 A ARG 457 A ASN 459 A LEU 460 A PRO 461 A ASN 628 A VAL 675 A PRO 677
010 |         000008.1390 | 00000001081518.3750 | A TYR 149 A ASN 150 A CYS 151 A CYS 152 A PRO 169 A LEU 172 A ARG 173 A ALA 176 A ASN 177 A LEU 178 A GLY 179 A GLU 180 A ARG 181 A THR 246 A LEU 247 A ARG 249 A THR 252 A SER 255 A HIS 256 A LEU 261 A THR 262 A TYR 265 A ILE 266 A LYS 267 A TRP 268 A THR 319 A VAL 320 A PHE 321 A PRO 322 A PRO 323 A PHE 326 A ARG 349 A THR 394 A CYS 395 A PHE 396 A TYR 456 A ARG 457 A TYR 458 A ASN 459 A LEU 460 A PRO 461 A VAL 675 A PRO 677
011 |         000008.1170 | 00000001122432.1250 | A PRO 169 A ASP 170 A LEU 172 A ARG 173 A ALA 176 A ASN 177 A LEU 245 A THR 246 A ARG 249 A ALA 250 A LEU 251 A THR 252 A SER 255 A HIS 256 A LEU 261 A TYR 265 A ILE 266 A LYS 267 A TRP 268 A LEU 316 A THR 319 A VAL 320 A PHE 321 A PRO 322 A PRO 323 A THR 324 A ARG 349 A LEU 387 A LEU 388 A LEU 389 A LYS 391 A THR 394 A CYS 395 A PHE 396 A SER 397 A VAL 398 A TYR 456 A ARG 457 A ASN 459 A LEU 460 A PRO 461 A VAL 675 A PRO 677
012 |         000008.1040 | 00000001147332.3750 | A PRO 169 A ASP 170 A LEU 172 A ARG 173 A ALA 176 A ASN 177 A GLY 179 A THR 246 A ARG 249 A LEU 251 A THR 252 A SER 255 A LEU 261 A TYR 265 A ILE 266 A LYS 267 A TRP 268 A VAL 315 A LEU 316 A SER 318 A THR 319 A VAL 320 A PHE 321 A PRO 322 A PRO 323 A THR 324 A PHE 326 A ARG 349 A GLU 350 A LEU 389 A ASP 390 A LYS 391 A THR 393 A THR 394 A CYS 395 A PHE 396 A SER 397 A ASN 459 A LEU 460 A PRO 461 A THR 462 A ASN 628 A MET 629 A PRO 677
013 |         000008.0690 | 00000001217151.3750 | A LEU 172 A ARG 173 A THR 246 A LEU 247 A ARG 249 A LEU 251 A THR 252 A SER 255 A PRO 264 A TYR 265 A ILE 266 A LYS 267 A TRP 268 A THR 319 A VAL 320 A PHE 321 A PRO 322 A PRO 323 A THR 324 A ARG 349 A LEU 389 A ASP 390 A LYS 391 A THR 393 A THR 394 A CYS 395 A PHE 396 A ARG 457 A ASN 459 A LEU 460 A PRO 461 A THR 462 A ASN 628 A VAL 675 A LYS 676 A PRO 677
014 |         000008.0630 | 00000001229539.8750 | A THR 246 A ARG 249 A ALA 250 A LEU 251 A THR 252 A SER 255 A TYR 265 A ILE 266 A LYS 267 A TRP 268 A LEU 270 A LEU 271 A LYS 272 A TYR 273 A SER 318 A THR 319 A VAL 320 A PHE 321 A PRO 322 A PRO 323 A THR 324 A SER 325 A PHE 326 A PRO 328 A LEU 329 A VAL 330 A ARG 331 A THR 344 A ARG 349 A HIS 355 A ALA 379 A ALA 382 A ALA 383 A LEU 387 A LEU 388 A LEU 389 A ASP 390 A THR 393 A THR 394 A CYS 395 A PHE 396 A SER 397 A VAL 398 A TYR 456 A ARG 457 A ASN 459 A LEU 460 A PRO 461 A MET 666 A VAL 675 A PRO 677
015 |         000008.0580 | 00000001239960.0000 | A PRO 169 A ASP 170 A LEU 172 A ARG 173 A ALA 176 A THR 246 A LEU 247 A ARG 249 A THR 252 A SER 255 A HIS 256 A LEU 261 A TYR 265 A ILE 266 A LYS 267 A TRP 268 A ASP 269 A LEU 270 A VAL 315 A SER 318 A THR 319 A VAL 320 A PHE 321 A PRO 322 A PRO 323 A PHE 326 A ARG 349 A GLU 350 A LEU 388 A LEU 389 A ASP 390 A THR 393 A THR 394 A CYS 395 A PHE 396 A SER 397 A TYR 456 A ARG 457 A ASN 459 A LEU 460 A PRO 461 A THR 462 A ASN 628 A VAL 675 A PRO 677 A ASN 791
016 |         000008.0550 | 00000001246254.3750 | A PRO 169 A ASP 170 A LEU 172 A ARG 173 A ALA 176 A LEU 245 A THR 246 A ARG 249 A ALA 250 A LEU 251 A THR 252 A SER 255 A TYR 265 A ILE 266 A LYS 267 A TRP 268 A LEU 270 A LEU 316 A THR 319 A VAL 320 A PHE 321 A PRO 322 A PRO 323 A ARG 349 A LYS 391 A THR 393 A THR 394 A CYS 395 A PHE 396 A ARG 457 A ASN 459 A LEU 460 A PRO 461 A ASN 628 A VAL 675 A PRO 677
017 |         000008.0500 | 00000001256816.1250 | A PRO 169 A LEU 172 A LEU 245 A THR 246 A ARG 249 A ALA 250 A LEU 251 A THR 252 A SER 255 A TYR 265 A ILE 266 A LYS 267 A TRP 268 A LEU 270 A LEU 316 A SER 318 A THR 319 A VAL 320 A PHE 321 A PRO 322 A PRO 323 A PHE 326 A ARG 349 A LEU 389 A ASP 390 A LYS 391 A THR 393 A THR 394 A CYS 395 A PHE 396 A SER 397 A ARG 457 A TYR 458 A ASN 459 A LEU 460 A PRO 461 A ASN 628 A PRO 677
018 |         000008.0500 | 00000001256816.1250 | A PRO 169 A ASP 170 A LEU 172 A ARG 173 A ALA 176 A ASN 177 A ARG 249 A THR 252 A SER 255 A LEU 261 A TYR 265 A ILE 266 A LYS 267 A TRP 268 A THR 319 A VAL 320 A PHE 321 A PRO 322 A PRO 323 A ARG 349 A LEU 388 A LEU 389 A ASP 390 A LYS 391 A THR 393 A THR 394 A CYS 395 A PHE 396 A SER 397 A TYR 456 A ARG 457 A ASN 459 A LEU 460 A PRO 461 A VAL 675 A LYS 676 A PRO 677
019 |         000008.0220 | 00000001317637.7500 | A ARG 249 A LEU 251 A THR 252 A SER 255 A TYR 265 A ILE 266 A LYS 267 A TRP 268 A LEU 270 A LEU 271 A THR 319 A VAL 320 A PHE 321 A PRO 322 A PRO 323 A THR 324 A SER 325 A PHE 326 A GLY 327 A PRO 328 A LEU 329 A VAL 330 A VAL 341 A TYR 346 A ARG 349 A ALA 379 A ALA 382 A ALA 383 A GLY 385 A ASN 386 A LEU 387 A LEU 388 A LEU 389 A ASP 390 A LYS 391 A THR 393 A THR 394 A CYS 395 A PHE 396 A SER 397 A VAL 398 A ALA 399 A ARG 457 A ASN 459 A LEU 460 A PRO 461 A ASN 628 A SER 664 A MET 666 A VAL 675 A PRO 677

While the table above lists the best binding energy in each cluster, it is sometimes
helpful to also look at the energy spread [average and standard deviation], the
dissociation constant has been recalculated from the average binding energy:

Clu |Members|Bind.energy spread [kcal/mol]|Dissoc. constant [pM]
----+-------+-----------------------------+---------------------
001 |  001  |    000008.3010+-000000.0000 | 00000000822854.5141
002 |  001  |    000008.2560+-000000.0000 | 00000000887786.1215
003 |  001  |    000008.2530+-000000.0000 | 00000000892291.7110
004 |  001  |    000008.2520+-000000.0000 | 00000000893799.6090
005 |  001  |    000008.2290+-000000.0000 | 00000000929178.4085
006 |  001  |    000008.2180+-000000.0000 | 00000000946590.0458
007 |  001  |    000008.1860+-000000.0000 | 00000000999121.9510
008 |  001  |    000008.1750+-000000.0000 | 00000001017844.2424
009 |  001  |    000008.1660+-000000.0000 | 00000001033423.2870
010 |  001  |    000008.1390+-000000.0000 | 00000001081607.5263
011 |  001  |    000008.1170+-000000.0000 | 00000001122525.0646
012 |  001  |    000008.1040+-000000.0000 | 00000001147426.2342
013 |  001  |    000008.0690+-000000.0000 | 00000001217250.1863
014 |  001  |    000008.0630+-000000.0000 | 00000001229640.7918
015 |  001  |    000008.0580+-000000.0000 | 00000001240061.9232
016 |  002  |    000008.0345+-000000.0205 | 00000001290234.4181
017 |  001  |    000008.0500+-000000.0000 | 00000001256918.1283
018 |  001  |    000008.0500+-000000.0000 | 00000001256918.1283
019 |  001  |    000008.0220+-000000.0000 | 00000001317744.0067

The results of the 25 runs have been combined in a single scene at C:\Users\yons\Desktop\PNA-CPP-7\PNA-CPP-7 CAVITY 4\dock.sce
The 19 clusters have been saved as:
C:\Users\yons\Desktop\PNA-CPP-7\PNA-CPP-7 CAVITY 4\dock_001.yob
C:\Users\yons\Desktop\PNA-CPP-7\PNA-CPP-7 CAVITY 4\dock_002.yob
C:\Users\yons\Desktop\PNA-CPP-7\PNA-CPP-7 CAVITY 4\dock_003.yob
C:\Users\yons\Desktop\PNA-CPP-7\PNA-CPP-7 CAVITY 4\dock_004.yob
C:\Users\yons\Desktop\PNA-CPP-7\PNA-CPP-7 CAVITY 4\dock_005.yob
C:\Users\yons\Desktop\PNA-CPP-7\PNA-CPP-7 CAVITY 4\dock_006.yob
C:\Users\yons\Desktop\PNA-CPP-7\PNA-CPP-7 CAVITY 4\dock_007.yob
C:\Users\yons\Desktop\PNA-CPP-7\PNA-CPP-7 CAVITY 4\dock_008.yob
C:\Users\yons\Desktop\PNA-CPP-7\PNA-CPP-7 CAVITY 4\dock_009.yob
C:\Users\yons\Desktop\PNA-CPP-7\PNA-CPP-7 CAVITY 4\dock_010.yob
C:\Users\yons\Desktop\PNA-CPP-7\PNA-CPP-7 CAVITY 4\dock_011.yob
C:\Users\yons\Desktop\PNA-CPP-7\PNA-CPP-7 CAVITY 4\dock_012.yob
C:\Users\yons\Desktop\PNA-CPP-7\PNA-CPP-7 CAVITY 4\dock_013.yob
C:\Users\yons\Desktop\PNA-CPP-7\PNA-CPP-7 CAVITY 4\dock_014.yob
C:\Users\yons\Desktop\PNA-CPP-7\PNA-CPP-7 CAVITY 4\dock_015.yob
C:\Users\yons\Desktop\PNA-CPP-7\PNA-CPP-7 CAVITY 4\dock_016.yob
C:\Users\yons\Desktop\PNA-CPP-7\PNA-CPP-7 CAVITY 4\dock_017.yob
C:\Users\yons\Desktop\PNA-CPP-7\PNA-CPP-7 CAVITY 4\dock_018.yob
C:\Users\yons\Desktop\PNA-CPP-7\PNA-CPP-7 CAVITY 4\dock_019.yob
