Global docking result analysis
==============================

25 VINA docking runs of the ligand object 3 to the receptor object 1 yielded the following results,
sorted by binding energy [more positive energies indicate stronger binding, and negative energies mean no binding]

Run |Bind.energy[kcal/mol]|Dissoc. constant [pM]| Contacting receptor residues
----+---------------------+---------------------+-----------------------------
001 |         000008.2130 | 00000000954533.5000 | A PRO 169 A ASP 170 A LEU 172 A ARG 173 A THR 246 A LEU 247 A ARG 249 A THR 252 A SER 255 A HIS 256 A TYR 265 A TRP 268 A SER 318 A THR 319 A VAL 320 A PHE 321 A PRO 322 A PRO 323 A ARG 349 A LEU 389 A ASP 390 A LYS 391 A THR 393 A THR 394 A CYS 395 A PHE 396 A SER 397 A TYR 456 A ARG 457 A ASN 459 A LEU 460 A PRO 461 A ASN 628 A VAL 675 A LYS 676 A PRO 677
002 |         000008.2130 | 00000000954533.5000 | A PRO 169 A ASP 170 A LEU 172 A ARG 173 A THR 246 A LEU 247 A ARG 249 A THR 252 A SER 255 A HIS 256 A TYR 265 A TRP 268 A SER 318 A THR 319 A VAL 320 A PHE 321 A PRO 322 A PRO 323 A ARG 349 A LEU 389 A ASP 390 A LYS 391 A THR 393 A THR 394 A CYS 395 A PHE 396 A SER 397 A TYR 456 A ARG 457 A ASN 459 A LEU 460 A PRO 461 A ASN 628 A VAL 675 A LYS 676 A PRO 677
003 |         000008.1490 | 00000001063417.5000 | A PRO 169 A LEU 172 A ARG 173 A ALA 176 A ASN 177 A THR 246 A ARG 249 A THR 252 A SER 255 A HIS 256 A LEU 261 A TYR 265 A ILE 266 A LYS 267 A TRP 268 A VAL 315 A THR 319 A VAL 320 A PHE 321 A PRO 322 A PRO 323 A ARG 349 A GLU 350 A LEU 389 A ASP 390 A THR 393 A THR 394 A CYS 395 A PHE 396 A SER 397 A TYR 456 A ARG 457 A ASN 459 A LEU 460 A PRO 461 A THR 462 A ASN 628 A VAL 675 A PRO 677
004 |         000008.1490 | 00000001063417.5000 | A PRO 169 A LEU 172 A ARG 173 A ALA 176 A ASN 177 A THR 246 A ARG 249 A THR 252 A SER 255 A HIS 256 A LEU 261 A TYR 265 A ILE 266 A LYS 267 A TRP 268 A VAL 315 A THR 319 A VAL 320 A PHE 321 A PRO 322 A PRO 323 A ARG 349 A GLU 350 A LEU 389 A ASP 390 A THR 393 A THR 394 A CYS 395 A PHE 396 A SER 397 A TYR 456 A ARG 457 A ASN 459 A LEU 460 A PRO 461 A THR 462 A ASN 628 A VAL 675 A PRO 677
005 |         000008.0150 | 00000001333297.6250 | A PRO 169 A ASP 170 A LEU 172 A LEU 245 A THR 246 A ARG 249 A ALA 250 A LEU 251 A THR 252 A SER 255 A TYR 265 A ILE 266 A LYS 267 A TRP 268 A LEU 270 A ASN 314 A VAL 315 A LEU 316 A SER 318 A THR 319 A VAL 320 A PHE 321 A PRO 322 A PRO 323 A PHE 326 A ARG 349 A GLU 350 A THR 394 A CYS 395 A PHE 396 A SER 397 A ARG 457 A ASN 459 A LEU 460 A PRO 461 A THR 462 A ASN 628 A PRO 677
006 |         000008.0150 | 00000001333297.6250 | A PRO 169 A ASP 170 A LEU 172 A LEU 245 A THR 246 A ARG 249 A ALA 250 A LEU 251 A THR 252 A SER 255 A TYR 265 A ILE 266 A LYS 267 A TRP 268 A LEU 270 A ASN 314 A VAL 315 A LEU 316 A SER 318 A THR 319 A VAL 320 A PHE 321 A PRO 322 A PRO 323 A PHE 326 A ARG 349 A GLU 350 A THR 394 A CYS 395 A PHE 396 A SER 397 A ARG 457 A ASN 459 A LEU 460 A PRO 461 A THR 462 A ASN 628 A PRO 677
007 |         000007.9100 | 00000001591817.0000 | A ALA 176 A LEU 245 A THR 246 A ARG 249 A LEU 251 A THR 252 A SER 255 A HIS 256 A LEU 261 A TYR 265 A LEU 316 A SER 318 A THR 319 A VAL 320 A PHE 321 A PRO 323 A ARG 349 A LEU 388 A LEU 389 A ASP 390 A LYS 391 A THR 393 A THR 394 A CYS 395 A PHE 396 A SER 397 A ARG 457 A ASN 459 A LEU 460 A PRO 461 A PRO 677
008 |         000007.9100 | 00000001591817.0000 | A ALA 176 A LEU 245 A THR 246 A ARG 249 A LEU 251 A THR 252 A SER 255 A HIS 256 A LEU 261 A TYR 265 A LEU 316 A SER 318 A THR 319 A VAL 320 A PHE 321 A PRO 323 A ARG 349 A LEU 388 A LEU 389 A ASP 390 A LYS 391 A THR 393 A THR 394 A CYS 395 A PHE 396 A SER 397 A ARG 457 A ASN 459 A LEU 460 A PRO 461 A PRO 677
009 |         000007.8960 | 00000001629878.6250 | A ARG 173 A ALA 176 A LEU 245 A THR 246 A ARG 249 A ALA 250 A LEU 251 A THR 252 A SER 255 A HIS 256 A TYR 265 A LEU 316 A THR 319 A PHE 321 A PRO 322 A PRO 323 A THR 324 A ARG 349 A LEU 389 A ASP 390 A THR 393 A THR 394 A CYS 395 A PHE 396 A SER 397 A TYR 456 A ARG 457 A ASN 459 A LEU 460 A PRO 461 A ASN 628 A VAL 675 A PRO 677
010 |         000007.8960 | 00000001629878.6250 | A ARG 173 A ALA 176 A LEU 245 A THR 246 A ARG 249 A ALA 250 A LEU 251 A THR 252 A SER 255 A HIS 256 A TYR 265 A LEU 316 A THR 319 A PHE 321 A PRO 322 A PRO 323 A THR 324 A ARG 349 A LEU 389 A ASP 390 A THR 393 A THR 394 A CYS 395 A PHE 396 A SER 397 A TYR 456 A ARG 457 A ASN 459 A LEU 460 A PRO 461 A ASN 628 A VAL 675 A PRO 677
011 |         000007.8580 | 00000001737839.3750 | A PRO 169 A ASP 170 A LEU 172 A ARG 173 A ALA 176 A ASN 177 A LEU 245 A THR 246 A ARG 249 A ALA 250 A LEU 251 A THR 252 A SER 255 A LEU 261 A TYR 265 A ILE 266 A LYS 267 A TRP 268 A LEU 316 A THR 319 A VAL 320 A PHE 321 A PRO 322 A PRO 323 A ARG 349 A LEU 389 A ASP 390 A LYS 391 A THR 393 A THR 394 A CYS 395 A PHE 396 A SER 397 A ARG 457 A ASN 459 A LEU 460 A PRO 461 A VAL 675 A PRO 677
012 |         000007.7930 | 00000001939345.8750 | A LEU 172 A ARG 173 A ALA 176 A ASN 177 A GLY 179 A GLU 180 A ARG 181 A LEU 245 A THR 246 A LEU 247 A ARG 249 A ALA 250 A LEU 251 A THR 252 A SER 255 A LEU 261 A TYR 265 A ILE 266 A LYS 267 A TRP 268 A LEU 270 A LEU 316 A THR 319 A PHE 321 A PRO 322 A PRO 323 A ARG 349 A LEU 388 A LEU 389 A ASP 390 A THR 394 A CYS 395 A PHE 396 A SER 397 A TYR 456 A ARG 457 A ASN 459 A LEU 460 A PRO 461 A VAL 675 A PRO 677
013 |         000007.7130 | 00000002219709.0000 | A PRO 169 A ARG 173 A ALA 176 A ASN 177 A THR 246 A ARG 249 A LEU 251 A THR 252 A SER 255 A LEU 261 A TYR 265 A ILE 266 A LYS 267 A TRP 268 A LEU 316 A THR 319 A VAL 320 A PHE 321 A PRO 322 A PRO 323 A ARG 349 A LEU 389 A ASP 390 A LYS 391 A THR 393 A THR 394 A CYS 395 A PHE 396 A SER 397 A TYR 456 A ARG 457 A TYR 458 A ASN 459 A LEU 460 A PRO 461 A VAL 675 A LYS 676 A PRO 677
014 |         000007.7010 | 00000002265125.0000 | A PRO 169 A LEU 172 A THR 246 A ARG 249 A THR 252 A ALA 253 A SER 255 A HIS 256 A LEU 261 A TYR 265 A ILE 266 A LYS 267 A TRP 268 A VAL 315 A SER 318 A THR 319 A VAL 320 A PHE 321 A PRO 322 A PRO 323 A ARG 349 A GLU 350 A THR 394 A CYS 395 A PHE 396 A TYR 456 A ARG 457 A TYR 458 A ASN 459 A LEU 460 A PRO 461 A ASN 628 A PRO 677
015 |         000007.6980 | 00000002276623.2500 | A PRO 169 A ASP 170 A LEU 172 A ARG 173 A ALA 176 A ASN 177 A THR 246 A ARG 249 A THR 252 A SER 255 A LEU 261 A TYR 265 A ILE 266 A TRP 268 A LEU 270 A THR 319 A PHE 321 A PRO 322 A PRO 323 A THR 324 A ARG 349 A LEU 387 A LEU 388 A LEU 389 A ASP 390 A THR 394 A CYS 395 A PHE 396 A SER 397 A TYR 456 A ARG 457 A TYR 458 A ASN 459 A LEU 460 A PRO 461 A VAL 675 A PRO 677
016 |         000007.6880 | 00000002315374.7500 | A PRO 169 A ASP 170 A LEU 172 A ARG 173 A ALA 176 A LEU 245 A THR 246 A ARG 249 A ALA 250 A LEU 251 A THR 252 A SER 255 A TYR 265 A ILE 266 A LYS 267 A TRP 268 A LEU 316 A THR 319 A VAL 320 A PHE 321 A PRO 322 A PRO 323 A ARG 349 A LEU 389 A ASP 390 A LYS 391 A THR 393 A THR 394 A CYS 395 A PHE 396 A SER 397 A TYR 456 A ARG 457 A TYR 458 A ASN 459 A LEU 460 A PRO 461 A PRO 677
017 |         000007.6740 | 00000002370737.2500 | A PRO 169 A ASP 170 A LEU 172 A ARG 173 A ARG 249 A LEU 251 A THR 252 A GLU 254 A SER 255 A TYR 265 A ILE 266 A LYS 267 A TRP 268 A LEU 270 A SER 318 A THR 319 A VAL 320 A PHE 321 A PRO 322 A PRO 323 A THR 324 A ARG 349 A THR 393 A THR 394 A CYS 395 A PHE 396 A SER 397 A TYR 456 A ARG 457 A ASN 459 A LEU 460 A PRO 461 A ASN 628 A VAL 675 A PRO 677
018 |         000007.6490 | 00000002472912.0000 | A PRO 169 A LEU 172 A ARG 173 A ARG 249 A THR 252 A SER 255 A HIS 256 A TYR 265 A ILE 266 A LYS 267 A TRP 268 A LEU 270 A THR 319 A VAL 320 A PHE 321 A PRO 322 A PRO 323 A THR 324 A ARG 349 A LEU 387 A LEU 388 A LEU 389 A ASP 390 A LYS 391 A THR 393 A THR 394 A CYS 395 A PHE 396 A SER 397 A VAL 398 A TYR 456 A ARG 457 A TYR 458 A ASN 459 A LEU 460 A PRO 461 A VAL 675 A LYS 676 A PRO 677
019 |         000007.6480 | 00000002477089.2500 | A LEU 172 A ARG 173 A ALA 176 A ASN 177 A GLU 180 A ARG 249 A LEU 251 A THR 252 A ALA 253 A SER 255 A HIS 256 A LEU 261 A TYR 265 A ILE 266 A LYS 267 A TRP 268 A THR 319 A VAL 320 A PHE 321 A PRO 322 A PRO 323 A THR 324 A ARG 349 A LEU 387 A LEU 388 A LEU 389 A ASP 390 A LYS 391 A THR 393 A THR 394 A CYS 395 A PHE 396 A SER 397 A ARG 457 A LEU 460 A PRO 461 A VAL 675 A LYS 676 A PRO 677
020 |         000007.6250 | 00000002575140.2500 | A THR 246 A ARG 249 A LEU 251 A THR 252 A SER 255 A TYR 265 A ILE 266 A LYS 267 A TRP 268 A LEU 270 A SER 318 A THR 319 A VAL 320 A PHE 321 A PRO 322 A PRO 323 A THR 324 A ARG 349 A LEU 388 A LEU 389 A ASP 390 A LYS 391 A THR 393 A THR 394 A CYS 395 A PHE 396 A SER 397 A ARG 457 A LEU 460 A PRO 461 A VAL 675 A PRO 677
021 |         000007.6080 | 00000002650098.7500 | A PRO 169 A ASP 170 A LEU 172 A ARG 173 A ARG 249 A LEU 251 A THR 252 A SER 255 A TYR 265 A TRP 268 A SER 318 A THR 319 A VAL 320 A PHE 321 A PRO 322 A PRO 323 A PHE 326 A ARG 349 A LEU 389 A LYS 391 A THR 393 A THR 394 A CYS 395 A PHE 396 A ASP 454 A TYR 456 A ARG 457 A ASN 459 A LEU 460 A PRO 461 A PRO 677
022 |         000007.5880 | 00000002741083.5000 | A PRO 169 A LEU 172 A THR 246 A ARG 249 A THR 252 A SER 255 A TYR 265 A ILE 266 A LYS 267 A TRP 268 A LEU 270 A SER 318 A THR 319 A VAL 320 A PHE 321 A PRO 322 A PRO 323 A THR 324 A ARG 349 A LEU 389 A ASP 390 A LYS 391 A THR 393 A THR 394 A CYS 395 A PHE 396 A SER 397 A TYR 456 A ARG 457 A TYR 458 A ASN 459 A LEU 460 A PRO 461 A VAL 675 A PRO 677
023 |         000007.5510 | 00000002917720.0000 | A PRO 169 A ASP 170 A LEU 172 A ARG 173 A ASN 177 A LEU 245 A THR 246 A ARG 249 A LEU 251 A THR 252 A SER 255 A LEU 261 A TYR 265 A LYS 267 A TRP 268 A LEU 316 A THR 319 A VAL 320 A PHE 321 A PRO 322 A PRO 323 A THR 324 A ARG 349 A LEU 387 A LEU 388 A LEU 389 A THR 394 A CYS 395 A PHE 396 A SER 397 A ARG 457 A LEU 460 A PRO 461 A PRO 677
024 |         000007.5290 | 00000003028097.2500 | A ALA 176 A ARG 249 A THR 252 A SER 255 A TYR 265 A ILE 266 A LYS 267 A TRP 268 A LEU 270 A THR 319 A VAL 320 A PHE 321 A PRO 322 A PRO 323 A THR 324 A ARG 349 A LEU 387 A LEU 388 A LEU 389 A ASP 390 A LYS 391 A THR 393 A THR 394 A CYS 395 A PHE 396 A SER 397 A TYR 456 A ARG 457 A TYR 458 A ASN 459 A LEU 460 A PRO 461 A PRO 677
025 |         000007.5280 | 00000003033212.5000 | A PRO 169 A ASP 170 A LEU 172 A ARG 173 A ALA 176 A ASN 177 A ARG 249 A THR 252 A SER 255 A TYR 265 A ILE 266 A LYS 267 A TRP 268 A LEU 270 A THR 319 A VAL 320 A PHE 321 A PRO 322 A PRO 323 A THR 324 A ARG 349 A LEU 388 A LEU 389 A ASP 390 A THR 394 A CYS 395 A PHE 396 A SER 397 A TYR 456 A ARG 457 A ASN 459 A LEU 460 A PRO 461 A PRO 677

After clustering the 25 runs, the following 20 distinct complex conformations were found:
[They all differ by at least 5.0 A heavy atom RMSD after superposing on the receptor]

Clu |Bind.energy[kcal/mol]|Dissoc. constant [pM]| Contacting receptor residues
----+---------------------+---------------------+-----------------------------
001 |         000008.2130 | 00000000954533.5000 | A PRO 169 A ASP 170 A LEU 172 A ARG 173 A THR 246 A LEU 247 A ARG 249 A THR 252 A SER 255 A HIS 256 A TYR 265 A TRP 268 A SER 318 A THR 319 A VAL 320 A PHE 321 A PRO 322 A PRO 323 A ARG 349 A LEU 389 A ASP 390 A LYS 391 A THR 393 A THR 394 A CYS 395 A PHE 396 A SER 397 A TYR 456 A ARG 457 A ASN 459 A LEU 460 A PRO 461 A ASN 628 A VAL 675 A LYS 676 A PRO 677
002 |         000008.1490 | 00000001063417.5000 | A PRO 169 A LEU 172 A ARG 173 A ALA 176 A ASN 177 A THR 246 A ARG 249 A THR 252 A SER 255 A HIS 256 A LEU 261 A TYR 265 A ILE 266 A LYS 267 A TRP 268 A VAL 315 A THR 319 A VAL 320 A PHE 321 A PRO 322 A PRO 323 A ARG 349 A GLU 350 A LEU 389 A ASP 390 A THR 393 A THR 394 A CYS 395 A PHE 396 A SER 397 A TYR 456 A ARG 457 A ASN 459 A LEU 460 A PRO 461 A THR 462 A ASN 628 A VAL 675 A PRO 677
003 |         000008.0150 | 00000001333297.6250 | A PRO 169 A ASP 170 A LEU 172 A LEU 245 A THR 246 A ARG 249 A ALA 250 A LEU 251 A THR 252 A SER 255 A TYR 265 A ILE 266 A LYS 267 A TRP 268 A LEU 270 A ASN 314 A VAL 315 A LEU 316 A SER 318 A THR 319 A VAL 320 A PHE 321 A PRO 322 A PRO 323 A PHE 326 A ARG 349 A GLU 350 A THR 394 A CYS 395 A PHE 396 A SER 397 A ARG 457 A ASN 459 A LEU 460 A PRO 461 A THR 462 A ASN 628 A PRO 677
004 |         000007.9100 | 00000001591817.0000 | A ALA 176 A LEU 245 A THR 246 A ARG 249 A LEU 251 A THR 252 A SER 255 A HIS 256 A LEU 261 A TYR 265 A LEU 316 A SER 318 A THR 319 A VAL 320 A PHE 321 A PRO 323 A ARG 349 A LEU 388 A LEU 389 A ASP 390 A LYS 391 A THR 393 A THR 394 A CYS 395 A PHE 396 A SER 397 A ARG 457 A ASN 459 A LEU 460 A PRO 461 A PRO 677
005 |         000007.8960 | 00000001629878.6250 | A ARG 173 A ALA 176 A LEU 245 A THR 246 A ARG 249 A ALA 250 A LEU 251 A THR 252 A SER 255 A HIS 256 A TYR 265 A LEU 316 A THR 319 A PHE 321 A PRO 322 A PRO 323 A THR 324 A ARG 349 A LEU 389 A ASP 390 A THR 393 A THR 394 A CYS 395 A PHE 396 A SER 397 A TYR 456 A ARG 457 A ASN 459 A LEU 460 A PRO 461 A ASN 628 A VAL 675 A PRO 677
006 |         000007.8580 | 00000001737839.3750 | A PRO 169 A ASP 170 A LEU 172 A ARG 173 A ALA 176 A ASN 177 A LEU 245 A THR 246 A ARG 249 A ALA 250 A LEU 251 A THR 252 A SER 255 A LEU 261 A TYR 265 A ILE 266 A LYS 267 A TRP 268 A LEU 316 A THR 319 A VAL 320 A PHE 321 A PRO 322 A PRO 323 A ARG 349 A LEU 389 A ASP 390 A LYS 391 A THR 393 A THR 394 A CYS 395 A PHE 396 A SER 397 A ARG 457 A ASN 459 A LEU 460 A PRO 461 A VAL 675 A PRO 677
007 |         000007.7930 | 00000001939345.8750 | A LEU 172 A ARG 173 A ALA 176 A ASN 177 A GLY 179 A GLU 180 A ARG 181 A LEU 245 A THR 246 A LEU 247 A ARG 249 A ALA 250 A LEU 251 A THR 252 A SER 255 A LEU 261 A TYR 265 A ILE 266 A LYS 267 A TRP 268 A LEU 270 A LEU 316 A THR 319 A PHE 321 A PRO 322 A PRO 323 A ARG 349 A LEU 388 A LEU 389 A ASP 390 A THR 394 A CYS 395 A PHE 396 A SER 397 A TYR 456 A ARG 457 A ASN 459 A LEU 460 A PRO 461 A VAL 675 A PRO 677
008 |         000007.7130 | 00000002219709.0000 | A PRO 169 A ARG 173 A ALA 176 A ASN 177 A THR 246 A ARG 249 A LEU 251 A THR 252 A SER 255 A LEU 261 A TYR 265 A ILE 266 A LYS 267 A TRP 268 A LEU 316 A THR 319 A VAL 320 A PHE 321 A PRO 322 A PRO 323 A ARG 349 A LEU 389 A ASP 390 A LYS 391 A THR 393 A THR 394 A CYS 395 A PHE 396 A SER 397 A TYR 456 A ARG 457 A TYR 458 A ASN 459 A LEU 460 A PRO 461 A VAL 675 A LYS 676 A PRO 677
009 |         000007.7010 | 00000002265125.0000 | A PRO 169 A LEU 172 A THR 246 A ARG 249 A THR 252 A ALA 253 A SER 255 A HIS 256 A LEU 261 A TYR 265 A ILE 266 A LYS 267 A TRP 268 A VAL 315 A SER 318 A THR 319 A VAL 320 A PHE 321 A PRO 322 A PRO 323 A ARG 349 A GLU 350 A THR 394 A CYS 395 A PHE 396 A TYR 456 A ARG 457 A TYR 458 A ASN 459 A LEU 460 A PRO 461 A ASN 628 A PRO 677
010 |         000007.6980 | 00000002276623.2500 | A PRO 169 A ASP 170 A LEU 172 A ARG 173 A ALA 176 A ASN 177 A THR 246 A ARG 249 A THR 252 A SER 255 A LEU 261 A TYR 265 A ILE 266 A TRP 268 A LEU 270 A THR 319 A PHE 321 A PRO 322 A PRO 323 A THR 324 A ARG 349 A LEU 387 A LEU 388 A LEU 389 A ASP 390 A THR 394 A CYS 395 A PHE 396 A SER 397 A TYR 456 A ARG 457 A TYR 458 A ASN 459 A LEU 460 A PRO 461 A VAL 675 A PRO 677
011 |         000007.6880 | 00000002315374.7500 | A PRO 169 A ASP 170 A LEU 172 A ARG 173 A ALA 176 A LEU 245 A THR 246 A ARG 249 A ALA 250 A LEU 251 A THR 252 A SER 255 A TYR 265 A ILE 266 A LYS 267 A TRP 268 A LEU 316 A THR 319 A VAL 320 A PHE 321 A PRO 322 A PRO 323 A ARG 349 A LEU 389 A ASP 390 A LYS 391 A THR 393 A THR 394 A CYS 395 A PHE 396 A SER 397 A TYR 456 A ARG 457 A TYR 458 A ASN 459 A LEU 460 A PRO 461 A PRO 677
012 |         000007.6740 | 00000002370737.2500 | A PRO 169 A ASP 170 A LEU 172 A ARG 173 A ARG 249 A LEU 251 A THR 252 A GLU 254 A SER 255 A TYR 265 A ILE 266 A LYS 267 A TRP 268 A LEU 270 A SER 318 A THR 319 A VAL 320 A PHE 321 A PRO 322 A PRO 323 A THR 324 A ARG 349 A THR 393 A THR 394 A CYS 395 A PHE 396 A SER 397 A TYR 456 A ARG 457 A ASN 459 A LEU 460 A PRO 461 A ASN 628 A VAL 675 A PRO 677
013 |         000007.6490 | 00000002472912.0000 | A PRO 169 A LEU 172 A ARG 173 A ARG 249 A THR 252 A SER 255 A HIS 256 A TYR 265 A ILE 266 A LYS 267 A TRP 268 A LEU 270 A THR 319 A VAL 320 A PHE 321 A PRO 322 A PRO 323 A THR 324 A ARG 349 A LEU 387 A LEU 388 A LEU 389 A ASP 390 A LYS 391 A THR 393 A THR 394 A CYS 395 A PHE 396 A SER 397 A VAL 398 A TYR 456 A ARG 457 A TYR 458 A ASN 459 A LEU 460 A PRO 461 A VAL 675 A LYS 676 A PRO 677
014 |         000007.6480 | 00000002477089.2500 | A LEU 172 A ARG 173 A ALA 176 A ASN 177 A GLU 180 A ARG 249 A LEU 251 A THR 252 A ALA 253 A SER 255 A HIS 256 A LEU 261 A TYR 265 A ILE 266 A LYS 267 A TRP 268 A THR 319 A VAL 320 A PHE 321 A PRO 322 A PRO 323 A THR 324 A ARG 349 A LEU 387 A LEU 388 A LEU 389 A ASP 390 A LYS 391 A THR 393 A THR 394 A CYS 395 A PHE 396 A SER 397 A ARG 457 A LEU 460 A PRO 461 A VAL 675 A LYS 676 A PRO 677
015 |         000007.6250 | 00000002575140.2500 | A THR 246 A ARG 249 A LEU 251 A THR 252 A SER 255 A TYR 265 A ILE 266 A LYS 267 A TRP 268 A LEU 270 A SER 318 A THR 319 A VAL 320 A PHE 321 A PRO 322 A PRO 323 A THR 324 A ARG 349 A LEU 388 A LEU 389 A ASP 390 A LYS 391 A THR 393 A THR 394 A CYS 395 A PHE 396 A SER 397 A ARG 457 A LEU 460 A PRO 461 A VAL 675 A PRO 677
016 |         000007.6080 | 00000002650098.7500 | A PRO 169 A ASP 170 A LEU 172 A ARG 173 A ARG 249 A LEU 251 A THR 252 A SER 255 A TYR 265 A TRP 268 A SER 318 A THR 319 A VAL 320 A PHE 321 A PRO 322 A PRO 323 A PHE 326 A ARG 349 A LEU 389 A LYS 391 A THR 393 A THR 394 A CYS 395 A PHE 396 A ASP 454 A TYR 456 A ARG 457 A ASN 459 A LEU 460 A PRO 461 A PRO 677
017 |         000007.5880 | 00000002741083.5000 | A PRO 169 A LEU 172 A THR 246 A ARG 249 A THR 252 A SER 255 A TYR 265 A ILE 266 A LYS 267 A TRP 268 A LEU 270 A SER 318 A THR 319 A VAL 320 A PHE 321 A PRO 322 A PRO 323 A THR 324 A ARG 349 A LEU 389 A ASP 390 A LYS 391 A THR 393 A THR 394 A CYS 395 A PHE 396 A SER 397 A TYR 456 A ARG 457 A TYR 458 A ASN 459 A LEU 460 A PRO 461 A VAL 675 A PRO 677
018 |         000007.5510 | 00000002917720.0000 | A PRO 169 A ASP 170 A LEU 172 A ARG 173 A ASN 177 A LEU 245 A THR 246 A ARG 249 A LEU 251 A THR 252 A SER 255 A LEU 261 A TYR 265 A LYS 267 A TRP 268 A LEU 316 A THR 319 A VAL 320 A PHE 321 A PRO 322 A PRO 323 A THR 324 A ARG 349 A LEU 387 A LEU 388 A LEU 389 A THR 394 A CYS 395 A PHE 396 A SER 397 A ARG 457 A LEU 460 A PRO 461 A PRO 677
019 |         000007.5290 | 00000003028097.2500 | A ALA 176 A ARG 249 A THR 252 A SER 255 A TYR 265 A ILE 266 A LYS 267 A TRP 268 A LEU 270 A THR 319 A VAL 320 A PHE 321 A PRO 322 A PRO 323 A THR 324 A ARG 349 A LEU 387 A LEU 388 A LEU 389 A ASP 390 A LYS 391 A THR 393 A THR 394 A CYS 395 A PHE 396 A SER 397 A TYR 456 A ARG 457 A TYR 458 A ASN 459 A LEU 460 A PRO 461 A PRO 677
020 |         000007.5280 | 00000003033212.5000 | A PRO 169 A ASP 170 A LEU 172 A ARG 173 A ALA 176 A ASN 177 A ARG 249 A THR 252 A SER 255 A TYR 265 A ILE 266 A LYS 267 A TRP 268 A LEU 270 A THR 319 A VAL 320 A PHE 321 A PRO 322 A PRO 323 A THR 324 A ARG 349 A LEU 388 A LEU 389 A ASP 390 A THR 394 A CYS 395 A PHE 396 A SER 397 A TYR 456 A ARG 457 A ASN 459 A LEU 460 A PRO 461 A PRO 677

While the table above lists the best binding energy in each cluster, it is sometimes
helpful to also look at the energy spread [average and standard deviation], the
dissociation constant has been recalculated from the average binding energy:

Clu |Members|Bind.energy spread [kcal/mol]|Dissoc. constant [pM]
----+-------+-----------------------------+---------------------
001 |  001  |    000008.2130+-000000.0000 | 00000000954612.3391
002 |  001  |    000008.1490+-000000.0000 | 00000001063504.8617
003 |  001  |    000008.0150+-000000.0000 | 00000001333404.9547
004 |  001  |    000007.9100+-000000.0000 | 00000001591944.7361
005 |  001  |    000007.8960+-000000.0000 | 00000001630009.0553
006 |  001  |    000007.8580+-000000.0000 | 00000001737978.0922
007 |  001  |    000007.7930+-000000.0000 | 00000001939498.0009
008 |  001  |    000007.7130+-000000.0000 | 00000002219882.8497
009 |  001  |    000007.7010+-000000.0000 | 00000002265300.5573
010 |  001  |    000007.6980+-000000.0000 | 00000002276800.8137
011 |  001  |    000007.6880+-000000.0000 | 00000002315553.9788
012 |  001  |    000007.6740+-000000.0000 | 00000002370922.1216
013 |  001  |    000007.6490+-000000.0000 | 00000002473102.6472
014 |  001  |    000007.6480+-000000.0000 | 00000002477281.9827
015 |  001  |    000007.6250+-000000.0000 | 00000002575338.9316
016 |  001  |    000007.6080+-000000.0000 | 00000002650303.6160
017 |  001  |    000007.5880+-000000.0000 | 00000002741294.6697
018 |  001  |    000007.5510+-000000.0000 | 00000002917942.3051
019 |  001  |    000007.5290+-000000.0000 | 00000003028328.9410
020 |  001  |    000007.5280+-000000.0000 | 00000003033444.1209

The results of the 25 runs have been combined in a single scene at E:\PNA-CPP-5\PNA-CPP-5 CAVITY 4\dock.sce
The 20 clusters have been saved as:
E:\PNA-CPP-5\PNA-CPP-5 CAVITY 4\dock_001.yob
E:\PNA-CPP-5\PNA-CPP-5 CAVITY 4\dock_002.yob
E:\PNA-CPP-5\PNA-CPP-5 CAVITY 4\dock_003.yob
E:\PNA-CPP-5\PNA-CPP-5 CAVITY 4\dock_004.yob
E:\PNA-CPP-5\PNA-CPP-5 CAVITY 4\dock_005.yob
E:\PNA-CPP-5\PNA-CPP-5 CAVITY 4\dock_006.yob
E:\PNA-CPP-5\PNA-CPP-5 CAVITY 4\dock_007.yob
E:\PNA-CPP-5\PNA-CPP-5 CAVITY 4\dock_008.yob
E:\PNA-CPP-5\PNA-CPP-5 CAVITY 4\dock_009.yob
E:\PNA-CPP-5\PNA-CPP-5 CAVITY 4\dock_010.yob
E:\PNA-CPP-5\PNA-CPP-5 CAVITY 4\dock_011.yob
E:\PNA-CPP-5\PNA-CPP-5 CAVITY 4\dock_012.yob
E:\PNA-CPP-5\PNA-CPP-5 CAVITY 4\dock_013.yob
E:\PNA-CPP-5\PNA-CPP-5 CAVITY 4\dock_014.yob
E:\PNA-CPP-5\PNA-CPP-5 CAVITY 4\dock_015.yob
E:\PNA-CPP-5\PNA-CPP-5 CAVITY 4\dock_016.yob
E:\PNA-CPP-5\PNA-CPP-5 CAVITY 4\dock_017.yob
E:\PNA-CPP-5\PNA-CPP-5 CAVITY 4\dock_018.yob
E:\PNA-CPP-5\PNA-CPP-5 CAVITY 4\dock_019.yob
E:\PNA-CPP-5\PNA-CPP-5 CAVITY 4\dock_020.yob
