Global docking result analysis
==============================

25 VINA docking runs of the ligand object 3 to the receptor object 1 yielded the following results,
sorted by binding energy [more positive energies indicate stronger binding, and negative energies mean no binding]

Run |Bind.energy[kcal/mol]|Dissoc. constant [pM]| Contacting receptor residues
----+---------------------+---------------------+-----------------------------
001 |         000008.0940 | 00000001166861.5000 | A HIS 439 A ASP 452 A TYR 455 A ILE 548 A SER 549 A ALA 550 A LYS 551 A ARG 553 A ARG 555 A THR 556 A ASP 618 A TYR 619 A PRO 620 A LYS 621 A CYS 622 A ASP 623 A ARG 624 A THR 680 A SER 682 A THR 687 A ALA 688 A ASN 691 A LEU 758 A SER 759 A ASP 760 A ASP 761 A LYS 798 A CYS 799 A TRP 800 A GLU 811 A CYS 813 A SER 814 A ARG 836
002 |         000008.0940 | 00000001166861.5000 | A HIS 439 A ASP 452 A TYR 455 A ILE 548 A SER 549 A ALA 550 A LYS 551 A ARG 553 A ARG 555 A THR 556 A ASP 618 A TYR 619 A PRO 620 A LYS 621 A CYS 622 A ASP 623 A ARG 624 A THR 680 A SER 682 A THR 687 A ALA 688 A ASN 691 A LEU 758 A SER 759 A ASP 760 A ASP 761 A LYS 798 A CYS 799 A TRP 800 A GLU 811 A CYS 813 A SER 814 A ARG 836
003 |         000007.9480 | 00000001492927.6250 | A PRO 169 A ASP 170 A LEU 172 A LEU 245 A THR 246 A ARG 249 A ALA 250 A LEU 251 A THR 252 A SER 255 A TYR 265 A LYS 267 A TRP 268 A LEU 316 A SER 318 A THR 319 A VAL 320 A PHE 321 A PRO 322 A PRO 323 A THR 324 A ARG 349 A LEU 388 A LEU 389 A ASP 390 A LYS 391 A THR 393 A THR 394 A CYS 395 A PHE 396 A SER 397 A TYR 453 A ARG 457 A ASN 459 A LEU 460 A PRO 461 A VAL 675 A LYS 676 A PRO 677
004 |         000007.9480 | 00000001492927.6250 | A PRO 169 A ASP 170 A LEU 172 A LEU 245 A THR 246 A ARG 249 A ALA 250 A LEU 251 A THR 252 A SER 255 A TYR 265 A LYS 267 A TRP 268 A LEU 316 A SER 318 A THR 319 A VAL 320 A PHE 321 A PRO 322 A PRO 323 A THR 324 A ARG 349 A LEU 388 A LEU 389 A ASP 390 A LYS 391 A THR 393 A THR 394 A CYS 395 A PHE 396 A SER 397 A TYR 453 A ARG 457 A ASN 459 A LEU 460 A PRO 461 A VAL 675 A LYS 676 A PRO 677
005 |         000007.9180 | 00000001570467.8750 | A HIS 439 A TYR 455 A LYS 545 A ILE 548 A SER 549 A ALA 550 A LYS 551 A ARG 553 A ARG 555 A ASP 618 A TYR 619 A PRO 620 A LYS 621 A CYS 622 A ASP 623 A ARG 624 A THR 680 A SER 681 A SER 682 A THR 687 A ALA 688 A ASN 691 A LEU 758 A SER 759 A ASP 760 A ASP 761 A ALA 797 A LYS 798 A TRP 800 A GLU 811 A CYS 813 A SER 814 A ARG 836
006 |         000007.9180 | 00000001570467.8750 | A HIS 439 A TYR 455 A LYS 545 A ILE 548 A SER 549 A ALA 550 A LYS 551 A ARG 553 A ARG 555 A ASP 618 A TYR 619 A PRO 620 A LYS 621 A CYS 622 A ASP 623 A ARG 624 A THR 680 A SER 681 A SER 682 A THR 687 A ALA 688 A ASN 691 A LEU 758 A SER 759 A ASP 760 A ASP 761 A ALA 797 A LYS 798 A TRP 800 A GLU 811 A CYS 813 A SER 814 A ARG 836
007 |         000007.9150 | 00000001578440.0000 | A HIS 439 A PHE 441 A ASP 452 A TYR 455 A TYR 456 A MET 542 A LYS 545 A TYR 546 A ALA 547 A ILE 548 A SER 549 A ALA 550 A LYS 551 A ARG 553 A ARG 555 A THR 556 A VAL 557 A TRP 617 A ASP 618 A TYR 619 A PRO 620 A LYS 621 A CYS 622 A ASP 623 A ARG 624 A THR 680 A SER 682 A THR 687 A ALA 688 A ASN 691 A SER 759 A ASP 760 A ASP 761 A LYS 798 A CYS 799 A TRP 800 A GLU 811 A PHE 812 A CYS 813 A SER 814 A ARG 836 A ASP 845 A ARG 858
008 |         000007.9150 | 00000001578440.0000 | A HIS 439 A PHE 441 A ASP 452 A TYR 455 A TYR 456 A MET 542 A LYS 545 A TYR 546 A ALA 547 A ILE 548 A SER 549 A ALA 550 A LYS 551 A ARG 553 A ARG 555 A THR 556 A VAL 557 A TRP 617 A ASP 618 A TYR 619 A PRO 620 A LYS 621 A CYS 622 A ASP 623 A ARG 624 A THR 680 A SER 682 A THR 687 A ALA 688 A ASN 691 A SER 759 A ASP 760 A ASP 761 A LYS 798 A CYS 799 A TRP 800 A GLU 811 A PHE 812 A CYS 813 A SER 814 A ARG 836 A ASP 845 A ARG 858
009 |         000007.7780 | 00000001989071.5000 | A PRO 169 A ASP 170 A LEU 172 A ARG 173 A ALA 176 A ASN 177 A LEU 245 A THR 246 A ARG 249 A ALA 250 A LEU 251 A THR 252 A SER 255 A TYR 265 A ILE 266 A LYS 267 A TRP 268 A LEU 316 A THR 319 A VAL 320 A PHE 321 A PRO 322 A PRO 323 A ARG 349 A LEU 389 A ASP 390 A LYS 391 A THR 393 A THR 394 A CYS 395 A PHE 396 A SER 397 A TYR 456 A ARG 457 A ASN 459 A LEU 460 A PRO 461 A PRO 677
010 |         000007.7780 | 00000001989071.5000 | A PRO 169 A ASP 170 A LEU 172 A ARG 173 A ALA 176 A ASN 177 A LEU 245 A THR 246 A ARG 249 A ALA 250 A LEU 251 A THR 252 A SER 255 A TYR 265 A ILE 266 A LYS 267 A TRP 268 A LEU 316 A THR 319 A VAL 320 A PHE 321 A PRO 322 A PRO 323 A ARG 349 A LEU 389 A ASP 390 A LYS 391 A THR 393 A THR 394 A CYS 395 A PHE 396 A SER 397 A TYR 456 A ARG 457 A ASN 459 A LEU 460 A PRO 461 A PRO 677
011 |         000007.7340 | 00000002142411.2500 | A PRO 169 A LEU 172 A ARG 173 A ALA 176 A ASN 177 A GLY 179 A GLU 180 A ARG 249 A LEU 251 A THR 252 A SER 255 A LEU 261 A TYR 265 A TRP 268 A ASN 314 A VAL 315 A SER 318 A THR 319 A VAL 320 A PHE 321 A PRO 322 A PRO 323 A PHE 326 A ARG 349 A GLU 350 A THR 394 A CYS 395 A PHE 396 A ARG 457 A TYR 458 A ASN 459 A LEU 460 A PRO 461 A ASN 628 A PRO 677
012 |         000007.7320 | 00000002149655.5000 | A LEU 172 A ARG 173 A ALA 176 A ASN 177 A ARG 249 A THR 252 A SER 255 A HIS 256 A TYR 265 A ILE 266 A LYS 267 A TRP 268 A LEU 270 A THR 319 A VAL 320 A PHE 321 A PRO 322 A PRO 323 A THR 324 A ARG 349 A LEU 388 A LEU 389 A ASP 390 A THR 393 A THR 394 A CYS 395 A PHE 396 A SER 397 A TYR 456 A ARG 457 A ASN 459 A LEU 460 A PRO 461 A VAL 675 A PRO 677
013 |         000007.7260 | 00000002171535.5000 | A HIS 439 A ASP 452 A TYR 455 A ALA 547 A ILE 548 A SER 549 A ALA 550 A LYS 551 A ARG 553 A ARG 555 A THR 556 A TRP 617 A ASP 618 A TYR 619 A PRO 620 A LYS 621 A CYS 622 A ASP 623 A ARG 624 A THR 680 A SER 682 A THR 687 A ALA 688 A ASN 691 A LEU 758 A SER 759 A ASP 760 A ASP 761 A LYS 798 A CYS 799 A TRP 800 A GLU 811 A PHE 812 A CYS 813 A SER 814 A ARG 836 A ALA 840 A ARG 858
014 |         000007.7200 | 00000002193638.0000 | A HIS 439 A PHE 441 A TYR 455 A ALA 547 A ILE 548 A SER 549 A ALA 550 A LYS 551 A ARG 553 A ARG 555 A ASP 618 A TYR 619 A PRO 620 A LYS 621 A CYS 622 A ASP 623 A ARG 624 A THR 680 A THR 687 A ASN 691 A LEU 758 A SER 759 A ASP 760 A ASP 761 A ALA 797 A LYS 798 A TRP 800 A GLU 811 A CYS 813 A SER 814 A ARG 836 A ALA 840 A ARG 858
015 |         000007.6780 | 00000002354785.7500 | A HIS 439 A TYR 455 A LYS 545 A ALA 547 A ILE 548 A SER 549 A ALA 550 A LYS 551 A ARG 553 A ARG 555 A THR 556 A ASP 618 A TYR 619 A PRO 620 A LYS 621 A CYS 622 A ASP 623 A ARG 624 A THR 680 A SER 682 A THR 687 A ALA 688 A ASN 691 A LEU 758 A SER 759 A ASP 760 A ASP 761 A LYS 798 A GLU 811 A CYS 813 A SER 814 A ARG 836 A ALA 840 A ARG 858
016 |         000007.6620 | 00000002419243.2500 | A ASP 164 A VAL 166 A GLU 167 A TYR 455 A LYS 545 A SER 549 A ALA 550 A LYS 551 A ARG 553 A ARG 555 A THR 556 A ILE 589 A GLY 590 A ASP 618 A TYR 619 A PRO 620 A LYS 621 A CYS 622 A ASP 623 A ARG 624 A THR 680 A SER 681 A SER 682 A THR 687 A ALA 688 A ASN 691 A LEU 758 A SER 759 A ASP 760 A ASP 761 A LYS 798 A GLU 811 A CYS 813 A SER 814 A ARG 836
017 |         000007.6560 | 00000002443867.2500 | A HIS 439 A ASN 496 A LYS 500 A ILE 548 A SER 549 A ALA 550 A LYS 551 A ARG 553 A ARG 555 A ARG 569 A GLN 573 A LEU 576 A LYS 577 A ILE 589 A TRP 617 A ASP 618 A TYR 619 A PRO 620 A LYS 621 A CYS 622 A ASP 623 A THR 680 A SER 681 A SER 682 A GLY 683 A ASP 684 A ALA 685 A THR 687 A ALA 688 A TYR 689 A ASN 691 A SER 759 A ASP 760 A ASP 761 A ALA 797 A LYS 798 A GLU 811 A CYS 813 A SER 814 A ARG 836
018 |         000007.6430 | 00000002498082.2500 | A ASP 164 A VAL 166 A GLU 167 A HIS 439 A TYR 455 A ARG 457 A TYR 458 A ILE 548 A SER 549 A ALA 550 A LYS 551 A ARG 553 A ARG 555 A TRP 617 A ASP 618 A TYR 619 A PRO 620 A LYS 621 A CYS 622 A ASP 623 A SER 681 A SER 682 A ASP 684 A THR 687 A ALA 688 A ASN 691 A SER 759 A ASP 760 A ASP 761 A PHE 793 A SER 795 A LYS 798 A TRP 800 A GLU 811 A SER 814 A ARG 836
019 |         000007.6430 | 00000002498082.2500 | A PRO 169 A ASP 170 A LEU 172 A ARG 173 A ALA 176 A ASN 177 A THR 246 A LEU 247 A ARG 249 A THR 252 A SER 255 A TYR 265 A ILE 266 A LYS 267 A TRP 268 A LEU 270 A VAL 315 A THR 319 A PHE 321 A PRO 322 A PRO 323 A ARG 349 A GLU 350 A LEU 388 A LEU 389 A ASP 390 A THR 393 A THR 394 A CYS 395 A PHE 396 A SER 397 A ARG 457 A ASN 459 A LEU 460 A PRO 461 A ASN 628 A PRO 677
020 |         000007.6290 | 00000002557813.2500 | A HIS 439 A LYS 545 A ALA 547 A ILE 548 A SER 549 A ALA 550 A LYS 551 A ARG 553 A ARG 555 A TRP 617 A ASP 618 A TYR 619 A PRO 620 A LYS 621 A CYS 622 A ASP 623 A ARG 624 A SER 682 A THR 687 A ALA 688 A ASN 691 A LEU 758 A SER 759 A ASP 760 A ASP 761 A LYS 798 A CYS 799 A TRP 800 A GLU 811 A CYS 813 A SER 814 A ARG 836 A ALA 840 A ARG 858
021 |         000007.5610 | 00000002868887.5000 | A PRO 169 A LEU 172 A LEU 245 A THR 246 A ARG 249 A ALA 250 A LEU 251 A THR 252 A SER 255 A HIS 256 A LEU 261 A TYR 265 A ILE 266 A LYS 267 A TRP 268 A LEU 316 A THR 319 A VAL 320 A PRO 322 A PRO 323 A ARG 349 A LEU 389 A ASP 390 A LYS 391 A THR 393 A THR 394 A CYS 395 A PHE 396 A SER 397 A TYR 456 A ARG 457 A ASN 459 A LEU 460 A PRO 461 A VAL 675 A PRO 677
022 |         000007.5530 | 00000002907887.5000 | A ASP 161 A ASP 164 A VAL 166 A GLU 167 A LYS 438 A HIS 439 A TYR 455 A ALA 547 A ILE 548 A SER 549 A ALA 550 A LYS 551 A ARG 553 A ARG 555 A TRP 617 A ASP 618 A TYR 619 A PRO 620 A LYS 621 A CYS 622 A ASP 623 A ARG 624 A SER 681 A SER 682 A ASP 684 A THR 687 A ALA 688 A ASN 691 A SER 759 A ASP 760 A ASP 761 A VAL 792 A PHE 793 A SER 795 A ALA 797 A LYS 798 A TRP 800 A GLU 811 A SER 814 A ASP 833 A ARG 836
023 |         000007.4860 | 00000003256036.2500 | A VAL 166 A HIS 439 A TYR 455 A TYR 458 A ILE 548 A SER 549 A ALA 550 A LYS 551 A ARG 553 A ARG 555 A ASP 618 A TYR 619 A PRO 620 A LYS 621 A CYS 622 A ASP 623 A THR 680 A SER 681 A SER 682 A THR 687 A ALA 688 A ASN 691 A LEU 758 A SER 759 A ASP 760 A ASP 761 A SER 795 A LYS 798 A GLU 811 A CYS 813 A SER 814 A ARG 836
024 |         000007.4620 | 00000003390638.5000 | A PRO 169 A ASP 170 A LEU 172 A ARG 173 A ALA 176 A ASN 177 A THR 246 A ARG 249 A LEU 251 A THR 252 A SER 255 A LEU 261 A TYR 265 A ILE 266 A LYS 267 A TRP 268 A THR 319 A VAL 320 A PHE 321 A PRO 322 A PRO 323 A ARG 349 A ASP 390 A LYS 391 A THR 393 A THR 394 A CYS 395 A PHE 396 A SER 397 A TYR 456 A ARG 457 A ASN 459 A LEU 460 A PRO 461 A VAL 675 A PRO 677
025 |         000007.4280 | 00000003590904.0000 | A ASP 164 A VAL 166 A GLU 167 A TYR 455 A ARG 457 A TYR 458 A SER 549 A ALA 550 A LYS 551 A ARG 553 A ARG 555 A TRP 617 A ASP 618 A TYR 619 A PRO 620 A LYS 621 A CYS 622 A ASP 623 A SER 682 A THR 687 A ALA 688 A ASN 691 A LEU 758 A SER 759 A ASP 760 A ASP 761 A PHE 793 A ALA 797 A LYS 798 A GLU 811 A PHE 812 A CYS 813 A SER 814 A ARG 836

After clustering the 25 runs, the following 17 distinct complex conformations were found:
[They all differ by at least 5.0 A heavy atom RMSD after superposing on the receptor]

Clu |Bind.energy[kcal/mol]|Dissoc. constant [pM]| Contacting receptor residues
----+---------------------+---------------------+-----------------------------
001 |         000008.0940 | 00000001166861.5000 | A HIS 439 A ASP 452 A TYR 455 A ILE 548 A SER 549 A ALA 550 A LYS 551 A ARG 553 A ARG 555 A THR 556 A ASP 618 A TYR 619 A PRO 620 A LYS 621 A CYS 622 A ASP 623 A ARG 624 A THR 680 A SER 682 A THR 687 A ALA 688 A ASN 691 A LEU 758 A SER 759 A ASP 760 A ASP 761 A LYS 798 A CYS 799 A TRP 800 A GLU 811 A CYS 813 A SER 814 A ARG 836
002 |         000007.9480 | 00000001492927.6250 | A PRO 169 A ASP 170 A LEU 172 A LEU 245 A THR 246 A ARG 249 A ALA 250 A LEU 251 A THR 252 A SER 255 A TYR 265 A LYS 267 A TRP 268 A LEU 316 A SER 318 A THR 319 A VAL 320 A PHE 321 A PRO 322 A PRO 323 A THR 324 A ARG 349 A LEU 388 A LEU 389 A ASP 390 A LYS 391 A THR 393 A THR 394 A CYS 395 A PHE 396 A SER 397 A TYR 453 A ARG 457 A ASN 459 A LEU 460 A PRO 461 A VAL 675 A LYS 676 A PRO 677
003 |         000007.9150 | 00000001578440.0000 | A HIS 439 A PHE 441 A ASP 452 A TYR 455 A TYR 456 A MET 542 A LYS 545 A TYR 546 A ALA 547 A ILE 548 A SER 549 A ALA 550 A LYS 551 A ARG 553 A ARG 555 A THR 556 A VAL 557 A TRP 617 A ASP 618 A TYR 619 A PRO 620 A LYS 621 A CYS 622 A ASP 623 A ARG 624 A THR 680 A SER 682 A THR 687 A ALA 688 A ASN 691 A SER 759 A ASP 760 A ASP 761 A LYS 798 A CYS 799 A TRP 800 A GLU 811 A PHE 812 A CYS 813 A SER 814 A ARG 836 A ASP 845 A ARG 858
004 |         000007.7780 | 00000001989071.5000 | A PRO 169 A ASP 170 A LEU 172 A ARG 173 A ALA 176 A ASN 177 A LEU 245 A THR 246 A ARG 249 A ALA 250 A LEU 251 A THR 252 A SER 255 A TYR 265 A ILE 266 A LYS 267 A TRP 268 A LEU 316 A THR 319 A VAL 320 A PHE 321 A PRO 322 A PRO 323 A ARG 349 A LEU 389 A ASP 390 A LYS 391 A THR 393 A THR 394 A CYS 395 A PHE 396 A SER 397 A TYR 456 A ARG 457 A ASN 459 A LEU 460 A PRO 461 A PRO 677
005 |         000007.7340 | 00000002142411.2500 | A PRO 169 A LEU 172 A ARG 173 A ALA 176 A ASN 177 A GLY 179 A GLU 180 A ARG 249 A LEU 251 A THR 252 A SER 255 A LEU 261 A TYR 265 A TRP 268 A ASN 314 A VAL 315 A SER 318 A THR 319 A VAL 320 A PHE 321 A PRO 322 A PRO 323 A PHE 326 A ARG 349 A GLU 350 A THR 394 A CYS 395 A PHE 396 A ARG 457 A TYR 458 A ASN 459 A LEU 460 A PRO 461 A ASN 628 A PRO 677
006 |         000007.7320 | 00000002149655.5000 | A LEU 172 A ARG 173 A ALA 176 A ASN 177 A ARG 249 A THR 252 A SER 255 A HIS 256 A TYR 265 A ILE 266 A LYS 267 A TRP 268 A LEU 270 A THR 319 A VAL 320 A PHE 321 A PRO 322 A PRO 323 A THR 324 A ARG 349 A LEU 388 A LEU 389 A ASP 390 A THR 393 A THR 394 A CYS 395 A PHE 396 A SER 397 A TYR 456 A ARG 457 A ASN 459 A LEU 460 A PRO 461 A VAL 675 A PRO 677
007 |         000007.7260 | 00000002171535.5000 | A HIS 439 A ASP 452 A TYR 455 A ALA 547 A ILE 548 A SER 549 A ALA 550 A LYS 551 A ARG 553 A ARG 555 A THR 556 A TRP 617 A ASP 618 A TYR 619 A PRO 620 A LYS 621 A CYS 622 A ASP 623 A ARG 624 A THR 680 A SER 682 A THR 687 A ALA 688 A ASN 691 A LEU 758 A SER 759 A ASP 760 A ASP 761 A LYS 798 A CYS 799 A TRP 800 A GLU 811 A PHE 812 A CYS 813 A SER 814 A ARG 836 A ALA 840 A ARG 858
008 |         000007.7200 | 00000002193638.0000 | A HIS 439 A PHE 441 A TYR 455 A ALA 547 A ILE 548 A SER 549 A ALA 550 A LYS 551 A ARG 553 A ARG 555 A ASP 618 A TYR 619 A PRO 620 A LYS 621 A CYS 622 A ASP 623 A ARG 624 A THR 680 A THR 687 A ASN 691 A LEU 758 A SER 759 A ASP 760 A ASP 761 A ALA 797 A LYS 798 A TRP 800 A GLU 811 A CYS 813 A SER 814 A ARG 836 A ALA 840 A ARG 858
009 |         000007.6780 | 00000002354785.7500 | A HIS 439 A TYR 455 A LYS 545 A ALA 547 A ILE 548 A SER 549 A ALA 550 A LYS 551 A ARG 553 A ARG 555 A THR 556 A ASP 618 A TYR 619 A PRO 620 A LYS 621 A CYS 622 A ASP 623 A ARG 624 A THR 680 A SER 682 A THR 687 A ALA 688 A ASN 691 A LEU 758 A SER 759 A ASP 760 A ASP 761 A LYS 798 A GLU 811 A CYS 813 A SER 814 A ARG 836 A ALA 840 A ARG 858
010 |         000007.6620 | 00000002419243.2500 | A ASP 164 A VAL 166 A GLU 167 A TYR 455 A LYS 545 A SER 549 A ALA 550 A LYS 551 A ARG 553 A ARG 555 A THR 556 A ILE 589 A GLY 590 A ASP 618 A TYR 619 A PRO 620 A LYS 621 A CYS 622 A ASP 623 A ARG 624 A THR 680 A SER 681 A SER 682 A THR 687 A ALA 688 A ASN 691 A LEU 758 A SER 759 A ASP 760 A ASP 761 A LYS 798 A GLU 811 A CYS 813 A SER 814 A ARG 836
011 |         000007.6560 | 00000002443867.2500 | A HIS 439 A ASN 496 A LYS 500 A ILE 548 A SER 549 A ALA 550 A LYS 551 A ARG 553 A ARG 555 A ARG 569 A GLN 573 A LEU 576 A LYS 577 A ILE 589 A TRP 617 A ASP 618 A TYR 619 A PRO 620 A LYS 621 A CYS 622 A ASP 623 A THR 680 A SER 681 A SER 682 A GLY 683 A ASP 684 A ALA 685 A THR 687 A ALA 688 A TYR 689 A ASN 691 A SER 759 A ASP 760 A ASP 761 A ALA 797 A LYS 798 A GLU 811 A CYS 813 A SER 814 A ARG 836
012 |         000007.6430 | 00000002498082.2500 | A ASP 164 A VAL 166 A GLU 167 A HIS 439 A TYR 455 A ARG 457 A TYR 458 A ILE 548 A SER 549 A ALA 550 A LYS 551 A ARG 553 A ARG 555 A TRP 617 A ASP 618 A TYR 619 A PRO 620 A LYS 621 A CYS 622 A ASP 623 A SER 681 A SER 682 A ASP 684 A THR 687 A ALA 688 A ASN 691 A SER 759 A ASP 760 A ASP 761 A PHE 793 A SER 795 A LYS 798 A TRP 800 A GLU 811 A SER 814 A ARG 836
013 |         000007.6430 | 00000002498082.2500 | A PRO 169 A ASP 170 A LEU 172 A ARG 173 A ALA 176 A ASN 177 A THR 246 A LEU 247 A ARG 249 A THR 252 A SER 255 A TYR 265 A ILE 266 A LYS 267 A TRP 268 A LEU 270 A VAL 315 A THR 319 A PHE 321 A PRO 322 A PRO 323 A ARG 349 A GLU 350 A LEU 388 A LEU 389 A ASP 390 A THR 393 A THR 394 A CYS 395 A PHE 396 A SER 397 A ARG 457 A ASN 459 A LEU 460 A PRO 461 A ASN 628 A PRO 677
014 |         000007.6290 | 00000002557813.2500 | A HIS 439 A LYS 545 A ALA 547 A ILE 548 A SER 549 A ALA 550 A LYS 551 A ARG 553 A ARG 555 A TRP 617 A ASP 618 A TYR 619 A PRO 620 A LYS 621 A CYS 622 A ASP 623 A ARG 624 A SER 682 A THR 687 A ALA 688 A ASN 691 A LEU 758 A SER 759 A ASP 760 A ASP 761 A LYS 798 A CYS 799 A TRP 800 A GLU 811 A CYS 813 A SER 814 A ARG 836 A ALA 840 A ARG 858
015 |         000007.5610 | 00000002868887.5000 | A PRO 169 A LEU 172 A LEU 245 A THR 246 A ARG 249 A ALA 250 A LEU 251 A THR 252 A SER 255 A HIS 256 A LEU 261 A TYR 265 A ILE 266 A LYS 267 A TRP 268 A LEU 316 A THR 319 A VAL 320 A PRO 322 A PRO 323 A ARG 349 A LEU 389 A ASP 390 A LYS 391 A THR 393 A THR 394 A CYS 395 A PHE 396 A SER 397 A TYR 456 A ARG 457 A ASN 459 A LEU 460 A PRO 461 A VAL 675 A PRO 677
016 |         000007.4620 | 00000003390638.5000 | A PRO 169 A ASP 170 A LEU 172 A ARG 173 A ALA 176 A ASN 177 A THR 246 A ARG 249 A LEU 251 A THR 252 A SER 255 A LEU 261 A TYR 265 A ILE 266 A LYS 267 A TRP 268 A THR 319 A VAL 320 A PHE 321 A PRO 322 A PRO 323 A ARG 349 A ASP 390 A LYS 391 A THR 393 A THR 394 A CYS 395 A PHE 396 A SER 397 A TYR 456 A ARG 457 A ASN 459 A LEU 460 A PRO 461 A VAL 675 A PRO 677
017 |         000007.4280 | 00000003590904.0000 | A ASP 164 A VAL 166 A GLU 167 A TYR 455 A ARG 457 A TYR 458 A SER 549 A ALA 550 A LYS 551 A ARG 553 A ARG 555 A TRP 617 A ASP 618 A TYR 619 A PRO 620 A LYS 621 A CYS 622 A ASP 623 A SER 682 A THR 687 A ALA 688 A ASN 691 A LEU 758 A SER 759 A ASP 760 A ASP 761 A PHE 793 A ALA 797 A LYS 798 A GLU 811 A PHE 812 A CYS 813 A SER 814 A ARG 836

While the table above lists the best binding energy in each cluster, it is sometimes
helpful to also look at the energy spread [average and standard deviation], the
dissociation constant has been recalculated from the average binding energy:

Clu |Members|Bind.energy spread [kcal/mol]|Dissoc. constant [pM]
----+-------+-----------------------------+---------------------
001 |  003  |    000007.8327+-000000.2554 | 00000001813901.0206
002 |  001  |    000007.9480+-000000.0000 | 00000001493047.7817
003 |  001  |    000007.9150+-000000.0000 | 00000001578566.4806
004 |  001  |    000007.7780+-000000.0000 | 00000001989228.4772
005 |  001  |    000007.7340+-000000.0000 | 00000002142578.1008
006 |  001  |    000007.7320+-000000.0000 | 00000002149824.0431
007 |  001  |    000007.7260+-000000.0000 | 00000002171705.7355
008 |  001  |    000007.7200+-000000.0000 | 00000002193810.1477
009 |  001  |    000007.6780+-000000.0000 | 00000002354968.6523
010 |  001  |    000007.6620+-000000.0000 | 00000002419430.0182
011 |  001  |    000007.6560+-000000.0000 | 00000002444055.8585
012 |  002  |    000007.5980+-000000.0450 | 00000002695414.1293
013 |  001  |    000007.6430+-000000.0000 | 00000002498274.7871
014 |  001  |    000007.6290+-000000.0000 | 00000002558009.9819
015 |  001  |    000007.5610+-000000.0000 | 00000002869107.5550
016 |  001  |    000007.4620+-000000.0000 | 00000003390894.9811
017 |  001  |    000007.4280+-000000.0000 | 00000003591174.1136

The results of the 25 runs have been combined in a single scene at C:\Users\Hp\Desktop\L2-lysine1 docking in cavity 3\dock.sce
The 17 clusters have been saved as:
C:\Users\Hp\Desktop\L2-lysine1 docking in cavity 3\dock_001.yob
C:\Users\Hp\Desktop\L2-lysine1 docking in cavity 3\dock_002.yob
C:\Users\Hp\Desktop\L2-lysine1 docking in cavity 3\dock_003.yob
C:\Users\Hp\Desktop\L2-lysine1 docking in cavity 3\dock_004.yob
C:\Users\Hp\Desktop\L2-lysine1 docking in cavity 3\dock_005.yob
C:\Users\Hp\Desktop\L2-lysine1 docking in cavity 3\dock_006.yob
C:\Users\Hp\Desktop\L2-lysine1 docking in cavity 3\dock_007.yob
C:\Users\Hp\Desktop\L2-lysine1 docking in cavity 3\dock_008.yob
C:\Users\Hp\Desktop\L2-lysine1 docking in cavity 3\dock_009.yob
C:\Users\Hp\Desktop\L2-lysine1 docking in cavity 3\dock_010.yob
C:\Users\Hp\Desktop\L2-lysine1 docking in cavity 3\dock_011.yob
C:\Users\Hp\Desktop\L2-lysine1 docking in cavity 3\dock_012.yob
C:\Users\Hp\Desktop\L2-lysine1 docking in cavity 3\dock_013.yob
C:\Users\Hp\Desktop\L2-lysine1 docking in cavity 3\dock_014.yob
C:\Users\Hp\Desktop\L2-lysine1 docking in cavity 3\dock_015.yob
C:\Users\Hp\Desktop\L2-lysine1 docking in cavity 3\dock_016.yob
C:\Users\Hp\Desktop\L2-lysine1 docking in cavity 3\dock_017.yob
