Global docking result analysis
==============================

25 VINA docking runs of the ligand object 3 to the receptor object 1 yielded the following results,
sorted by binding energy [more positive energies indicate stronger binding, and negative energies mean no binding]

Run |Bind.energy[kcal/mol]|Dissoc. constant [pM]| Contacting receptor residues
----+---------------------+---------------------+-----------------------------
001 |         000008.1090 | 00000001137690.6250 | A PRO 169 A ARG 173 A ALA 176 A ASN 177 A THR 246 A ARG 249 A LEU 251 A THR 252 A SER 255 A LEU 261 A TYR 265 A ILE 266 A LYS 267 A TRP 268 A LEU 270 A LEU 316 A THR 319 A VAL 320 A PHE 321 A PRO 322 A PRO 323 A ARG 349 A ASP 390 A LYS 391 A THR 393 A THR 394 A CYS 395 A PHE 396 A SER 397 A TYR 456 A ARG 457 A TYR 458 A ASN 459 A LEU 460 A PRO 461 A ASN 628 A VAL 675 A LYS 676 A PRO 677
002 |         000008.1090 | 00000001137690.6250 | A PRO 169 A ARG 173 A ALA 176 A ASN 177 A THR 246 A ARG 249 A LEU 251 A THR 252 A SER 255 A LEU 261 A TYR 265 A ILE 266 A LYS 267 A TRP 268 A LEU 270 A LEU 316 A THR 319 A VAL 320 A PHE 321 A PRO 322 A PRO 323 A ARG 349 A ASP 390 A LYS 391 A THR 393 A THR 394 A CYS 395 A PHE 396 A SER 397 A TYR 456 A ARG 457 A TYR 458 A ASN 459 A LEU 460 A PRO 461 A ASN 628 A VAL 675 A LYS 676 A PRO 677
003 |         000007.9560 | 00000001472904.7500 | A HIS 439 A PHE 441 A LYS 545 A TYR 546 A ALA 547 A ILE 548 A SER 549 A ALA 550 A LYS 551 A ARG 553 A ARG 555 A THR 556 A TRP 617 A ASP 618 A PRO 620 A LYS 621 A CYS 622 A ASP 623 A ARG 624 A THR 680 A SER 681 A SER 682 A THR 687 A ASN 691 A LEU 758 A SER 759 A ASP 760 A ASP 761 A LYS 798 A CYS 799 A TRP 800 A GLU 811 A CYS 813 A SER 814 A ARG 836 A ASP 845
004 |         000007.9560 | 00000001472904.7500 | A HIS 439 A PHE 441 A LYS 545 A TYR 546 A ALA 547 A ILE 548 A SER 549 A ALA 550 A LYS 551 A ARG 553 A ARG 555 A THR 556 A TRP 617 A ASP 618 A PRO 620 A LYS 621 A CYS 622 A ASP 623 A ARG 624 A THR 680 A SER 681 A SER 682 A THR 687 A ASN 691 A LEU 758 A SER 759 A ASP 760 A ASP 761 A LYS 798 A CYS 799 A TRP 800 A GLU 811 A CYS 813 A SER 814 A ARG 836 A ASP 845
005 |         000007.8300 | 00000001821939.2500 | A LEU 172 A ARG 173 A THR 246 A ARG 249 A LEU 251 A THR 252 A SER 255 A TYR 265 A ILE 266 A LYS 267 A TRP 268 A LEU 270 A THR 319 A VAL 320 A PHE 321 A PRO 322 A PRO 323 A ARG 349 A ASP 390 A LYS 391 A THR 393 A THR 394 A CYS 395 A PHE 396 A SER 397 A TYR 456 A ARG 457 A TYR 458 A ASN 459 A LEU 460 A PRO 461 A ASN 628 A VAL 675 A PRO 677
006 |         000007.8300 | 00000001821939.2500 | A LEU 172 A ARG 173 A THR 246 A ARG 249 A LEU 251 A THR 252 A SER 255 A TYR 265 A ILE 266 A LYS 267 A TRP 268 A LEU 270 A THR 319 A VAL 320 A PHE 321 A PRO 322 A PRO 323 A ARG 349 A ASP 390 A LYS 391 A THR 393 A THR 394 A CYS 395 A PHE 396 A SER 397 A TYR 456 A ARG 457 A TYR 458 A ASN 459 A LEU 460 A PRO 461 A ASN 628 A VAL 675 A PRO 677
007 |         000007.7700 | 00000002016111.2500 | A LYS 160 A ASP 161 A TYR 163 A ASP 164 A VAL 166 A GLU 167 A ASP 452 A TYR 455 A SER 549 A ALA 550 A LYS 551 A ARG 553 A ALA 554 A ARG 555 A THR 556 A TRP 617 A ASP 618 A TYR 619 A PRO 620 A LYS 621 A CYS 622 A ASP 623 A ARG 624 A THR 680 A SER 682 A ASP 684 A THR 687 A ALA 688 A ASN 691 A LEU 758 A SER 759 A ASP 760 A ASP 761 A PHE 793 A SER 795 A LYS 798 A TRP 800 A GLU 811 A CYS 813 A SER 814 A ARG 836
008 |         000007.7700 | 00000002016111.2500 | A LYS 160 A ASP 161 A TYR 163 A ASP 164 A VAL 166 A GLU 167 A ASP 452 A TYR 455 A SER 549 A ALA 550 A LYS 551 A ARG 553 A ALA 554 A ARG 555 A THR 556 A TRP 617 A ASP 618 A TYR 619 A PRO 620 A LYS 621 A CYS 622 A ASP 623 A ARG 624 A THR 680 A SER 682 A ASP 684 A THR 687 A ALA 688 A ASN 691 A LEU 758 A SER 759 A ASP 760 A ASP 761 A PHE 793 A SER 795 A LYS 798 A TRP 800 A GLU 811 A CYS 813 A SER 814 A ARG 836
009 |         000007.7630 | 00000002040072.2500 | A PRO 169 A LEU 172 A LEU 245 A THR 246 A ARG 249 A ALA 250 A LEU 251 A THR 252 A SER 255 A TYR 265 A ILE 266 A LYS 267 A TRP 268 A LEU 316 A SER 318 A THR 319 A VAL 320 A PHE 321 A PRO 322 A PRO 323 A PHE 326 A GLY 327 A TYR 346 A HIS 347 A PHE 348 A ARG 349 A LEU 388 A LEU 389 A ASP 390 A LYS 391 A THR 393 A THR 394 A CYS 395 A PHE 396 A SER 397 A ARG 457 A ASN 459 A LEU 460 A PRO 461 A ASN 628 A SER 664 A VAL 675 A LYS 676 A PRO 677
010 |         000007.7630 | 00000002040072.2500 | A PRO 169 A LEU 172 A LEU 245 A THR 246 A ARG 249 A ALA 250 A LEU 251 A THR 252 A SER 255 A TYR 265 A ILE 266 A LYS 267 A TRP 268 A LEU 316 A SER 318 A THR 319 A VAL 320 A PHE 321 A PRO 322 A PRO 323 A PHE 326 A GLY 327 A TYR 346 A HIS 347 A PHE 348 A ARG 349 A LEU 388 A LEU 389 A ASP 390 A LYS 391 A THR 393 A THR 394 A CYS 395 A PHE 396 A SER 397 A ARG 457 A ASN 459 A LEU 460 A PRO 461 A ASN 628 A SER 664 A VAL 675 A LYS 676 A PRO 677
011 |         000007.7390 | 00000002124407.2500 | A HIS 439 A ILE 548 A SER 549 A ALA 550 A LYS 551 A ARG 553 A ARG 555 A THR 556 A TRP 617 A ASP 618 A TYR 619 A PRO 620 A LYS 621 A CYS 622 A ASP 623 A ARG 624 A THR 680 A SER 681 A SER 682 A THR 687 A ASN 691 A LEU 758 A SER 759 A ASP 760 A ASP 761 A LYS 798 A CYS 799 A TRP 800 A GLU 811 A CYS 813 A SER 814 A GLN 815 A ARG 836 A ILE 837 A ALA 840 A ARG 858 A LEU 862 A ASP 865
012 |         000007.7370 | 00000002131590.7500 | A LYS 438 A HIS 439 A LYS 545 A ILE 548 A SER 549 A ALA 550 A LYS 551 A ARG 553 A ARG 555 A TRP 617 A ASP 618 A TYR 619 A PRO 620 A LYS 621 A CYS 622 A ASP 623 A THR 680 A SER 682 A GLY 683 A ASP 684 A ALA 685 A THR 687 A ALA 688 A ASN 691 A SER 759 A ASP 760 A ASP 761 A GLU 811 A CYS 813 A SER 814 A ASP 833 A ARG 836
013 |         000007.7000 | 00000002268951.2500 | A HIS 439 A PHE 441 A TYR 456 A LYS 545 A ALA 547 A ILE 548 A SER 549 A ALA 550 A LYS 551 A ARG 553 A ARG 555 A THR 556 A TRP 617 A ASP 618 A TYR 619 A PRO 620 A LYS 621 A CYS 622 A ASP 623 A ARG 624 A THR 680 A SER 681 A SER 682 A ASN 691 A LEU 758 A SER 759 A ASP 760 A ASP 761 A ALA 762 A LYS 798 A GLU 811 A CYS 813 A SER 814 A ARG 836 A ALA 840 A ASP 845 A ARG 858
014 |         000007.6490 | 00000002472912.0000 | A PHE 441 A TYR 455 A LYS 545 A TYR 546 A ALA 547 A ILE 548 A SER 549 A ALA 550 A LYS 551 A ARG 553 A ARG 555 A THR 556 A VAL 557 A ASP 618 A LYS 621 A ASP 623 A ARG 624 A THR 680 A SER 681 A SER 682 A THR 687 A ALA 688 A ASN 691 A SER 759 A ASP 760 A ASP 761 A CYS 813 A SER 814 A ARG 836 A ALA 840 A PHE 843 A VAL 844 A ASP 845 A ARG 858
015 |         000007.6030 | 00000002672557.7500 | A LEU 172 A THR 246 A ARG 249 A SER 255 A TYR 265 A ILE 266 A LYS 267 A TRP 268 A LEU 270 A VAL 315 A SER 318 A THR 319 A VAL 320 A PHE 321 A PRO 322 A PRO 323 A THR 324 A ARG 349 A GLU 350 A LEU 387 A LEU 388 A LEU 389 A ASP 390 A THR 393 A THR 394 A CYS 395 A PHE 396 A SER 397 A VAL 398 A TYR 456 A ARG 457 A ASN 459 A LEU 460 A PRO 461 A ASN 628 A TYR 674 A PRO 677
016 |         000007.5960 | 00000002704320.5000 | A LEU 172 A THR 246 A ARG 249 A LEU 251 A THR 252 A SER 255 A TYR 265 A ILE 266 A LYS 267 A TRP 268 A ASN 314 A VAL 315 A LEU 316 A SER 318 A THR 319 A VAL 320 A PHE 321 A PRO 322 A PRO 323 A ARG 349 A GLU 350 A LEU 387 A LEU 388 A LEU 389 A ASP 390 A LYS 391 A THR 393 A THR 394 A CYS 395 A PHE 396 A SER 397 A VAL 398 A TYR 456 A ARG 457 A ASN 459 A LEU 460 A PRO 461 A ASN 628 A VAL 675 A PRO 677
017 |         000007.5880 | 00000002741083.5000 | A PRO 169 A ASP 170 A LEU 172 A ARG 173 A ALA 176 A ASN 177 A THR 246 A LEU 247 A ARG 249 A THR 252 A SER 255 A LEU 261 A TYR 265 A ILE 266 A LYS 267 A TRP 268 A THR 319 A VAL 320 A PHE 321 A PRO 322 A PRO 323 A THR 324 A ARG 349 A GLU 350 A LEU 387 A LEU 388 A LEU 389 A ASP 390 A THR 393 A THR 394 A CYS 395 A PHE 396 A SER 397 A VAL 398 A TYR 456 A ARG 457 A ASN 459 A LEU 460 A PRO 461 A ASN 628 A VAL 675 A PRO 677
018 |         000007.5840 | 00000002759651.7500 | A HIS 439 A ASP 452 A ASN 497 A LYS 500 A ILE 548 A SER 549 A ALA 550 A LYS 551 A ARG 553 A ALA 554 A ARG 555 A THR 556 A TRP 617 A ASP 618 A TYR 619 A PRO 620 A LYS 621 A CYS 622 A ASP 623 A ARG 624 A THR 680 A SER 682 A GLY 683 A ASP 684 A ALA 685 A THR 687 A ALA 688 A ASN 691 A LEU 758 A SER 759 A ASP 760 A ASP 761 A LYS 798 A TRP 800 A HIS 810 A GLU 811 A CYS 813 A SER 814 A ARG 836
019 |         000007.5720 | 00000002816115.2500 | A LEU 172 A ARG 173 A LEU 245 A THR 246 A ARG 249 A ALA 250 A LEU 251 A THR 252 A SER 255 A TYR 265 A ILE 266 A LYS 267 A TRP 268 A LEU 270 A LEU 316 A SER 318 A THR 319 A VAL 320 A PHE 321 A PRO 322 A PRO 323 A THR 324 A PHE 326 A ARG 349 A LEU 389 A ASP 390 A LYS 391 A THR 393 A THR 394 A CYS 395 A PHE 396 A SER 397 A ARG 457 A LEU 460 A PRO 461 A VAL 675 A LYS 676 A PRO 677
020 |         000007.5470 | 00000002937485.0000 | A GLU 136 A LYS 160 A ASP 161 A TYR 163 A ASP 164 A VAL 166 A GLU 167 A TYR 455 A LYS 551 A ARG 553 A ARG 555 A TRP 617 A ASP 618 A TYR 619 A PRO 620 A LYS 621 A CYS 622 A ASP 623 A ARG 624 A THR 680 A SER 681 A SER 682 A GLY 683 A ASP 684 A THR 687 A ALA 688 A ASN 691 A LEU 758 A SER 759 A ASP 760 A ASP 761 A PHE 793 A SER 795 A GLU 796 A ALA 797 A LYS 798 A TRP 800 A GLU 811 A CYS 813 A SER 814
021 |         000007.5410 | 00000002967383.7500 | A ASP 170 A LEU 172 A ARG 173 A LEU 245 A THR 246 A ARG 249 A LEU 251 A THR 252 A SER 255 A TYR 265 A ILE 266 A LYS 267 A TRP 268 A LEU 270 A LEU 316 A THR 319 A VAL 320 A PHE 321 A PRO 322 A PRO 323 A THR 324 A ARG 349 A LEU 389 A LYS 391 A THR 394 A CYS 395 A PHE 396 A SER 397 A TYR 456 A ARG 457 A ASN 459 A LEU 460 A PRO 461 A ASN 628 A VAL 675 A PRO 677
022 |         000007.5290 | 00000003028097.2500 | A LYS 160 A ASP 161 A TYR 163 A ASP 164 A VAL 166 A GLU 167 A ILE 548 A SER 549 A ALA 550 A LYS 551 A ARG 553 A ARG 555 A TRP 617 A ASP 618 A TYR 619 A PRO 620 A LYS 621 A CYS 622 A ASP 623 A THR 680 A SER 682 A ASN 691 A LEU 758 A SER 759 A ASP 760 A ASP 761 A PHE 793 A SER 795 A ALA 797 A LYS 798 A TRP 800 A GLU 811 A CYS 813 A SER 814 A ARG 836
023 |         000007.5100 | 00000003126777.7500 | A LEU 172 A ARG 173 A ALA 176 A ASN 177 A THR 246 A ARG 249 A THR 252 A SER 255 A HIS 256 A LEU 261 A TYR 265 A ILE 266 A LYS 267 A TRP 268 A LEU 270 A THR 319 A VAL 320 A PHE 321 A PRO 322 A PRO 323 A ARG 349 A LEU 389 A ASP 390 A LYS 391 A THR 393 A THR 394 A CYS 395 A PHE 396 A SER 397 A ARG 457 A ASN 459 A LEU 460 A PRO 461 A PRO 677
024 |         000007.4560 | 00000003425149.5000 | A PRO 169 A ASP 170 A LEU 172 A ARG 173 A ALA 176 A ASN 177 A LEU 245 A THR 246 A ARG 249 A LEU 251 A THR 252 A SER 255 A TYR 265 A ILE 266 A LYS 267 A TRP 268 A LEU 316 A THR 319 A VAL 320 A PHE 321 A PRO 322 A PRO 323 A ARG 349 A LEU 389 A ASP 390 A LYS 391 A THR 393 A THR 394 A CYS 395 A PHE 396 A SER 397 A TYR 456 A ARG 457 A ASN 459 A LEU 460 A PRO 461 A VAL 675 A PRO 677
025 |         000007.4500 | 00000003460012.0000 | A PRO 169 A LEU 172 A ARG 173 A ALA 176 A ASN 177 A THR 246 A ARG 249 A THR 252 A SER 255 A LEU 261 A TYR 265 A ILE 266 A LYS 267 A TRP 268 A LEU 270 A THR 319 A VAL 320 A PHE 321 A PRO 322 A PRO 323 A ARG 349 A LEU 389 A ASP 390 A LYS 391 A THR 393 A THR 394 A CYS 395 A PHE 396 A SER 397 A ASP 454 A TYR 456 A ARG 457 A ASN 459 A LEU 460 A PRO 461 A ASN 628 A VAL 675 A PRO 677

After clustering the 25 runs, the following 16 distinct complex conformations were found:
[They all differ by at least 5.0 A heavy atom RMSD after superposing on the receptor]

Clu |Bind.energy[kcal/mol]|Dissoc. constant [pM]| Contacting receptor residues
----+---------------------+---------------------+-----------------------------
001 |         000008.1090 | 00000001137690.6250 | A PRO 169 A ARG 173 A ALA 176 A ASN 177 A THR 246 A ARG 249 A LEU 251 A THR 252 A SER 255 A LEU 261 A TYR 265 A ILE 266 A LYS 267 A TRP 268 A LEU 270 A LEU 316 A THR 319 A VAL 320 A PHE 321 A PRO 322 A PRO 323 A ARG 349 A ASP 390 A LYS 391 A THR 393 A THR 394 A CYS 395 A PHE 396 A SER 397 A TYR 456 A ARG 457 A TYR 458 A ASN 459 A LEU 460 A PRO 461 A ASN 628 A VAL 675 A LYS 676 A PRO 677
002 |         000007.9560 | 00000001472904.7500 | A HIS 439 A PHE 441 A LYS 545 A TYR 546 A ALA 547 A ILE 548 A SER 549 A ALA 550 A LYS 551 A ARG 553 A ARG 555 A THR 556 A TRP 617 A ASP 618 A PRO 620 A LYS 621 A CYS 622 A ASP 623 A ARG 624 A THR 680 A SER 681 A SER 682 A THR 687 A ASN 691 A LEU 758 A SER 759 A ASP 760 A ASP 761 A LYS 798 A CYS 799 A TRP 800 A GLU 811 A CYS 813 A SER 814 A ARG 836 A ASP 845
003 |         000007.7700 | 00000002016111.2500 | A LYS 160 A ASP 161 A TYR 163 A ASP 164 A VAL 166 A GLU 167 A ASP 452 A TYR 455 A SER 549 A ALA 550 A LYS 551 A ARG 553 A ALA 554 A ARG 555 A THR 556 A TRP 617 A ASP 618 A TYR 619 A PRO 620 A LYS 621 A CYS 622 A ASP 623 A ARG 624 A THR 680 A SER 682 A ASP 684 A THR 687 A ALA 688 A ASN 691 A LEU 758 A SER 759 A ASP 760 A ASP 761 A PHE 793 A SER 795 A LYS 798 A TRP 800 A GLU 811 A CYS 813 A SER 814 A ARG 836
004 |         000007.7630 | 00000002040072.2500 | A PRO 169 A LEU 172 A LEU 245 A THR 246 A ARG 249 A ALA 250 A LEU 251 A THR 252 A SER 255 A TYR 265 A ILE 266 A LYS 267 A TRP 268 A LEU 316 A SER 318 A THR 319 A VAL 320 A PHE 321 A PRO 322 A PRO 323 A PHE 326 A GLY 327 A TYR 346 A HIS 347 A PHE 348 A ARG 349 A LEU 388 A LEU 389 A ASP 390 A LYS 391 A THR 393 A THR 394 A CYS 395 A PHE 396 A SER 397 A ARG 457 A ASN 459 A LEU 460 A PRO 461 A ASN 628 A SER 664 A VAL 675 A LYS 676 A PRO 677
005 |         000007.7370 | 00000002131590.7500 | A LYS 438 A HIS 439 A LYS 545 A ILE 548 A SER 549 A ALA 550 A LYS 551 A ARG 553 A ARG 555 A TRP 617 A ASP 618 A TYR 619 A PRO 620 A LYS 621 A CYS 622 A ASP 623 A THR 680 A SER 682 A GLY 683 A ASP 684 A ALA 685 A THR 687 A ALA 688 A ASN 691 A SER 759 A ASP 760 A ASP 761 A GLU 811 A CYS 813 A SER 814 A ASP 833 A ARG 836
006 |         000007.7000 | 00000002268951.2500 | A HIS 439 A PHE 441 A TYR 456 A LYS 545 A ALA 547 A ILE 548 A SER 549 A ALA 550 A LYS 551 A ARG 553 A ARG 555 A THR 556 A TRP 617 A ASP 618 A TYR 619 A PRO 620 A LYS 621 A CYS 622 A ASP 623 A ARG 624 A THR 680 A SER 681 A SER 682 A ASN 691 A LEU 758 A SER 759 A ASP 760 A ASP 761 A ALA 762 A LYS 798 A GLU 811 A CYS 813 A SER 814 A ARG 836 A ALA 840 A ASP 845 A ARG 858
007 |         000007.6490 | 00000002472912.0000 | A PHE 441 A TYR 455 A LYS 545 A TYR 546 A ALA 547 A ILE 548 A SER 549 A ALA 550 A LYS 551 A ARG 553 A ARG 555 A THR 556 A VAL 557 A ASP 618 A LYS 621 A ASP 623 A ARG 624 A THR 680 A SER 681 A SER 682 A THR 687 A ALA 688 A ASN 691 A SER 759 A ASP 760 A ASP 761 A CYS 813 A SER 814 A ARG 836 A ALA 840 A PHE 843 A VAL 844 A ASP 845 A ARG 858
008 |         000007.6030 | 00000002672557.7500 | A LEU 172 A THR 246 A ARG 249 A SER 255 A TYR 265 A ILE 266 A LYS 267 A TRP 268 A LEU 270 A VAL 315 A SER 318 A THR 319 A VAL 320 A PHE 321 A PRO 322 A PRO 323 A THR 324 A ARG 349 A GLU 350 A LEU 387 A LEU 388 A LEU 389 A ASP 390 A THR 393 A THR 394 A CYS 395 A PHE 396 A SER 397 A VAL 398 A TYR 456 A ARG 457 A ASN 459 A LEU 460 A PRO 461 A ASN 628 A TYR 674 A PRO 677
009 |         000007.5960 | 00000002704320.5000 | A LEU 172 A THR 246 A ARG 249 A LEU 251 A THR 252 A SER 255 A TYR 265 A ILE 266 A LYS 267 A TRP 268 A ASN 314 A VAL 315 A LEU 316 A SER 318 A THR 319 A VAL 320 A PHE 321 A PRO 322 A PRO 323 A ARG 349 A GLU 350 A LEU 387 A LEU 388 A LEU 389 A ASP 390 A LYS 391 A THR 393 A THR 394 A CYS 395 A PHE 396 A SER 397 A VAL 398 A TYR 456 A ARG 457 A ASN 459 A LEU 460 A PRO 461 A ASN 628 A VAL 675 A PRO 677
010 |         000007.5880 | 00000002741083.5000 | A PRO 169 A ASP 170 A LEU 172 A ARG 173 A ALA 176 A ASN 177 A THR 246 A LEU 247 A ARG 249 A THR 252 A SER 255 A LEU 261 A TYR 265 A ILE 266 A LYS 267 A TRP 268 A THR 319 A VAL 320 A PHE 321 A PRO 322 A PRO 323 A THR 324 A ARG 349 A GLU 350 A LEU 387 A LEU 388 A LEU 389 A ASP 390 A THR 393 A THR 394 A CYS 395 A PHE 396 A SER 397 A VAL 398 A TYR 456 A ARG 457 A ASN 459 A LEU 460 A PRO 461 A ASN 628 A VAL 675 A PRO 677
011 |         000007.5840 | 00000002759651.7500 | A HIS 439 A ASP 452 A ASN 497 A LYS 500 A ILE 548 A SER 549 A ALA 550 A LYS 551 A ARG 553 A ALA 554 A ARG 555 A THR 556 A TRP 617 A ASP 618 A TYR 619 A PRO 620 A LYS 621 A CYS 622 A ASP 623 A ARG 624 A THR 680 A SER 682 A GLY 683 A ASP 684 A ALA 685 A THR 687 A ALA 688 A ASN 691 A LEU 758 A SER 759 A ASP 760 A ASP 761 A LYS 798 A TRP 800 A HIS 810 A GLU 811 A CYS 813 A SER 814 A ARG 836
012 |         000007.5720 | 00000002816115.2500 | A LEU 172 A ARG 173 A LEU 245 A THR 246 A ARG 249 A ALA 250 A LEU 251 A THR 252 A SER 255 A TYR 265 A ILE 266 A LYS 267 A TRP 268 A LEU 270 A LEU 316 A SER 318 A THR 319 A VAL 320 A PHE 321 A PRO 322 A PRO 323 A THR 324 A PHE 326 A ARG 349 A LEU 389 A ASP 390 A LYS 391 A THR 393 A THR 394 A CYS 395 A PHE 396 A SER 397 A ARG 457 A LEU 460 A PRO 461 A VAL 675 A LYS 676 A PRO 677
013 |         000007.5470 | 00000002937485.0000 | A GLU 136 A LYS 160 A ASP 161 A TYR 163 A ASP 164 A VAL 166 A GLU 167 A TYR 455 A LYS 551 A ARG 553 A ARG 555 A TRP 617 A ASP 618 A TYR 619 A PRO 620 A LYS 621 A CYS 622 A ASP 623 A ARG 624 A THR 680 A SER 681 A SER 682 A GLY 683 A ASP 684 A THR 687 A ALA 688 A ASN 691 A LEU 758 A SER 759 A ASP 760 A ASP 761 A PHE 793 A SER 795 A GLU 796 A ALA 797 A LYS 798 A TRP 800 A GLU 811 A CYS 813 A SER 814
014 |         000007.5290 | 00000003028097.2500 | A LYS 160 A ASP 161 A TYR 163 A ASP 164 A VAL 166 A GLU 167 A ILE 548 A SER 549 A ALA 550 A LYS 551 A ARG 553 A ARG 555 A TRP 617 A ASP 618 A TYR 619 A PRO 620 A LYS 621 A CYS 622 A ASP 623 A THR 680 A SER 682 A ASN 691 A LEU 758 A SER 759 A ASP 760 A ASP 761 A PHE 793 A SER 795 A ALA 797 A LYS 798 A TRP 800 A GLU 811 A CYS 813 A SER 814 A ARG 836
015 |         000007.5100 | 00000003126777.7500 | A LEU 172 A ARG 173 A ALA 176 A ASN 177 A THR 246 A ARG 249 A THR 252 A SER 255 A HIS 256 A LEU 261 A TYR 265 A ILE 266 A LYS 267 A TRP 268 A LEU 270 A THR 319 A VAL 320 A PHE 321 A PRO 322 A PRO 323 A ARG 349 A LEU 389 A ASP 390 A LYS 391 A THR 393 A THR 394 A CYS 395 A PHE 396 A SER 397 A ARG 457 A ASN 459 A LEU 460 A PRO 461 A PRO 677
016 |         000007.4560 | 00000003425149.5000 | A PRO 169 A ASP 170 A LEU 172 A ARG 173 A ALA 176 A ASN 177 A LEU 245 A THR 246 A ARG 249 A LEU 251 A THR 252 A SER 255 A TYR 265 A ILE 266 A LYS 267 A TRP 268 A LEU 316 A THR 319 A VAL 320 A PHE 321 A PRO 322 A PRO 323 A ARG 349 A LEU 389 A ASP 390 A LYS 391 A THR 393 A THR 394 A CYS 395 A PHE 396 A SER 397 A TYR 456 A ARG 457 A ASN 459 A LEU 460 A PRO 461 A VAL 675 A PRO 677

While the table above lists the best binding energy in each cluster, it is sometimes
helpful to also look at the energy spread [average and standard deviation], the
dissociation constant has been recalculated from the average binding energy:

Clu |Members|Bind.energy spread [kcal/mol]|Dissoc. constant [pM]
----+-------+-----------------------------+---------------------
001 |  004  |    000007.7325+-000000.2587 | 00000002148010.2634
002 |  002  |    000007.8475+-000000.1085 | 00000001769052.9011
003 |  001  |    000007.7700+-000000.0000 | 00000002016269.7522
004 |  001  |    000007.7630+-000000.0000 | 00000002040232.4458
005 |  001  |    000007.7370+-000000.0000 | 00000002131757.5270
006 |  001  |    000007.7000+-000000.0000 | 00000002269128.7248
007 |  001  |    000007.6490+-000000.0000 | 00000002473102.6472
008 |  001  |    000007.6030+-000000.0000 | 00000002672762.6277
009 |  001  |    000007.5960+-000000.0000 | 00000002704527.5201
010 |  001  |    000007.5880+-000000.0000 | 00000002741294.6697
011 |  001  |    000007.5840+-000000.0000 | 00000002759863.0398
012 |  001  |    000007.5720+-000000.0000 | 00000002816330.7423
013 |  001  |    000007.5470+-000000.0000 | 00000002937709.5757
014 |  001  |    000007.5290+-000000.0000 | 00000003028328.9410
015 |  001  |    000007.5100+-000000.0000 | 00000003127014.0878
016 |  001  |    000007.4560+-000000.0000 | 00000003425408.7457

The results of the 25 runs have been combined in a single scene at C:\Users\Hp\Desktop\L4- lysine2 docking in cavity 3\dock.sce
The 16 clusters have been saved as:
C:\Users\Hp\Desktop\L4- lysine2 docking in cavity 3\dock_001.yob
C:\Users\Hp\Desktop\L4- lysine2 docking in cavity 3\dock_002.yob
C:\Users\Hp\Desktop\L4- lysine2 docking in cavity 3\dock_003.yob
C:\Users\Hp\Desktop\L4- lysine2 docking in cavity 3\dock_004.yob
C:\Users\Hp\Desktop\L4- lysine2 docking in cavity 3\dock_005.yob
C:\Users\Hp\Desktop\L4- lysine2 docking in cavity 3\dock_006.yob
C:\Users\Hp\Desktop\L4- lysine2 docking in cavity 3\dock_007.yob
C:\Users\Hp\Desktop\L4- lysine2 docking in cavity 3\dock_008.yob
C:\Users\Hp\Desktop\L4- lysine2 docking in cavity 3\dock_009.yob
C:\Users\Hp\Desktop\L4- lysine2 docking in cavity 3\dock_010.yob
C:\Users\Hp\Desktop\L4- lysine2 docking in cavity 3\dock_011.yob
C:\Users\Hp\Desktop\L4- lysine2 docking in cavity 3\dock_012.yob
C:\Users\Hp\Desktop\L4- lysine2 docking in cavity 3\dock_013.yob
C:\Users\Hp\Desktop\L4- lysine2 docking in cavity 3\dock_014.yob
C:\Users\Hp\Desktop\L4- lysine2 docking in cavity 3\dock_015.yob
C:\Users\Hp\Desktop\L4- lysine2 docking in cavity 3\dock_016.yob
