Global docking result analysis
==============================

25 VINA docking runs of the ligand object 3 to the receptor object 1 yielded the following results,
sorted by binding energy [more positive energies indicate stronger binding, and negative energies mean no binding]

Run |Bind.energy[kcal/mol]|Dissoc. constant [pM]| Contacting receptor residues
----+---------------------+---------------------+-----------------------------
001 |         000008.1960 | 00000000982318.5625 | A HIS 439 A TYR 455 A LYS 545 A ILE 548 A SER 549 A ARG 553 A ARG 555 A THR 556 A VAL 557 A GLY 616 A TRP 617 A ASP 618 A TYR 619 A PRO 620 A LYS 621 A CYS 622 A ASP 623 A ARG 624 A THR 680 A SER 682 A ASN 691 A LEU 758 A SER 759 A ASP 760 A ASP 761 A ALA 762 A LYS 798 A CYS 799 A TRP 800 A GLU 811 A PHE 812 A CYS 813 A SER 814 A ARG 836 A ALA 840
002 |         000008.1960 | 00000000982318.5625 | A HIS 439 A TYR 455 A LYS 545 A ILE 548 A SER 549 A ARG 553 A ARG 555 A THR 556 A VAL 557 A GLY 616 A TRP 617 A ASP 618 A TYR 619 A PRO 620 A LYS 621 A CYS 622 A ASP 623 A ARG 624 A THR 680 A SER 682 A ASN 691 A LEU 758 A SER 759 A ASP 760 A ASP 761 A ALA 762 A LYS 798 A CYS 799 A TRP 800 A GLU 811 A PHE 812 A CYS 813 A SER 814 A ARG 836 A ALA 840
003 |         000007.9850 | 00000001402546.8750 | A LYS 438 A LYS 545 A ARG 553 A ARG 555 A THR 556 A VAL 557 A GLY 616 A TRP 617 A ASP 618 A TYR 619 A PRO 620 A LYS 621 A CYS 622 A ASP 623 A ARG 624 A THR 680 A SER 681 A SER 682 A THR 687 A ASN 691 A LEU 758 A SER 759 A ASP 760 A ASP 761 A ALA 762 A LYS 798 A TRP 800 A HIS 810 A GLU 811 A CYS 813 A SER 814 A HIS 816 A ASP 833 A ARG 836
004 |         000007.9850 | 00000001402546.8750 | A LYS 438 A LYS 545 A ARG 553 A ARG 555 A THR 556 A VAL 557 A GLY 616 A TRP 617 A ASP 618 A TYR 619 A PRO 620 A LYS 621 A CYS 622 A ASP 623 A ARG 624 A THR 680 A SER 681 A SER 682 A THR 687 A ASN 691 A LEU 758 A SER 759 A ASP 760 A ASP 761 A ALA 762 A LYS 798 A TRP 800 A HIS 810 A GLU 811 A CYS 813 A SER 814 A HIS 816 A ASP 833 A ARG 836
005 |         000007.9680 | 00000001443373.0000 | A PHE 35 A ASP 36 A ILE 37 A TYR 38 A ASN 39 A LYS 41 A VAL 42 A PHE 48 A LEU 49 A LYS 50 A THR 51 A ASN 52 A LYS 73 A HIS 75 A ASN 79 A GLU 83 A ARG 116 A VAL 204 A THR 206 A ASP 208 A ASN 209 A TYR 217 A ASP 218 A GLY 220 A ASP 221 A ASP 711 A ASN 713 A LYS 714 A ARG 733
006 |         000007.9680 | 00000001443373.0000 | A PHE 35 A ASP 36 A ILE 37 A TYR 38 A ASN 39 A LYS 41 A VAL 42 A PHE 48 A LEU 49 A LYS 50 A THR 51 A ASN 52 A LYS 73 A HIS 75 A ASN 79 A GLU 83 A ARG 116 A VAL 204 A THR 206 A ASP 208 A ASN 209 A TYR 217 A ASP 218 A GLY 220 A ASP 221 A ASP 711 A ASN 713 A LYS 714 A ARG 733
007 |         000007.8340 | 00000001809680.2500 | A HIS 439 A ALA 547 A ILE 548 A SER 549 A ALA 550 A LYS 551 A ARG 553 A ARG 555 A GLY 616 A TRP 617 A ASP 618 A TYR 619 A CYS 622 A ASP 623 A THR 680 A SER 682 A THR 687 A ALA 688 A ASN 691 A LEU 758 A SER 759 A ASP 760 A ASP 761 A LYS 798 A CYS 799 A TRP 800 A GLU 811 A CYS 813 A SER 814 A HIS 816 A ASP 833 A ARG 836
008 |         000007.8340 | 00000001809680.2500 | A HIS 439 A ALA 547 A ILE 548 A SER 549 A ALA 550 A LYS 551 A ARG 553 A ARG 555 A GLY 616 A TRP 617 A ASP 618 A TYR 619 A CYS 622 A ASP 623 A THR 680 A SER 682 A THR 687 A ALA 688 A ASN 691 A LEU 758 A SER 759 A ASP 760 A ASP 761 A LYS 798 A CYS 799 A TRP 800 A GLU 811 A CYS 813 A SER 814 A HIS 816 A ASP 833 A ARG 836
009 |         000007.8140 | 00000001871811.2500 | A PHE 35 A ASP 36 A ILE 37 A TYR 38 A ASN 39 A LYS 41 A VAL 42 A PHE 48 A LEU 49 A LYS 50 A THR 51 A ASN 52 A CYS 53 A ARG 55 A VAL 71 A LYS 73 A ASN 79 A ARG 116 A THR 123 A VAL 204 A THR 206 A ASP 208 A ASN 209 A TYR 217 A ASP 218 A ASP 221 A ASP 711 A ASN 713 A LYS 714 A TYR 728 A ARG 733
010 |         000007.8140 | 00000001871811.2500 | A PHE 35 A ASP 36 A ILE 37 A TYR 38 A ASN 39 A LYS 41 A VAL 42 A PHE 48 A LEU 49 A LYS 50 A THR 51 A ASN 52 A CYS 53 A ARG 55 A VAL 71 A LYS 73 A ASN 79 A ARG 116 A THR 123 A VAL 204 A THR 206 A ASP 208 A ASN 209 A TYR 217 A ASP 218 A ASP 221 A ASP 711 A ASN 713 A LYS 714 A TYR 728 A ARG 733
011 |         000007.6970 | 00000002280469.0000 | A ARG 249 A LEU 251 A THR 252 A SER 255 A TYR 265 A ILE 266 A LYS 267 A TRP 268 A THR 319 A VAL 320 A PHE 321 A PRO 322 A PRO 323 A ARG 349 A LEU 388 A LEU 389 A ASP 390 A LYS 391 A THR 393 A THR 394 A CYS 395 A PHE 396 A SER 397 A TYR 456 A ARG 457 A ASN 459 A LEU 460 A PRO 461 A VAL 675 A PRO 677
012 |         000007.6760 | 00000002362748.0000 | A HIS 439 A ASP 452 A TYR 455 A ALA 547 A ILE 548 A SER 549 A LYS 551 A ARG 553 A ARG 555 A GLY 616 A TRP 617 A ASP 618 A TYR 619 A PRO 620 A LYS 621 A CYS 622 A ASP 623 A ARG 624 A THR 680 A SER 681 A SER 682 A THR 687 A ALA 688 A ASN 691 A SER 759 A ASP 760 A ASP 761 A ALA 762 A ALA 797 A LYS 798 A TRP 800 A GLU 811 A CYS 813 A SER 814 A ARG 836
013 |         000007.5710 | 00000002820872.2500 | A ALA 547 A ILE 548 A SER 549 A ALA 550 A ARG 553 A ARG 555 A GLY 616 A TRP 617 A ASP 618 A TYR 619 A PRO 620 A LYS 621 A ASP 623 A THR 680 A SER 681 A SER 682 A THR 687 A ASN 691 A LEU 758 A SER 759 A ASP 760 A ASP 761 A ALA 762 A ALA 797 A LYS 798 A CYS 799 A TRP 800 A HIS 810 A GLU 811 A PHE 812 A CYS 813 A SER 814 A ARG 836
014 |         000007.5610 | 00000002868887.5000 | A HIS 439 A TYR 455 A ALA 547 A ILE 548 A SER 549 A ALA 550 A LYS 551 A ARG 553 A ARG 555 A THR 556 A TRP 617 A ASP 618 A PRO 620 A LYS 621 A CYS 622 A ASP 623 A ARG 624 A THR 680 A SER 681 A SER 682 A THR 687 A ALA 688 A ASN 691 A SER 759 A ASP 760 A ASP 761 A ALA 762 A TRP 800 A GLU 811 A SER 814 A ARG 836 A ALA 840 A ARG 858
015 |         000007.5290 | 00000003028097.2500 | A ASP 452 A TYR 455 A TYR 456 A MET 542 A ILE 548 A SER 549 A LYS 551 A ARG 553 A ALA 554 A ARG 555 A THR 556 A ALA 558 A ASP 618 A LYS 621 A CYS 622 A ASP 623 A ARG 624 A LYS 676 A THR 680 A SER 681 A SER 682 A ASP 684 A THR 687 A ALA 688 A ASN 691 A LEU 758 A SER 759 A ASP 760 A ASP 761 A TRP 800 A GLU 811 A CYS 813 A SER 814 A ARG 836
016 |         000007.5130 | 00000003110985.5000 | A HIS 439 A TYR 455 A ILE 548 A SER 549 A ALA 550 A LYS 551 A ARG 553 A ARG 555 A TRP 617 A ASP 618 A TYR 619 A PRO 620 A LYS 621 A CYS 622 A ASP 623 A ARG 624 A THR 680 A SER 681 A SER 682 A THR 687 A ALA 688 A ASN 691 A SER 759 A ASP 760 A ASP 761 A ALA 762 A GLU 811 A CYS 813 A SER 814 A ARG 836
017 |         000007.5060 | 00000003147958.7500 | A ARG 249 A THR 252 A SER 255 A TYR 265 A ILE 266 A LYS 267 A TRP 268 A SER 318 A THR 319 A VAL 320 A PHE 321 A PRO 322 A PRO 323 A ARG 349 A LEU 389 A ASP 390 A LYS 391 A THR 393 A THR 394 A CYS 395 A PHE 396 A SER 397 A ARG 457 A ASN 459 A LEU 460 A PRO 461 A ASN 628 A PRO 677
018 |         000007.4570 | 00000003419373.2500 | A HIS 439 A ASP 452 A TYR 455 A ILE 548 A SER 549 A ALA 550 A LYS 551 A ARG 553 A ARG 555 A THR 556 A GLY 616 A TRP 617 A ASP 618 A LYS 621 A CYS 622 A ASP 623 A ARG 624 A THR 680 A SER 681 A SER 682 A THR 687 A ALA 688 A ASN 691 A LEU 758 A SER 759 A ASP 760 A ASP 761 A ALA 762 A LYS 798 A TRP 800 A GLU 811 A CYS 813 A SER 814 A ARG 836 A ALA 840 A ARG 858
019 |         000007.4010 | 00000003758331.2500 | A HIS 439 A PHE 441 A ILE 548 A SER 549 A ALA 550 A LYS 551 A ARG 553 A ARG 555 A ASP 618 A ASP 623 A ARG 624 A THR 680 A SER 682 A THR 687 A ALA 688 A ASN 691 A SER 759 A ASP 760 A ASP 761 A GLU 811 A SER 814 A GLN 815 A PRO 832 A ASP 833 A ARG 836 A ILE 837 A ALA 840 A PHE 843 A VAL 844 A ASP 845 A ARG 858 A LEU 862 A ASP 865
020 |         000007.3910 | 00000003822303.5000 | A HIS 439 A ASP 452 A TYR 455 A ALA 547 A ILE 548 A SER 549 A ALA 550 A LYS 551 A ARG 553 A ARG 555 A THR 556 A LYS 593 A ASP 618 A TYR 619 A PRO 620 A LYS 621 A CYS 622 A ASP 623 A ARG 624 A SER 682 A SER 759 A ASP 760 A ASP 761 A CYS 813 A SER 814 A GLN 815 A PRO 832 A ARG 836 A ILE 837 A ALA 840 A ARG 858 A LEU 862 A ASP 865
021 |         000007.3280 | 00000004251134.0000 | A LYS 438 A ASP 452 A TYR 455 A SER 549 A ALA 550 A LYS 551 A ARG 553 A ARG 555 A THR 556 A TRP 617 A ASP 618 A LYS 621 A CYS 622 A ASP 623 A ARG 624 A THR 680 A SER 682 A THR 687 A ASN 691 A SER 759 A ASP 760 A ASP 761 A LYS 798 A TRP 800 A GLU 811 A SER 814 A ARG 836
022 |         000007.3270 | 00000004258315.0000 | A HIS 439 A ASP 452 A TYR 455 A LYS 545 A ILE 548 A SER 549 A ALA 550 A LYS 551 A ARG 553 A ARG 555 A THR 556 A TRP 617 A ASP 618 A TYR 619 A LYS 621 A CYS 622 A ASP 623 A ARG 624 A LEU 758 A SER 759 A ASP 760 A ASP 761 A TRP 800 A GLU 811 A PHE 812 A CYS 813 A SER 814 A ARG 836
023 |         000007.3040 | 00000004426872.5000 | A PRO 169 A THR 246 A ARG 249 A THR 252 A SER 255 A TYR 265 A ILE 266 A LYS 267 A TRP 268 A THR 319 A VAL 320 A PHE 321 A PRO 322 A PRO 323 A ARG 349 A THR 394 A CYS 395 A PHE 396 A TYR 456 A ARG 457 A ASN 459 A LEU 460 A PRO 461 A PRO 677
024 |         000007.2860 | 00000004563428.0000 | A HIS 439 A ASP 452 A TYR 455 A ILE 548 A SER 549 A ALA 550 A LYS 551 A ARG 553 A ARG 555 A THR 556 A VAL 557 A ASP 618 A TYR 619 A PRO 620 A LYS 621 A CYS 622 A ASP 623 A ARG 624 A SER 682 A SER 759 A ASP 760 A ASP 761 A LYS 798 A GLU 811 A SER 814 A ARG 836
025 |         000007.2820 | 00000004594341.0000 | A HIS 439 A ASP 452 A ALA 547 A ILE 548 A SER 549 A ALA 550 A LYS 551 A ARG 553 A ALA 554 A ARG 555 A THR 556 A TRP 617 A ASP 618 A TYR 619 A LYS 621 A CYS 622 A ASP 623 A ARG 624 A SER 682 A ASN 691 A SER 759 A ASP 760 A ASP 761 A ALA 762 A TRP 800 A GLU 811 A CYS 813 A SER 814 A ARG 836 A ALA 840 A ARG 858

After clustering the 25 runs, the following 19 distinct complex conformations were found:
[They all differ by at least 5.0 A heavy atom RMSD after superposing on the receptor]

Clu |Bind.energy[kcal/mol]|Dissoc. constant [pM]| Contacting receptor residues
----+---------------------+---------------------+-----------------------------
001 |         000008.1960 | 00000000982318.5625 | A HIS 439 A TYR 455 A LYS 545 A ILE 548 A SER 549 A ARG 553 A ARG 555 A THR 556 A VAL 557 A GLY 616 A TRP 617 A ASP 618 A TYR 619 A PRO 620 A LYS 621 A CYS 622 A ASP 623 A ARG 624 A THR 680 A SER 682 A ASN 691 A LEU 758 A SER 759 A ASP 760 A ASP 761 A ALA 762 A LYS 798 A CYS 799 A TRP 800 A GLU 811 A PHE 812 A CYS 813 A SER 814 A ARG 836 A ALA 840
002 |         000007.9850 | 00000001402546.8750 | A LYS 438 A LYS 545 A ARG 553 A ARG 555 A THR 556 A VAL 557 A GLY 616 A TRP 617 A ASP 618 A TYR 619 A PRO 620 A LYS 621 A CYS 622 A ASP 623 A ARG 624 A THR 680 A SER 681 A SER 682 A THR 687 A ASN 691 A LEU 758 A SER 759 A ASP 760 A ASP 761 A ALA 762 A LYS 798 A TRP 800 A HIS 810 A GLU 811 A CYS 813 A SER 814 A HIS 816 A ASP 833 A ARG 836
003 |         000007.9680 | 00000001443373.0000 | A PHE 35 A ASP 36 A ILE 37 A TYR 38 A ASN 39 A LYS 41 A VAL 42 A PHE 48 A LEU 49 A LYS 50 A THR 51 A ASN 52 A LYS 73 A HIS 75 A ASN 79 A GLU 83 A ARG 116 A VAL 204 A THR 206 A ASP 208 A ASN 209 A TYR 217 A ASP 218 A GLY 220 A ASP 221 A ASP 711 A ASN 713 A LYS 714 A ARG 733
004 |         000007.8340 | 00000001809680.2500 | A HIS 439 A ALA 547 A ILE 548 A SER 549 A ALA 550 A LYS 551 A ARG 553 A ARG 555 A GLY 616 A TRP 617 A ASP 618 A TYR 619 A CYS 622 A ASP 623 A THR 680 A SER 682 A THR 687 A ALA 688 A ASN 691 A LEU 758 A SER 759 A ASP 760 A ASP 761 A LYS 798 A CYS 799 A TRP 800 A GLU 811 A CYS 813 A SER 814 A HIS 816 A ASP 833 A ARG 836
005 |         000007.8140 | 00000001871811.2500 | A PHE 35 A ASP 36 A ILE 37 A TYR 38 A ASN 39 A LYS 41 A VAL 42 A PHE 48 A LEU 49 A LYS 50 A THR 51 A ASN 52 A CYS 53 A ARG 55 A VAL 71 A LYS 73 A ASN 79 A ARG 116 A THR 123 A VAL 204 A THR 206 A ASP 208 A ASN 209 A TYR 217 A ASP 218 A ASP 221 A ASP 711 A ASN 713 A LYS 714 A TYR 728 A ARG 733
006 |         000007.6970 | 00000002280469.0000 | A ARG 249 A LEU 251 A THR 252 A SER 255 A TYR 265 A ILE 266 A LYS 267 A TRP 268 A THR 319 A VAL 320 A PHE 321 A PRO 322 A PRO 323 A ARG 349 A LEU 388 A LEU 389 A ASP 390 A LYS 391 A THR 393 A THR 394 A CYS 395 A PHE 396 A SER 397 A TYR 456 A ARG 457 A ASN 459 A LEU 460 A PRO 461 A VAL 675 A PRO 677
007 |         000007.6760 | 00000002362748.0000 | A HIS 439 A ASP 452 A TYR 455 A ALA 547 A ILE 548 A SER 549 A LYS 551 A ARG 553 A ARG 555 A GLY 616 A TRP 617 A ASP 618 A TYR 619 A PRO 620 A LYS 621 A CYS 622 A ASP 623 A ARG 624 A THR 680 A SER 681 A SER 682 A THR 687 A ALA 688 A ASN 691 A SER 759 A ASP 760 A ASP 761 A ALA 762 A ALA 797 A LYS 798 A TRP 800 A GLU 811 A CYS 813 A SER 814 A ARG 836
008 |         000007.5710 | 00000002820872.2500 | A ALA 547 A ILE 548 A SER 549 A ALA 550 A ARG 553 A ARG 555 A GLY 616 A TRP 617 A ASP 618 A TYR 619 A PRO 620 A LYS 621 A ASP 623 A THR 680 A SER 681 A SER 682 A THR 687 A ASN 691 A LEU 758 A SER 759 A ASP 760 A ASP 761 A ALA 762 A ALA 797 A LYS 798 A CYS 799 A TRP 800 A HIS 810 A GLU 811 A PHE 812 A CYS 813 A SER 814 A ARG 836
009 |         000007.5610 | 00000002868887.5000 | A HIS 439 A TYR 455 A ALA 547 A ILE 548 A SER 549 A ALA 550 A LYS 551 A ARG 553 A ARG 555 A THR 556 A TRP 617 A ASP 618 A PRO 620 A LYS 621 A CYS 622 A ASP 623 A ARG 624 A THR 680 A SER 681 A SER 682 A THR 687 A ALA 688 A ASN 691 A SER 759 A ASP 760 A ASP 761 A ALA 762 A TRP 800 A GLU 811 A SER 814 A ARG 836 A ALA 840 A ARG 858
010 |         000007.5290 | 00000003028097.2500 | A ASP 452 A TYR 455 A TYR 456 A MET 542 A ILE 548 A SER 549 A LYS 551 A ARG 553 A ALA 554 A ARG 555 A THR 556 A ALA 558 A ASP 618 A LYS 621 A CYS 622 A ASP 623 A ARG 624 A LYS 676 A THR 680 A SER 681 A SER 682 A ASP 684 A THR 687 A ALA 688 A ASN 691 A LEU 758 A SER 759 A ASP 760 A ASP 761 A TRP 800 A GLU 811 A CYS 813 A SER 814 A ARG 836
011 |         000007.5130 | 00000003110985.5000 | A HIS 439 A TYR 455 A ILE 548 A SER 549 A ALA 550 A LYS 551 A ARG 553 A ARG 555 A TRP 617 A ASP 618 A TYR 619 A PRO 620 A LYS 621 A CYS 622 A ASP 623 A ARG 624 A THR 680 A SER 681 A SER 682 A THR 687 A ALA 688 A ASN 691 A SER 759 A ASP 760 A ASP 761 A ALA 762 A GLU 811 A CYS 813 A SER 814 A ARG 836
012 |         000007.4570 | 00000003419373.2500 | A HIS 439 A ASP 452 A TYR 455 A ILE 548 A SER 549 A ALA 550 A LYS 551 A ARG 553 A ARG 555 A THR 556 A GLY 616 A TRP 617 A ASP 618 A LYS 621 A CYS 622 A ASP 623 A ARG 624 A THR 680 A SER 681 A SER 682 A THR 687 A ALA 688 A ASN 691 A LEU 758 A SER 759 A ASP 760 A ASP 761 A ALA 762 A LYS 798 A TRP 800 A GLU 811 A CYS 813 A SER 814 A ARG 836 A ALA 840 A ARG 858
013 |         000007.4010 | 00000003758331.2500 | A HIS 439 A PHE 441 A ILE 548 A SER 549 A ALA 550 A LYS 551 A ARG 553 A ARG 555 A ASP 618 A ASP 623 A ARG 624 A THR 680 A SER 682 A THR 687 A ALA 688 A ASN 691 A SER 759 A ASP 760 A ASP 761 A GLU 811 A SER 814 A GLN 815 A PRO 832 A ASP 833 A ARG 836 A ILE 837 A ALA 840 A PHE 843 A VAL 844 A ASP 845 A ARG 858 A LEU 862 A ASP 865
014 |         000007.3910 | 00000003822303.5000 | A HIS 439 A ASP 452 A TYR 455 A ALA 547 A ILE 548 A SER 549 A ALA 550 A LYS 551 A ARG 553 A ARG 555 A THR 556 A LYS 593 A ASP 618 A TYR 619 A PRO 620 A LYS 621 A CYS 622 A ASP 623 A ARG 624 A SER 682 A SER 759 A ASP 760 A ASP 761 A CYS 813 A SER 814 A GLN 815 A PRO 832 A ARG 836 A ILE 837 A ALA 840 A ARG 858 A LEU 862 A ASP 865
015 |         000007.3280 | 00000004251134.0000 | A LYS 438 A ASP 452 A TYR 455 A SER 549 A ALA 550 A LYS 551 A ARG 553 A ARG 555 A THR 556 A TRP 617 A ASP 618 A LYS 621 A CYS 622 A ASP 623 A ARG 624 A THR 680 A SER 682 A THR 687 A ASN 691 A SER 759 A ASP 760 A ASP 761 A LYS 798 A TRP 800 A GLU 811 A SER 814 A ARG 836
016 |         000007.3270 | 00000004258315.0000 | A HIS 439 A ASP 452 A TYR 455 A LYS 545 A ILE 548 A SER 549 A ALA 550 A LYS 551 A ARG 553 A ARG 555 A THR 556 A TRP 617 A ASP 618 A TYR 619 A LYS 621 A CYS 622 A ASP 623 A ARG 624 A LEU 758 A SER 759 A ASP 760 A ASP 761 A TRP 800 A GLU 811 A PHE 812 A CYS 813 A SER 814 A ARG 836
017 |         000007.3040 | 00000004426872.5000 | A PRO 169 A THR 246 A ARG 249 A THR 252 A SER 255 A TYR 265 A ILE 266 A LYS 267 A TRP 268 A THR 319 A VAL 320 A PHE 321 A PRO 322 A PRO 323 A ARG 349 A THR 394 A CYS 395 A PHE 396 A TYR 456 A ARG 457 A ASN 459 A LEU 460 A PRO 461 A PRO 677
018 |         000007.2860 | 00000004563428.0000 | A HIS 439 A ASP 452 A TYR 455 A ILE 548 A SER 549 A ALA 550 A LYS 551 A ARG 553 A ARG 555 A THR 556 A VAL 557 A ASP 618 A TYR 619 A PRO 620 A LYS 621 A CYS 622 A ASP 623 A ARG 624 A SER 682 A SER 759 A ASP 760 A ASP 761 A LYS 798 A GLU 811 A SER 814 A ARG 836
019 |         000007.2820 | 00000004594341.0000 | A HIS 439 A ASP 452 A ALA 547 A ILE 548 A SER 549 A ALA 550 A LYS 551 A ARG 553 A ALA 554 A ARG 555 A THR 556 A TRP 617 A ASP 618 A TYR 619 A LYS 621 A CYS 622 A ASP 623 A ARG 624 A SER 682 A ASN 691 A SER 759 A ASP 760 A ASP 761 A ALA 762 A TRP 800 A GLU 811 A CYS 813 A SER 814 A ARG 836 A ALA 840 A ARG 858

While the table above lists the best binding energy in each cluster, it is sometimes
helpful to also look at the energy spread [average and standard deviation], the
dissociation constant has been recalculated from the average binding energy:

Clu |Members|Bind.energy spread [kcal/mol]|Dissoc. constant [pM]
----+-------+-----------------------------+---------------------
001 |  001  |    000008.1960+-000000.0000 | 00000000982399.8322
002 |  001  |    000007.9850+-000000.0000 | 00000001402659.8897
003 |  001  |    000007.9680+-000000.0000 | 00000001443489.4498
004 |  001  |    000007.8340+-000000.0000 | 00000001809823.3998
005 |  001  |    000007.8140+-000000.0000 | 00000001871958.8236
006 |  002  |    000007.6015+-000000.0955 | 00000002679538.4489
007 |  001  |    000007.6760+-000000.0000 | 00000002362930.9723
008 |  001  |    000007.5710+-000000.0000 | 00000002821087.8340
009 |  001  |    000007.5610+-000000.0000 | 00000002869107.5550
010 |  001  |    000007.5290+-000000.0000 | 00000003028328.9410
011 |  001  |    000007.5130+-000000.0000 | 00000003111221.8575
012 |  001  |    000007.4570+-000000.0000 | 00000003419632.6109
013 |  001  |    000007.4010+-000000.0000 | 00000003758612.6345
014 |  001  |    000007.3910+-000000.0000 | 00000003822590.6248
015 |  001  |    000007.3280+-000000.0000 | 00000004251448.5185
016 |  001  |    000007.3270+-000000.0000 | 00000004258629.6816
017 |  001  |    000007.3040+-000000.0000 | 00000004427200.3420
018 |  001  |    000007.2860+-000000.0000 | 00000004563765.9468
019 |  001  |    000007.2820+-000000.0000 | 00000004594678.9660

The results of the 25 runs have been combined in a single scene at C:\Users\Hp\Desktop\AUG docking\dock.sce
The 19 clusters have been saved as:
C:\Users\Hp\Desktop\AUG docking\dock_001.yob
C:\Users\Hp\Desktop\AUG docking\dock_002.yob
C:\Users\Hp\Desktop\AUG docking\dock_003.yob
C:\Users\Hp\Desktop\AUG docking\dock_004.yob
C:\Users\Hp\Desktop\AUG docking\dock_005.yob
C:\Users\Hp\Desktop\AUG docking\dock_006.yob
C:\Users\Hp\Desktop\AUG docking\dock_007.yob
C:\Users\Hp\Desktop\AUG docking\dock_008.yob
C:\Users\Hp\Desktop\AUG docking\dock_009.yob
C:\Users\Hp\Desktop\AUG docking\dock_010.yob
C:\Users\Hp\Desktop\AUG docking\dock_011.yob
C:\Users\Hp\Desktop\AUG docking\dock_012.yob
C:\Users\Hp\Desktop\AUG docking\dock_013.yob
C:\Users\Hp\Desktop\AUG docking\dock_014.yob
C:\Users\Hp\Desktop\AUG docking\dock_015.yob
C:\Users\Hp\Desktop\AUG docking\dock_016.yob
C:\Users\Hp\Desktop\AUG docking\dock_017.yob
C:\Users\Hp\Desktop\AUG docking\dock_018.yob
C:\Users\Hp\Desktop\AUG docking\dock_019.yob
