Global docking result analysis
==============================

25 VINA docking runs of the ligand object 3 to the receptor object 1 yielded the following results,
sorted by binding energy [more positive energies indicate stronger binding, and negative energies mean no binding]

Run |Bind.energy[kcal/mol]|Dissoc. constant [pM]| Contacting receptor residues
----+---------------------+---------------------+-----------------------------
001 |         000006.3920 | 00000020634876.0000 | A PRO 169 A ASP 170 A LEU 172 A ARG 173 A ALA 176 A ASN 177 A LEU 245 A THR 246 A ARG 249 A ALA 250 A LEU 251 A THR 252 A SER 255 A HIS 256 A LEU 261 A TYR 265 A ILE 266 A LYS 267 A TRP 268 A LEU 316 A THR 319 A VAL 320 A PHE 321 A PRO 322 A PRO 323 A THR 324 A ARG 349 A LEU 388 A LEU 389 A ASP 390 A LYS 391 A ARG 392 A THR 393 A THR 394 A CYS 395 A PHE 396 A SER 397 A TYR 456 A ARG 457 A ASN 459 A LEU 460 A PRO 461 A VAL 675 A LYS 676 A PRO 677
002 |         000006.3920 | 00000020634876.0000 | A PRO 169 A ASP 170 A LEU 172 A ARG 173 A ALA 176 A ASN 177 A LEU 245 A THR 246 A ARG 249 A ALA 250 A LEU 251 A THR 252 A SER 255 A HIS 256 A LEU 261 A TYR 265 A ILE 266 A LYS 267 A TRP 268 A LEU 316 A THR 319 A VAL 320 A PHE 321 A PRO 322 A PRO 323 A THR 324 A ARG 349 A LEU 388 A LEU 389 A ASP 390 A LYS 391 A ARG 392 A THR 393 A THR 394 A CYS 395 A PHE 396 A SER 397 A TYR 456 A ARG 457 A ASN 459 A LEU 460 A PRO 461 A VAL 675 A LYS 676 A PRO 677
003 |         000006.3650 | 00000021596986.0000 | A TYR 149 A ASN 150 A CYS 151 A LYS 159 A ASN 168 A PRO 169 A ASP 170 A LEU 172 A ARG 173 A ALA 176 A ASN 177 A LEU 178 A GLU 180 A ARG 181 A THR 246 A ARG 249 A ALA 250 A LEU 251 A THR 252 A ALA 253 A SER 255 A HIS 256 A ASP 260 A LEU 261 A THR 262 A TYR 265 A ILE 266 A LYS 267 A TRP 268 A LEU 316 A THR 319 A VAL 320 A PHE 321 A PRO 322 A PRO 323 A THR 324 A PHE 326 A ARG 349 A LYS 391 A THR 394 A CYS 395 A PHE 396 A SER 397 A TYR 456 A ARG 457 A TYR 458 A ASN 459 A LEU 460 A PRO 461 A ASN 628 A VAL 675 A PRO 677
004 |         000006.3650 | 00000021596986.0000 | A TYR 149 A ASN 150 A CYS 151 A LYS 159 A ASN 168 A PRO 169 A ASP 170 A LEU 172 A ARG 173 A ALA 176 A ASN 177 A LEU 178 A GLU 180 A ARG 181 A THR 246 A ARG 249 A ALA 250 A LEU 251 A THR 252 A ALA 253 A SER 255 A HIS 256 A ASP 260 A LEU 261 A THR 262 A TYR 265 A ILE 266 A LYS 267 A TRP 268 A LEU 316 A THR 319 A VAL 320 A PHE 321 A PRO 322 A PRO 323 A THR 324 A PHE 326 A ARG 349 A LYS 391 A THR 394 A CYS 395 A PHE 396 A SER 397 A TYR 456 A ARG 457 A TYR 458 A ASN 459 A LEU 460 A PRO 461 A ASN 628 A VAL 675 A PRO 677
005 |         000006.3010 | 00000024060562.0000 | A PRO 169 A ASP 170 A LEU 172 A ARG 173 A THR 246 A ARG 249 A LEU 251 A THR 252 A SER 255 A TYR 265 A ILE 266 A LYS 267 A TRP 268 A LEU 270 A LEU 271 A LYS 272 A TYR 273 A VAL 315 A THR 319 A VAL 320 A PHE 321 A PRO 322 A PRO 323 A THR 324 A SER 325 A PHE 326 A GLY 327 A PRO 328 A LEU 329 A VAL 330 A HIS 347 A ARG 349 A GLU 350 A PRO 378 A ALA 379 A ALA 382 A ALA 383 A GLY 385 A ASN 386 A LEU 387 A LEU 388 A LEU 389 A ASP 390 A THR 393 A THR 394 A CYS 395 A PHE 396 A SER 397 A VAL 398 A ALA 399 A ARG 457 A ASN 459 A LEU 460 A PRO 461 A ASN 628 A MET 666 A TYR 674 A VAL 675 A PRO 677
006 |         000006.3010 | 00000024060562.0000 | A PRO 169 A ASP 170 A LEU 172 A ARG 173 A THR 246 A ARG 249 A LEU 251 A THR 252 A SER 255 A TYR 265 A ILE 266 A LYS 267 A TRP 268 A LEU 270 A LEU 271 A LYS 272 A TYR 273 A VAL 315 A THR 319 A VAL 320 A PHE 321 A PRO 322 A PRO 323 A THR 324 A SER 325 A PHE 326 A GLY 327 A PRO 328 A LEU 329 A VAL 330 A HIS 347 A ARG 349 A GLU 350 A PRO 378 A ALA 379 A ALA 382 A ALA 383 A GLY 385 A ASN 386 A LEU 387 A LEU 388 A LEU 389 A ASP 390 A THR 393 A THR 394 A CYS 395 A PHE 396 A SER 397 A VAL 398 A ALA 399 A ARG 457 A ASN 459 A LEU 460 A PRO 461 A ASN 628 A MET 666 A TYR 674 A VAL 675 A PRO 677
007 |         000006.2390 | 00000026714826.0000 | A PRO 169 A LEU 172 A ARG 173 A ALA 176 A ASN 177 A ARG 249 A THR 252 A SER 255 A HIS 256 A LEU 261 A THR 262 A LYS 263 A PRO 264 A TYR 265 A ILE 266 A LYS 267 A TRP 268 A LEU 270 A ASN 314 A VAL 315 A SER 318 A THR 319 A VAL 320 A PHE 321 A PRO 322 A PRO 323 A THR 324 A ARG 349 A GLU 350 A LEU 387 A LEU 389 A ASP 390 A LYS 391 A THR 393 A THR 394 A CYS 395 A PHE 396 A SER 397 A VAL 398 A TYR 456 A ARG 457 A ASN 459 A LEU 460 A PRO 461 A ASN 628 A VAL 675 A PRO 677
008 |         000006.2390 | 00000026714826.0000 | A PRO 169 A LEU 172 A ARG 173 A ALA 176 A ASN 177 A ARG 249 A THR 252 A SER 255 A HIS 256 A LEU 261 A THR 262 A LYS 263 A PRO 264 A TYR 265 A ILE 266 A LYS 267 A TRP 268 A LEU 270 A ASN 314 A VAL 315 A SER 318 A THR 319 A VAL 320 A PHE 321 A PRO 322 A PRO 323 A THR 324 A ARG 349 A GLU 350 A LEU 387 A LEU 389 A ASP 390 A LYS 391 A THR 393 A THR 394 A CYS 395 A PHE 396 A SER 397 A VAL 398 A TYR 456 A ARG 457 A ASN 459 A LEU 460 A PRO 461 A ASN 628 A VAL 675 A PRO 677
009 |         000006.2240 | 00000027399808.0000 | A PRO 169 A ASP 170 A LEU 172 A ARG 173 A ALA 176 A ASN 177 A GLY 179 A GLU 180 A THR 246 A LEU 247 A ARG 249 A LEU 251 A THR 252 A SER 255 A LEU 261 A TYR 265 A ILE 266 A LYS 267 A TRP 268 A ASN 314 A VAL 315 A SER 318 A THR 319 A VAL 320 A PHE 321 A PRO 322 A PRO 323 A THR 324 A ARG 349 A GLU 350 A LEU 387 A LEU 388 A LEU 389 A ASP 390 A LYS 391 A ARG 392 A THR 393 A THR 394 A CYS 395 A PHE 396 A SER 397 A VAL 398 A TYR 456 A ARG 457 A ASN 459 A LEU 460 A PRO 461 A THR 462 A ASN 628 A VAL 675 A PRO 677
010 |         000006.2240 | 00000027399808.0000 | A PRO 169 A ASP 170 A LEU 172 A ARG 173 A ALA 176 A ASN 177 A GLY 179 A GLU 180 A THR 246 A LEU 247 A ARG 249 A LEU 251 A THR 252 A SER 255 A LEU 261 A TYR 265 A ILE 266 A LYS 267 A TRP 268 A ASN 314 A VAL 315 A SER 318 A THR 319 A VAL 320 A PHE 321 A PRO 322 A PRO 323 A THR 324 A ARG 349 A GLU 350 A LEU 387 A LEU 388 A LEU 389 A ASP 390 A LYS 391 A ARG 392 A THR 393 A THR 394 A CYS 395 A PHE 396 A SER 397 A VAL 398 A TYR 456 A ARG 457 A ASN 459 A LEU 460 A PRO 461 A THR 462 A ASN 628 A VAL 675 A PRO 677
011 |         000006.1820 | 00000029412634.0000 | A PRO 169 A ASP 170 A LEU 172 A ARG 173 A ALA 176 A ASN 177 A LEU 178 A GLY 179 A GLU 180 A THR 246 A ARG 249 A THR 252 A SER 255 A HIS 256 A LEU 261 A THR 262 A LYS 263 A PRO 264 A TYR 265 A ILE 266 A LYS 267 A TRP 268 A LEU 270 A VAL 315 A SER 318 A THR 319 A VAL 320 A PHE 321 A PRO 322 A PRO 323 A THR 324 A ARG 349 A GLU 350 A LEU 389 A ASP 390 A LYS 391 A THR 393 A THR 394 A CYS 395 A PHE 396 A SER 397 A ARG 457 A ASN 459 A LEU 460 A PRO 461 A ASN 628 A TYR 674 A PRO 677
012 |         000006.1740 | 00000029812472.0000 | A PHE 165 A VAL 166 A PRO 169 A ASP 170 A LEU 172 A ARG 173 A ALA 176 A ASN 177 A GLY 179 A GLU 180 A THR 246 A ARG 249 A THR 252 A SER 255 A LEU 261 A TYR 265 A ILE 266 A LYS 267 A TRP 268 A LEU 270 A TYR 273 A VAL 315 A SER 318 A THR 319 A VAL 320 A PHE 321 A PRO 322 A PRO 323 A THR 324 A SER 325 A PHE 326 A GLY 327 A PRO 328 A LEU 329 A VAL 330 A HIS 347 A ARG 349 A GLU 350 A ALA 379 A ALA 382 A ALA 383 A LEU 387 A LEU 388 A LEU 389 A LYS 391 A THR 393 A THR 394 A CYS 395 A PHE 396 A SER 397 A VAL 398 A ALA 399 A TYR 456 A ARG 457 A TYR 458 A ASN 459 A LEU 460 A PRO 461 A THR 462 A ASN 628 A MET 666 A VAL 675 A PRO 677
013 |         000006.1690 | 00000030065128.0000 | A PRO 169 A LEU 172 A ARG 173 A THR 246 A LEU 247 A ARG 249 A THR 252 A SER 255 A TYR 265 A ILE 266 A LYS 267 A TRP 268 A LEU 270 A LEU 271 A LYS 272 A TYR 273 A VAL 315 A SER 318 A THR 319 A VAL 320 A PHE 321 A PRO 322 A PRO 323 A THR 324 A SER 325 A PHE 326 A GLY 327 A PRO 328 A LEU 329 A VAL 330 A HIS 347 A ARG 349 A GLU 350 A ALA 379 A ALA 382 A ALA 383 A GLY 385 A LEU 387 A LEU 388 A LEU 389 A ASP 390 A LYS 391 A THR 393 A THR 394 A CYS 395 A PHE 396 A SER 397 A VAL 398 A ALA 399 A TYR 456 A ARG 457 A ASN 459 A LEU 460 A PRO 461 A ASN 628 A MET 666 A PRO 677
014 |         000006.1560 | 00000030732096.0000 | A PRO 169 A ASP 170 A LEU 172 A ARG 173 A THR 246 A ARG 249 A LEU 251 A THR 252 A SER 255 A HIS 256 A TYR 265 A ILE 266 A LYS 267 A TRP 268 A LEU 270 A LEU 271 A LYS 272 A TYR 273 A VAL 315 A LEU 316 A SER 318 A THR 319 A VAL 320 A PHE 321 A PRO 322 A PRO 323 A THR 324 A SER 325 A PHE 326 A GLY 327 A PRO 328 A LEU 329 A VAL 330 A VAL 341 A ARG 349 A GLU 350 A PRO 378 A ALA 379 A ALA 382 A ALA 383 A GLY 385 A ASN 386 A LEU 387 A LEU 388 A LEU 389 A ASP 390 A THR 393 A THR 394 A CYS 395 A PHE 396 A SER 397 A VAL 398 A ALA 399 A ALA 400 A TYR 456 A ARG 457 A ASN 459 A LEU 460 A PRO 461 A THR 462 A ASN 628 A MET 666 A VAL 675 A PRO 677
015 |         000006.1560 | 00000030732096.0000 | A LEU 172 A ARG 173 A ALA 176 A ASN 177 A THR 246 A LEU 247 A ARG 249 A LEU 251 A THR 252 A SER 255 A HIS 256 A LEU 261 A TYR 265 A LYS 267 A LEU 270 A TYR 273 A SER 318 A THR 319 A VAL 320 A PHE 321 A PRO 322 A PRO 323 A THR 324 A SER 325 A PHE 326 A GLY 327 A PRO 328 A LEU 329 A ARG 349 A ALA 382 A ALA 383 A LEU 387 A LEU 388 A LEU 389 A ASP 390 A LYS 391 A THR 393 A THR 394 A CYS 395 A PHE 396 A SER 397 A VAL 398 A ALA 399 A TYR 456 A ARG 457 A TYR 458 A ASN 459 A LEU 460 A PRO 461 A MET 666 A VAL 675 A LYS 676 A PRO 677
016 |         000006.1540 | 00000030836010.0000 | A PRO 169 A ASP 170 A LEU 172 A ARG 173 A ALA 176 A ASN 177 A LEU 178 A GLY 179 A GLU 180 A ARG 181 A LEU 245 A THR 246 A ARG 249 A ALA 250 A LEU 251 A THR 252 A SER 255 A HIS 256 A LEU 261 A THR 262 A TYR 265 A ILE 266 A LYS 267 A TRP 268 A LEU 270 A ASN 314 A VAL 315 A LEU 316 A SER 318 A THR 319 A VAL 320 A PHE 321 A PRO 322 A PRO 323 A THR 324 A ARG 349 A GLU 350 A LEU 389 A ASP 390 A LYS 391 A THR 393 A THR 394 A CYS 395 A PHE 396 A SER 397 A ARG 457 A TYR 458 A ASN 459 A LEU 460 A PRO 461 A THR 462 A ASN 628 A PRO 677
017 |         000006.1350 | 00000031840902.0000 | A TYR 149 A ASN 150 A CYS 151 A CYS 152 A PRO 169 A ASP 170 A LEU 172 A ARG 173 A ALA 176 A ASN 177 A LEU 178 A GLU 180 A THR 246 A ARG 249 A LEU 251 A THR 252 A GLU 254 A SER 255 A HIS 256 A LEU 261 A TYR 265 A ILE 266 A LYS 267 A TRP 268 A SER 318 A THR 319 A VAL 320 A PHE 321 A PRO 322 A PRO 323 A THR 324 A PHE 326 A ARG 349 A LEU 389 A LYS 391 A THR 393 A THR 394 A CYS 395 A PHE 396 A SER 397 A TYR 456 A ARG 457 A ASN 459 A LEU 460 A PRO 461 A ASN 628 A SER 664 A VAL 675 A LYS 676 A PRO 677
018 |         000006.0840 | 00000034703148.0000 | A PRO 169 A LEU 172 A ARG 173 A ALA 176 A ASN 177 A LEU 245 A THR 246 A ARG 249 A ALA 250 A LEU 251 A THR 252 A SER 255 A LEU 261 A TYR 265 A ILE 266 A LYS 267 A TRP 268 A LEU 270 A LEU 271 A LYS 272 A TYR 273 A LEU 316 A THR 319 A VAL 320 A PRO 322 A PRO 323 A THR 324 A SER 325 A GLY 327 A PRO 328 A LEU 329 A VAL 330 A VAL 341 A ARG 349 A PRO 378 A ALA 379 A ALA 382 A ALA 383 A SER 384 A GLY 385 A ASN 386 A LEU 387 A LEU 388 A LEU 389 A THR 394 A CYS 395 A PHE 396 A SER 397 A VAL 398 A ALA 399 A TYR 456 A ARG 457 A TYR 458 A ASN 459 A LEU 460 A PRO 461 A MET 666 A VAL 675 A LYS 676 A PRO 677
019 |         000006.0780 | 00000035056368.0000 | A PRO 169 A ASP 170 A LEU 172 A ARG 173 A ALA 176 A ASN 177 A LEU 245 A THR 246 A ARG 249 A ALA 250 A LEU 251 A THR 252 A SER 255 A HIS 256 A LEU 261 A TYR 265 A ILE 266 A LYS 267 A TRP 268 A ASP 269 A LEU 270 A VAL 315 A LEU 316 A SER 318 A THR 319 A VAL 320 A PHE 321 A PRO 322 A PRO 323 A THR 324 A PHE 326 A ARG 349 A GLU 350 A LEU 387 A LEU 388 A LEU 389 A ASP 390 A LYS 391 A ARG 392 A THR 393 A THR 394 A CYS 395 A PHE 396 A SER 397 A ASP 454 A TYR 456 A ARG 457 A ASN 459 A LEU 460 A PRO 461 A ASN 628 A TYR 674 A VAL 675 A LYS 676 A PRO 677
020 |         000006.0490 | 00000036814948.0000 | A TYR 149 A ASN 150 A CYS 151 A PRO 169 A ASP 170 A LEU 172 A ARG 173 A ALA 176 A ASN 177 A GLU 180 A LEU 245 A THR 246 A ARG 249 A LEU 251 A THR 252 A SER 255 A HIS 256 A LEU 261 A TYR 265 A LYS 267 A LEU 270 A VAL 315 A LEU 316 A SER 318 A THR 319 A VAL 320 A PHE 321 A PRO 322 A PRO 323 A THR 324 A PHE 326 A ARG 349 A GLU 350 A ARG 392 A THR 394 A CYS 395 A PHE 396 A SER 397 A SER 451 A ASP 454 A TYR 455 A TYR 456 A ARG 457 A TYR 458 A ASN 459 A LEU 460 A PRO 461 A ASN 628 A PRO 677
021 |         000006.0480 | 00000036877140.0000 | A PRO 169 A ASP 170 A LEU 172 A ARG 173 A ALA 176 A ASN 177 A THR 246 A LEU 247 A ARG 249 A THR 252 A SER 255 A HIS 256 A LEU 261 A THR 262 A LYS 263 A PRO 264 A TYR 265 A ILE 266 A LYS 267 A TRP 268 A LEU 270 A THR 319 A VAL 320 A PHE 321 A PRO 322 A PRO 323 A THR 324 A PHE 326 A GLY 327 A TYR 346 A ARG 349 A LEU 387 A LEU 388 A LEU 389 A ASP 390 A LYS 391 A THR 393 A THR 394 A CYS 395 A PHE 396 A SER 397 A VAL 398 A ARG 457 A ASN 459 A LEU 460 A PRO 461 A ASN 628 A SER 664 A VAL 675 A LYS 676 A PRO 677
022 |         000006.0170 | 00000038858008.0000 | A PHE 165 A VAL 166 A PRO 169 A ASP 170 A LEU 172 A ARG 173 A ALA 176 A ASN 177 A GLU 180 A LEU 245 A THR 246 A ARG 249 A ALA 250 A LEU 251 A THR 252 A SER 255 A HIS 256 A ASP 260 A LEU 261 A THR 262 A TYR 265 A ILE 266 A LYS 267 A TRP 268 A LEU 270 A LEU 316 A THR 319 A VAL 320 A PHE 321 A PRO 322 A PRO 323 A THR 324 A ARG 349 A LEU 389 A ASP 390 A LYS 391 A THR 393 A THR 394 A CYS 395 A PHE 396 A SER 397 A ASP 454 A ARG 457 A TYR 458 A LEU 460 A PRO 461 A VAL 675 A PRO 677
023 |         000006.0130 | 00000039121236.0000 | A PRO 169 A ASP 170 A LEU 172 A ARG 173 A ALA 176 A ARG 249 A THR 252 A SER 255 A HIS 256 A LEU 261 A TYR 265 A ILE 266 A LYS 267 A TRP 268 A LEU 270 A LEU 271 A TYR 273 A SER 318 A THR 319 A PHE 321 A PRO 322 A PRO 323 A THR 324 A SER 325 A PHE 326 A GLY 327 A PRO 328 A LEU 329 A VAL 330 A VAL 341 A ARG 349 A ALA 379 A ALA 382 A ALA 383 A LEU 387 A LEU 388 A LEU 389 A ASP 390 A LYS 391 A THR 393 A THR 394 A CYS 395 A PHE 396 A SER 397 A VAL 398 A ALA 399 A TYR 456 A ARG 457 A ASN 459 A LEU 460 A PRO 461 A MET 666 A VAL 675 A LYS 676 A PRO 677
024 |         000005.9890 | 00000040738476.0000 | A PRO 169 A ASP 170 A LEU 172 A ARG 173 A ALA 176 A ASN 177 A THR 246 A LEU 247 A ARG 249 A THR 252 A HIS 256 A ASP 260 A LEU 261 A THR 262 A TYR 265 A ILE 266 A LYS 267 A TRP 268 A LEU 270 A SER 318 A THR 319 A VAL 320 A PHE 321 A PRO 322 A PRO 323 A THR 324 A ARG 349 A LEU 389 A ASP 390 A THR 393 A THR 394 A CYS 395 A PHE 396 A SER 397 A TYR 456 A ARG 457 A ASN 459 A LEU 460 A PRO 461 A THR 462 A ASN 628 A VAL 675 A LYS 676 A PRO 677 A GLY 678 A ASN 791
025 |         000005.9520 | 00000043363684.0000 | A PRO 169 A LEU 172 A ARG 173 A ALA 176 A ASN 177 A THR 246 A ARG 249 A THR 252 A SER 255 A HIS 256 A LEU 261 A TYR 265 A ILE 266 A LYS 267 A TRP 268 A LEU 270 A ASN 314 A VAL 315 A SER 318 A THR 319 A VAL 320 A PHE 321 A PRO 322 A PRO 323 A THR 324 A ARG 349 A GLU 350 A LEU 389 A ASP 390 A LYS 391 A ARG 392 A THR 393 A THR 394 A CYS 395 A PHE 396 A SER 397 A ASP 454 A TYR 456 A ARG 457 A TYR 458 A ASN 459 A LEU 460 A PRO 461 A ASN 628 A PRO 677

After clustering the 25 runs, the following 16 distinct complex conformations were found:
[They all differ by at least 5.0 A heavy atom RMSD after superposing on the receptor]

Clu |Bind.energy[kcal/mol]|Dissoc. constant [pM]| Contacting receptor residues
----+---------------------+---------------------+-----------------------------
001 |         000006.3920 | 00000020634876.0000 | A PRO 169 A ASP 170 A LEU 172 A ARG 173 A ALA 176 A ASN 177 A LEU 245 A THR 246 A ARG 249 A ALA 250 A LEU 251 A THR 252 A SER 255 A HIS 256 A LEU 261 A TYR 265 A ILE 266 A LYS 267 A TRP 268 A LEU 316 A THR 319 A VAL 320 A PHE 321 A PRO 322 A PRO 323 A THR 324 A ARG 349 A LEU 388 A LEU 389 A ASP 390 A LYS 391 A ARG 392 A THR 393 A THR 394 A CYS 395 A PHE 396 A SER 397 A TYR 456 A ARG 457 A ASN 459 A LEU 460 A PRO 461 A VAL 675 A LYS 676 A PRO 677
002 |         000006.3650 | 00000021596986.0000 | A TYR 149 A ASN 150 A CYS 151 A LYS 159 A ASN 168 A PRO 169 A ASP 170 A LEU 172 A ARG 173 A ALA 176 A ASN 177 A LEU 178 A GLU 180 A ARG 181 A THR 246 A ARG 249 A ALA 250 A LEU 251 A THR 252 A ALA 253 A SER 255 A HIS 256 A ASP 260 A LEU 261 A THR 262 A TYR 265 A ILE 266 A LYS 267 A TRP 268 A LEU 316 A THR 319 A VAL 320 A PHE 321 A PRO 322 A PRO 323 A THR 324 A PHE 326 A ARG 349 A LYS 391 A THR 394 A CYS 395 A PHE 396 A SER 397 A TYR 456 A ARG 457 A TYR 458 A ASN 459 A LEU 460 A PRO 461 A ASN 628 A VAL 675 A PRO 677
003 |         000006.3010 | 00000024060562.0000 | A PRO 169 A ASP 170 A LEU 172 A ARG 173 A THR 246 A ARG 249 A LEU 251 A THR 252 A SER 255 A TYR 265 A ILE 266 A LYS 267 A TRP 268 A LEU 270 A LEU 271 A LYS 272 A TYR 273 A VAL 315 A THR 319 A VAL 320 A PHE 321 A PRO 322 A PRO 323 A THR 324 A SER 325 A PHE 326 A GLY 327 A PRO 328 A LEU 329 A VAL 330 A HIS 347 A ARG 349 A GLU 350 A PRO 378 A ALA 379 A ALA 382 A ALA 383 A GLY 385 A ASN 386 A LEU 387 A LEU 388 A LEU 389 A ASP 390 A THR 393 A THR 394 A CYS 395 A PHE 396 A SER 397 A VAL 398 A ALA 399 A ARG 457 A ASN 459 A LEU 460 A PRO 461 A ASN 628 A MET 666 A TYR 674 A VAL 675 A PRO 677
004 |         000006.2390 | 00000026714826.0000 | A PRO 169 A LEU 172 A ARG 173 A ALA 176 A ASN 177 A ARG 249 A THR 252 A SER 255 A HIS 256 A LEU 261 A THR 262 A LYS 263 A PRO 264 A TYR 265 A ILE 266 A LYS 267 A TRP 268 A LEU 270 A ASN 314 A VAL 315 A SER 318 A THR 319 A VAL 320 A PHE 321 A PRO 322 A PRO 323 A THR 324 A ARG 349 A GLU 350 A LEU 387 A LEU 389 A ASP 390 A LYS 391 A THR 393 A THR 394 A CYS 395 A PHE 396 A SER 397 A VAL 398 A TYR 456 A ARG 457 A ASN 459 A LEU 460 A PRO 461 A ASN 628 A VAL 675 A PRO 677
005 |         000006.2240 | 00000027399808.0000 | A PRO 169 A ASP 170 A LEU 172 A ARG 173 A ALA 176 A ASN 177 A GLY 179 A GLU 180 A THR 246 A LEU 247 A ARG 249 A LEU 251 A THR 252 A SER 255 A LEU 261 A TYR 265 A ILE 266 A LYS 267 A TRP 268 A ASN 314 A VAL 315 A SER 318 A THR 319 A VAL 320 A PHE 321 A PRO 322 A PRO 323 A THR 324 A ARG 349 A GLU 350 A LEU 387 A LEU 388 A LEU 389 A ASP 390 A LYS 391 A ARG 392 A THR 393 A THR 394 A CYS 395 A PHE 396 A SER 397 A VAL 398 A TYR 456 A ARG 457 A ASN 459 A LEU 460 A PRO 461 A THR 462 A ASN 628 A VAL 675 A PRO 677
006 |         000006.1820 | 00000029412634.0000 | A PRO 169 A ASP 170 A LEU 172 A ARG 173 A ALA 176 A ASN 177 A LEU 178 A GLY 179 A GLU 180 A THR 246 A ARG 249 A THR 252 A SER 255 A HIS 256 A LEU 261 A THR 262 A LYS 263 A PRO 264 A TYR 265 A ILE 266 A LYS 267 A TRP 268 A LEU 270 A VAL 315 A SER 318 A THR 319 A VAL 320 A PHE 321 A PRO 322 A PRO 323 A THR 324 A ARG 349 A GLU 350 A LEU 389 A ASP 390 A LYS 391 A THR 393 A THR 394 A CYS 395 A PHE 396 A SER 397 A ARG 457 A ASN 459 A LEU 460 A PRO 461 A ASN 628 A TYR 674 A PRO 677
007 |         000006.1740 | 00000029812472.0000 | A PHE 165 A VAL 166 A PRO 169 A ASP 170 A LEU 172 A ARG 173 A ALA 176 A ASN 177 A GLY 179 A GLU 180 A THR 246 A ARG 249 A THR 252 A SER 255 A LEU 261 A TYR 265 A ILE 266 A LYS 267 A TRP 268 A LEU 270 A TYR 273 A VAL 315 A SER 318 A THR 319 A VAL 320 A PHE 321 A PRO 322 A PRO 323 A THR 324 A SER 325 A PHE 326 A GLY 327 A PRO 328 A LEU 329 A VAL 330 A HIS 347 A ARG 349 A GLU 350 A ALA 379 A ALA 382 A ALA 383 A LEU 387 A LEU 388 A LEU 389 A LYS 391 A THR 393 A THR 394 A CYS 395 A PHE 396 A SER 397 A VAL 398 A ALA 399 A TYR 456 A ARG 457 A TYR 458 A ASN 459 A LEU 460 A PRO 461 A THR 462 A ASN 628 A MET 666 A VAL 675 A PRO 677
008 |         000006.1560 | 00000030732096.0000 | A LEU 172 A ARG 173 A ALA 176 A ASN 177 A THR 246 A LEU 247 A ARG 249 A LEU 251 A THR 252 A SER 255 A HIS 256 A LEU 261 A TYR 265 A LYS 267 A LEU 270 A TYR 273 A SER 318 A THR 319 A VAL 320 A PHE 321 A PRO 322 A PRO 323 A THR 324 A SER 325 A PHE 326 A GLY 327 A PRO 328 A LEU 329 A ARG 349 A ALA 382 A ALA 383 A LEU 387 A LEU 388 A LEU 389 A ASP 390 A LYS 391 A THR 393 A THR 394 A CYS 395 A PHE 396 A SER 397 A VAL 398 A ALA 399 A TYR 456 A ARG 457 A TYR 458 A ASN 459 A LEU 460 A PRO 461 A MET 666 A VAL 675 A LYS 676 A PRO 677
009 |         000006.0840 | 00000034703148.0000 | A PRO 169 A LEU 172 A ARG 173 A ALA 176 A ASN 177 A LEU 245 A THR 246 A ARG 249 A ALA 250 A LEU 251 A THR 252 A SER 255 A LEU 261 A TYR 265 A ILE 266 A LYS 267 A TRP 268 A LEU 270 A LEU 271 A LYS 272 A TYR 273 A LEU 316 A THR 319 A VAL 320 A PRO 322 A PRO 323 A THR 324 A SER 325 A GLY 327 A PRO 328 A LEU 329 A VAL 330 A VAL 341 A ARG 349 A PRO 378 A ALA 379 A ALA 382 A ALA 383 A SER 384 A GLY 385 A ASN 386 A LEU 387 A LEU 388 A LEU 389 A THR 394 A CYS 395 A PHE 396 A SER 397 A VAL 398 A ALA 399 A TYR 456 A ARG 457 A TYR 458 A ASN 459 A LEU 460 A PRO 461 A MET 666 A VAL 675 A LYS 676 A PRO 677
010 |         000006.0780 | 00000035056368.0000 | A PRO 169 A ASP 170 A LEU 172 A ARG 173 A ALA 176 A ASN 177 A LEU 245 A THR 246 A ARG 249 A ALA 250 A LEU 251 A THR 252 A SER 255 A HIS 256 A LEU 261 A TYR 265 A ILE 266 A LYS 267 A TRP 268 A ASP 269 A LEU 270 A VAL 315 A LEU 316 A SER 318 A THR 319 A VAL 320 A PHE 321 A PRO 322 A PRO 323 A THR 324 A PHE 326 A ARG 349 A GLU 350 A LEU 387 A LEU 388 A LEU 389 A ASP 390 A LYS 391 A ARG 392 A THR 393 A THR 394 A CYS 395 A PHE 396 A SER 397 A ASP 454 A TYR 456 A ARG 457 A ASN 459 A LEU 460 A PRO 461 A ASN 628 A TYR 674 A VAL 675 A LYS 676 A PRO 677
011 |         000006.0490 | 00000036814948.0000 | A TYR 149 A ASN 150 A CYS 151 A PRO 169 A ASP 170 A LEU 172 A ARG 173 A ALA 176 A ASN 177 A GLU 180 A LEU 245 A THR 246 A ARG 249 A LEU 251 A THR 252 A SER 255 A HIS 256 A LEU 261 A TYR 265 A LYS 267 A LEU 270 A VAL 315 A LEU 316 A SER 318 A THR 319 A VAL 320 A PHE 321 A PRO 322 A PRO 323 A THR 324 A PHE 326 A ARG 349 A GLU 350 A ARG 392 A THR 394 A CYS 395 A PHE 396 A SER 397 A SER 451 A ASP 454 A TYR 455 A TYR 456 A ARG 457 A TYR 458 A ASN 459 A LEU 460 A PRO 461 A ASN 628 A PRO 677
012 |         000006.0480 | 00000036877140.0000 | A PRO 169 A ASP 170 A LEU 172 A ARG 173 A ALA 176 A ASN 177 A THR 246 A LEU 247 A ARG 249 A THR 252 A SER 255 A HIS 256 A LEU 261 A THR 262 A LYS 263 A PRO 264 A TYR 265 A ILE 266 A LYS 267 A TRP 268 A LEU 270 A THR 319 A VAL 320 A PHE 321 A PRO 322 A PRO 323 A THR 324 A PHE 326 A GLY 327 A TYR 346 A ARG 349 A LEU 387 A LEU 388 A LEU 389 A ASP 390 A LYS 391 A THR 393 A THR 394 A CYS 395 A PHE 396 A SER 397 A VAL 398 A ARG 457 A ASN 459 A LEU 460 A PRO 461 A ASN 628 A SER 664 A VAL 675 A LYS 676 A PRO 677
013 |         000006.0170 | 00000038858008.0000 | A PHE 165 A VAL 166 A PRO 169 A ASP 170 A LEU 172 A ARG 173 A ALA 176 A ASN 177 A GLU 180 A LEU 245 A THR 246 A ARG 249 A ALA 250 A LEU 251 A THR 252 A SER 255 A HIS 256 A ASP 260 A LEU 261 A THR 262 A TYR 265 A ILE 266 A LYS 267 A TRP 268 A LEU 270 A LEU 316 A THR 319 A VAL 320 A PHE 321 A PRO 322 A PRO 323 A THR 324 A ARG 349 A LEU 389 A ASP 390 A LYS 391 A THR 393 A THR 394 A CYS 395 A PHE 396 A SER 397 A ASP 454 A ARG 457 A TYR 458 A LEU 460 A PRO 461 A VAL 675 A PRO 677
014 |         000006.0130 | 00000039121236.0000 | A PRO 169 A ASP 170 A LEU 172 A ARG 173 A ALA 176 A ARG 249 A THR 252 A SER 255 A HIS 256 A LEU 261 A TYR 265 A ILE 266 A LYS 267 A TRP 268 A LEU 270 A LEU 271 A TYR 273 A SER 318 A THR 319 A PHE 321 A PRO 322 A PRO 323 A THR 324 A SER 325 A PHE 326 A GLY 327 A PRO 328 A LEU 329 A VAL 330 A VAL 341 A ARG 349 A ALA 379 A ALA 382 A ALA 383 A LEU 387 A LEU 388 A LEU 389 A ASP 390 A LYS 391 A THR 393 A THR 394 A CYS 395 A PHE 396 A SER 397 A VAL 398 A ALA 399 A TYR 456 A ARG 457 A ASN 459 A LEU 460 A PRO 461 A MET 666 A VAL 675 A LYS 676 A PRO 677
015 |         000005.9890 | 00000040738476.0000 | A PRO 169 A ASP 170 A LEU 172 A ARG 173 A ALA 176 A ASN 177 A THR 246 A LEU 247 A ARG 249 A THR 252 A HIS 256 A ASP 260 A LEU 261 A THR 262 A TYR 265 A ILE 266 A LYS 267 A TRP 268 A LEU 270 A SER 318 A THR 319 A VAL 320 A PHE 321 A PRO 322 A PRO 323 A THR 324 A ARG 349 A LEU 389 A ASP 390 A THR 393 A THR 394 A CYS 395 A PHE 396 A SER 397 A TYR 456 A ARG 457 A ASN 459 A LEU 460 A PRO 461 A THR 462 A ASN 628 A VAL 675 A LYS 676 A PRO 677 A GLY 678 A ASN 791
016 |         000005.9520 | 00000043363684.0000 | A PRO 169 A LEU 172 A ARG 173 A ALA 176 A ASN 177 A THR 246 A ARG 249 A THR 252 A SER 255 A HIS 256 A LEU 261 A TYR 265 A ILE 266 A LYS 267 A TRP 268 A LEU 270 A ASN 314 A VAL 315 A SER 318 A THR 319 A VAL 320 A PHE 321 A PRO 322 A PRO 323 A THR 324 A ARG 349 A GLU 350 A LEU 389 A ASP 390 A LYS 391 A ARG 392 A THR 393 A THR 394 A CYS 395 A PHE 396 A SER 397 A ASP 454 A TYR 456 A ARG 457 A TYR 458 A ASN 459 A LEU 460 A PRO 461 A ASN 628 A PRO 677

While the table above lists the best binding energy in each cluster, it is sometimes
helpful to also look at the energy spread [average and standard deviation], the
dissociation constant has been recalculated from the average binding energy:

Clu |Members|Bind.energy spread [kcal/mol]|Dissoc. constant [pM]
----+-------+-----------------------------+---------------------
001 |  001  |    000006.3920+-000000.0000 | 00000020636204.0774
002 |  002  |    000006.2500+-000000.1150 | 00000026225073.6002
003 |  003  |    000006.2087+-000000.0655 | 00000028119925.7990
004 |  001  |    000006.2390+-000000.0000 | 00000026716520.0687
005 |  001  |    000006.2240+-000000.0000 | 00000027401533.6629
006 |  002  |    000006.1680+-000000.0140 | 00000030117794.4512
007 |  001  |    000006.1740+-000000.0000 | 00000029814345.3011
008 |  001  |    000006.1560+-000000.0000 | 00000030734002.0313
009 |  001  |    000006.0840+-000000.0000 | 00000034705277.2859
010 |  001  |    000006.0780+-000000.0000 | 00000035058520.2433
011 |  001  |    000006.0490+-000000.0000 | 00000036817215.7682
012 |  001  |    000006.0480+-000000.0000 | 00000036879404.0862
013 |  001  |    000006.0170+-000000.0000 | 00000038860359.2469
014 |  001  |    000006.0130+-000000.0000 | 00000039123614.3626
015 |  001  |    000005.9890+-000000.0000 | 00000040740956.4368
016 |  001  |    000005.9520+-000000.0000 | 00000043366282.9640

The results of the 25 runs have been combined in a single scene at C:\Users\yons\Desktop\PNA-CPP-8\PNA-CPP-8 CAVITY 4\dock.sce
The 16 clusters have been saved as:
C:\Users\yons\Desktop\PNA-CPP-8\PNA-CPP-8 CAVITY 4\dock_001.yob
C:\Users\yons\Desktop\PNA-CPP-8\PNA-CPP-8 CAVITY 4\dock_002.yob
C:\Users\yons\Desktop\PNA-CPP-8\PNA-CPP-8 CAVITY 4\dock_003.yob
C:\Users\yons\Desktop\PNA-CPP-8\PNA-CPP-8 CAVITY 4\dock_004.yob
C:\Users\yons\Desktop\PNA-CPP-8\PNA-CPP-8 CAVITY 4\dock_005.yob
C:\Users\yons\Desktop\PNA-CPP-8\PNA-CPP-8 CAVITY 4\dock_006.yob
C:\Users\yons\Desktop\PNA-CPP-8\PNA-CPP-8 CAVITY 4\dock_007.yob
C:\Users\yons\Desktop\PNA-CPP-8\PNA-CPP-8 CAVITY 4\dock_008.yob
C:\Users\yons\Desktop\PNA-CPP-8\PNA-CPP-8 CAVITY 4\dock_009.yob
C:\Users\yons\Desktop\PNA-CPP-8\PNA-CPP-8 CAVITY 4\dock_010.yob
C:\Users\yons\Desktop\PNA-CPP-8\PNA-CPP-8 CAVITY 4\dock_011.yob
C:\Users\yons\Desktop\PNA-CPP-8\PNA-CPP-8 CAVITY 4\dock_012.yob
C:\Users\yons\Desktop\PNA-CPP-8\PNA-CPP-8 CAVITY 4\dock_013.yob
C:\Users\yons\Desktop\PNA-CPP-8\PNA-CPP-8 CAVITY 4\dock_014.yob
C:\Users\yons\Desktop\PNA-CPP-8\PNA-CPP-8 CAVITY 4\dock_015.yob
C:\Users\yons\Desktop\PNA-CPP-8\PNA-CPP-8 CAVITY 4\dock_016.yob
