Global docking result analysis
==============================

25 VINA docking runs of the ligand object 3 to the receptor object 1 yielded the following results,
sorted by binding energy [more positive energies indicate stronger binding, and negative energies mean no binding]

Run |Bind.energy[kcal/mol]|Dissoc. constant [pM]| Contacting receptor residues
----+---------------------+---------------------+-----------------------------
001 |         000007.5250 | 00000003048610.0000 | A PRO 169 A ASP 170 A LEU 172 A ARG 173 A THR 246 A ARG 249 A LEU 251 A THR 252 A SER 255 A TYR 265 A ILE 266 A LYS 267 A TRP 268 A SER 318 A THR 319 A VAL 320 A PHE 321 A PRO 322 A PRO 323 A PHE 326 A ARG 349 A LEU 389 A ASP 390 A LYS 391 A THR 393 A THR 394 A CYS 395 A PHE 396 A SER 397 A TYR 456 A ARG 457 A ASN 459 A LEU 460 A PRO 461 A VAL 675 A PRO 677
002 |         000007.5250 | 00000003048610.0000 | A PRO 169 A ASP 170 A LEU 172 A ARG 173 A THR 246 A ARG 249 A LEU 251 A THR 252 A SER 255 A TYR 265 A ILE 266 A LYS 267 A TRP 268 A SER 318 A THR 319 A VAL 320 A PHE 321 A PRO 322 A PRO 323 A PHE 326 A ARG 349 A LEU 389 A ASP 390 A LYS 391 A THR 393 A THR 394 A CYS 395 A PHE 396 A SER 397 A TYR 456 A ARG 457 A ASN 459 A LEU 460 A PRO 461 A VAL 675 A PRO 677
003 |         000007.4670 | 00000003362145.0000 | A PHE 165 A VAL 166 A PRO 169 A ASP 170 A LEU 172 A THR 246 A ARG 249 A THR 252 A SER 255 A HIS 256 A TYR 265 A ILE 266 A LYS 267 A TRP 268 A THR 319 A VAL 320 A PHE 321 A PRO 322 A PRO 323 A ARG 349 A LEU 389 A ASP 390 A LYS 391 A THR 393 A THR 394 A CYS 395 A PHE 396 A SER 397 A ARG 457 A TYR 458 A ASN 459 A LEU 460 A PRO 461 A THR 462 A ASN 628 A VAL 675 A PRO 677 A ASN 791 A VAL 792
004 |         000007.4670 | 00000003362145.0000 | A PHE 165 A VAL 166 A PRO 169 A ASP 170 A LEU 172 A THR 246 A ARG 249 A THR 252 A SER 255 A HIS 256 A TYR 265 A ILE 266 A LYS 267 A TRP 268 A THR 319 A VAL 320 A PHE 321 A PRO 322 A PRO 323 A ARG 349 A LEU 389 A ASP 390 A LYS 391 A THR 393 A THR 394 A CYS 395 A PHE 396 A SER 397 A ARG 457 A TYR 458 A ASN 459 A LEU 460 A PRO 461 A THR 462 A ASN 628 A VAL 675 A PRO 677 A ASN 791 A VAL 792
005 |         000007.2810 | 00000004602102.0000 | A ASN 168 A PRO 169 A ASP 170 A LEU 172 A THR 246 A ARG 249 A LEU 251 A THR 252 A SER 255 A TYR 265 A ILE 266 A TRP 268 A SER 318 A THR 319 A VAL 320 A PHE 321 A PRO 322 A PRO 323 A PHE 326 A ARG 349 A THR 394 A CYS 395 A PHE 396 A SER 397 A TYR 456 A ARG 457 A ASN 459 A LEU 460 A PRO 461 A VAL 675 A PRO 677
006 |         000007.2810 | 00000004602102.0000 | A ASN 168 A PRO 169 A ASP 170 A LEU 172 A THR 246 A ARG 249 A LEU 251 A THR 252 A SER 255 A TYR 265 A ILE 266 A TRP 268 A SER 318 A THR 319 A VAL 320 A PHE 321 A PRO 322 A PRO 323 A PHE 326 A ARG 349 A THR 394 A CYS 395 A PHE 396 A SER 397 A TYR 456 A ARG 457 A ASN 459 A LEU 460 A PRO 461 A VAL 675 A PRO 677
007 |         000007.2330 | 00000004990461.5000 | A PRO 169 A ASP 170 A LEU 172 A ARG 173 A THR 246 A ARG 249 A THR 252 A SER 255 A TYR 265 A ILE 266 A LYS 267 A TRP 268 A LEU 316 A THR 319 A VAL 320 A PHE 321 A PRO 322 A PRO 323 A THR 324 A ARG 349 A THR 393 A THR 394 A CYS 395 A PHE 396 A SER 397 A TYR 456 A ARG 457 A ASN 459 A LEU 460 A PRO 461 A VAL 675 A LYS 676 A PRO 677
008 |         000007.2330 | 00000004990461.5000 | A PRO 169 A ASP 170 A LEU 172 A ARG 173 A THR 246 A ARG 249 A THR 252 A SER 255 A TYR 265 A ILE 266 A LYS 267 A TRP 268 A LEU 316 A THR 319 A VAL 320 A PHE 321 A PRO 322 A PRO 323 A THR 324 A ARG 349 A THR 393 A THR 394 A CYS 395 A PHE 396 A SER 397 A TYR 456 A ARG 457 A ASN 459 A LEU 460 A PRO 461 A VAL 675 A LYS 676 A PRO 677
009 |         000007.0440 | 00000006865616.5000 | A PRO 169 A LEU 172 A ARG 173 A ALA 176 A ASN 177 A GLY 179 A GLU 180 A LEU 245 A THR 246 A ARG 249 A ALA 250 A LEU 251 A THR 252 A SER 255 A HIS 256 A LEU 261 A TYR 265 A ILE 266 A LYS 267 A TRP 268 A LEU 316 A THR 319 A VAL 320 A PHE 321 A PRO 322 A PRO 323 A ARG 349 A THR 394 A CYS 395 A PHE 396 A TYR 456 A ARG 457 A TYR 458 A ASN 459 A LEU 460 A PRO 461 A VAL 675 A PRO 677
010 |         000007.0440 | 00000006865616.5000 | A PRO 169 A LEU 172 A ARG 173 A ALA 176 A ASN 177 A GLY 179 A GLU 180 A LEU 245 A THR 246 A ARG 249 A ALA 250 A LEU 251 A THR 252 A SER 255 A HIS 256 A LEU 261 A TYR 265 A ILE 266 A LYS 267 A TRP 268 A LEU 316 A THR 319 A VAL 320 A PHE 321 A PRO 322 A PRO 323 A ARG 349 A THR 394 A CYS 395 A PHE 396 A TYR 456 A ARG 457 A TYR 458 A ASN 459 A LEU 460 A PRO 461 A VAL 675 A PRO 677
011 |         000006.9970 | 00000007432433.0000 | A LEU 172 A ALA 176 A ASN 177 A GLU 180 A THR 246 A ARG 249 A LEU 251 A THR 252 A SER 255 A LEU 261 A TYR 265 A ILE 266 A LYS 267 A TRP 268 A LEU 270 A THR 319 A VAL 320 A PRO 322 A PRO 323 A THR 324 A ARG 349 A LEU 388 A LEU 389 A ASP 390 A LYS 391 A THR 393 A THR 394 A CYS 395 A PHE 396 A SER 397 A TYR 456 A ARG 457 A ASN 459 A LEU 460 A PRO 461 A ASN 628 A PRO 677
012 |         000006.9630 | 00000007871424.5000 | A ASP 161 A TYR 163 A ASP 164 A VAL 166 A GLU 167 A HIS 439 A ASP 452 A TYR 455 A TYR 456 A ARG 457 A TYR 458 A MET 542 A LYS 545 A ILE 548 A SER 549 A ALA 550 A LYS 551 A ARG 553 A ARG 555 A THR 556 A VAL 557 A ALA 558 A ASP 618 A TYR 619 A PRO 620 A LYS 621 A CYS 622 A ASP 623 A ARG 624 A THR 680 A SER 681 A SER 682 A GLY 683 A THR 687 A ALA 688 A ASN 691 A SER 759 A ASP 760 A ASP 761 A PHE 793 A SER 795 A LYS 798 A GLU 811 A CYS 813 A SER 814 A ARG 836
013 |         000006.9580 | 00000007938133.0000 | A ARG 173 A ALA 176 A ASN 177 A GLU 180 A LEU 245 A THR 246 A ARG 249 A LEU 251 A THR 252 A SER 255 A HIS 256 A LEU 261 A TYR 265 A ILE 266 A LYS 267 A TRP 268 A LEU 270 A LEU 316 A THR 319 A PHE 321 A PRO 322 A PRO 323 A ARG 349 A LEU 389 A ASP 390 A THR 393 A THR 394 A CYS 395 A PHE 396 A SER 397 A TYR 456 A ARG 457 A LEU 460 A PRO 461 A VAL 675 A LYS 676 A PRO 677
014 |         000006.7930 | 00000010487331.0000 | A PRO 169 A ASP 170 A LEU 172 A ARG 173 A ALA 176 A ASN 177 A GLY 179 A GLU 180 A ARG 249 A THR 252 A SER 255 A LEU 261 A TYR 265 A ILE 266 A TRP 268 A THR 319 A VAL 320 A PHE 321 A PRO 322 A PRO 323 A ARG 349 A LEU 387 A LEU 388 A LEU 389 A ASP 390 A THR 394 A CYS 395 A PHE 396 A SER 397 A TYR 456 A ARG 457 A ASN 459 A LEU 460 A PRO 461 A ASN 628 A PRO 677
015 |         000006.7850 | 00000010629897.0000 | A LEU 245 A THR 246 A ARG 249 A LEU 251 A THR 252 A SER 255 A TYR 265 A LYS 267 A TRP 268 A LEU 316 A THR 319 A VAL 320 A PHE 321 A PRO 322 A PRO 323 A THR 324 A ARG 349 A LEU 387 A LEU 388 A LEU 389 A ASP 390 A LYS 391 A THR 393 A THR 394 A CYS 395 A PHE 396 A SER 397 A VAL 398 A TYR 456 A ARG 457 A ASN 459 A LEU 460 A PRO 461 A VAL 675 A LYS 676 A PRO 677
016 |         000006.7710 | 00000010884067.0000 | A PRO 169 A LEU 172 A ARG 173 A LEU 245 A THR 246 A ARG 249 A ALA 250 A LEU 251 A THR 252 A SER 255 A TYR 265 A ILE 266 A LYS 267 A TRP 268 A LEU 316 A THR 319 A VAL 320 A PHE 321 A PRO 322 A PRO 323 A ARG 349 A THR 393 A THR 394 A CYS 395 A PHE 396 A SER 397 A TYR 456 A ARG 457 A TYR 458 A ASN 459 A LEU 460 A PRO 461 A VAL 675 A PRO 677
017 |         000006.7450 | 00000011372330.0000 | A PRO 169 A ASP 170 A LEU 172 A ARG 173 A ALA 176 A ASN 177 A THR 246 A ARG 249 A THR 252 A SER 255 A LEU 261 A TYR 265 A SER 318 A THR 319 A VAL 320 A PHE 321 A PRO 322 A PRO 323 A ARG 349 A LEU 387 A LEU 388 A LEU 389 A ASP 390 A LYS 391 A THR 393 A THR 394 A CYS 395 A PHE 396 A SER 397 A ARG 457 A ASN 459 A LEU 460 A PRO 461 A VAL 675 A LYS 676 A PRO 677
018 |         000006.7290 | 00000011683625.0000 | A THR 246 A ARG 249 A LEU 251 A THR 252 A SER 255 A TYR 265 A LYS 267 A TRP 268 A LEU 270 A LEU 316 A SER 318 A THR 319 A VAL 320 A PHE 321 A PRO 322 A PRO 323 A THR 324 A ARG 349 A LEU 389 A ASP 390 A LYS 391 A THR 393 A THR 394 A CYS 395 A PHE 396 A SER 397 A ARG 457 A ASN 459 A LEU 460 A PRO 461 A VAL 675 A LYS 676 A PRO 677
019 |         000006.7100 | 00000012064374.0000 | A ARG 173 A ALA 176 A LEU 245 A THR 246 A ARG 249 A LEU 251 A THR 252 A SER 255 A TYR 265 A ILE 266 A LYS 267 A TRP 268 A LEU 270 A LEU 316 A THR 319 A VAL 320 A PHE 321 A PRO 322 A PRO 323 A THR 324 A ARG 349 A LEU 388 A LEU 389 A ASP 390 A THR 393 A THR 394 A CYS 395 A PHE 396 A SER 397 A TYR 456 A ARG 457 A LEU 460 A PRO 461 A PRO 677
020 |         000006.6920 | 00000012436522.0000 | A ASP 170 A LEU 172 A ARG 173 A ALA 176 A THR 246 A ARG 249 A ALA 250 A LEU 251 A THR 252 A SER 255 A HIS 256 A LEU 261 A TYR 265 A ILE 266 A LYS 267 A TRP 268 A LEU 316 A THR 319 A VAL 320 A PHE 321 A PRO 322 A PRO 323 A ARG 349 A LEU 387 A LEU 388 A LEU 389 A ASP 390 A LYS 391 A ARG 392 A THR 393 A THR 394 A CYS 395 A PHE 396 A SER 397 A TYR 456 A ARG 457 A TYR 458 A ASN 459 A LEU 460 A PRO 461 A THR 462 A PRO 677
021 |         000006.6440 | 00000013486008.0000 | A PRO 169 A ASP 170 A LEU 172 A ARG 173 A ALA 176 A ASN 177 A THR 246 A LEU 247 A ARG 249 A LEU 251 A THR 252 A SER 255 A LEU 261 A TYR 265 A ILE 266 A LYS 267 A TRP 268 A ASP 269 A LEU 270 A THR 319 A VAL 320 A PHE 321 A PRO 322 A PRO 323 A THR 324 A ARG 349 A THR 394 A CYS 395 A PHE 396 A ARG 457 A ASN 459 A LEU 460 A PRO 461 A THR 462 A PRO 677 A ASN 791
022 |         000006.6410 | 00000013554467.0000 | A PRO 169 A ASP 170 A LEU 172 A ARG 173 A ALA 176 A ASN 177 A ARG 249 A THR 252 A SER 255 A LEU 261 A TYR 265 A ILE 266 A LYS 267 A TRP 268 A THR 319 A VAL 320 A PRO 322 A PRO 323 A THR 324 A ARG 349 A LEU 389 A ASP 390 A LYS 391 A THR 393 A THR 394 A CYS 395 A PHE 396 A SER 397 A ARG 457 A ASN 459 A LEU 460 A PRO 461 A VAL 675 A LYS 676 A PRO 677
023 |         000006.6410 | 00000013554467.0000 | A THR 246 A ARG 249 A LEU 251 A THR 252 A SER 255 A TYR 265 A LYS 267 A TRP 268 A LEU 270 A LEU 316 A SER 318 A THR 319 A VAL 320 A PHE 321 A PRO 322 A PRO 323 A THR 324 A ARG 349 A LEU 387 A LEU 388 A LEU 389 A ASP 390 A THR 393 A THR 394 A CYS 395 A PHE 396 A SER 397 A VAL 398 A ARG 457 A ASN 459 A LEU 460 A PRO 461 A VAL 675 A LYS 676 A PRO 677
024 |         000006.6230 | 00000013972581.0000 | A ASP 161 A ASP 164 A VAL 166 A GLU 167 A HIS 439 A ASP 452 A TYR 455 A ARG 457 A TYR 458 A LYS 545 A ILE 548 A SER 549 A ALA 550 A LYS 551 A ARG 553 A ARG 555 A THR 556 A VAL 557 A ASP 618 A TYR 619 A PRO 620 A LYS 621 A CYS 622 A ASP 623 A ARG 624 A THR 680 A SER 681 A SER 682 A THR 687 A ALA 688 A ASN 691 A LEU 758 A SER 759 A ASP 760 A ASP 761 A LYS 798 A CYS 813 A SER 814 A ARG 836
025 |         000006.5840 | 00000014923270.0000 | A PRO 169 A LEU 172 A ARG 249 A LEU 251 A THR 252 A SER 255 A TYR 265 A LYS 267 A LEU 270 A THR 319 A VAL 320 A PHE 321 A PRO 322 A PRO 323 A THR 324 A ARG 349 A LEU 387 A LEU 388 A LEU 389 A ASP 390 A LYS 391 A THR 393 A THR 394 A CYS 395 A PHE 396 A SER 397 A TYR 456 A ARG 457 A ASN 459 A LEU 460 A PRO 461 A ASN 628 A PRO 677

After clustering the 25 runs, the following 18 distinct complex conformations were found:
[They all differ by at least 5.0 A heavy atom RMSD after superposing on the receptor]

Clu |Bind.energy[kcal/mol]|Dissoc. constant [pM]| Contacting receptor residues
----+---------------------+---------------------+-----------------------------
001 |         000007.5250 | 00000003048610.0000 | A PRO 169 A ASP 170 A LEU 172 A ARG 173 A THR 246 A ARG 249 A LEU 251 A THR 252 A SER 255 A TYR 265 A ILE 266 A LYS 267 A TRP 268 A SER 318 A THR 319 A VAL 320 A PHE 321 A PRO 322 A PRO 323 A PHE 326 A ARG 349 A LEU 389 A ASP 390 A LYS 391 A THR 393 A THR 394 A CYS 395 A PHE 396 A SER 397 A TYR 456 A ARG 457 A ASN 459 A LEU 460 A PRO 461 A VAL 675 A PRO 677
002 |         000007.4670 | 00000003362145.0000 | A PHE 165 A VAL 166 A PRO 169 A ASP 170 A LEU 172 A THR 246 A ARG 249 A THR 252 A SER 255 A HIS 256 A TYR 265 A ILE 266 A LYS 267 A TRP 268 A THR 319 A VAL 320 A PHE 321 A PRO 322 A PRO 323 A ARG 349 A LEU 389 A ASP 390 A LYS 391 A THR 393 A THR 394 A CYS 395 A PHE 396 A SER 397 A ARG 457 A TYR 458 A ASN 459 A LEU 460 A PRO 461 A THR 462 A ASN 628 A VAL 675 A PRO 677 A ASN 791 A VAL 792
003 |         000007.2330 | 00000004990461.5000 | A PRO 169 A ASP 170 A LEU 172 A ARG 173 A THR 246 A ARG 249 A THR 252 A SER 255 A TYR 265 A ILE 266 A LYS 267 A TRP 268 A LEU 316 A THR 319 A VAL 320 A PHE 321 A PRO 322 A PRO 323 A THR 324 A ARG 349 A THR 393 A THR 394 A CYS 395 A PHE 396 A SER 397 A TYR 456 A ARG 457 A ASN 459 A LEU 460 A PRO 461 A VAL 675 A LYS 676 A PRO 677
004 |         000007.0440 | 00000006865616.5000 | A PRO 169 A LEU 172 A ARG 173 A ALA 176 A ASN 177 A GLY 179 A GLU 180 A LEU 245 A THR 246 A ARG 249 A ALA 250 A LEU 251 A THR 252 A SER 255 A HIS 256 A LEU 261 A TYR 265 A ILE 266 A LYS 267 A TRP 268 A LEU 316 A THR 319 A VAL 320 A PHE 321 A PRO 322 A PRO 323 A ARG 349 A THR 394 A CYS 395 A PHE 396 A TYR 456 A ARG 457 A TYR 458 A ASN 459 A LEU 460 A PRO 461 A VAL 675 A PRO 677
005 |         000006.9970 | 00000007432433.0000 | A LEU 172 A ALA 176 A ASN 177 A GLU 180 A THR 246 A ARG 249 A LEU 251 A THR 252 A SER 255 A LEU 261 A TYR 265 A ILE 266 A LYS 267 A TRP 268 A LEU 270 A THR 319 A VAL 320 A PRO 322 A PRO 323 A THR 324 A ARG 349 A LEU 388 A LEU 389 A ASP 390 A LYS 391 A THR 393 A THR 394 A CYS 395 A PHE 396 A SER 397 A TYR 456 A ARG 457 A ASN 459 A LEU 460 A PRO 461 A ASN 628 A PRO 677
006 |         000006.9630 | 00000007871424.5000 | A ASP 161 A TYR 163 A ASP 164 A VAL 166 A GLU 167 A HIS 439 A ASP 452 A TYR 455 A TYR 456 A ARG 457 A TYR 458 A MET 542 A LYS 545 A ILE 548 A SER 549 A ALA 550 A LYS 551 A ARG 553 A ARG 555 A THR 556 A VAL 557 A ALA 558 A ASP 618 A TYR 619 A PRO 620 A LYS 621 A CYS 622 A ASP 623 A ARG 624 A THR 680 A SER 681 A SER 682 A GLY 683 A THR 687 A ALA 688 A ASN 691 A SER 759 A ASP 760 A ASP 761 A PHE 793 A SER 795 A LYS 798 A GLU 811 A CYS 813 A SER 814 A ARG 836
007 |         000006.9580 | 00000007938133.0000 | A ARG 173 A ALA 176 A ASN 177 A GLU 180 A LEU 245 A THR 246 A ARG 249 A LEU 251 A THR 252 A SER 255 A HIS 256 A LEU 261 A TYR 265 A ILE 266 A LYS 267 A TRP 268 A LEU 270 A LEU 316 A THR 319 A PHE 321 A PRO 322 A PRO 323 A ARG 349 A LEU 389 A ASP 390 A THR 393 A THR 394 A CYS 395 A PHE 396 A SER 397 A TYR 456 A ARG 457 A LEU 460 A PRO 461 A VAL 675 A LYS 676 A PRO 677
008 |         000006.7930 | 00000010487331.0000 | A PRO 169 A ASP 170 A LEU 172 A ARG 173 A ALA 176 A ASN 177 A GLY 179 A GLU 180 A ARG 249 A THR 252 A SER 255 A LEU 261 A TYR 265 A ILE 266 A TRP 268 A THR 319 A VAL 320 A PHE 321 A PRO 322 A PRO 323 A ARG 349 A LEU 387 A LEU 388 A LEU 389 A ASP 390 A THR 394 A CYS 395 A PHE 396 A SER 397 A TYR 456 A ARG 457 A ASN 459 A LEU 460 A PRO 461 A ASN 628 A PRO 677
009 |         000006.7850 | 00000010629897.0000 | A LEU 245 A THR 246 A ARG 249 A LEU 251 A THR 252 A SER 255 A TYR 265 A LYS 267 A TRP 268 A LEU 316 A THR 319 A VAL 320 A PHE 321 A PRO 322 A PRO 323 A THR 324 A ARG 349 A LEU 387 A LEU 388 A LEU 389 A ASP 390 A LYS 391 A THR 393 A THR 394 A CYS 395 A PHE 396 A SER 397 A VAL 398 A TYR 456 A ARG 457 A ASN 459 A LEU 460 A PRO 461 A VAL 675 A LYS 676 A PRO 677
010 |         000006.7710 | 00000010884067.0000 | A PRO 169 A LEU 172 A ARG 173 A LEU 245 A THR 246 A ARG 249 A ALA 250 A LEU 251 A THR 252 A SER 255 A TYR 265 A ILE 266 A LYS 267 A TRP 268 A LEU 316 A THR 319 A VAL 320 A PHE 321 A PRO 322 A PRO 323 A ARG 349 A THR 393 A THR 394 A CYS 395 A PHE 396 A SER 397 A TYR 456 A ARG 457 A TYR 458 A ASN 459 A LEU 460 A PRO 461 A VAL 675 A PRO 677
011 |         000006.7450 | 00000011372330.0000 | A PRO 169 A ASP 170 A LEU 172 A ARG 173 A ALA 176 A ASN 177 A THR 246 A ARG 249 A THR 252 A SER 255 A LEU 261 A TYR 265 A SER 318 A THR 319 A VAL 320 A PHE 321 A PRO 322 A PRO 323 A ARG 349 A LEU 387 A LEU 388 A LEU 389 A ASP 390 A LYS 391 A THR 393 A THR 394 A CYS 395 A PHE 396 A SER 397 A ARG 457 A ASN 459 A LEU 460 A PRO 461 A VAL 675 A LYS 676 A PRO 677
012 |         000006.7290 | 00000011683625.0000 | A THR 246 A ARG 249 A LEU 251 A THR 252 A SER 255 A TYR 265 A LYS 267 A TRP 268 A LEU 270 A LEU 316 A SER 318 A THR 319 A VAL 320 A PHE 321 A PRO 322 A PRO 323 A THR 324 A ARG 349 A LEU 389 A ASP 390 A LYS 391 A THR 393 A THR 394 A CYS 395 A PHE 396 A SER 397 A ARG 457 A ASN 459 A LEU 460 A PRO 461 A VAL 675 A LYS 676 A PRO 677
013 |         000006.7100 | 00000012064374.0000 | A ARG 173 A ALA 176 A LEU 245 A THR 246 A ARG 249 A LEU 251 A THR 252 A SER 255 A TYR 265 A ILE 266 A LYS 267 A TRP 268 A LEU 270 A LEU 316 A THR 319 A VAL 320 A PHE 321 A PRO 322 A PRO 323 A THR 324 A ARG 349 A LEU 388 A LEU 389 A ASP 390 A THR 393 A THR 394 A CYS 395 A PHE 396 A SER 397 A TYR 456 A ARG 457 A LEU 460 A PRO 461 A PRO 677
014 |         000006.6920 | 00000012436522.0000 | A ASP 170 A LEU 172 A ARG 173 A ALA 176 A THR 246 A ARG 249 A ALA 250 A LEU 251 A THR 252 A SER 255 A HIS 256 A LEU 261 A TYR 265 A ILE 266 A LYS 267 A TRP 268 A LEU 316 A THR 319 A VAL 320 A PHE 321 A PRO 322 A PRO 323 A ARG 349 A LEU 387 A LEU 388 A LEU 389 A ASP 390 A LYS 391 A ARG 392 A THR 393 A THR 394 A CYS 395 A PHE 396 A SER 397 A TYR 456 A ARG 457 A TYR 458 A ASN 459 A LEU 460 A PRO 461 A THR 462 A PRO 677
015 |         000006.6440 | 00000013486008.0000 | A PRO 169 A ASP 170 A LEU 172 A ARG 173 A ALA 176 A ASN 177 A THR 246 A LEU 247 A ARG 249 A LEU 251 A THR 252 A SER 255 A LEU 261 A TYR 265 A ILE 266 A LYS 267 A TRP 268 A ASP 269 A LEU 270 A THR 319 A VAL 320 A PHE 321 A PRO 322 A PRO 323 A THR 324 A ARG 349 A THR 394 A CYS 395 A PHE 396 A ARG 457 A ASN 459 A LEU 460 A PRO 461 A THR 462 A PRO 677 A ASN 791
016 |         000006.6410 | 00000013554467.0000 | A PRO 169 A ASP 170 A LEU 172 A ARG 173 A ALA 176 A ASN 177 A ARG 249 A THR 252 A SER 255 A LEU 261 A TYR 265 A ILE 266 A LYS 267 A TRP 268 A THR 319 A VAL 320 A PRO 322 A PRO 323 A THR 324 A ARG 349 A LEU 389 A ASP 390 A LYS 391 A THR 393 A THR 394 A CYS 395 A PHE 396 A SER 397 A ARG 457 A ASN 459 A LEU 460 A PRO 461 A VAL 675 A LYS 676 A PRO 677
017 |         000006.6410 | 00000013554467.0000 | A THR 246 A ARG 249 A LEU 251 A THR 252 A SER 255 A TYR 265 A LYS 267 A TRP 268 A LEU 270 A LEU 316 A SER 318 A THR 319 A VAL 320 A PHE 321 A PRO 322 A PRO 323 A THR 324 A ARG 349 A LEU 387 A LEU 388 A LEU 389 A ASP 390 A THR 393 A THR 394 A CYS 395 A PHE 396 A SER 397 A VAL 398 A ARG 457 A ASN 459 A LEU 460 A PRO 461 A VAL 675 A LYS 676 A PRO 677
018 |         000006.5840 | 00000014923270.0000 | A PRO 169 A LEU 172 A ARG 249 A LEU 251 A THR 252 A SER 255 A TYR 265 A LYS 267 A LEU 270 A THR 319 A VAL 320 A PHE 321 A PRO 322 A PRO 323 A THR 324 A ARG 349 A LEU 387 A LEU 388 A LEU 389 A ASP 390 A LYS 391 A THR 393 A THR 394 A CYS 395 A PHE 396 A SER 397 A TYR 456 A ARG 457 A ASN 459 A LEU 460 A PRO 461 A ASN 628 A PRO 677

While the table above lists the best binding energy in each cluster, it is sometimes
helpful to also look at the energy spread [average and standard deviation], the
dissociation constant has been recalculated from the average binding energy:

Clu |Members|Bind.energy spread [kcal/mol]|Dissoc. constant [pM]
----+-------+-----------------------------+---------------------
001 |  002  |    000007.4030+-000000.1220 | 00000003745945.8073
002 |  001  |    000007.4670+-000000.0000 | 00000003362398.8542
003 |  001  |    000007.2330+-000000.0000 | 00000004990828.2668
004 |  001  |    000007.0440+-000000.0000 | 00000006866104.0139
005 |  001  |    000006.9970+-000000.0000 | 00000007432956.2776
006 |  002  |    000006.7930+-000000.1700 | 00000010488052.1116
007 |  001  |    000006.9580+-000000.0000 | 00000007938689.4087
008 |  001  |    000006.7930+-000000.0000 | 00000010488047.8912
009 |  001  |    000006.7850+-000000.0000 | 00000010630629.4043
010 |  001  |    000006.7710+-000000.0000 | 00000010884813.9006
011 |  001  |    000006.7450+-000000.0000 | 00000011373108.0056
012 |  001  |    000006.7290+-000000.0000 | 00000011684418.3390
013 |  001  |    000006.7100+-000000.0000 | 00000012065192.0155
014 |  001  |    000006.6920+-000000.0000 | 00000012437366.3281
015 |  001  |    000006.6440+-000000.0000 | 00000013486913.6928
016 |  001  |    000006.6410+-000000.0000 | 00000013555382.7376
017 |  001  |    000006.6410+-000000.0000 | 00000013555382.7376
018 |  001  |    000006.5840+-000000.0000 | 00000014924261.7009

The results of the 25 runs have been combined in a single scene at C:\Users\Asus\Desktop\L4-Lysine2 docking in cavity 2\dock.sce
The 18 clusters have been saved as:
C:\Users\Asus\Desktop\L4-Lysine2 docking in cavity 2\dock_001.yob
C:\Users\Asus\Desktop\L4-Lysine2 docking in cavity 2\dock_002.yob
C:\Users\Asus\Desktop\L4-Lysine2 docking in cavity 2\dock_003.yob
C:\Users\Asus\Desktop\L4-Lysine2 docking in cavity 2\dock_004.yob
C:\Users\Asus\Desktop\L4-Lysine2 docking in cavity 2\dock_005.yob
C:\Users\Asus\Desktop\L4-Lysine2 docking in cavity 2\dock_006.yob
C:\Users\Asus\Desktop\L4-Lysine2 docking in cavity 2\dock_007.yob
C:\Users\Asus\Desktop\L4-Lysine2 docking in cavity 2\dock_008.yob
C:\Users\Asus\Desktop\L4-Lysine2 docking in cavity 2\dock_009.yob
C:\Users\Asus\Desktop\L4-Lysine2 docking in cavity 2\dock_010.yob
C:\Users\Asus\Desktop\L4-Lysine2 docking in cavity 2\dock_011.yob
C:\Users\Asus\Desktop\L4-Lysine2 docking in cavity 2\dock_012.yob
C:\Users\Asus\Desktop\L4-Lysine2 docking in cavity 2\dock_013.yob
C:\Users\Asus\Desktop\L4-Lysine2 docking in cavity 2\dock_014.yob
C:\Users\Asus\Desktop\L4-Lysine2 docking in cavity 2\dock_015.yob
C:\Users\Asus\Desktop\L4-Lysine2 docking in cavity 2\dock_016.yob
C:\Users\Asus\Desktop\L4-Lysine2 docking in cavity 2\dock_017.yob
C:\Users\Asus\Desktop\L4-Lysine2 docking in cavity 2\dock_018.yob
