Global docking result analysis
==============================

25 VINA docking runs of the ligand object 3 to the receptor object 1 yielded the following results,
sorted by binding energy [more positive energies indicate stronger binding, and negative energies mean no binding]

Run |Bind.energy[kcal/mol]|Dissoc. constant [pM]| Contacting receptor residues
----+---------------------+---------------------+-----------------------------
001 |         000007.5970 | 00000002699760.0000 | A LEU 172 A THR 246 A LEU 247 A ARG 249 A THR 252 A SER 255 A TYR 265 A THR 319 A VAL 320 A PHE 321 A PRO 322 A PRO 323 A ARG 349 A LEU 388 A LEU 389 A ASP 390 A LYS 391 A THR 393 A THR 394 A CYS 395 A PHE 396 A SER 397 A VAL 398 A ARG 457 A ASN 459 A LEU 460 A PRO 461 A VAL 675 A PRO 677
002 |         000007.5970 | 00000002699760.0000 | A LEU 172 A THR 246 A LEU 247 A ARG 249 A THR 252 A SER 255 A TYR 265 A THR 319 A VAL 320 A PHE 321 A PRO 322 A PRO 323 A ARG 349 A LEU 388 A LEU 389 A ASP 390 A LYS 391 A THR 393 A THR 394 A CYS 395 A PHE 396 A SER 397 A VAL 398 A ARG 457 A ASN 459 A LEU 460 A PRO 461 A VAL 675 A PRO 677
003 |         000007.5030 | 00000003163938.7500 | A HIS 439 A TYR 455 A SER 549 A ALA 550 A LYS 551 A ARG 553 A ARG 555 A THR 556 A ASP 618 A TYR 619 A LYS 621 A CYS 622 A ASP 623 A ARG 624 A THR 680 A SER 682 A THR 687 A ALA 688 A ASN 691 A SER 759 A ASP 760 A ASP 761 A CYS 813 A SER 814 A ARG 836
004 |         000007.5030 | 00000003163938.7500 | A HIS 439 A TYR 455 A SER 549 A ALA 550 A LYS 551 A ARG 553 A ARG 555 A THR 556 A ASP 618 A TYR 619 A LYS 621 A CYS 622 A ASP 623 A ARG 624 A THR 680 A SER 682 A THR 687 A ALA 688 A ASN 691 A SER 759 A ASP 760 A ASP 761 A CYS 813 A SER 814 A ARG 836
005 |         000007.2550 | 00000004808554.0000 | A LEU 245 A THR 246 A ARG 249 A ALA 250 A LEU 251 A THR 252 A SER 255 A TYR 265 A ILE 266 A LYS 267 A TRP 268 A VAL 315 A LEU 316 A THR 319 A VAL 320 A PHE 321 A PRO 322 A PRO 323 A ARG 349 A GLU 350 A THR 394 A CYS 395 A PHE 396 A TYR 456 A ARG 457 A TYR 458 A ASN 459 A LEU 460 A PRO 461 A ASN 628 A VAL 675 A PRO 677
006 |         000007.2550 | 00000004808554.0000 | A LEU 245 A THR 246 A ARG 249 A ALA 250 A LEU 251 A THR 252 A SER 255 A TYR 265 A ILE 266 A LYS 267 A TRP 268 A VAL 315 A LEU 316 A THR 319 A VAL 320 A PHE 321 A PRO 322 A PRO 323 A ARG 349 A GLU 350 A THR 394 A CYS 395 A PHE 396 A TYR 456 A ARG 457 A TYR 458 A ASN 459 A LEU 460 A PRO 461 A ASN 628 A VAL 675 A PRO 677
007 |         000007.0470 | 00000006830940.5000 | A PHE 165 A VAL 166 A PRO 169 A LEU 172 A ARG 249 A THR 252 A SER 255 A TYR 265 A TRP 268 A VAL 315 A SER 318 A THR 319 A VAL 320 A PHE 321 A PRO 322 A PRO 323 A ARG 349 A GLU 350 A THR 394 A CYS 395 A PHE 396 A TYR 456 A ARG 457 A TYR 458 A ASN 459 A LEU 460 A PRO 461 A ASN 628 A VAL 675 A PRO 677
008 |         000007.0470 | 00000006830940.5000 | A PHE 165 A VAL 166 A PRO 169 A LEU 172 A ARG 249 A THR 252 A SER 255 A TYR 265 A TRP 268 A VAL 315 A SER 318 A THR 319 A VAL 320 A PHE 321 A PRO 322 A PRO 323 A ARG 349 A GLU 350 A THR 394 A CYS 395 A PHE 396 A TYR 456 A ARG 457 A TYR 458 A ASN 459 A LEU 460 A PRO 461 A ASN 628 A VAL 675 A PRO 677
009 |         000007.0430 | 00000006877214.0000 | A ARG 249 A LEU 251 A THR 252 A SER 255 A HIS 256 A TYR 265 A ILE 266 A LYS 267 A TRP 268 A VAL 315 A SER 318 A THR 319 A VAL 320 A PHE 321 A PRO 322 A PRO 323 A ARG 349 A GLU 350 A LEU 389 A ASP 390 A LYS 391 A THR 393 A THR 394 A CYS 395 A PHE 396 A SER 397 A ASN 459 A LEU 460 A PRO 461 A ASN 628 A PRO 677
010 |         000007.0430 | 00000006877214.0000 | A ARG 249 A LEU 251 A THR 252 A SER 255 A HIS 256 A TYR 265 A ILE 266 A LYS 267 A TRP 268 A VAL 315 A SER 318 A THR 319 A VAL 320 A PHE 321 A PRO 322 A PRO 323 A ARG 349 A GLU 350 A LEU 389 A ASP 390 A LYS 391 A THR 393 A THR 394 A CYS 395 A PHE 396 A SER 397 A ASN 459 A LEU 460 A PRO 461 A ASN 628 A PRO 677
011 |         000007.0210 | 00000007137379.0000 | A VAL 166 A PRO 169 A LEU 172 A LEU 245 A THR 246 A ARG 249 A ALA 250 A LEU 251 A THR 252 A SER 255 A TYR 265 A ILE 266 A LYS 267 A TRP 268 A VAL 315 A LEU 316 A SER 318 A THR 319 A VAL 320 A PHE 321 A PRO 322 A PRO 323 A ARG 349 A GLU 350 A THR 394 A CYS 395 A ARG 457 A TYR 458 A ASN 459 A LEU 460 A PRO 461 A ASN 628 A PRO 677
012 |         000006.9950 | 00000007457564.5000 | A PRO 169 A LEU 172 A ARG 249 A THR 252 A SER 255 A TYR 265 A ILE 266 A LYS 267 A TRP 268 A THR 319 A VAL 320 A PHE 321 A PRO 322 A PRO 323 A ARG 349 A GLU 350 A THR 394 A CYS 395 A PHE 396 A TYR 456 A ARG 457 A ASN 459 A LEU 460 A PRO 461 A ASN 628 A VAL 675 A PRO 677
013 |         000006.9690 | 00000007792113.5000 | A HIS 439 A PHE 441 A TYR 546 A ALA 547 A ILE 548 A SER 549 A ALA 550 A ARG 553 A ARG 555 A TRP 617 A ASP 618 A TYR 619 A CYS 622 A ASP 623 A THR 680 A SER 681 A SER 682 A GLY 683 A ASP 684 A ALA 685 A THR 687 A ALA 688 A ASN 691 A LEU 758 A SER 759 A ASP 760 A ASP 761 A GLU 811 A CYS 813 A SER 814 A ARG 836 A ALA 840 A ASP 845 A ARG 858
014 |         000006.9440 | 00000008127940.5000 | A PHE 165 A VAL 166 A PRO 169 A ASP 170 A LEU 172 A ARG 173 A LEU 245 A THR 246 A ARG 249 A ALA 250 A LEU 251 A THR 252 A SER 255 A TYR 265 A ILE 266 A TRP 268 A LEU 270 A LEU 316 A THR 319 A VAL 320 A PHE 321 A PRO 322 A PRO 323 A THR 324 A ARG 349 A THR 394 A CYS 395 A PHE 396 A ARG 457 A TYR 458 A ASN 459 A LEU 460 A PRO 461 A THR 462 A PRO 677 A ASN 791 A VAL 792
015 |         000006.9230 | 00000008421195.0000 | A PHE 165 A VAL 166 A PRO 169 A LEU 172 A LEU 245 A THR 246 A ARG 249 A ALA 250 A LEU 251 A THR 252 A SER 255 A TYR 265 A ILE 266 A LYS 267 A TRP 268 A LEU 316 A THR 319 A VAL 320 A PHE 321 A PRO 322 A PRO 323 A ARG 349 A THR 394 A CYS 395 A PHE 396 A TYR 456 A ARG 457 A TYR 458 A ASN 459 A LEU 460 A PRO 461 A PRO 677
016 |         000006.9130 | 00000008564535.0000 | A PRO 169 A LEU 172 A LEU 245 A THR 246 A ARG 249 A LEU 251 A THR 252 A SER 255 A TYR 265 A ILE 266 A LYS 267 A TRP 268 A LEU 270 A LEU 316 A THR 319 A VAL 320 A PHE 321 A PRO 322 A PRO 323 A THR 324 A ARG 349 A THR 394 A CYS 395 A PHE 396 A ARG 457 A ASN 459 A LEU 460 A PRO 461 A ASN 628 A PRO 677
017 |         000006.8950 | 00000008828725.0000 | A LEU 172 A ALA 176 A LEU 245 A THR 246 A ARG 249 A ALA 250 A LEU 251 A THR 252 A SER 255 A HIS 256 A LEU 261 A TYR 265 A LEU 316 A THR 319 A PRO 323 A ARG 349 A THR 394 A CYS 395 A PHE 396 A SER 397 A ARG 457 A ASN 459 A LEU 460 A PRO 461 A VAL 675 A LYS 676 A PRO 677
018 |         000006.8660 | 00000009271612.0000 | A LEU 245 A THR 246 A ARG 249 A ALA 250 A LEU 251 A THR 252 A SER 255 A TYR 265 A ILE 266 A LYS 267 A TRP 268 A ASN 314 A VAL 315 A LEU 316 A SER 318 A THR 319 A VAL 320 A PHE 321 A PRO 322 A PRO 323 A THR 324 A ARG 349 A GLU 350 A THR 394 A CYS 395 A PHE 396 A TYR 456 A ARG 457 A ASN 459 A LEU 460 A PRO 461 A THR 462 A ASN 628 A VAL 675 A PRO 677
019 |         000006.8550 | 00000009445357.0000 | A PRO 169 A ASP 170 A LEU 172 A ARG 173 A THR 246 A LEU 247 A ARG 249 A THR 252 A SER 255 A TYR 265 A ILE 266 A LYS 267 A TRP 268 A SER 318 A THR 319 A VAL 320 A PHE 321 A PRO 322 A PRO 323 A PHE 326 A ARG 349 A THR 394 A CYS 395 A PHE 396 A LEU 460 A PRO 461 A THR 462 A VAL 675 A PRO 677 A ASN 791
020 |         000006.8260 | 00000009919177.0000 | A THR 246 A ARG 249 A THR 252 A SER 255 A TYR 265 A LEU 316 A THR 319 A VAL 320 A PHE 321 A PRO 322 A PRO 323 A ARG 349 A LEU 387 A LEU 388 A LEU 389 A ASP 390 A LYS 391 A THR 393 A THR 394 A CYS 395 A PHE 396 A SER 397 A ASN 459 A LEU 460 A PRO 461 A PRO 677
021 |         000006.8210 | 00000010003240.0000 | A PRO 169 A ASP 170 A LEU 172 A ARG 173 A LEU 245 A THR 246 A ARG 249 A ALA 250 A LEU 251 A THR 252 A VAL 315 A LEU 316 A SER 318 A THR 319 A VAL 320 A PRO 323 A ARG 349 A GLU 350 A LEU 389 A ASP 390 A LYS 391 A THR 393 A THR 394 A CYS 395 A PHE 396 A SER 397 A TYR 456 A ARG 457 A TYR 458 A ASN 459 A LEU 460 A PRO 461 A ASN 628 A PRO 677
022 |         000006.7970 | 00000010416767.0000 | A HIS 439 A ASP 452 A TYR 455 A TYR 456 A MET 542 A ALA 547 A ILE 548 A SER 549 A ALA 550 A LYS 551 A ARG 553 A ALA 554 A ARG 555 A THR 556 A ASP 618 A TYR 619 A LYS 621 A CYS 622 A ASP 623 A ARG 624 A LYS 676 A THR 680 A SER 681 A SER 682 A THR 687 A ALA 688 A ASN 691 A SER 759 A ASP 760 A ASP 761 A CYS 813 A SER 814 A ARG 836
023 |         000006.7920 | 00000010505047.0000 | A HIS 439 A LYS 545 A ALA 547 A ILE 548 A SER 549 A ALA 550 A LYS 551 A ARG 553 A ARG 555 A THR 556 A VAL 557 A ASP 618 A TYR 619 A PRO 620 A LYS 621 A CYS 622 A ASP 623 A THR 680 A SER 682 A THR 687 A ASN 691 A SER 759 A ASP 760 A ASP 761 A SER 814 A ARG 836
024 |         000006.7460 | 00000011353152.0000 | A HIS 439 A TYR 455 A ALA 547 A ILE 548 A SER 549 A ALA 550 A LYS 551 A ARG 553 A ARG 555 A THR 556 A TRP 617 A ASP 618 A TYR 619 A PRO 620 A LYS 621 A CYS 622 A ASP 623 A ARG 624 A THR 680 A SER 682 A THR 687 A ALA 688 A ASN 691 A LEU 758 A SER 759 A ASP 760 A ASP 761 A LYS 798 A ARG 836
025 |         000006.6980 | 00000012311215.0000 | A HIS 439 A LYS 500 A ILE 548 A SER 549 A ALA 550 A ARG 553 A ARG 555 A THR 556 A VAL 557 A ALA 558 A TRP 617 A ASP 618 A TYR 619 A LYS 621 A CYS 622 A ASP 623 A ARG 624 A THR 680 A SER 682 A GLY 683 A ASP 684 A ALA 685 A THR 687 A ALA 688 A ASN 691 A SER 759 A ASP 760 A ASP 761 A ALA 762 A CYS 813 A SER 814 A ARG 836

After clustering the 25 runs, the following 19 distinct complex conformations were found:
[They all differ by at least 5.0 A heavy atom RMSD after superposing on the receptor]

Clu |Bind.energy[kcal/mol]|Dissoc. constant [pM]| Contacting receptor residues
----+---------------------+---------------------+-----------------------------
001 |         000007.5970 | 00000002699760.0000 | A LEU 172 A THR 246 A LEU 247 A ARG 249 A THR 252 A SER 255 A TYR 265 A THR 319 A VAL 320 A PHE 321 A PRO 322 A PRO 323 A ARG 349 A LEU 388 A LEU 389 A ASP 390 A LYS 391 A THR 393 A THR 394 A CYS 395 A PHE 396 A SER 397 A VAL 398 A ARG 457 A ASN 459 A LEU 460 A PRO 461 A VAL 675 A PRO 677
002 |         000007.5030 | 00000003163938.7500 | A HIS 439 A TYR 455 A SER 549 A ALA 550 A LYS 551 A ARG 553 A ARG 555 A THR 556 A ASP 618 A TYR 619 A LYS 621 A CYS 622 A ASP 623 A ARG 624 A THR 680 A SER 682 A THR 687 A ALA 688 A ASN 691 A SER 759 A ASP 760 A ASP 761 A CYS 813 A SER 814 A ARG 836
003 |         000007.2550 | 00000004808554.0000 | A LEU 245 A THR 246 A ARG 249 A ALA 250 A LEU 251 A THR 252 A SER 255 A TYR 265 A ILE 266 A LYS 267 A TRP 268 A VAL 315 A LEU 316 A THR 319 A VAL 320 A PHE 321 A PRO 322 A PRO 323 A ARG 349 A GLU 350 A THR 394 A CYS 395 A PHE 396 A TYR 456 A ARG 457 A TYR 458 A ASN 459 A LEU 460 A PRO 461 A ASN 628 A VAL 675 A PRO 677
004 |         000007.0470 | 00000006830940.5000 | A PHE 165 A VAL 166 A PRO 169 A LEU 172 A ARG 249 A THR 252 A SER 255 A TYR 265 A TRP 268 A VAL 315 A SER 318 A THR 319 A VAL 320 A PHE 321 A PRO 322 A PRO 323 A ARG 349 A GLU 350 A THR 394 A CYS 395 A PHE 396 A TYR 456 A ARG 457 A TYR 458 A ASN 459 A LEU 460 A PRO 461 A ASN 628 A VAL 675 A PRO 677
005 |         000007.0430 | 00000006877214.0000 | A ARG 249 A LEU 251 A THR 252 A SER 255 A HIS 256 A TYR 265 A ILE 266 A LYS 267 A TRP 268 A VAL 315 A SER 318 A THR 319 A VAL 320 A PHE 321 A PRO 322 A PRO 323 A ARG 349 A GLU 350 A LEU 389 A ASP 390 A LYS 391 A THR 393 A THR 394 A CYS 395 A PHE 396 A SER 397 A ASN 459 A LEU 460 A PRO 461 A ASN 628 A PRO 677
006 |         000007.0210 | 00000007137379.0000 | A VAL 166 A PRO 169 A LEU 172 A LEU 245 A THR 246 A ARG 249 A ALA 250 A LEU 251 A THR 252 A SER 255 A TYR 265 A ILE 266 A LYS 267 A TRP 268 A VAL 315 A LEU 316 A SER 318 A THR 319 A VAL 320 A PHE 321 A PRO 322 A PRO 323 A ARG 349 A GLU 350 A THR 394 A CYS 395 A ARG 457 A TYR 458 A ASN 459 A LEU 460 A PRO 461 A ASN 628 A PRO 677
007 |         000006.9950 | 00000007457564.5000 | A PRO 169 A LEU 172 A ARG 249 A THR 252 A SER 255 A TYR 265 A ILE 266 A LYS 267 A TRP 268 A THR 319 A VAL 320 A PHE 321 A PRO 322 A PRO 323 A ARG 349 A GLU 350 A THR 394 A CYS 395 A PHE 396 A TYR 456 A ARG 457 A ASN 459 A LEU 460 A PRO 461 A ASN 628 A VAL 675 A PRO 677
008 |         000006.9690 | 00000007792113.5000 | A HIS 439 A PHE 441 A TYR 546 A ALA 547 A ILE 548 A SER 549 A ALA 550 A ARG 553 A ARG 555 A TRP 617 A ASP 618 A TYR 619 A CYS 622 A ASP 623 A THR 680 A SER 681 A SER 682 A GLY 683 A ASP 684 A ALA 685 A THR 687 A ALA 688 A ASN 691 A LEU 758 A SER 759 A ASP 760 A ASP 761 A GLU 811 A CYS 813 A SER 814 A ARG 836 A ALA 840 A ASP 845 A ARG 858
009 |         000006.9440 | 00000008127940.5000 | A PHE 165 A VAL 166 A PRO 169 A ASP 170 A LEU 172 A ARG 173 A LEU 245 A THR 246 A ARG 249 A ALA 250 A LEU 251 A THR 252 A SER 255 A TYR 265 A ILE 266 A TRP 268 A LEU 270 A LEU 316 A THR 319 A VAL 320 A PHE 321 A PRO 322 A PRO 323 A THR 324 A ARG 349 A THR 394 A CYS 395 A PHE 396 A ARG 457 A TYR 458 A ASN 459 A LEU 460 A PRO 461 A THR 462 A PRO 677 A ASN 791 A VAL 792
010 |         000006.9230 | 00000008421195.0000 | A PHE 165 A VAL 166 A PRO 169 A LEU 172 A LEU 245 A THR 246 A ARG 249 A ALA 250 A LEU 251 A THR 252 A SER 255 A TYR 265 A ILE 266 A LYS 267 A TRP 268 A LEU 316 A THR 319 A VAL 320 A PHE 321 A PRO 322 A PRO 323 A ARG 349 A THR 394 A CYS 395 A PHE 396 A TYR 456 A ARG 457 A TYR 458 A ASN 459 A LEU 460 A PRO 461 A PRO 677
011 |         000006.9130 | 00000008564535.0000 | A PRO 169 A LEU 172 A LEU 245 A THR 246 A ARG 249 A LEU 251 A THR 252 A SER 255 A TYR 265 A ILE 266 A LYS 267 A TRP 268 A LEU 270 A LEU 316 A THR 319 A VAL 320 A PHE 321 A PRO 322 A PRO 323 A THR 324 A ARG 349 A THR 394 A CYS 395 A PHE 396 A ARG 457 A ASN 459 A LEU 460 A PRO 461 A ASN 628 A PRO 677
012 |         000006.8950 | 00000008828725.0000 | A LEU 172 A ALA 176 A LEU 245 A THR 246 A ARG 249 A ALA 250 A LEU 251 A THR 252 A SER 255 A HIS 256 A LEU 261 A TYR 265 A LEU 316 A THR 319 A PRO 323 A ARG 349 A THR 394 A CYS 395 A PHE 396 A SER 397 A ARG 457 A ASN 459 A LEU 460 A PRO 461 A VAL 675 A LYS 676 A PRO 677
013 |         000006.8660 | 00000009271612.0000 | A LEU 245 A THR 246 A ARG 249 A ALA 250 A LEU 251 A THR 252 A SER 255 A TYR 265 A ILE 266 A LYS 267 A TRP 268 A ASN 314 A VAL 315 A LEU 316 A SER 318 A THR 319 A VAL 320 A PHE 321 A PRO 322 A PRO 323 A THR 324 A ARG 349 A GLU 350 A THR 394 A CYS 395 A PHE 396 A TYR 456 A ARG 457 A ASN 459 A LEU 460 A PRO 461 A THR 462 A ASN 628 A VAL 675 A PRO 677
014 |         000006.8550 | 00000009445357.0000 | A PRO 169 A ASP 170 A LEU 172 A ARG 173 A THR 246 A LEU 247 A ARG 249 A THR 252 A SER 255 A TYR 265 A ILE 266 A LYS 267 A TRP 268 A SER 318 A THR 319 A VAL 320 A PHE 321 A PRO 322 A PRO 323 A PHE 326 A ARG 349 A THR 394 A CYS 395 A PHE 396 A LEU 460 A PRO 461 A THR 462 A VAL 675 A PRO 677 A ASN 791
015 |         000006.8260 | 00000009919177.0000 | A THR 246 A ARG 249 A THR 252 A SER 255 A TYR 265 A LEU 316 A THR 319 A VAL 320 A PHE 321 A PRO 322 A PRO 323 A ARG 349 A LEU 387 A LEU 388 A LEU 389 A ASP 390 A LYS 391 A THR 393 A THR 394 A CYS 395 A PHE 396 A SER 397 A ASN 459 A LEU 460 A PRO 461 A PRO 677
016 |         000006.8210 | 00000010003240.0000 | A PRO 169 A ASP 170 A LEU 172 A ARG 173 A LEU 245 A THR 246 A ARG 249 A ALA 250 A LEU 251 A THR 252 A VAL 315 A LEU 316 A SER 318 A THR 319 A VAL 320 A PRO 323 A ARG 349 A GLU 350 A LEU 389 A ASP 390 A LYS 391 A THR 393 A THR 394 A CYS 395 A PHE 396 A SER 397 A TYR 456 A ARG 457 A TYR 458 A ASN 459 A LEU 460 A PRO 461 A ASN 628 A PRO 677
017 |         000006.7970 | 00000010416767.0000 | A HIS 439 A ASP 452 A TYR 455 A TYR 456 A MET 542 A ALA 547 A ILE 548 A SER 549 A ALA 550 A LYS 551 A ARG 553 A ALA 554 A ARG 555 A THR 556 A ASP 618 A TYR 619 A LYS 621 A CYS 622 A ASP 623 A ARG 624 A LYS 676 A THR 680 A SER 681 A SER 682 A THR 687 A ALA 688 A ASN 691 A SER 759 A ASP 760 A ASP 761 A CYS 813 A SER 814 A ARG 836
018 |         000006.7920 | 00000010505047.0000 | A HIS 439 A LYS 545 A ALA 547 A ILE 548 A SER 549 A ALA 550 A LYS 551 A ARG 553 A ARG 555 A THR 556 A VAL 557 A ASP 618 A TYR 619 A PRO 620 A LYS 621 A CYS 622 A ASP 623 A THR 680 A SER 682 A THR 687 A ASN 691 A SER 759 A ASP 760 A ASP 761 A SER 814 A ARG 836
019 |         000006.6980 | 00000012311215.0000 | A HIS 439 A LYS 500 A ILE 548 A SER 549 A ALA 550 A ARG 553 A ARG 555 A THR 556 A VAL 557 A ALA 558 A TRP 617 A ASP 618 A TYR 619 A LYS 621 A CYS 622 A ASP 623 A ARG 624 A THR 680 A SER 682 A GLY 683 A ASP 684 A ALA 685 A THR 687 A ALA 688 A ASN 691 A SER 759 A ASP 760 A ASP 761 A ALA 762 A CYS 813 A SER 814 A ARG 836

While the table above lists the best binding energy in each cluster, it is sometimes
helpful to also look at the energy spread [average and standard deviation], the
dissociation constant has been recalculated from the average binding energy:

Clu |Members|Bind.energy spread [kcal/mol]|Dissoc. constant [pM]
----+-------+-----------------------------+---------------------
001 |  001  |    000007.5970+-000000.0000 | 00000002699966.9796
002 |  002  |    000007.1245+-000000.3785 | 00000005993820.1412
003 |  001  |    000007.2550+-000000.0000 | 00000004808905.9085
004 |  001  |    000007.0470+-000000.0000 | 00000006831428.4119
005 |  001  |    000007.0430+-000000.0000 | 00000006877701.6171
006 |  001  |    000007.0210+-000000.0000 | 00000007137887.1399
007 |  001  |    000006.9950+-000000.0000 | 00000007458093.6446
008 |  001  |    000006.9690+-000000.0000 | 00000007792664.6529
009 |  001  |    000006.9440+-000000.0000 | 00000008128514.6049
010 |  001  |    000006.9230+-000000.0000 | 00000008421786.6484
011 |  001  |    000006.9130+-000000.0000 | 00000008565132.9114
012 |  001  |    000006.8950+-000000.0000 | 00000008829341.0939
013 |  001  |    000006.8660+-000000.0000 | 00000009272253.7138
014 |  001  |    000006.8550+-000000.0000 | 00000009446011.7139
015 |  001  |    000006.8260+-000000.0000 | 00000009919858.8279
016 |  001  |    000006.8210+-000000.0000 | 00000010003929.0314
017 |  001  |    000006.7970+-000000.0000 | 00000010417484.2613
018 |  001  |    000006.7920+-000000.0000 | 00000010505771.8102
019 |  001  |    000006.6980+-000000.0000 | 00000012312049.7993

The results of the 25 runs have been combined in a single scene at C:\Users\Hp\Desktop\PNA-CPP-2- PNA-dk2 docking in cavity 2\dock.sce
The 19 clusters have been saved as:
C:\Users\Hp\Desktop\PNA-CPP-2- PNA-dk2 docking in cavity 2\dock_001.yob
C:\Users\Hp\Desktop\PNA-CPP-2- PNA-dk2 docking in cavity 2\dock_002.yob
C:\Users\Hp\Desktop\PNA-CPP-2- PNA-dk2 docking in cavity 2\dock_003.yob
C:\Users\Hp\Desktop\PNA-CPP-2- PNA-dk2 docking in cavity 2\dock_004.yob
C:\Users\Hp\Desktop\PNA-CPP-2- PNA-dk2 docking in cavity 2\dock_005.yob
C:\Users\Hp\Desktop\PNA-CPP-2- PNA-dk2 docking in cavity 2\dock_006.yob
C:\Users\Hp\Desktop\PNA-CPP-2- PNA-dk2 docking in cavity 2\dock_007.yob
C:\Users\Hp\Desktop\PNA-CPP-2- PNA-dk2 docking in cavity 2\dock_008.yob
C:\Users\Hp\Desktop\PNA-CPP-2- PNA-dk2 docking in cavity 2\dock_009.yob
C:\Users\Hp\Desktop\PNA-CPP-2- PNA-dk2 docking in cavity 2\dock_010.yob
C:\Users\Hp\Desktop\PNA-CPP-2- PNA-dk2 docking in cavity 2\dock_011.yob
C:\Users\Hp\Desktop\PNA-CPP-2- PNA-dk2 docking in cavity 2\dock_012.yob
C:\Users\Hp\Desktop\PNA-CPP-2- PNA-dk2 docking in cavity 2\dock_013.yob
C:\Users\Hp\Desktop\PNA-CPP-2- PNA-dk2 docking in cavity 2\dock_014.yob
C:\Users\Hp\Desktop\PNA-CPP-2- PNA-dk2 docking in cavity 2\dock_015.yob
C:\Users\Hp\Desktop\PNA-CPP-2- PNA-dk2 docking in cavity 2\dock_016.yob
C:\Users\Hp\Desktop\PNA-CPP-2- PNA-dk2 docking in cavity 2\dock_017.yob
C:\Users\Hp\Desktop\PNA-CPP-2- PNA-dk2 docking in cavity 2\dock_018.yob
C:\Users\Hp\Desktop\PNA-CPP-2- PNA-dk2 docking in cavity 2\dock_019.yob
