Global docking result analysis
==============================

25 VINA docking runs of the ligand object 3 to the receptor object 1 yielded the following results,
sorted by binding energy [more positive energies indicate stronger binding, and negative energies mean no binding]

Run |Bind.energy[kcal/mol]|Dissoc. constant [pM]| Contacting receptor residues
----+---------------------+---------------------+-----------------------------
001 |         000007.7910 | 00000001945903.3750 | A ASP 170 A LEU 172 A ARG 173 A ALA 176 A ASN 177 A LEU 245 A THR 246 A ARG 249 A THR 252 A SER 255 A TYR 265 A ILE 266 A LYS 267 A TRP 268 A LEU 270 A LEU 316 A SER 318 A THR 319 A PHE 321 A PRO 322 A PRO 323 A THR 324 A ARG 349 A LEU 388 A LEU 389 A ASP 390 A LYS 391 A THR 393 A THR 394 A CYS 395 A PHE 396 A SER 397 A LEU 460 A PRO 461 A VAL 675 A PRO 677
002 |         000007.7910 | 00000001945903.3750 | A ASP 170 A LEU 172 A ARG 173 A ALA 176 A ASN 177 A LEU 245 A THR 246 A ARG 249 A THR 252 A SER 255 A TYR 265 A ILE 266 A LYS 267 A TRP 268 A LEU 270 A LEU 316 A SER 318 A THR 319 A PHE 321 A PRO 322 A PRO 323 A THR 324 A ARG 349 A LEU 388 A LEU 389 A ASP 390 A LYS 391 A THR 393 A THR 394 A CYS 395 A PHE 396 A SER 397 A LEU 460 A PRO 461 A VAL 675 A PRO 677
003 |         000007.5250 | 00000003048610.0000 | A PRO 169 A ASP 170 A LEU 172 A ARG 173 A ASN 177 A THR 246 A ARG 249 A ALA 250 A LEU 251 A THR 252 A SER 255 A LEU 261 A TYR 265 A ILE 266 A LYS 267 A TRP 268 A LEU 316 A SER 318 A THR 319 A VAL 320 A PHE 321 A PRO 322 A PRO 323 A PHE 326 A ARG 349 A LEU 389 A ASP 390 A LYS 391 A THR 393 A THR 394 A CYS 395 A PHE 396 A SER 397 A TYR 456 A ARG 457 A ASN 459 A LEU 460 A PRO 461 A PRO 677
004 |         000007.5250 | 00000003048610.0000 | A PRO 169 A ASP 170 A LEU 172 A ARG 173 A ASN 177 A THR 246 A ARG 249 A ALA 250 A LEU 251 A THR 252 A SER 255 A LEU 261 A TYR 265 A ILE 266 A LYS 267 A TRP 268 A LEU 316 A SER 318 A THR 319 A VAL 320 A PHE 321 A PRO 322 A PRO 323 A PHE 326 A ARG 349 A LEU 389 A ASP 390 A LYS 391 A THR 393 A THR 394 A CYS 395 A PHE 396 A SER 397 A TYR 456 A ARG 457 A ASN 459 A LEU 460 A PRO 461 A PRO 677
005 |         000007.4960 | 00000003201541.5000 | A PRO 169 A ASP 170 A LEU 172 A ARG 173 A LEU 245 A THR 246 A LEU 247 A ARG 249 A ALA 250 A LEU 251 A THR 252 A SER 255 A TYR 265 A LYS 267 A TRP 268 A LEU 270 A VAL 315 A LEU 316 A THR 319 A VAL 320 A PHE 321 A PRO 322 A PRO 323 A THR 324 A ARG 349 A LEU 388 A LEU 389 A ASP 390 A LYS 391 A THR 393 A THR 394 A CYS 395 A PHE 396 A SER 397 A ARG 457 A ASN 459 A LEU 460 A PRO 461 A THR 462 A ASN 628 A PRO 677 A ASN 791
006 |         000007.4960 | 00000003201541.5000 | A PRO 169 A ASP 170 A LEU 172 A ARG 173 A LEU 245 A THR 246 A LEU 247 A ARG 249 A ALA 250 A LEU 251 A THR 252 A SER 255 A TYR 265 A LYS 267 A TRP 268 A LEU 270 A VAL 315 A LEU 316 A THR 319 A VAL 320 A PHE 321 A PRO 322 A PRO 323 A THR 324 A ARG 349 A LEU 388 A LEU 389 A ASP 390 A LYS 391 A THR 393 A THR 394 A CYS 395 A PHE 396 A SER 397 A ARG 457 A ASN 459 A LEU 460 A PRO 461 A THR 462 A ASN 628 A PRO 677 A ASN 791
007 |         000007.4680 | 00000003356475.0000 | A LEU 245 A THR 246 A ARG 249 A ALA 250 A LEU 251 A THR 252 A SER 255 A TYR 265 A ILE 266 A LYS 267 A TRP 268 A LEU 270 A ASN 314 A VAL 315 A LEU 316 A SER 318 A THR 319 A VAL 320 A PHE 321 A PRO 322 A PRO 323 A THR 324 A PHE 326 A GLY 327 A PRO 328 A VAL 330 A SER 343 A ARG 349 A GLU 350 A PRO 378 A ALA 379 A ALA 382 A GLY 385 A ASN 386 A LEU 387 A LEU 388 A LEU 389 A ASP 390 A THR 393 A THR 394 A CYS 395 A PHE 396 A SER 397 A VAL 398 A ALA 399 A ASN 459 A LEU 460 A PRO 461 A THR 462 A ASN 628 A MET 666 A PRO 677
008 |         000007.4680 | 00000003356475.0000 | A LEU 245 A THR 246 A ARG 249 A ALA 250 A LEU 251 A THR 252 A SER 255 A TYR 265 A ILE 266 A LYS 267 A TRP 268 A LEU 270 A ASN 314 A VAL 315 A LEU 316 A SER 318 A THR 319 A VAL 320 A PHE 321 A PRO 322 A PRO 323 A THR 324 A PHE 326 A GLY 327 A PRO 328 A VAL 330 A SER 343 A ARG 349 A GLU 350 A PRO 378 A ALA 379 A ALA 382 A GLY 385 A ASN 386 A LEU 387 A LEU 388 A LEU 389 A ASP 390 A THR 393 A THR 394 A CYS 395 A PHE 396 A SER 397 A VAL 398 A ALA 399 A ASN 459 A LEU 460 A PRO 461 A THR 462 A ASN 628 A MET 666 A PRO 677
009 |         000007.4370 | 00000003536769.2500 | A LEU 245 A THR 246 A ARG 249 A ALA 250 A LEU 251 A THR 252 A SER 255 A TYR 265 A ILE 266 A TRP 268 A LEU 270 A VAL 315 A LEU 316 A SER 318 A THR 319 A VAL 320 A PHE 321 A PRO 322 A PRO 323 A THR 324 A ARG 349 A GLU 350 A LEU 387 A LEU 388 A LEU 389 A ASP 390 A LYS 391 A THR 393 A THR 394 A CYS 395 A PHE 396 A SER 397 A VAL 398 A TYR 456 A ARG 457 A ASN 459 A LEU 460 A PRO 461 A THR 462 A ASN 628 A VAL 675 A PRO 677
010 |         000007.4370 | 00000003536769.2500 | A LEU 245 A THR 246 A ARG 249 A ALA 250 A LEU 251 A THR 252 A SER 255 A TYR 265 A ILE 266 A TRP 268 A LEU 270 A VAL 315 A LEU 316 A SER 318 A THR 319 A VAL 320 A PHE 321 A PRO 322 A PRO 323 A THR 324 A ARG 349 A GLU 350 A LEU 387 A LEU 388 A LEU 389 A ASP 390 A LYS 391 A THR 393 A THR 394 A CYS 395 A PHE 396 A SER 397 A VAL 398 A TYR 456 A ARG 457 A ASN 459 A LEU 460 A PRO 461 A THR 462 A ASN 628 A VAL 675 A PRO 677
011 |         000007.4050 | 00000003733043.2500 | A ARG 173 A ALA 176 A ASN 177 A GLU 180 A LEU 245 A THR 246 A ARG 249 A ALA 250 A LEU 251 A THR 252 A SER 255 A HIS 256 A LEU 261 A TYR 265 A ILE 266 A LYS 267 A TRP 268 A LEU 316 A THR 319 A VAL 320 A PHE 321 A PRO 322 A PRO 323 A PHE 326 A GLY 327 A TYR 346 A HIS 347 A PHE 348 A ARG 349 A THR 394 A CYS 395 A PHE 396 A TYR 456 A ARG 457 A ASN 459 A LEU 460 A PRO 461 A ASN 628 A SER 664 A VAL 675 A LYS 676 A PRO 677
012 |         000007.3640 | 00000004000519.7500 | A PRO 169 A ASP 170 A LEU 172 A ARG 173 A ALA 176 A ARG 249 A THR 252 A SER 255 A HIS 256 A LEU 261 A TYR 265 A TRP 268 A THR 319 A VAL 320 A PHE 321 A PRO 322 A PRO 323 A ARG 349 A LEU 389 A ASP 390 A LYS 391 A THR 393 A THR 394 A CYS 395 A PHE 396 A SER 397 A TYR 456 A ARG 457 A ASN 459 A LEU 460 A PRO 461 A THR 462 A ASN 628 A VAL 675 A LYS 676 A PRO 677
013 |         000007.3570 | 00000004048065.2500 | A PRO 169 A ASP 170 A LEU 172 A ARG 173 A THR 246 A ARG 249 A LEU 251 A THR 252 A SER 255 A TYR 265 A ILE 266 A LYS 267 A TRP 268 A VAL 315 A SER 318 A THR 319 A VAL 320 A PHE 321 A PRO 322 A PRO 323 A ARG 349 A GLU 350 A ASP 390 A THR 393 A THR 394 A CYS 395 A PHE 396 A SER 397 A TYR 456 A ARG 457 A ASN 459 A LEU 460 A PRO 461 A THR 462 A ASN 628 A VAL 675 A PRO 677
014 |         000007.3530 | 00000004075487.2500 | A PRO 169 A ASP 170 A LEU 172 A ARG 173 A ALA 176 A ASN 177 A LEU 245 A THR 246 A ARG 249 A LEU 251 A THR 252 A SER 255 A TYR 265 A TRP 268 A LEU 270 A LEU 316 A THR 319 A VAL 320 A PHE 321 A PRO 322 A PRO 323 A THR 324 A ARG 349 A LEU 388 A LEU 389 A ASP 390 A THR 393 A THR 394 A CYS 395 A PHE 396 A SER 397 A TYR 456 A ARG 457 A TYR 458 A ASN 459 A LEU 460 A PRO 461 A ASN 628 A VAL 675 A LYS 676 A PRO 677
015 |         000007.3520 | 00000004082371.7500 | A PRO 169 A ASP 170 A LEU 172 A ARG 173 A ALA 176 A LEU 245 A THR 246 A ARG 249 A ALA 250 A LEU 251 A THR 252 A SER 255 A LEU 261 A TYR 265 A ILE 266 A LYS 267 A TRP 268 A LEU 316 A THR 319 A VAL 320 A PRO 322 A PRO 323 A ARG 349 A LEU 387 A LEU 388 A LEU 389 A ASP 390 A THR 393 A THR 394 A CYS 395 A PHE 396 A SER 397 A ARG 457 A ASN 459 A LEU 460 A PRO 461 A VAL 675 A LYS 676 A PRO 677
016 |         000007.3420 | 00000004151859.5000 | A LEU 172 A ALA 176 A PRO 243 A ILE 244 A LEU 245 A THR 246 A LEU 247 A ARG 249 A ALA 250 A LEU 251 A THR 252 A SER 255 A TYR 265 A ILE 266 A LYS 267 A TRP 268 A LEU 270 A LEU 316 A THR 319 A PHE 321 A PRO 322 A PRO 323 A ARG 349 A ASP 390 A THR 393 A THR 394 A CYS 395 A PHE 396 A SER 397 A TYR 456 A ARG 457 A ASN 459 A LEU 460 A PRO 461 A THR 462 A MET 463 A PRO 677 A TYR 788 A ASN 791
017 |         000007.3300 | 00000004236808.0000 | A PRO 169 A ASP 170 A LEU 172 A ARG 173 A ARG 249 A THR 252 A SER 255 A HIS 256 A TYR 265 A ILE 266 A LYS 267 A TRP 268 A VAL 315 A SER 318 A THR 319 A VAL 320 A PHE 321 A PRO 322 A PRO 323 A ARG 349 A GLU 350 A THR 394 A CYS 395 A PHE 396 A TYR 456 A ARG 457 A ASN 459 A LEU 460 A PRO 461 A ASN 628 A PRO 677
018 |         000007.3250 | 00000004272714.0000 | A PRO 169 A ASP 170 A LEU 172 A ARG 173 A THR 246 A ARG 249 A THR 252 A SER 255 A TYR 265 A ILE 266 A LYS 267 A TRP 268 A THR 319 A VAL 320 A PHE 321 A PRO 322 A PRO 323 A THR 324 A ARG 349 A LEU 389 A ASP 390 A THR 393 A THR 394 A CYS 395 A PHE 396 A SER 397 A TYR 456 A ARG 457 A TYR 458 A ASN 459 A LEU 460 A PRO 461 A VAL 675 A PRO 677
019 |         000007.3130 | 00000004360135.0000 | A PRO 169 A ASP 170 A LEU 172 A ARG 173 A THR 246 A ARG 249 A LEU 251 A THR 252 A SER 255 A HIS 256 A LEU 261 A TYR 265 A ILE 266 A TRP 268 A ASN 314 A VAL 315 A SER 318 A THR 319 A VAL 320 A PHE 321 A PRO 322 A PRO 323 A ARG 349 A GLU 350 A THR 394 A CYS 395 A PHE 396 A TYR 456 A ARG 457 A ASN 459 A LEU 460 A PRO 461 A THR 462 A ASN 628 A PRO 677
020 |         000007.3080 | 00000004397086.0000 | A PRO 169 A ASP 170 A LEU 172 A ARG 173 A THR 246 A ARG 249 A LEU 251 A THR 252 A SER 255 A TYR 265 A ILE 266 A LYS 267 A TRP 268 A LEU 270 A VAL 315 A SER 318 A THR 319 A VAL 320 A PHE 321 A PRO 322 A PRO 323 A THR 324 A PHE 326 A ARG 349 A GLU 350 A ASP 390 A THR 393 A THR 394 A CYS 395 A PHE 396 A SER 397 A TYR 456 A ARG 457 A ASN 459 A LEU 460 A PRO 461 A THR 462 A ASN 628 A VAL 675 A PRO 677
021 |         000007.2530 | 00000004824813.0000 | A PRO 169 A ASP 170 A LEU 172 A ARG 173 A THR 246 A ARG 249 A ALA 250 A LEU 251 A THR 252 A SER 255 A TYR 265 A ILE 266 A TRP 268 A LEU 316 A SER 318 A THR 319 A VAL 320 A PHE 321 A PRO 322 A PRO 323 A PHE 326 A GLY 327 A PRO 328 A TYR 346 A HIS 347 A PHE 348 A ARG 349 A LYS 391 A THR 393 A THR 394 A CYS 395 A PHE 396 A SER 397 A ARG 457 A ASN 459 A LEU 460 A PRO 461 A ASN 628 A SER 664 A VAL 675 A LYS 676 A PRO 677
022 |         000007.1950 | 00000005321022.0000 | A PRO 169 A ASP 170 A LEU 172 A ARG 173 A ALA 176 A ASN 177 A LEU 245 A THR 246 A ARG 249 A ALA 250 A LEU 251 A THR 252 A ALA 253 A SER 255 A HIS 256 A LEU 261 A TYR 265 A LYS 267 A LEU 316 A THR 319 A VAL 320 A PHE 321 A PRO 322 A PRO 323 A ARG 349 A THR 394 A CYS 395 A PHE 396 A TYR 456 A ARG 457 A TYR 458 A ASN 459 A LEU 460 A PRO 461 A THR 462 A PRO 677
023 |         000007.1820 | 00000005439064.5000 | A PRO 169 A ASP 170 A LEU 172 A ARG 173 A ARG 249 A THR 252 A SER 255 A TYR 265 A ILE 266 A LYS 267 A TRP 268 A VAL 315 A SER 318 A THR 319 A VAL 320 A PHE 321 A PRO 322 A PRO 323 A PHE 326 A ARG 349 A GLU 350 A LEU 389 A ASP 390 A THR 393 A THR 394 A CYS 395 A PHE 396 A SER 397 A TYR 456 A ARG 457 A TYR 458 A ASN 459 A LEU 460 A PRO 461 A ASN 628 A VAL 675 A PRO 677
024 |         000007.1250 | 00000005988330.5000 | A PRO 169 A ASP 170 A LEU 172 A ARG 173 A ALA 176 A ASN 177 A ARG 249 A LEU 251 A THR 252 A SER 255 A TYR 265 A ILE 266 A LYS 267 A TRP 268 A SER 318 A THR 319 A VAL 320 A PHE 321 A PRO 322 A PRO 323 A PHE 326 A ARG 349 A THR 394 A CYS 395 A PHE 396 A TYR 456 A ARG 457 A TYR 458 A ASN 459 A LEU 460 A PRO 461 A VAL 675 A LYS 676 A PRO 677
025 |         000007.1170 | 00000006069736.5000 | A PRO 169 A ASP 170 A LEU 172 A ARG 173 A ALA 176 A ARG 249 A THR 252 A SER 255 A HIS 256 A LEU 261 A TYR 265 A ILE 266 A LYS 267 A TRP 268 A SER 318 A THR 319 A VAL 320 A PHE 321 A PRO 322 A PRO 323 A ARG 349 A LEU 389 A ASP 390 A LYS 391 A THR 393 A THR 394 A CYS 395 A PHE 396 A SER 397 A TYR 456 A ARG 457 A TYR 458 A ASN 459 A LEU 460 A PRO 461 A VAL 675 A PRO 677

After clustering the 25 runs, the following 18 distinct complex conformations were found:
[They all differ by at least 5.0 A heavy atom RMSD after superposing on the receptor]

Clu |Bind.energy[kcal/mol]|Dissoc. constant [pM]| Contacting receptor residues
----+---------------------+---------------------+-----------------------------
001 |         000007.7910 | 00000001945903.3750 | A ASP 170 A LEU 172 A ARG 173 A ALA 176 A ASN 177 A LEU 245 A THR 246 A ARG 249 A THR 252 A SER 255 A TYR 265 A ILE 266 A LYS 267 A TRP 268 A LEU 270 A LEU 316 A SER 318 A THR 319 A PHE 321 A PRO 322 A PRO 323 A THR 324 A ARG 349 A LEU 388 A LEU 389 A ASP 390 A LYS 391 A THR 393 A THR 394 A CYS 395 A PHE 396 A SER 397 A LEU 460 A PRO 461 A VAL 675 A PRO 677
002 |         000007.5250 | 00000003048610.0000 | A PRO 169 A ASP 170 A LEU 172 A ARG 173 A ASN 177 A THR 246 A ARG 249 A ALA 250 A LEU 251 A THR 252 A SER 255 A LEU 261 A TYR 265 A ILE 266 A LYS 267 A TRP 268 A LEU 316 A SER 318 A THR 319 A VAL 320 A PHE 321 A PRO 322 A PRO 323 A PHE 326 A ARG 349 A LEU 389 A ASP 390 A LYS 391 A THR 393 A THR 394 A CYS 395 A PHE 396 A SER 397 A TYR 456 A ARG 457 A ASN 459 A LEU 460 A PRO 461 A PRO 677
003 |         000007.4960 | 00000003201541.5000 | A PRO 169 A ASP 170 A LEU 172 A ARG 173 A LEU 245 A THR 246 A LEU 247 A ARG 249 A ALA 250 A LEU 251 A THR 252 A SER 255 A TYR 265 A LYS 267 A TRP 268 A LEU 270 A VAL 315 A LEU 316 A THR 319 A VAL 320 A PHE 321 A PRO 322 A PRO 323 A THR 324 A ARG 349 A LEU 388 A LEU 389 A ASP 390 A LYS 391 A THR 393 A THR 394 A CYS 395 A PHE 396 A SER 397 A ARG 457 A ASN 459 A LEU 460 A PRO 461 A THR 462 A ASN 628 A PRO 677 A ASN 791
004 |         000007.4680 | 00000003356475.0000 | A LEU 245 A THR 246 A ARG 249 A ALA 250 A LEU 251 A THR 252 A SER 255 A TYR 265 A ILE 266 A LYS 267 A TRP 268 A LEU 270 A ASN 314 A VAL 315 A LEU 316 A SER 318 A THR 319 A VAL 320 A PHE 321 A PRO 322 A PRO 323 A THR 324 A PHE 326 A GLY 327 A PRO 328 A VAL 330 A SER 343 A ARG 349 A GLU 350 A PRO 378 A ALA 379 A ALA 382 A GLY 385 A ASN 386 A LEU 387 A LEU 388 A LEU 389 A ASP 390 A THR 393 A THR 394 A CYS 395 A PHE 396 A SER 397 A VAL 398 A ALA 399 A ASN 459 A LEU 460 A PRO 461 A THR 462 A ASN 628 A MET 666 A PRO 677
005 |         000007.4370 | 00000003536769.2500 | A LEU 245 A THR 246 A ARG 249 A ALA 250 A LEU 251 A THR 252 A SER 255 A TYR 265 A ILE 266 A TRP 268 A LEU 270 A VAL 315 A LEU 316 A SER 318 A THR 319 A VAL 320 A PHE 321 A PRO 322 A PRO 323 A THR 324 A ARG 349 A GLU 350 A LEU 387 A LEU 388 A LEU 389 A ASP 390 A LYS 391 A THR 393 A THR 394 A CYS 395 A PHE 396 A SER 397 A VAL 398 A TYR 456 A ARG 457 A ASN 459 A LEU 460 A PRO 461 A THR 462 A ASN 628 A VAL 675 A PRO 677
006 |         000007.4050 | 00000003733043.2500 | A ARG 173 A ALA 176 A ASN 177 A GLU 180 A LEU 245 A THR 246 A ARG 249 A ALA 250 A LEU 251 A THR 252 A SER 255 A HIS 256 A LEU 261 A TYR 265 A ILE 266 A LYS 267 A TRP 268 A LEU 316 A THR 319 A VAL 320 A PHE 321 A PRO 322 A PRO 323 A PHE 326 A GLY 327 A TYR 346 A HIS 347 A PHE 348 A ARG 349 A THR 394 A CYS 395 A PHE 396 A TYR 456 A ARG 457 A ASN 459 A LEU 460 A PRO 461 A ASN 628 A SER 664 A VAL 675 A LYS 676 A PRO 677
007 |         000007.3640 | 00000004000519.7500 | A PRO 169 A ASP 170 A LEU 172 A ARG 173 A ALA 176 A ARG 249 A THR 252 A SER 255 A HIS 256 A LEU 261 A TYR 265 A TRP 268 A THR 319 A VAL 320 A PHE 321 A PRO 322 A PRO 323 A ARG 349 A LEU 389 A ASP 390 A LYS 391 A THR 393 A THR 394 A CYS 395 A PHE 396 A SER 397 A TYR 456 A ARG 457 A ASN 459 A LEU 460 A PRO 461 A THR 462 A ASN 628 A VAL 675 A LYS 676 A PRO 677
008 |         000007.3570 | 00000004048065.2500 | A PRO 169 A ASP 170 A LEU 172 A ARG 173 A THR 246 A ARG 249 A LEU 251 A THR 252 A SER 255 A TYR 265 A ILE 266 A LYS 267 A TRP 268 A VAL 315 A SER 318 A THR 319 A VAL 320 A PHE 321 A PRO 322 A PRO 323 A ARG 349 A GLU 350 A ASP 390 A THR 393 A THR 394 A CYS 395 A PHE 396 A SER 397 A TYR 456 A ARG 457 A ASN 459 A LEU 460 A PRO 461 A THR 462 A ASN 628 A VAL 675 A PRO 677
009 |         000007.3530 | 00000004075487.2500 | A PRO 169 A ASP 170 A LEU 172 A ARG 173 A ALA 176 A ASN 177 A LEU 245 A THR 246 A ARG 249 A LEU 251 A THR 252 A SER 255 A TYR 265 A TRP 268 A LEU 270 A LEU 316 A THR 319 A VAL 320 A PHE 321 A PRO 322 A PRO 323 A THR 324 A ARG 349 A LEU 388 A LEU 389 A ASP 390 A THR 393 A THR 394 A CYS 395 A PHE 396 A SER 397 A TYR 456 A ARG 457 A TYR 458 A ASN 459 A LEU 460 A PRO 461 A ASN 628 A VAL 675 A LYS 676 A PRO 677
010 |         000007.3420 | 00000004151859.5000 | A LEU 172 A ALA 176 A PRO 243 A ILE 244 A LEU 245 A THR 246 A LEU 247 A ARG 249 A ALA 250 A LEU 251 A THR 252 A SER 255 A TYR 265 A ILE 266 A LYS 267 A TRP 268 A LEU 270 A LEU 316 A THR 319 A PHE 321 A PRO 322 A PRO 323 A ARG 349 A ASP 390 A THR 393 A THR 394 A CYS 395 A PHE 396 A SER 397 A TYR 456 A ARG 457 A ASN 459 A LEU 460 A PRO 461 A THR 462 A MET 463 A PRO 677 A TYR 788 A ASN 791
011 |         000007.3300 | 00000004236808.0000 | A PRO 169 A ASP 170 A LEU 172 A ARG 173 A ARG 249 A THR 252 A SER 255 A HIS 256 A TYR 265 A ILE 266 A LYS 267 A TRP 268 A VAL 315 A SER 318 A THR 319 A VAL 320 A PHE 321 A PRO 322 A PRO 323 A ARG 349 A GLU 350 A THR 394 A CYS 395 A PHE 396 A TYR 456 A ARG 457 A ASN 459 A LEU 460 A PRO 461 A ASN 628 A PRO 677
012 |         000007.3250 | 00000004272714.0000 | A PRO 169 A ASP 170 A LEU 172 A ARG 173 A THR 246 A ARG 249 A THR 252 A SER 255 A TYR 265 A ILE 266 A LYS 267 A TRP 268 A THR 319 A VAL 320 A PHE 321 A PRO 322 A PRO 323 A THR 324 A ARG 349 A LEU 389 A ASP 390 A THR 393 A THR 394 A CYS 395 A PHE 396 A SER 397 A TYR 456 A ARG 457 A TYR 458 A ASN 459 A LEU 460 A PRO 461 A VAL 675 A PRO 677
013 |         000007.3130 | 00000004360135.0000 | A PRO 169 A ASP 170 A LEU 172 A ARG 173 A THR 246 A ARG 249 A LEU 251 A THR 252 A SER 255 A HIS 256 A LEU 261 A TYR 265 A ILE 266 A TRP 268 A ASN 314 A VAL 315 A SER 318 A THR 319 A VAL 320 A PHE 321 A PRO 322 A PRO 323 A ARG 349 A GLU 350 A THR 394 A CYS 395 A PHE 396 A TYR 456 A ARG 457 A ASN 459 A LEU 460 A PRO 461 A THR 462 A ASN 628 A PRO 677
014 |         000007.2530 | 00000004824813.0000 | A PRO 169 A ASP 170 A LEU 172 A ARG 173 A THR 246 A ARG 249 A ALA 250 A LEU 251 A THR 252 A SER 255 A TYR 265 A ILE 266 A TRP 268 A LEU 316 A SER 318 A THR 319 A VAL 320 A PHE 321 A PRO 322 A PRO 323 A PHE 326 A GLY 327 A PRO 328 A TYR 346 A HIS 347 A PHE 348 A ARG 349 A LYS 391 A THR 393 A THR 394 A CYS 395 A PHE 396 A SER 397 A ARG 457 A ASN 459 A LEU 460 A PRO 461 A ASN 628 A SER 664 A VAL 675 A LYS 676 A PRO 677
015 |         000007.1950 | 00000005321022.0000 | A PRO 169 A ASP 170 A LEU 172 A ARG 173 A ALA 176 A ASN 177 A LEU 245 A THR 246 A ARG 249 A ALA 250 A LEU 251 A THR 252 A ALA 253 A SER 255 A HIS 256 A LEU 261 A TYR 265 A LYS 267 A LEU 316 A THR 319 A VAL 320 A PHE 321 A PRO 322 A PRO 323 A ARG 349 A THR 394 A CYS 395 A PHE 396 A TYR 456 A ARG 457 A TYR 458 A ASN 459 A LEU 460 A PRO 461 A THR 462 A PRO 677
016 |         000007.1820 | 00000005439064.5000 | A PRO 169 A ASP 170 A LEU 172 A ARG 173 A ARG 249 A THR 252 A SER 255 A TYR 265 A ILE 266 A LYS 267 A TRP 268 A VAL 315 A SER 318 A THR 319 A VAL 320 A PHE 321 A PRO 322 A PRO 323 A PHE 326 A ARG 349 A GLU 350 A LEU 389 A ASP 390 A THR 393 A THR 394 A CYS 395 A PHE 396 A SER 397 A TYR 456 A ARG 457 A TYR 458 A ASN 459 A LEU 460 A PRO 461 A ASN 628 A VAL 675 A PRO 677
017 |         000007.1250 | 00000005988330.5000 | A PRO 169 A ASP 170 A LEU 172 A ARG 173 A ALA 176 A ASN 177 A ARG 249 A LEU 251 A THR 252 A SER 255 A TYR 265 A ILE 266 A LYS 267 A TRP 268 A SER 318 A THR 319 A VAL 320 A PHE 321 A PRO 322 A PRO 323 A PHE 326 A ARG 349 A THR 394 A CYS 395 A PHE 396 A TYR 456 A ARG 457 A TYR 458 A ASN 459 A LEU 460 A PRO 461 A VAL 675 A LYS 676 A PRO 677
018 |         000007.1170 | 00000006069736.5000 | A PRO 169 A ASP 170 A LEU 172 A ARG 173 A ALA 176 A ARG 249 A THR 252 A SER 255 A HIS 256 A LEU 261 A TYR 265 A ILE 266 A LYS 267 A TRP 268 A SER 318 A THR 319 A VAL 320 A PHE 321 A PRO 322 A PRO 323 A ARG 349 A LEU 389 A ASP 390 A LYS 391 A THR 393 A THR 394 A CYS 395 A PHE 396 A SER 397 A TYR 456 A ARG 457 A TYR 458 A ASN 459 A LEU 460 A PRO 461 A VAL 675 A PRO 677

While the table above lists the best binding energy in each cluster, it is sometimes
helpful to also look at the energy spread [average and standard deviation], the
dissociation constant has been recalculated from the average binding energy:

Clu |Members|Bind.energy spread [kcal/mol]|Dissoc. constant [pM]
----+-------+-----------------------------+---------------------
001 |  001  |    000007.7910+-000000.0000 | 00000001946057.1507
002 |  002  |    000007.4385+-000000.0865 | 00000003528090.8893
003 |  001  |    000007.4960+-000000.0000 | 00000003201785.3796
004 |  001  |    000007.4680+-000000.0000 | 00000003356728.9705
005 |  001  |    000007.4370+-000000.0000 | 00000003537036.5087
006 |  001  |    000007.4050+-000000.0000 | 00000003733321.6684
007 |  001  |    000007.3640+-000000.0000 | 00000004000818.9423
008 |  002  |    000007.3325+-000000.0245 | 00000004219281.1449
009 |  001  |    000007.3530+-000000.0000 | 00000004075789.2683
010 |  001  |    000007.3420+-000000.0000 | 00000004152167.7857
011 |  001  |    000007.3300+-000000.0000 | 00000004237122.4998
012 |  001  |    000007.3250+-000000.0000 | 00000004273031.8567
013 |  001  |    000007.3130+-000000.0000 | 00000004360455.9799
014 |  001  |    000007.2530+-000000.0000 | 00000004825169.0517
015 |  001  |    000007.1950+-000000.0000 | 00000005321407.9891
016 |  001  |    000007.1820+-000000.0000 | 00000005439458.0896
017 |  001  |    000007.1250+-000000.0000 | 00000005988762.0251
018 |  001  |    000007.1170+-000000.0000 | 00000006070172.3621

The results of the 25 runs have been combined in a single scene at C:\Users\yons\Desktop\PNA-CPP-6\PNA-CPP-6 CAVITY 4\dock.sce
The 18 clusters have been saved as:
C:\Users\yons\Desktop\PNA-CPP-6\PNA-CPP-6 CAVITY 4\dock_001.yob
C:\Users\yons\Desktop\PNA-CPP-6\PNA-CPP-6 CAVITY 4\dock_002.yob
C:\Users\yons\Desktop\PNA-CPP-6\PNA-CPP-6 CAVITY 4\dock_003.yob
C:\Users\yons\Desktop\PNA-CPP-6\PNA-CPP-6 CAVITY 4\dock_004.yob
C:\Users\yons\Desktop\PNA-CPP-6\PNA-CPP-6 CAVITY 4\dock_005.yob
C:\Users\yons\Desktop\PNA-CPP-6\PNA-CPP-6 CAVITY 4\dock_006.yob
C:\Users\yons\Desktop\PNA-CPP-6\PNA-CPP-6 CAVITY 4\dock_007.yob
C:\Users\yons\Desktop\PNA-CPP-6\PNA-CPP-6 CAVITY 4\dock_008.yob
C:\Users\yons\Desktop\PNA-CPP-6\PNA-CPP-6 CAVITY 4\dock_009.yob
C:\Users\yons\Desktop\PNA-CPP-6\PNA-CPP-6 CAVITY 4\dock_010.yob
C:\Users\yons\Desktop\PNA-CPP-6\PNA-CPP-6 CAVITY 4\dock_011.yob
C:\Users\yons\Desktop\PNA-CPP-6\PNA-CPP-6 CAVITY 4\dock_012.yob
C:\Users\yons\Desktop\PNA-CPP-6\PNA-CPP-6 CAVITY 4\dock_013.yob
C:\Users\yons\Desktop\PNA-CPP-6\PNA-CPP-6 CAVITY 4\dock_014.yob
C:\Users\yons\Desktop\PNA-CPP-6\PNA-CPP-6 CAVITY 4\dock_015.yob
C:\Users\yons\Desktop\PNA-CPP-6\PNA-CPP-6 CAVITY 4\dock_016.yob
C:\Users\yons\Desktop\PNA-CPP-6\PNA-CPP-6 CAVITY 4\dock_017.yob
C:\Users\yons\Desktop\PNA-CPP-6\PNA-CPP-6 CAVITY 4\dock_018.yob
