Global docking result analysis
==============================

25 VINA docking runs of the ligand object 3 to the receptor object 1 yielded the following results,
sorted by binding energy [more positive energies indicate stronger binding, and negative energies mean no binding]

Run |Bind.energy[kcal/mol]|Dissoc. constant [pM]| Contacting receptor residues
----+---------------------+---------------------+-----------------------------
001 |         000008.2320 | 00000000924408.6250 | A ASP 164 A VAL 166 A GLU 167 A HIS 439 A ASP 452 A TYR 455 A LYS 545 A ALA 547 A ILE 548 A SER 549 A ALA 550 A LYS 551 A ARG 553 A ARG 555 A THR 556 A VAL 557 A TRP 617 A ASP 618 A TYR 619 A PRO 620 A LYS 621 A CYS 622 A ASP 623 A ARG 624 A THR 680 A SER 681 A SER 682 A THR 687 A ALA 688 A ASN 691 A SER 759 A ASP 760 A ASP 761 A ALA 762 A PHE 793 A SER 795 A LYS 798 A TRP 800 A GLU 811 A CYS 813 A SER 814 A ARG 836
002 |         000008.2320 | 00000000924408.6250 | A ASP 164 A VAL 166 A GLU 167 A HIS 439 A ASP 452 A TYR 455 A LYS 545 A ALA 547 A ILE 548 A SER 549 A ALA 550 A LYS 551 A ARG 553 A ARG 555 A THR 556 A VAL 557 A TRP 617 A ASP 618 A TYR 619 A PRO 620 A LYS 621 A CYS 622 A ASP 623 A ARG 624 A THR 680 A SER 681 A SER 682 A THR 687 A ALA 688 A ASN 691 A SER 759 A ASP 760 A ASP 761 A ALA 762 A PHE 793 A SER 795 A LYS 798 A TRP 800 A GLU 811 A CYS 813 A SER 814 A ARG 836
003 |         000008.0600 | 00000001235781.3750 | A HIS 439 A LYS 545 A ALA 547 A ILE 548 A SER 549 A ALA 550 A LYS 551 A ARG 553 A ARG 555 A LYS 593 A ASP 618 A TYR 619 A PRO 620 A LYS 621 A CYS 622 A ASP 623 A ARG 624 A ASN 691 A SER 759 A ASP 760 A ASP 761 A LYS 798 A TRP 800 A HIS 810 A GLU 811 A PHE 812 A CYS 813 A SER 814 A GLN 815 A PRO 832 A ASP 833 A ARG 836 A ILE 837 A ALA 840 A ARG 858 A LEU 862 A ASP 865
004 |         000008.0600 | 00000001235781.3750 | A HIS 439 A LYS 545 A ALA 547 A ILE 548 A SER 549 A ALA 550 A LYS 551 A ARG 553 A ARG 555 A LYS 593 A ASP 618 A TYR 619 A PRO 620 A LYS 621 A CYS 622 A ASP 623 A ARG 624 A ASN 691 A SER 759 A ASP 760 A ASP 761 A LYS 798 A TRP 800 A HIS 810 A GLU 811 A PHE 812 A CYS 813 A SER 814 A GLN 815 A PRO 832 A ASP 833 A ARG 836 A ILE 837 A ALA 840 A ARG 858 A LEU 862 A ASP 865
005 |         000007.8750 | 00000001688684.2500 | A HIS 439 A PHE 441 A ALA 547 A ILE 548 A SER 549 A ALA 550 A LYS 551 A ARG 553 A ARG 555 A THR 556 A ASP 618 A TYR 619 A PRO 620 A LYS 621 A CYS 622 A ASP 623 A ARG 624 A THR 680 A SER 681 A SER 682 A THR 687 A ALA 688 A ASN 691 A SER 759 A ASP 760 A ASP 761 A ALA 797 A LYS 798 A TRP 800 A HIS 810 A GLU 811 A CYS 813 A SER 814 A PRO 832 A ASP 833 A ARG 836 A ILE 837 A ALA 840 A PHE 843 A VAL 844 A ASP 845 A ARG 858 A LEU 862 A ASP 865
006 |         000007.8750 | 00000001688684.2500 | A HIS 439 A PHE 441 A ALA 547 A ILE 548 A SER 549 A ALA 550 A LYS 551 A ARG 553 A ARG 555 A THR 556 A ASP 618 A TYR 619 A PRO 620 A LYS 621 A CYS 622 A ASP 623 A ARG 624 A THR 680 A SER 681 A SER 682 A THR 687 A ALA 688 A ASN 691 A SER 759 A ASP 760 A ASP 761 A ALA 797 A LYS 798 A TRP 800 A HIS 810 A GLU 811 A CYS 813 A SER 814 A PRO 832 A ASP 833 A ARG 836 A ILE 837 A ALA 840 A PHE 843 A VAL 844 A ASP 845 A ARG 858 A LEU 862 A ASP 865
007 |         000007.8640 | 00000001720329.2500 | A HIS 439 A TYR 455 A TYR 456 A LYS 545 A ILE 548 A SER 549 A ALA 550 A LYS 551 A ARG 553 A ARG 555 A THR 556 A GLY 616 A TRP 617 A ASP 618 A TYR 619 A PRO 620 A LYS 621 A CYS 622 A ASP 623 A ARG 624 A THR 680 A SER 681 A SER 682 A THR 687 A ALA 688 A ASN 691 A SER 759 A ASP 760 A ASP 761 A ALA 762 A VAL 763 A LYS 798 A TRP 800 A GLU 811 A PHE 812 A CYS 813 A SER 814 A ASP 833 A ARG 836
008 |         000007.8640 | 00000001720329.2500 | A HIS 439 A TYR 455 A TYR 456 A LYS 545 A ILE 548 A SER 549 A ALA 550 A LYS 551 A ARG 553 A ARG 555 A THR 556 A GLY 616 A TRP 617 A ASP 618 A TYR 619 A PRO 620 A LYS 621 A CYS 622 A ASP 623 A ARG 624 A THR 680 A SER 681 A SER 682 A THR 687 A ALA 688 A ASN 691 A SER 759 A ASP 760 A ASP 761 A ALA 762 A VAL 763 A LYS 798 A TRP 800 A GLU 811 A PHE 812 A CYS 813 A SER 814 A ASP 833 A ARG 836
009 |         000007.7780 | 00000001989071.5000 | A HIS 439 A TYR 455 A SER 549 A ALA 550 A LYS 551 A ARG 553 A ARG 555 A THR 556 A TRP 617 A ASP 618 A TYR 619 A PRO 620 A LYS 621 A CYS 622 A ASP 623 A ARG 624 A THR 680 A SER 681 A SER 682 A THR 687 A ASN 691 A LEU 758 A SER 759 A ASP 760 A ASP 761 A ALA 762 A ALA 797 A LYS 798 A HIS 810 A GLU 811 A CYS 813 A SER 814 A ASP 833 A ARG 836
010 |         000007.7780 | 00000001989071.5000 | A HIS 439 A TYR 455 A SER 549 A ALA 550 A LYS 551 A ARG 553 A ARG 555 A THR 556 A TRP 617 A ASP 618 A TYR 619 A PRO 620 A LYS 621 A CYS 622 A ASP 623 A ARG 624 A THR 680 A SER 681 A SER 682 A THR 687 A ASN 691 A LEU 758 A SER 759 A ASP 760 A ASP 761 A ALA 762 A ALA 797 A LYS 798 A HIS 810 A GLU 811 A CYS 813 A SER 814 A ASP 833 A ARG 836
011 |         000007.7740 | 00000002002545.7500 | A LYS 438 A ASP 452 A TYR 455 A LYS 545 A ALA 550 A ARG 553 A ARG 555 A THR 556 A TRP 617 A ASP 618 A TYR 619 A CYS 622 A ASP 623 A ARG 624 A THR 680 A SER 681 A SER 682 A ASP 684 A ALA 685 A THR 687 A ALA 688 A ASN 691 A LEU 758 A SER 759 A ASP 760 A ASP 761 A ALA 762 A LYS 798 A TRP 800 A HIS 810 A GLU 811 A CYS 813 A SER 814 A HIS 816 A ASP 833 A ARG 836
012 |         000007.7230 | 00000002182558.7500 | A HIS 439 A TYR 455 A LYS 545 A ILE 548 A SER 549 A ALA 550 A LYS 551 A ARG 553 A ARG 555 A THR 556 A THR 591 A SER 592 A LYS 593 A TRP 598 A MET 601 A ASP 618 A TYR 619 A PRO 620 A LYS 621 A CYS 622 A ASP 623 A ARG 624 A THR 680 A SER 682 A THR 687 A ALA 688 A ASN 691 A LEU 758 A SER 759 A ASP 760 A ASP 761 A GLU 811 A CYS 813 A SER 814 A GLN 815 A HIS 816 A ASP 833 A ARG 836
013 |         000007.7180 | 00000002201055.5000 | A HIS 439 A TYR 455 A LYS 545 A ALA 547 A ILE 548 A SER 549 A ALA 550 A LYS 551 A ARG 553 A ARG 555 A THR 556 A TRP 617 A ASP 618 A TYR 619 A PRO 620 A LYS 621 A CYS 622 A ASP 623 A ARG 624 A SER 682 A ASN 691 A ASP 760 A ASP 761 A LYS 798 A CYS 799 A TRP 800 A HIS 810 A GLU 811 A PHE 812 A CYS 813 A SER 814 A GLN 815 A HIS 816 A ASP 833 A ARG 836 A ALA 840
014 |         000007.6890 | 00000002311470.0000 | A HIS 439 A ASP 452 A TYR 455 A ILE 548 A SER 549 A ALA 550 A LYS 551 A ARG 553 A ARG 555 A THR 556 A TRP 617 A ASP 618 A TYR 619 A LYS 621 A CYS 622 A ASP 623 A ARG 624 A THR 680 A SER 682 A THR 687 A ASN 691 A LEU 758 A SER 759 A ASP 760 A ASP 761 A ALA 762 A ALA 797 A LYS 798 A CYS 799 A TRP 800 A THR 801 A HIS 810 A GLU 811 A CYS 813 A SER 814 A HIS 816 A ASP 833 A ARG 836
015 |         000007.6740 | 00000002370737.2500 | A HIS 439 A TYR 455 A ILE 548 A SER 549 A ALA 550 A LYS 551 A ARG 553 A ARG 555 A THR 556 A VAL 588 A ILE 589 A GLY 590 A THR 591 A SER 592 A LYS 593 A PHE 594 A TRP 598 A MET 601 A TRP 617 A ASP 618 A TYR 619 A LYS 621 A CYS 622 A ASP 623 A ARG 624 A THR 680 A SER 681 A SER 682 A THR 687 A ALA 688 A ASN 691 A LEU 758 A SER 759 A ASP 760 A ASP 761 A ALA 762 A GLU 811 A PHE 812 A CYS 813 A SER 814 A ARG 836 A ARG 858 A SER 861 A ASP 865
016 |         000007.6520 | 00000002460422.2500 | A ALA 547 A ILE 548 A SER 549 A ARG 553 A ARG 555 A THR 556 A ILE 589 A GLY 590 A THR 591 A SER 592 A LYS 593 A MET 601 A TRP 617 A ASP 618 A TYR 619 A PRO 620 A LYS 621 A CYS 622 A ASP 623 A ARG 624 A THR 680 A SER 682 A THR 687 A ALA 688 A ASN 691 A LEU 758 A SER 759 A ASP 760 A ASP 761 A ALA 762 A TRP 800 A GLU 811 A CYS 813 A SER 814 A GLN 815 A PRO 832 A ARG 836 A ILE 837 A ALA 840 A ARG 858 A LEU 862 A ASP 865
017 |         000007.6430 | 00000002498082.2500 | A HIS 439 A ASP 452 A TYR 455 A ALA 547 A ILE 548 A SER 549 A ALA 550 A LYS 551 A ARG 553 A ALA 554 A ARG 555 A THR 556 A TRP 617 A ASP 618 A TYR 619 A PRO 620 A LYS 621 A CYS 622 A ASP 623 A ARG 624 A THR 680 A SER 682 A THR 687 A ALA 688 A ASN 691 A SER 759 A ASP 760 A ASP 761 A LYS 798 A GLU 811 A CYS 813 A SER 814 A ARG 836
018 |         000007.6250 | 00000002575140.2500 | A ASP 164 A VAL 166 A GLU 167 A HIS 439 A ASP 452 A TYR 455 A ALA 547 A ILE 548 A SER 549 A ALA 550 A LYS 551 A ARG 553 A ARG 555 A THR 556 A GLY 616 A TRP 617 A ASP 618 A TYR 619 A PRO 620 A LYS 621 A CYS 622 A ASP 623 A ARG 624 A THR 680 A SER 682 A THR 687 A ALA 688 A ASN 691 A SER 759 A ASP 760 A ASP 761 A PHE 793 A LYS 798 A CYS 799 A TRP 800 A GLU 811 A PHE 812 A SER 814 A HIS 816 A ASP 833 A ARG 836
019 |         000007.6240 | 00000002579490.2500 | A HIS 439 A ALA 547 A ILE 548 A SER 549 A ALA 550 A LYS 551 A ARG 553 A ARG 555 A THR 556 A TRP 617 A ASP 618 A TYR 619 A PRO 620 A LYS 621 A CYS 622 A ASP 623 A ARG 624 A THR 680 A SER 681 A SER 682 A THR 687 A ALA 688 A ASN 691 A LEU 758 A SER 759 A ASP 760 A ASP 761 A LYS 798 A CYS 799 A TRP 800 A HIS 810 A GLU 811 A CYS 813 A SER 814 A ARG 836
020 |         000007.6230 | 00000002583847.7500 | A ASP 164 A VAL 166 A GLU 167 A HIS 439 A ASP 452 A TYR 455 A LYS 545 A ALA 547 A ILE 548 A SER 549 A ALA 550 A LYS 551 A ARG 553 A ARG 555 A THR 556 A ASP 618 A TYR 619 A PRO 620 A LYS 621 A CYS 622 A ASP 623 A ARG 624 A SER 682 A SER 759 A ASP 760 A ASP 761 A PHE 793 A SER 795 A LYS 798 A CYS 799 A TRP 800 A HIS 810 A GLU 811 A CYS 813 A SER 814 A ARG 836 A ILE 837 A ALA 840 A ARG 858 A LEU 862
021 |         000007.6210 | 00000002592584.5000 | A HIS 439 A ASP 452 A TYR 455 A ALA 547 A ILE 548 A SER 549 A ALA 550 A LYS 551 A ARG 553 A ALA 554 A ARG 555 A THR 556 A TRP 617 A ASP 618 A TYR 619 A PRO 620 A LYS 621 A CYS 622 A ASP 623 A ARG 624 A SER 682 A LEU 758 A SER 759 A ASP 760 A ASP 761 A LYS 798 A CYS 799 A TRP 800 A GLU 811 A CYS 813 A SER 814 A HIS 816 A ASP 833 A ARG 836
022 |         000007.6200 | 00000002596964.0000 | A VAL 166 A HIS 439 A ILE 548 A SER 549 A ALA 550 A LYS 551 A ARG 553 A ARG 555 A TRP 617 A ASP 618 A TYR 619 A PRO 620 A LYS 621 A CYS 622 A ASP 623 A THR 680 A SER 682 A ASN 691 A LEU 758 A SER 759 A ASP 760 A ASP 761 A ALA 762 A PHE 793 A SER 795 A ALA 797 A LYS 798 A CYS 799 A TRP 800 A HIS 810 A GLU 811 A PHE 812 A CYS 813 A SER 814 A ARG 836
023 |         000007.6200 | 00000002596964.0000 | A VAL 166 A HIS 439 A LYS 545 A ALA 547 A ILE 548 A SER 549 A ALA 550 A LYS 551 A ARG 553 A ARG 555 A THR 556 A TRP 617 A ASP 618 A TYR 619 A PRO 620 A LYS 621 A CYS 622 A ASP 623 A ARG 624 A THR 680 A SER 682 A THR 687 A ALA 688 A ASN 691 A LEU 758 A SER 759 A ASP 760 A ASP 761 A LYS 798 A TRP 800 A GLU 811 A PHE 812 A CYS 813 A SER 814 A GLN 815 A PRO 832 A ARG 836 A ILE 837 A ARG 858 A LEU 862 A ASP 865
024 |         000007.5550 | 00000002898088.0000 | A HIS 439 A PHE 441 A TYR 546 A ALA 547 A ILE 548 A SER 549 A ALA 550 A LYS 551 A ARG 553 A ARG 555 A LYS 593 A ASP 618 A TYR 619 A PRO 620 A LYS 621 A CYS 622 A ASP 623 A ARG 624 A THR 680 A SER 681 A SER 682 A THR 687 A ALA 688 A ASN 691 A SER 759 A ASP 760 A ASP 761 A ALA 797 A LYS 798 A TRP 800 A HIS 810 A GLU 811 A CYS 813 A SER 814 A GLN 815 A ASP 833 A ARG 836 A ALA 840 A ASP 845 A ARG 858 A ASP 865
025 |         000007.5500 | 00000002922648.7500 | A ASP 164 A VAL 166 A GLU 167 A HIS 439 A ALA 547 A ILE 548 A SER 549 A ALA 550 A LYS 551 A ARG 553 A ARG 555 A THR 556 A TRP 617 A ASP 618 A TYR 619 A PRO 620 A LYS 621 A CYS 622 A ASP 623 A ARG 624 A THR 680 A SER 682 A THR 687 A ALA 688 A ASN 691 A SER 759 A ASP 760 A ASP 761 A ALA 762 A PHE 793 A LYS 798 A TRP 800 A HIS 810 A GLU 811 A PHE 812 A CYS 813 A SER 814 A HIS 816 A ARG 836

After clustering the 25 runs, the following 18 distinct complex conformations were found:
[They all differ by at least 5.0 A heavy atom RMSD after superposing on the receptor]

Clu |Bind.energy[kcal/mol]|Dissoc. constant [pM]| Contacting receptor residues
----+---------------------+---------------------+-----------------------------
001 |         000008.2320 | 00000000924408.6250 | A ASP 164 A VAL 166 A GLU 167 A HIS 439 A ASP 452 A TYR 455 A LYS 545 A ALA 547 A ILE 548 A SER 549 A ALA 550 A LYS 551 A ARG 553 A ARG 555 A THR 556 A VAL 557 A TRP 617 A ASP 618 A TYR 619 A PRO 620 A LYS 621 A CYS 622 A ASP 623 A ARG 624 A THR 680 A SER 681 A SER 682 A THR 687 A ALA 688 A ASN 691 A SER 759 A ASP 760 A ASP 761 A ALA 762 A PHE 793 A SER 795 A LYS 798 A TRP 800 A GLU 811 A CYS 813 A SER 814 A ARG 836
002 |         000008.0600 | 00000001235781.3750 | A HIS 439 A LYS 545 A ALA 547 A ILE 548 A SER 549 A ALA 550 A LYS 551 A ARG 553 A ARG 555 A LYS 593 A ASP 618 A TYR 619 A PRO 620 A LYS 621 A CYS 622 A ASP 623 A ARG 624 A ASN 691 A SER 759 A ASP 760 A ASP 761 A LYS 798 A TRP 800 A HIS 810 A GLU 811 A PHE 812 A CYS 813 A SER 814 A GLN 815 A PRO 832 A ASP 833 A ARG 836 A ILE 837 A ALA 840 A ARG 858 A LEU 862 A ASP 865
003 |         000007.8640 | 00000001720329.2500 | A HIS 439 A TYR 455 A TYR 456 A LYS 545 A ILE 548 A SER 549 A ALA 550 A LYS 551 A ARG 553 A ARG 555 A THR 556 A GLY 616 A TRP 617 A ASP 618 A TYR 619 A PRO 620 A LYS 621 A CYS 622 A ASP 623 A ARG 624 A THR 680 A SER 681 A SER 682 A THR 687 A ALA 688 A ASN 691 A SER 759 A ASP 760 A ASP 761 A ALA 762 A VAL 763 A LYS 798 A TRP 800 A GLU 811 A PHE 812 A CYS 813 A SER 814 A ASP 833 A ARG 836
004 |         000007.7780 | 00000001989071.5000 | A HIS 439 A TYR 455 A SER 549 A ALA 550 A LYS 551 A ARG 553 A ARG 555 A THR 556 A TRP 617 A ASP 618 A TYR 619 A PRO 620 A LYS 621 A CYS 622 A ASP 623 A ARG 624 A THR 680 A SER 681 A SER 682 A THR 687 A ASN 691 A LEU 758 A SER 759 A ASP 760 A ASP 761 A ALA 762 A ALA 797 A LYS 798 A HIS 810 A GLU 811 A CYS 813 A SER 814 A ASP 833 A ARG 836
005 |         000007.7740 | 00000002002545.7500 | A LYS 438 A ASP 452 A TYR 455 A LYS 545 A ALA 550 A ARG 553 A ARG 555 A THR 556 A TRP 617 A ASP 618 A TYR 619 A CYS 622 A ASP 623 A ARG 624 A THR 680 A SER 681 A SER 682 A ASP 684 A ALA 685 A THR 687 A ALA 688 A ASN 691 A LEU 758 A SER 759 A ASP 760 A ASP 761 A ALA 762 A LYS 798 A TRP 800 A HIS 810 A GLU 811 A CYS 813 A SER 814 A HIS 816 A ASP 833 A ARG 836
006 |         000007.7230 | 00000002182558.7500 | A HIS 439 A TYR 455 A LYS 545 A ILE 548 A SER 549 A ALA 550 A LYS 551 A ARG 553 A ARG 555 A THR 556 A THR 591 A SER 592 A LYS 593 A TRP 598 A MET 601 A ASP 618 A TYR 619 A PRO 620 A LYS 621 A CYS 622 A ASP 623 A ARG 624 A THR 680 A SER 682 A THR 687 A ALA 688 A ASN 691 A LEU 758 A SER 759 A ASP 760 A ASP 761 A GLU 811 A CYS 813 A SER 814 A GLN 815 A HIS 816 A ASP 833 A ARG 836
007 |         000007.7180 | 00000002201055.5000 | A HIS 439 A TYR 455 A LYS 545 A ALA 547 A ILE 548 A SER 549 A ALA 550 A LYS 551 A ARG 553 A ARG 555 A THR 556 A TRP 617 A ASP 618 A TYR 619 A PRO 620 A LYS 621 A CYS 622 A ASP 623 A ARG 624 A SER 682 A ASN 691 A ASP 760 A ASP 761 A LYS 798 A CYS 799 A TRP 800 A HIS 810 A GLU 811 A PHE 812 A CYS 813 A SER 814 A GLN 815 A HIS 816 A ASP 833 A ARG 836 A ALA 840
008 |         000007.6890 | 00000002311470.0000 | A HIS 439 A ASP 452 A TYR 455 A ILE 548 A SER 549 A ALA 550 A LYS 551 A ARG 553 A ARG 555 A THR 556 A TRP 617 A ASP 618 A TYR 619 A LYS 621 A CYS 622 A ASP 623 A ARG 624 A THR 680 A SER 682 A THR 687 A ASN 691 A LEU 758 A SER 759 A ASP 760 A ASP 761 A ALA 762 A ALA 797 A LYS 798 A CYS 799 A TRP 800 A THR 801 A HIS 810 A GLU 811 A CYS 813 A SER 814 A HIS 816 A ASP 833 A ARG 836
009 |         000007.6740 | 00000002370737.2500 | A HIS 439 A TYR 455 A ILE 548 A SER 549 A ALA 550 A LYS 551 A ARG 553 A ARG 555 A THR 556 A VAL 588 A ILE 589 A GLY 590 A THR 591 A SER 592 A LYS 593 A PHE 594 A TRP 598 A MET 601 A TRP 617 A ASP 618 A TYR 619 A LYS 621 A CYS 622 A ASP 623 A ARG 624 A THR 680 A SER 681 A SER 682 A THR 687 A ALA 688 A ASN 691 A LEU 758 A SER 759 A ASP 760 A ASP 761 A ALA 762 A GLU 811 A PHE 812 A CYS 813 A SER 814 A ARG 836 A ARG 858 A SER 861 A ASP 865
010 |         000007.6520 | 00000002460422.2500 | A ALA 547 A ILE 548 A SER 549 A ARG 553 A ARG 555 A THR 556 A ILE 589 A GLY 590 A THR 591 A SER 592 A LYS 593 A MET 601 A TRP 617 A ASP 618 A TYR 619 A PRO 620 A LYS 621 A CYS 622 A ASP 623 A ARG 624 A THR 680 A SER 682 A THR 687 A ALA 688 A ASN 691 A LEU 758 A SER 759 A ASP 760 A ASP 761 A ALA 762 A TRP 800 A GLU 811 A CYS 813 A SER 814 A GLN 815 A PRO 832 A ARG 836 A ILE 837 A ALA 840 A ARG 858 A LEU 862 A ASP 865
011 |         000007.6430 | 00000002498082.2500 | A HIS 439 A ASP 452 A TYR 455 A ALA 547 A ILE 548 A SER 549 A ALA 550 A LYS 551 A ARG 553 A ALA 554 A ARG 555 A THR 556 A TRP 617 A ASP 618 A TYR 619 A PRO 620 A LYS 621 A CYS 622 A ASP 623 A ARG 624 A THR 680 A SER 682 A THR 687 A ALA 688 A ASN 691 A SER 759 A ASP 760 A ASP 761 A LYS 798 A GLU 811 A CYS 813 A SER 814 A ARG 836
012 |         000007.6250 | 00000002575140.2500 | A ASP 164 A VAL 166 A GLU 167 A HIS 439 A ASP 452 A TYR 455 A ALA 547 A ILE 548 A SER 549 A ALA 550 A LYS 551 A ARG 553 A ARG 555 A THR 556 A GLY 616 A TRP 617 A ASP 618 A TYR 619 A PRO 620 A LYS 621 A CYS 622 A ASP 623 A ARG 624 A THR 680 A SER 682 A THR 687 A ALA 688 A ASN 691 A SER 759 A ASP 760 A ASP 761 A PHE 793 A LYS 798 A CYS 799 A TRP 800 A GLU 811 A PHE 812 A SER 814 A HIS 816 A ASP 833 A ARG 836
013 |         000007.6240 | 00000002579490.2500 | A HIS 439 A ALA 547 A ILE 548 A SER 549 A ALA 550 A LYS 551 A ARG 553 A ARG 555 A THR 556 A TRP 617 A ASP 618 A TYR 619 A PRO 620 A LYS 621 A CYS 622 A ASP 623 A ARG 624 A THR 680 A SER 681 A SER 682 A THR 687 A ALA 688 A ASN 691 A LEU 758 A SER 759 A ASP 760 A ASP 761 A LYS 798 A CYS 799 A TRP 800 A HIS 810 A GLU 811 A CYS 813 A SER 814 A ARG 836
014 |         000007.6230 | 00000002583847.7500 | A ASP 164 A VAL 166 A GLU 167 A HIS 439 A ASP 452 A TYR 455 A LYS 545 A ALA 547 A ILE 548 A SER 549 A ALA 550 A LYS 551 A ARG 553 A ARG 555 A THR 556 A ASP 618 A TYR 619 A PRO 620 A LYS 621 A CYS 622 A ASP 623 A ARG 624 A SER 682 A SER 759 A ASP 760 A ASP 761 A PHE 793 A SER 795 A LYS 798 A CYS 799 A TRP 800 A HIS 810 A GLU 811 A CYS 813 A SER 814 A ARG 836 A ILE 837 A ALA 840 A ARG 858 A LEU 862
015 |         000007.6210 | 00000002592584.5000 | A HIS 439 A ASP 452 A TYR 455 A ALA 547 A ILE 548 A SER 549 A ALA 550 A LYS 551 A ARG 553 A ALA 554 A ARG 555 A THR 556 A TRP 617 A ASP 618 A TYR 619 A PRO 620 A LYS 621 A CYS 622 A ASP 623 A ARG 624 A SER 682 A LEU 758 A SER 759 A ASP 760 A ASP 761 A LYS 798 A CYS 799 A TRP 800 A GLU 811 A CYS 813 A SER 814 A HIS 816 A ASP 833 A ARG 836
016 |         000007.6200 | 00000002596964.0000 | A VAL 166 A HIS 439 A ILE 548 A SER 549 A ALA 550 A LYS 551 A ARG 553 A ARG 555 A TRP 617 A ASP 618 A TYR 619 A PRO 620 A LYS 621 A CYS 622 A ASP 623 A THR 680 A SER 682 A ASN 691 A LEU 758 A SER 759 A ASP 760 A ASP 761 A ALA 762 A PHE 793 A SER 795 A ALA 797 A LYS 798 A CYS 799 A TRP 800 A HIS 810 A GLU 811 A PHE 812 A CYS 813 A SER 814 A ARG 836
017 |         000007.6200 | 00000002596964.0000 | A VAL 166 A HIS 439 A LYS 545 A ALA 547 A ILE 548 A SER 549 A ALA 550 A LYS 551 A ARG 553 A ARG 555 A THR 556 A TRP 617 A ASP 618 A TYR 619 A PRO 620 A LYS 621 A CYS 622 A ASP 623 A ARG 624 A THR 680 A SER 682 A THR 687 A ALA 688 A ASN 691 A LEU 758 A SER 759 A ASP 760 A ASP 761 A LYS 798 A TRP 800 A GLU 811 A PHE 812 A CYS 813 A SER 814 A GLN 815 A PRO 832 A ARG 836 A ILE 837 A ARG 858 A LEU 862 A ASP 865
018 |         000007.5500 | 00000002922648.7500 | A ASP 164 A VAL 166 A GLU 167 A HIS 439 A ALA 547 A ILE 548 A SER 549 A ALA 550 A LYS 551 A ARG 553 A ARG 555 A THR 556 A TRP 617 A ASP 618 A TYR 619 A PRO 620 A LYS 621 A CYS 622 A ASP 623 A ARG 624 A THR 680 A SER 682 A THR 687 A ALA 688 A ASN 691 A SER 759 A ASP 760 A ASP 761 A ALA 762 A PHE 793 A LYS 798 A TRP 800 A HIS 810 A GLU 811 A PHE 812 A CYS 813 A SER 814 A HIS 816 A ARG 836

While the table above lists the best binding energy in each cluster, it is sometimes
helpful to also look at the energy spread [average and standard deviation], the
dissociation constant has been recalculated from the average binding energy:

Clu |Members|Bind.energy spread [kcal/mol]|Dissoc. constant [pM]
----+-------+-----------------------------+---------------------
001 |  001  |    000008.2320+-000000.0000 | 00000000924485.0731
002 |  003  |    000007.8300+-000000.2086 | 00000001822083.3552
003 |  001  |    000007.8640+-000000.0000 | 00000001720466.5568
004 |  001  |    000007.7780+-000000.0000 | 00000001989228.4772
005 |  001  |    000007.7740+-000000.0000 | 00000002002702.6691
006 |  001  |    000007.7230+-000000.0000 | 00000002182729.0821
007 |  001  |    000007.7180+-000000.0000 | 00000002201227.5791
008 |  001  |    000007.6890+-000000.0000 | 00000002311649.3494
009 |  001  |    000007.6740+-000000.0000 | 00000002370922.1216
010 |  001  |    000007.6520+-000000.0000 | 00000002460612.8389
011 |  001  |    000007.6430+-000000.0000 | 00000002498274.7871
012 |  001  |    000007.6250+-000000.0000 | 00000002575338.9316
013 |  001  |    000007.6240+-000000.0000 | 00000002579688.9617
014 |  001  |    000007.6230+-000000.0000 | 00000002584046.3395
015 |  001  |    000007.6210+-000000.0000 | 00000002592785.2744
016 |  001  |    000007.6200+-000000.0000 | 00000002597164.7733
017 |  001  |    000007.6200+-000000.0000 | 00000002597164.7733
018 |  001  |    000007.5500+-000000.0000 | 00000002922871.0299

The results of the 25 runs have been combined in a single scene at C:\Users\yons\Desktop\PNA-CPP-6\PNA-CPP-6 CAVITY 1\dock.sce
The 18 clusters have been saved as:
C:\Users\yons\Desktop\PNA-CPP-6\PNA-CPP-6 CAVITY 1\dock_001.yob
C:\Users\yons\Desktop\PNA-CPP-6\PNA-CPP-6 CAVITY 1\dock_002.yob
C:\Users\yons\Desktop\PNA-CPP-6\PNA-CPP-6 CAVITY 1\dock_003.yob
C:\Users\yons\Desktop\PNA-CPP-6\PNA-CPP-6 CAVITY 1\dock_004.yob
C:\Users\yons\Desktop\PNA-CPP-6\PNA-CPP-6 CAVITY 1\dock_005.yob
C:\Users\yons\Desktop\PNA-CPP-6\PNA-CPP-6 CAVITY 1\dock_006.yob
C:\Users\yons\Desktop\PNA-CPP-6\PNA-CPP-6 CAVITY 1\dock_007.yob
C:\Users\yons\Desktop\PNA-CPP-6\PNA-CPP-6 CAVITY 1\dock_008.yob
C:\Users\yons\Desktop\PNA-CPP-6\PNA-CPP-6 CAVITY 1\dock_009.yob
C:\Users\yons\Desktop\PNA-CPP-6\PNA-CPP-6 CAVITY 1\dock_010.yob
C:\Users\yons\Desktop\PNA-CPP-6\PNA-CPP-6 CAVITY 1\dock_011.yob
C:\Users\yons\Desktop\PNA-CPP-6\PNA-CPP-6 CAVITY 1\dock_012.yob
C:\Users\yons\Desktop\PNA-CPP-6\PNA-CPP-6 CAVITY 1\dock_013.yob
C:\Users\yons\Desktop\PNA-CPP-6\PNA-CPP-6 CAVITY 1\dock_014.yob
C:\Users\yons\Desktop\PNA-CPP-6\PNA-CPP-6 CAVITY 1\dock_015.yob
C:\Users\yons\Desktop\PNA-CPP-6\PNA-CPP-6 CAVITY 1\dock_016.yob
C:\Users\yons\Desktop\PNA-CPP-6\PNA-CPP-6 CAVITY 1\dock_017.yob
C:\Users\yons\Desktop\PNA-CPP-6\PNA-CPP-6 CAVITY 1\dock_018.yob
