Global docking result analysis
==============================

25 VINA docking runs of the ligand object 3 to the receptor object 1 yielded the following results,
sorted by binding energy [more positive energies indicate stronger binding, and negative energies mean no binding]

Run |Bind.energy[kcal/mol]|Dissoc. constant [pM]| Contacting receptor residues
----+---------------------+---------------------+-----------------------------
001 |         000007.8130 | 00000001874973.2500 | A PRO 169 A ASP 170 A LEU 172 A ARG 173 A LEU 245 A THR 246 A ARG 249 A ALA 250 A LEU 251 A THR 252 A SER 255 A HIS 256 A TYR 265 A ILE 266 A LYS 267 A TRP 268 A LEU 270 A ASN 314 A VAL 315 A LEU 316 A SER 318 A THR 319 A VAL 320 A PHE 321 A PRO 322 A PRO 323 A PHE 326 A GLY 327 A TYR 346 A PHE 348 A ARG 349 A GLU 350 A LEU 389 A LYS 391 A THR 393 A THR 394 A CYS 395 A PHE 396 A SER 397 A TYR 456 A ARG 457 A ASN 459 A LEU 460 A PRO 461 A THR 462 A ASN 628 A SER 664 A VAL 675 A LYS 676 A PRO 677
002 |         000007.8130 | 00000001874973.2500 | A PRO 169 A ASP 170 A LEU 172 A ARG 173 A LEU 245 A THR 246 A ARG 249 A ALA 250 A LEU 251 A THR 252 A SER 255 A HIS 256 A TYR 265 A ILE 266 A LYS 267 A TRP 268 A LEU 270 A ASN 314 A VAL 315 A LEU 316 A SER 318 A THR 319 A VAL 320 A PHE 321 A PRO 322 A PRO 323 A PHE 326 A GLY 327 A TYR 346 A PHE 348 A ARG 349 A GLU 350 A LEU 389 A LYS 391 A THR 393 A THR 394 A CYS 395 A PHE 396 A SER 397 A TYR 456 A ARG 457 A ASN 459 A LEU 460 A PRO 461 A THR 462 A ASN 628 A SER 664 A VAL 675 A LYS 676 A PRO 677
003 |         000007.6480 | 00000002477089.2500 | A ARG 173 A ALA 176 A ASN 177 A LEU 245 A THR 246 A ARG 249 A ALA 250 A LEU 251 A THR 252 A ALA 253 A SER 255 A HIS 256 A LEU 261 A THR 262 A TYR 265 A ILE 266 A LYS 267 A TRP 268 A LEU 270 A LEU 316 A THR 319 A VAL 320 A PHE 321 A PRO 322 A PRO 323 A ARG 349 A GLU 350 A THR 394 A CYS 395 A PHE 396 A SER 397 A TYR 456 A ARG 457 A ASN 459 A LEU 460 A PRO 461 A THR 462 A ASN 628 A SER 664 A VAL 675 A LYS 676 A PRO 677
004 |         000007.6480 | 00000002477089.2500 | A ARG 173 A ALA 176 A ASN 177 A LEU 245 A THR 246 A ARG 249 A ALA 250 A LEU 251 A THR 252 A ALA 253 A SER 255 A HIS 256 A LEU 261 A THR 262 A TYR 265 A ILE 266 A LYS 267 A TRP 268 A LEU 270 A LEU 316 A THR 319 A VAL 320 A PHE 321 A PRO 322 A PRO 323 A ARG 349 A GLU 350 A THR 394 A CYS 395 A PHE 396 A SER 397 A TYR 456 A ARG 457 A ASN 459 A LEU 460 A PRO 461 A THR 462 A ASN 628 A SER 664 A VAL 675 A LYS 676 A PRO 677
005 |         000007.6190 | 00000002601351.0000 | A HIS 439 A ASP 452 A TYR 455 A TYR 456 A LYS 500 A MET 542 A LYS 545 A ILE 548 A SER 549 A ALA 550 A LYS 551 A ARG 553 A ARG 555 A THR 556 A VAL 557 A ALA 558 A GLY 616 A TRP 617 A ASP 618 A TYR 619 A PRO 620 A LYS 621 A CYS 622 A ASP 623 A ARG 624 A THR 680 A SER 681 A SER 682 A GLY 683 A ASP 684 A ALA 685 A THR 687 A ALA 688 A ASN 691 A LEU 758 A SER 759 A ASP 760 A ASP 761 A ALA 762 A LYS 798 A TRP 800 A HIS 810 A GLU 811 A CYS 813 A SER 814 A ARG 836
006 |         000007.6190 | 00000002601351.0000 | A HIS 439 A ASP 452 A TYR 455 A TYR 456 A LYS 500 A MET 542 A LYS 545 A ILE 548 A SER 549 A ALA 550 A LYS 551 A ARG 553 A ARG 555 A THR 556 A VAL 557 A ALA 558 A GLY 616 A TRP 617 A ASP 618 A TYR 619 A PRO 620 A LYS 621 A CYS 622 A ASP 623 A ARG 624 A THR 680 A SER 681 A SER 682 A GLY 683 A ASP 684 A ALA 685 A THR 687 A ALA 688 A ASN 691 A LEU 758 A SER 759 A ASP 760 A ASP 761 A ALA 762 A LYS 798 A TRP 800 A HIS 810 A GLU 811 A CYS 813 A SER 814 A ARG 836
007 |         000007.5710 | 00000002820872.2500 | A ASP 164 A VAL 166 A GLU 167 A HIS 439 A ASP 452 A TYR 455 A TYR 456 A LYS 500 A MET 542 A LYS 545 A ILE 548 A SER 549 A ALA 550 A LYS 551 A ARG 553 A ARG 555 A THR 556 A VAL 557 A ALA 558 A TRP 617 A ASP 618 A TYR 619 A PRO 620 A LYS 621 A CYS 622 A ASP 623 A ARG 624 A THR 680 A SER 681 A SER 682 A GLY 683 A ASP 684 A ALA 685 A THR 687 A ALA 688 A ASN 691 A SER 759 A ASP 760 A ASP 761 A SER 795 A LYS 798 A GLU 811 A CYS 813 A SER 814 A ARG 836
008 |         000007.5710 | 00000002820872.2500 | A ASP 164 A VAL 166 A GLU 167 A HIS 439 A ASP 452 A TYR 455 A TYR 456 A LYS 500 A MET 542 A LYS 545 A ILE 548 A SER 549 A ALA 550 A LYS 551 A ARG 553 A ARG 555 A THR 556 A VAL 557 A ALA 558 A TRP 617 A ASP 618 A TYR 619 A PRO 620 A LYS 621 A CYS 622 A ASP 623 A ARG 624 A THR 680 A SER 681 A SER 682 A GLY 683 A ASP 684 A ALA 685 A THR 687 A ALA 688 A ASN 691 A SER 759 A ASP 760 A ASP 761 A SER 795 A LYS 798 A GLU 811 A CYS 813 A SER 814 A ARG 836
009 |         000007.5590 | 00000002878588.2500 | A LYS 160 A ASP 161 A TYR 163 A ASP 164 A PHE 165 A VAL 166 A GLU 167 A HIS 439 A ALA 547 A ILE 548 A SER 549 A ALA 550 A LYS 551 A ARG 553 A ARG 555 A GLY 616 A TRP 617 A ASP 618 A TYR 619 A PRO 620 A LYS 621 A CYS 622 A ASP 623 A THR 680 A SER 682 A THR 687 A ASN 691 A SER 759 A ASP 760 A ASP 761 A ALA 762 A PHE 793 A MET 794 A SER 795 A GLU 796 A ALA 797 A LYS 798 A TRP 800 A HIS 810 A GLU 811 A CYS 813 A SER 814 A ARG 836
010 |         000007.5590 | 00000002878588.2500 | A LYS 160 A ASP 161 A TYR 163 A ASP 164 A PHE 165 A VAL 166 A GLU 167 A HIS 439 A ALA 547 A ILE 548 A SER 549 A ALA 550 A LYS 551 A ARG 553 A ARG 555 A GLY 616 A TRP 617 A ASP 618 A TYR 619 A PRO 620 A LYS 621 A CYS 622 A ASP 623 A THR 680 A SER 682 A THR 687 A ASN 691 A SER 759 A ASP 760 A ASP 761 A ALA 762 A PHE 793 A MET 794 A SER 795 A GLU 796 A ALA 797 A LYS 798 A TRP 800 A HIS 810 A GLU 811 A CYS 813 A SER 814 A ARG 836
011 |         000007.4720 | 00000003333890.7500 | A PHE 165 A VAL 166 A PRO 169 A LEU 172 A ARG 173 A ALA 176 A LEU 245 A THR 246 A ARG 249 A ALA 250 A LEU 251 A THR 252 A SER 255 A TYR 265 A ILE 266 A LYS 267 A TRP 268 A ASN 314 A VAL 315 A LEU 316 A SER 318 A THR 319 A VAL 320 A PHE 321 A PRO 322 A PRO 323 A ARG 349 A GLU 350 A LEU 389 A ASP 390 A LYS 391 A THR 394 A CYS 395 A PHE 396 A SER 397 A TYR 456 A ARG 457 A TYR 458 A ASN 459 A LEU 460 A PRO 461 A ASN 628 A VAL 675 A PRO 677
012 |         000007.4470 | 00000003477576.0000 | A PRO 169 A LEU 172 A THR 246 A LEU 247 A ARG 249 A THR 252 A SER 255 A TYR 265 A ILE 266 A LYS 267 A TRP 268 A LEU 270 A THR 319 A VAL 320 A PHE 321 A PRO 322 A PRO 323 A THR 324 A ARG 349 A LEU 387 A LEU 388 A LEU 389 A ASP 390 A LYS 391 A THR 393 A THR 394 A CYS 395 A PHE 396 A SER 397 A VAL 398 A TYR 456 A ARG 457 A TYR 458 A ASN 459 A LEU 460 A PRO 461 A PRO 677
013 |         000007.4100 | 00000003701672.5000 | A PRO 169 A LEU 172 A ARG 173 A ARG 249 A LEU 251 A THR 252 A SER 255 A HIS 256 A TYR 265 A ILE 266 A LYS 267 A TRP 268 A ASP 269 A LEU 270 A ASN 314 A VAL 315 A SER 318 A THR 319 A VAL 320 A PHE 321 A PRO 322 A PRO 323 A THR 324 A PHE 326 A GLY 327 A PRO 328 A TYR 346 A PHE 348 A ARG 349 A GLU 350 A LEU 389 A ASP 390 A THR 393 A THR 394 A CYS 395 A PHE 396 A SER 397 A ARG 457 A TYR 458 A ASN 459 A LEU 460 A PRO 461 A ASN 628 A SER 664 A GLU 665 A MET 666 A VAL 675 A LYS 676 A PRO 677
014 |         000007.4030 | 00000003745666.0000 | A ASP 161 A TYR 163 A ASP 164 A VAL 166 A GLU 167 A HIS 439 A ASP 452 A TYR 455 A LYS 545 A ILE 548 A SER 549 A ALA 550 A LYS 551 A ARG 553 A ALA 554 A ARG 555 A THR 556 A TRP 617 A ASP 618 A TYR 619 A PRO 620 A LYS 621 A CYS 622 A ASP 623 A ARG 624 A SER 682 A THR 687 A ALA 688 A ASN 691 A LEU 758 A SER 759 A ASP 760 A ASP 761 A PHE 793 A MET 794 A SER 795 A GLU 796 A LYS 798 A CYS 799 A TRP 800 A GLU 811 A PHE 812 A CYS 813 A SER 814 A ARG 836
015 |         000007.3830 | 00000003874264.2500 | A ASP 161 A TYR 163 A ASP 164 A VAL 166 A HIS 439 A TYR 455 A TYR 456 A MET 542 A ALA 547 A ILE 548 A SER 549 A ALA 550 A LYS 551 A ARG 553 A ARG 555 A THR 556 A ALA 558 A TRP 617 A ASP 618 A TYR 619 A PRO 620 A LYS 621 A CYS 622 A ASP 623 A ARG 624 A THR 680 A SER 681 A SER 682 A THR 687 A ALA 688 A ASN 691 A LEU 758 A SER 759 A ASP 760 A ASP 761 A ALA 762 A PHE 793 A SER 795 A ALA 797 A LYS 798 A TRP 800 A GLU 811 A CYS 813 A SER 814 A ARG 836 A ALA 840
016 |         000007.3630 | 00000004007277.7500 | A ARG 173 A ALA 176 A ASN 177 A GLU 180 A LEU 245 A THR 246 A ARG 249 A ALA 250 A LEU 251 A THR 252 A SER 255 A LEU 261 A TYR 265 A LYS 267 A TRP 268 A LEU 270 A VAL 315 A LEU 316 A SER 318 A THR 319 A VAL 320 A PHE 321 A PRO 322 A PRO 323 A THR 324 A ARG 349 A GLU 350 A LEU 387 A LEU 388 A LEU 389 A ASP 390 A LYS 391 A THR 393 A THR 394 A CYS 395 A PHE 396 A SER 397 A TYR 456 A ARG 457 A ASN 459 A LEU 460 A PRO 461 A ASN 628 A PRO 677
017 |         000007.3610 | 00000004020827.7500 | A PRO 169 A ASP 170 A LEU 172 A ARG 173 A LEU 245 A THR 246 A ARG 249 A LEU 251 A THR 252 A SER 255 A TYR 265 A ILE 266 A LYS 267 A TRP 268 A LEU 270 A ASN 314 A VAL 315 A LEU 316 A SER 318 A THR 319 A VAL 320 A PHE 321 A PRO 322 A PRO 323 A THR 324 A ARG 349 A GLU 350 A LEU 387 A LEU 388 A LEU 389 A ASP 390 A LYS 391 A THR 393 A THR 394 A CYS 395 A PHE 396 A SER 397 A VAL 398 A TYR 456 A ARG 457 A TYR 458 A ASN 459 A LEU 460 A PRO 461 A ASN 628 A VAL 675 A PRO 677
018 |         000007.3290 | 00000004243965.0000 | A LYS 438 A HIS 439 A ASP 452 A TYR 455 A TYR 456 A MET 542 A LYS 545 A ALA 547 A ILE 548 A SER 549 A ALA 550 A LYS 551 A ARG 553 A ARG 555 A THR 556 A VAL 557 A ALA 558 A ILE 589 A TRP 617 A ASP 618 A TYR 619 A LYS 621 A CYS 622 A ASP 623 A ARG 624 A LYS 676 A THR 680 A SER 681 A SER 682 A GLY 683 A ASP 684 A ALA 685 A THR 687 A ALA 688 A TYR 689 A ASN 691 A SER 759 A ASP 760 A ASP 761 A LYS 798 A TRP 800 A HIS 810 A GLU 811 A CYS 813 A SER 814 A ASP 833 A SER 835 A ARG 836
019 |         000007.3200 | 00000004308924.0000 | A PRO 169 A ASP 170 A LEU 172 A ARG 173 A THR 246 A ARG 249 A THR 252 A SER 255 A TYR 265 A ILE 266 A LYS 267 A TRP 268 A TYR 273 A THR 319 A VAL 320 A PHE 321 A PRO 322 A PRO 323 A THR 324 A SER 325 A PHE 326 A GLY 327 A PRO 328 A LEU 329 A VAL 330 A TYR 346 A HIS 347 A PHE 348 A ARG 349 A PRO 378 A ALA 379 A ALA 382 A ALA 383 A LEU 387 A ASP 390 A LYS 391 A THR 393 A THR 394 A CYS 395 A PHE 396 A SER 397 A VAL 398 A TYR 456 A ARG 457 A ASN 459 A LEU 460 A PRO 461 A SER 664 A MET 666 A VAL 675 A PRO 677
020 |         000007.3090 | 00000004389671.0000 | A PHE 165 A VAL 166 A PRO 169 A ASP 170 A LEU 172 A ARG 173 A ALA 176 A ASN 177 A THR 246 A ARG 249 A LEU 251 A THR 252 A SER 255 A LEU 261 A TYR 265 A ILE 266 A LYS 267 A TRP 268 A LEU 316 A THR 319 A VAL 320 A PHE 321 A PRO 322 A PRO 323 A ARG 349 A ASP 390 A LYS 391 A THR 393 A THR 394 A CYS 395 A PHE 396 A SER 397 A ARG 457 A TYR 458 A ASN 459 A LEU 460 A PRO 461 A VAL 675 A PRO 677 A ASN 791
021 |         000007.3050 | 00000004419407.0000 | A VAL 166 A HIS 439 A ASP 452 A TYR 455 A TYR 456 A MET 542 A LYS 545 A ALA 547 A ILE 548 A SER 549 A ALA 550 A LYS 551 A ARG 553 A ARG 555 A THR 556 A VAL 557 A ALA 558 A LEU 576 A ASP 618 A TYR 619 A PRO 620 A LYS 621 A CYS 622 A ASP 623 A ARG 624 A THR 680 A SER 681 A SER 682 A GLY 683 A ASP 684 A ALA 685 A THR 687 A ALA 688 A TYR 689 A ASN 691 A LEU 758 A SER 759 A ASP 760 A ASP 761 A LYS 798 A GLU 811 A CYS 813 A SER 814 A ARG 836
022 |         000007.2800 | 00000004609876.0000 | A HIS 439 A ASN 496 A LYS 545 A ILE 548 A SER 549 A ALA 550 A LYS 551 A ARG 553 A ARG 555 A THR 556 A VAL 557 A ALA 558 A ARG 569 A GLN 573 A LEU 576 A LYS 577 A ALA 580 A ILE 589 A GLY 590 A THR 591 A TRP 617 A ASP 618 A TYR 619 A PRO 620 A LYS 621 A CYS 622 A ASP 623 A THR 680 A SER 682 A GLY 683 A ASP 684 A ALA 685 A THR 687 A ALA 688 A TYR 689 A ASN 691 A LEU 758 A SER 759 A ASP 760 A ASP 761 A LYS 798 A TRP 800 A GLU 811 A PHE 812 A CYS 813 A SER 814 A ASP 833 A ARG 836
023 |         000007.2780 | 00000004625463.5000 | A PHE 165 A VAL 166 A PRO 169 A ASP 170 A LEU 172 A ARG 173 A THR 246 A ARG 249 A LEU 251 A THR 252 A SER 255 A LEU 261 A TYR 265 A ILE 266 A LYS 267 A TRP 268 A SER 318 A THR 319 A VAL 320 A PHE 321 A PRO 322 A PRO 323 A THR 324 A ARG 349 A LEU 389 A ASP 390 A LYS 391 A THR 393 A THR 394 A CYS 395 A PHE 396 A SER 397 A TYR 456 A ARG 457 A TYR 458 A LEU 460 A PRO 461 A VAL 675 A LYS 676 A PRO 677 A ASN 791
024 |         000007.2520 | 00000004832963.5000 | A VAL 166 A GLU 167 A ASP 452 A TYR 455 A TYR 456 A MET 542 A LYS 545 A LYS 551 A ASN 552 A ARG 553 A ARG 555 A THR 556 A VAL 557 A ALA 558 A TRP 617 A ASP 618 A TYR 619 A PRO 620 A LYS 621 A CYS 622 A ASP 623 A ARG 624 A THR 680 A SER 681 A SER 682 A GLY 683 A ASP 684 A ALA 685 A THR 686 A THR 687 A ALA 688 A TYR 689 A ASN 691 A LEU 758 A SER 759 A ASP 760 A ASP 761 A LYS 798 A CYS 799 A TRP 800 A HIS 810 A GLU 811 A CYS 813 A SER 814
025 |         000007.1770 | 00000005485159.5000 | A ASP 164 A VAL 166 A GLU 167 A HIS 439 A ASP 452 A TYR 455 A TYR 456 A LYS 545 A ALA 547 A ILE 548 A SER 549 A ALA 550 A LYS 551 A ASN 552 A ARG 553 A ARG 555 A THR 556 A TRP 617 A ASP 618 A TYR 619 A PRO 620 A LYS 621 A CYS 622 A ASP 623 A ARG 624 A THR 680 A SER 681 A SER 682 A ASN 691 A LEU 758 A SER 759 A ASP 760 A ASP 761 A ALA 762 A PHE 793 A SER 795 A LYS 798 A CYS 799 A TRP 800 A HIS 810 A GLU 811 A CYS 813 A SER 814 A ARG 836

After clustering the 25 runs, the following 17 distinct complex conformations were found:
[They all differ by at least 5.0 A heavy atom RMSD after superposing on the receptor]

Clu |Bind.energy[kcal/mol]|Dissoc. constant [pM]| Contacting receptor residues
----+---------------------+---------------------+-----------------------------
001 |         000007.8130 | 00000001874973.2500 | A PRO 169 A ASP 170 A LEU 172 A ARG 173 A LEU 245 A THR 246 A ARG 249 A ALA 250 A LEU 251 A THR 252 A SER 255 A HIS 256 A TYR 265 A ILE 266 A LYS 267 A TRP 268 A LEU 270 A ASN 314 A VAL 315 A LEU 316 A SER 318 A THR 319 A VAL 320 A PHE 321 A PRO 322 A PRO 323 A PHE 326 A GLY 327 A TYR 346 A PHE 348 A ARG 349 A GLU 350 A LEU 389 A LYS 391 A THR 393 A THR 394 A CYS 395 A PHE 396 A SER 397 A TYR 456 A ARG 457 A ASN 459 A LEU 460 A PRO 461 A THR 462 A ASN 628 A SER 664 A VAL 675 A LYS 676 A PRO 677
002 |         000007.6480 | 00000002477089.2500 | A ARG 173 A ALA 176 A ASN 177 A LEU 245 A THR 246 A ARG 249 A ALA 250 A LEU 251 A THR 252 A ALA 253 A SER 255 A HIS 256 A LEU 261 A THR 262 A TYR 265 A ILE 266 A LYS 267 A TRP 268 A LEU 270 A LEU 316 A THR 319 A VAL 320 A PHE 321 A PRO 322 A PRO 323 A ARG 349 A GLU 350 A THR 394 A CYS 395 A PHE 396 A SER 397 A TYR 456 A ARG 457 A ASN 459 A LEU 460 A PRO 461 A THR 462 A ASN 628 A SER 664 A VAL 675 A LYS 676 A PRO 677
003 |         000007.6190 | 00000002601351.0000 | A HIS 439 A ASP 452 A TYR 455 A TYR 456 A LYS 500 A MET 542 A LYS 545 A ILE 548 A SER 549 A ALA 550 A LYS 551 A ARG 553 A ARG 555 A THR 556 A VAL 557 A ALA 558 A GLY 616 A TRP 617 A ASP 618 A TYR 619 A PRO 620 A LYS 621 A CYS 622 A ASP 623 A ARG 624 A THR 680 A SER 681 A SER 682 A GLY 683 A ASP 684 A ALA 685 A THR 687 A ALA 688 A ASN 691 A LEU 758 A SER 759 A ASP 760 A ASP 761 A ALA 762 A LYS 798 A TRP 800 A HIS 810 A GLU 811 A CYS 813 A SER 814 A ARG 836
004 |         000007.5590 | 00000002878588.2500 | A LYS 160 A ASP 161 A TYR 163 A ASP 164 A PHE 165 A VAL 166 A GLU 167 A HIS 439 A ALA 547 A ILE 548 A SER 549 A ALA 550 A LYS 551 A ARG 553 A ARG 555 A GLY 616 A TRP 617 A ASP 618 A TYR 619 A PRO 620 A LYS 621 A CYS 622 A ASP 623 A THR 680 A SER 682 A THR 687 A ASN 691 A SER 759 A ASP 760 A ASP 761 A ALA 762 A PHE 793 A MET 794 A SER 795 A GLU 796 A ALA 797 A LYS 798 A TRP 800 A HIS 810 A GLU 811 A CYS 813 A SER 814 A ARG 836
005 |         000007.4720 | 00000003333890.7500 | A PHE 165 A VAL 166 A PRO 169 A LEU 172 A ARG 173 A ALA 176 A LEU 245 A THR 246 A ARG 249 A ALA 250 A LEU 251 A THR 252 A SER 255 A TYR 265 A ILE 266 A LYS 267 A TRP 268 A ASN 314 A VAL 315 A LEU 316 A SER 318 A THR 319 A VAL 320 A PHE 321 A PRO 322 A PRO 323 A ARG 349 A GLU 350 A LEU 389 A ASP 390 A LYS 391 A THR 394 A CYS 395 A PHE 396 A SER 397 A TYR 456 A ARG 457 A TYR 458 A ASN 459 A LEU 460 A PRO 461 A ASN 628 A VAL 675 A PRO 677
006 |         000007.4470 | 00000003477576.0000 | A PRO 169 A LEU 172 A THR 246 A LEU 247 A ARG 249 A THR 252 A SER 255 A TYR 265 A ILE 266 A LYS 267 A TRP 268 A LEU 270 A THR 319 A VAL 320 A PHE 321 A PRO 322 A PRO 323 A THR 324 A ARG 349 A LEU 387 A LEU 388 A LEU 389 A ASP 390 A LYS 391 A THR 393 A THR 394 A CYS 395 A PHE 396 A SER 397 A VAL 398 A TYR 456 A ARG 457 A TYR 458 A ASN 459 A LEU 460 A PRO 461 A PRO 677
007 |         000007.4030 | 00000003745666.0000 | A ASP 161 A TYR 163 A ASP 164 A VAL 166 A GLU 167 A HIS 439 A ASP 452 A TYR 455 A LYS 545 A ILE 548 A SER 549 A ALA 550 A LYS 551 A ARG 553 A ALA 554 A ARG 555 A THR 556 A TRP 617 A ASP 618 A TYR 619 A PRO 620 A LYS 621 A CYS 622 A ASP 623 A ARG 624 A SER 682 A THR 687 A ALA 688 A ASN 691 A LEU 758 A SER 759 A ASP 760 A ASP 761 A PHE 793 A MET 794 A SER 795 A GLU 796 A LYS 798 A CYS 799 A TRP 800 A GLU 811 A PHE 812 A CYS 813 A SER 814 A ARG 836
008 |         000007.3830 | 00000003874264.2500 | A ASP 161 A TYR 163 A ASP 164 A VAL 166 A HIS 439 A TYR 455 A TYR 456 A MET 542 A ALA 547 A ILE 548 A SER 549 A ALA 550 A LYS 551 A ARG 553 A ARG 555 A THR 556 A ALA 558 A TRP 617 A ASP 618 A TYR 619 A PRO 620 A LYS 621 A CYS 622 A ASP 623 A ARG 624 A THR 680 A SER 681 A SER 682 A THR 687 A ALA 688 A ASN 691 A LEU 758 A SER 759 A ASP 760 A ASP 761 A ALA 762 A PHE 793 A SER 795 A ALA 797 A LYS 798 A TRP 800 A GLU 811 A CYS 813 A SER 814 A ARG 836 A ALA 840
009 |         000007.3630 | 00000004007277.7500 | A ARG 173 A ALA 176 A ASN 177 A GLU 180 A LEU 245 A THR 246 A ARG 249 A ALA 250 A LEU 251 A THR 252 A SER 255 A LEU 261 A TYR 265 A LYS 267 A TRP 268 A LEU 270 A VAL 315 A LEU 316 A SER 318 A THR 319 A VAL 320 A PHE 321 A PRO 322 A PRO 323 A THR 324 A ARG 349 A GLU 350 A LEU 387 A LEU 388 A LEU 389 A ASP 390 A LYS 391 A THR 393 A THR 394 A CYS 395 A PHE 396 A SER 397 A TYR 456 A ARG 457 A ASN 459 A LEU 460 A PRO 461 A ASN 628 A PRO 677
010 |         000007.3610 | 00000004020827.7500 | A PRO 169 A ASP 170 A LEU 172 A ARG 173 A LEU 245 A THR 246 A ARG 249 A LEU 251 A THR 252 A SER 255 A TYR 265 A ILE 266 A LYS 267 A TRP 268 A LEU 270 A ASN 314 A VAL 315 A LEU 316 A SER 318 A THR 319 A VAL 320 A PHE 321 A PRO 322 A PRO 323 A THR 324 A ARG 349 A GLU 350 A LEU 387 A LEU 388 A LEU 389 A ASP 390 A LYS 391 A THR 393 A THR 394 A CYS 395 A PHE 396 A SER 397 A VAL 398 A TYR 456 A ARG 457 A TYR 458 A ASN 459 A LEU 460 A PRO 461 A ASN 628 A VAL 675 A PRO 677
011 |         000007.3290 | 00000004243965.0000 | A LYS 438 A HIS 439 A ASP 452 A TYR 455 A TYR 456 A MET 542 A LYS 545 A ALA 547 A ILE 548 A SER 549 A ALA 550 A LYS 551 A ARG 553 A ARG 555 A THR 556 A VAL 557 A ALA 558 A ILE 589 A TRP 617 A ASP 618 A TYR 619 A LYS 621 A CYS 622 A ASP 623 A ARG 624 A LYS 676 A THR 680 A SER 681 A SER 682 A GLY 683 A ASP 684 A ALA 685 A THR 687 A ALA 688 A TYR 689 A ASN 691 A SER 759 A ASP 760 A ASP 761 A LYS 798 A TRP 800 A HIS 810 A GLU 811 A CYS 813 A SER 814 A ASP 833 A SER 835 A ARG 836
012 |         000007.3200 | 00000004308924.0000 | A PRO 169 A ASP 170 A LEU 172 A ARG 173 A THR 246 A ARG 249 A THR 252 A SER 255 A TYR 265 A ILE 266 A LYS 267 A TRP 268 A TYR 273 A THR 319 A VAL 320 A PHE 321 A PRO 322 A PRO 323 A THR 324 A SER 325 A PHE 326 A GLY 327 A PRO 328 A LEU 329 A VAL 330 A TYR 346 A HIS 347 A PHE 348 A ARG 349 A PRO 378 A ALA 379 A ALA 382 A ALA 383 A LEU 387 A ASP 390 A LYS 391 A THR 393 A THR 394 A CYS 395 A PHE 396 A SER 397 A VAL 398 A TYR 456 A ARG 457 A ASN 459 A LEU 460 A PRO 461 A SER 664 A MET 666 A VAL 675 A PRO 677
013 |         000007.3090 | 00000004389671.0000 | A PHE 165 A VAL 166 A PRO 169 A ASP 170 A LEU 172 A ARG 173 A ALA 176 A ASN 177 A THR 246 A ARG 249 A LEU 251 A THR 252 A SER 255 A LEU 261 A TYR 265 A ILE 266 A LYS 267 A TRP 268 A LEU 316 A THR 319 A VAL 320 A PHE 321 A PRO 322 A PRO 323 A ARG 349 A ASP 390 A LYS 391 A THR 393 A THR 394 A CYS 395 A PHE 396 A SER 397 A ARG 457 A TYR 458 A ASN 459 A LEU 460 A PRO 461 A VAL 675 A PRO 677 A ASN 791
014 |         000007.2800 | 00000004609876.0000 | A HIS 439 A ASN 496 A LYS 545 A ILE 548 A SER 549 A ALA 550 A LYS 551 A ARG 553 A ARG 555 A THR 556 A VAL 557 A ALA 558 A ARG 569 A GLN 573 A LEU 576 A LYS 577 A ALA 580 A ILE 589 A GLY 590 A THR 591 A TRP 617 A ASP 618 A TYR 619 A PRO 620 A LYS 621 A CYS 622 A ASP 623 A THR 680 A SER 682 A GLY 683 A ASP 684 A ALA 685 A THR 687 A ALA 688 A TYR 689 A ASN 691 A LEU 758 A SER 759 A ASP 760 A ASP 761 A LYS 798 A TRP 800 A GLU 811 A PHE 812 A CYS 813 A SER 814 A ASP 833 A ARG 836
015 |         000007.2780 | 00000004625463.5000 | A PHE 165 A VAL 166 A PRO 169 A ASP 170 A LEU 172 A ARG 173 A THR 246 A ARG 249 A LEU 251 A THR 252 A SER 255 A LEU 261 A TYR 265 A ILE 266 A LYS 267 A TRP 268 A SER 318 A THR 319 A VAL 320 A PHE 321 A PRO 322 A PRO 323 A THR 324 A ARG 349 A LEU 389 A ASP 390 A LYS 391 A THR 393 A THR 394 A CYS 395 A PHE 396 A SER 397 A TYR 456 A ARG 457 A TYR 458 A LEU 460 A PRO 461 A VAL 675 A LYS 676 A PRO 677 A ASN 791
016 |         000007.2520 | 00000004832963.5000 | A VAL 166 A GLU 167 A ASP 452 A TYR 455 A TYR 456 A MET 542 A LYS 545 A LYS 551 A ASN 552 A ARG 553 A ARG 555 A THR 556 A VAL 557 A ALA 558 A TRP 617 A ASP 618 A TYR 619 A PRO 620 A LYS 621 A CYS 622 A ASP 623 A ARG 624 A THR 680 A SER 681 A SER 682 A GLY 683 A ASP 684 A ALA 685 A THR 686 A THR 687 A ALA 688 A TYR 689 A ASN 691 A LEU 758 A SER 759 A ASP 760 A ASP 761 A LYS 798 A CYS 799 A TRP 800 A HIS 810 A GLU 811 A CYS 813 A SER 814
017 |         000007.1770 | 00000005485159.5000 | A ASP 164 A VAL 166 A GLU 167 A HIS 439 A ASP 452 A TYR 455 A TYR 456 A LYS 545 A ALA 547 A ILE 548 A SER 549 A ALA 550 A LYS 551 A ASN 552 A ARG 553 A ARG 555 A THR 556 A TRP 617 A ASP 618 A TYR 619 A PRO 620 A LYS 621 A CYS 622 A ASP 623 A ARG 624 A THR 680 A SER 681 A SER 682 A ASN 691 A LEU 758 A SER 759 A ASP 760 A ASP 761 A ALA 762 A PHE 793 A SER 795 A LYS 798 A CYS 799 A TRP 800 A HIS 810 A GLU 811 A CYS 813 A SER 814 A ARG 836

While the table above lists the best binding energy in each cluster, it is sometimes
helpful to also look at the energy spread [average and standard deviation], the
dissociation constant has been recalculated from the average binding energy:

Clu |Members|Bind.energy spread [kcal/mol]|Dissoc. constant [pM]
----+-------+-----------------------------+---------------------
001 |  002  |    000007.6115+-000000.2015 | 00000002634692.5711
002 |  001  |    000007.6480+-000000.0000 | 00000002477281.9827
003 |  003  |    000007.4983+-000000.1381 | 00000003189200.0509
004 |  001  |    000007.5590+-000000.0000 | 00000002878808.2159
005 |  001  |    000007.4720+-000000.0000 | 00000003334142.2007
006 |  001  |    000007.4470+-000000.0000 | 00000003477837.7847
007 |  001  |    000007.4030+-000000.0000 | 00000003745947.3147
008 |  001  |    000007.3830+-000000.0000 | 00000003874554.3511
009 |  001  |    000007.3630+-000000.0000 | 00000004007576.7646
010 |  001  |    000007.3610+-000000.0000 | 00000004021126.6725
011 |  001  |    000007.3290+-000000.0000 | 00000004244279.4647
012 |  001  |    000007.3200+-000000.0000 | 00000004309242.0751
013 |  001  |    000007.3090+-000000.0000 | 00000004389995.3966
014 |  001  |    000007.2800+-000000.0000 | 00000004610213.9091
015 |  001  |    000007.2780+-000000.0000 | 00000004625805.0998
016 |  001  |    000007.2520+-000000.0000 | 00000004833319.2918
017 |  001  |    000007.1770+-000000.0000 | 00000005485557.1679

The results of the 25 runs have been combined in a single scene at C:\Users\yons\Desktop\PNA-CPP-7\PNA-CPP-7 CAVITY 3\dock.sce
The 17 clusters have been saved as:
C:\Users\yons\Desktop\PNA-CPP-7\PNA-CPP-7 CAVITY 3\dock_001.yob
C:\Users\yons\Desktop\PNA-CPP-7\PNA-CPP-7 CAVITY 3\dock_002.yob
C:\Users\yons\Desktop\PNA-CPP-7\PNA-CPP-7 CAVITY 3\dock_003.yob
C:\Users\yons\Desktop\PNA-CPP-7\PNA-CPP-7 CAVITY 3\dock_004.yob
C:\Users\yons\Desktop\PNA-CPP-7\PNA-CPP-7 CAVITY 3\dock_005.yob
C:\Users\yons\Desktop\PNA-CPP-7\PNA-CPP-7 CAVITY 3\dock_006.yob
C:\Users\yons\Desktop\PNA-CPP-7\PNA-CPP-7 CAVITY 3\dock_007.yob
C:\Users\yons\Desktop\PNA-CPP-7\PNA-CPP-7 CAVITY 3\dock_008.yob
C:\Users\yons\Desktop\PNA-CPP-7\PNA-CPP-7 CAVITY 3\dock_009.yob
C:\Users\yons\Desktop\PNA-CPP-7\PNA-CPP-7 CAVITY 3\dock_010.yob
C:\Users\yons\Desktop\PNA-CPP-7\PNA-CPP-7 CAVITY 3\dock_011.yob
C:\Users\yons\Desktop\PNA-CPP-7\PNA-CPP-7 CAVITY 3\dock_012.yob
C:\Users\yons\Desktop\PNA-CPP-7\PNA-CPP-7 CAVITY 3\dock_013.yob
C:\Users\yons\Desktop\PNA-CPP-7\PNA-CPP-7 CAVITY 3\dock_014.yob
C:\Users\yons\Desktop\PNA-CPP-7\PNA-CPP-7 CAVITY 3\dock_015.yob
C:\Users\yons\Desktop\PNA-CPP-7\PNA-CPP-7 CAVITY 3\dock_016.yob
C:\Users\yons\Desktop\PNA-CPP-7\PNA-CPP-7 CAVITY 3\dock_017.yob
