Global docking result analysis
==============================

25 VINA docking runs of the ligand object 3 to the receptor object 1 yielded the following results,
sorted by binding energy [more positive energies indicate stronger binding, and negative energies mean no binding]

Run |Bind.energy[kcal/mol]|Dissoc. constant [pM]| Contacting receptor residues
----+---------------------+---------------------+-----------------------------
001 |         000006.6720 | 00000012863500.0000 | A PRO 169 A ASP 170 A LEU 172 A ARG 173 A ALA 176 A ASN 177 A THR 246 A ARG 249 A LEU 251 A THR 252 A SER 255 A LEU 261 A TYR 265 A ILE 266 A LYS 267 A TRP 268 A LEU 270 A ASN 314 A VAL 315 A SER 318 A THR 319 A VAL 320 A PHE 321 A PRO 322 A PRO 323 A THR 324 A ARG 349 A GLU 350 A LEU 388 A LEU 389 A ASP 390 A LYS 391 A THR 393 A THR 394 A CYS 395 A PHE 396 A SER 397 A TYR 456 A ARG 457 A ASN 459 A LEU 460 A PRO 461 A ASN 628 A PRO 677
002 |         000006.6720 | 00000012863500.0000 | A PRO 169 A ASP 170 A LEU 172 A ARG 173 A ALA 176 A ASN 177 A THR 246 A ARG 249 A LEU 251 A THR 252 A SER 255 A LEU 261 A TYR 265 A ILE 266 A LYS 267 A TRP 268 A LEU 270 A ASN 314 A VAL 315 A SER 318 A THR 319 A VAL 320 A PHE 321 A PRO 322 A PRO 323 A THR 324 A ARG 349 A GLU 350 A LEU 388 A LEU 389 A ASP 390 A LYS 391 A THR 393 A THR 394 A CYS 395 A PHE 396 A SER 397 A TYR 456 A ARG 457 A ASN 459 A LEU 460 A PRO 461 A ASN 628 A PRO 677
003 |         000006.2320 | 00000027032326.0000 | A PRO 169 A ASP 170 A LEU 172 A ARG 173 A ALA 176 A ASN 177 A GLY 179 A GLU 180 A THR 246 A ARG 249 A THR 252 A SER 255 A HIS 256 A LEU 261 A TYR 265 A ILE 266 A LYS 267 A TRP 268 A LEU 270 A ASN 314 A VAL 315 A SER 318 A THR 319 A VAL 320 A PHE 321 A PRO 322 A PRO 323 A THR 324 A PHE 326 A GLY 327 A PRO 328 A ARG 349 A GLU 350 A ALA 382 A LEU 387 A LEU 388 A LEU 389 A ASP 390 A LYS 391 A THR 393 A THR 394 A CYS 395 A PHE 396 A SER 397 A VAL 398 A ALA 399 A ARG 457 A ASN 459 A LEU 460 A PRO 461 A THR 462 A ASN 628 A VAL 675 A LYS 676 A PRO 677
004 |         000006.2320 | 00000027032326.0000 | A PRO 169 A ASP 170 A LEU 172 A ARG 173 A ALA 176 A ASN 177 A GLY 179 A GLU 180 A THR 246 A ARG 249 A THR 252 A SER 255 A HIS 256 A LEU 261 A TYR 265 A ILE 266 A LYS 267 A TRP 268 A LEU 270 A ASN 314 A VAL 315 A SER 318 A THR 319 A VAL 320 A PHE 321 A PRO 322 A PRO 323 A THR 324 A PHE 326 A GLY 327 A PRO 328 A ARG 349 A GLU 350 A ALA 382 A LEU 387 A LEU 388 A LEU 389 A ASP 390 A LYS 391 A THR 393 A THR 394 A CYS 395 A PHE 396 A SER 397 A VAL 398 A ALA 399 A ARG 457 A ASN 459 A LEU 460 A PRO 461 A THR 462 A ASN 628 A VAL 675 A LYS 676 A PRO 677
005 |         000006.0230 | 00000038466480.0000 | A VAL 166 A GLU 167 A ASN 168 A PRO 169 A LEU 172 A ARG 173 A ALA 176 A ASN 177 A THR 246 A ARG 249 A LEU 251 A THR 252 A SER 255 A LEU 261 A TYR 265 A ILE 266 A LYS 267 A TRP 268 A LEU 270 A LEU 316 A SER 318 A THR 319 A VAL 320 A PHE 321 A PRO 322 A PRO 323 A THR 324 A ARG 349 A GLU 350 A LEU 387 A LEU 388 A LEU 389 A ASP 390 A LYS 391 A THR 393 A THR 394 A CYS 395 A PHE 396 A SER 397 A TYR 456 A ARG 457 A TYR 458 A ASN 459 A LEU 460 A PRO 461 A ASN 628 A SER 664 A TYR 674 A VAL 675 A LYS 676 A PRO 677
006 |         000006.0230 | 00000038466480.0000 | A VAL 166 A GLU 167 A ASN 168 A PRO 169 A LEU 172 A ARG 173 A ALA 176 A ASN 177 A THR 246 A ARG 249 A LEU 251 A THR 252 A SER 255 A LEU 261 A TYR 265 A ILE 266 A LYS 267 A TRP 268 A LEU 270 A LEU 316 A SER 318 A THR 319 A VAL 320 A PHE 321 A PRO 322 A PRO 323 A THR 324 A ARG 349 A GLU 350 A LEU 387 A LEU 388 A LEU 389 A ASP 390 A LYS 391 A THR 393 A THR 394 A CYS 395 A PHE 396 A SER 397 A TYR 456 A ARG 457 A TYR 458 A ASN 459 A LEU 460 A PRO 461 A ASN 628 A SER 664 A TYR 674 A VAL 675 A LYS 676 A PRO 677
007 |         000005.9080 | 00000046706636.0000 | A PRO 169 A LEU 172 A ARG 249 A THR 252 A SER 255 A TYR 265 A ILE 266 A LYS 267 A TRP 268 A LEU 270 A LEU 271 A THR 319 A VAL 320 A PHE 321 A PRO 322 A PRO 323 A THR 324 A SER 325 A PHE 326 A GLY 327 A PRO 328 A LEU 329 A VAL 330 A ARG 349 A GLU 350 A ALA 382 A ALA 383 A SER 384 A GLY 385 A ASN 386 A LEU 387 A LEU 388 A LEU 389 A ASP 390 A LYS 391 A THR 393 A THR 394 A CYS 395 A PHE 396 A SER 397 A VAL 398 A ALA 399 A ARG 457 A TYR 458 A ASN 459 A LEU 460 A PRO 461 A ASN 628 A MET 666 A VAL 675 A PRO 677
008 |         000005.9080 | 00000046706636.0000 | A PRO 169 A LEU 172 A ARG 249 A THR 252 A SER 255 A TYR 265 A ILE 266 A LYS 267 A TRP 268 A LEU 270 A LEU 271 A THR 319 A VAL 320 A PHE 321 A PRO 322 A PRO 323 A THR 324 A SER 325 A PHE 326 A GLY 327 A PRO 328 A LEU 329 A VAL 330 A ARG 349 A GLU 350 A ALA 382 A ALA 383 A SER 384 A GLY 385 A ASN 386 A LEU 387 A LEU 388 A LEU 389 A ASP 390 A LYS 391 A THR 393 A THR 394 A CYS 395 A PHE 396 A SER 397 A VAL 398 A ALA 399 A ARG 457 A TYR 458 A ASN 459 A LEU 460 A PRO 461 A ASN 628 A MET 666 A VAL 675 A PRO 677
009 |         000005.8790 | 00000049049644.0000 | A ASN 150 A CYS 151 A CYS 152 A PRO 169 A ASP 170 A LEU 172 A ARG 173 A ALA 176 A ASN 177 A LEU 245 A THR 246 A ARG 249 A ALA 250 A LEU 251 A THR 252 A SER 255 A HIS 256 A LEU 261 A TYR 265 A ILE 266 A LYS 267 A TRP 268 A LEU 270 A LEU 316 A THR 319 A VAL 320 A PHE 321 A PRO 322 A PRO 323 A THR 324 A ARG 349 A LEU 389 A ASP 390 A LYS 391 A THR 393 A THR 394 A CYS 395 A PHE 396 A SER 397 A TYR 456 A ARG 457 A TYR 458 A ASN 459 A LEU 460 A PRO 461 A VAL 675 A PRO 677
010 |         000005.8790 | 00000049049644.0000 | A ASN 150 A CYS 151 A CYS 152 A PRO 169 A ASP 170 A LEU 172 A ARG 173 A ALA 176 A ASN 177 A LEU 245 A THR 246 A ARG 249 A ALA 250 A LEU 251 A THR 252 A SER 255 A HIS 256 A LEU 261 A TYR 265 A ILE 266 A LYS 267 A TRP 268 A LEU 270 A LEU 316 A THR 319 A VAL 320 A PHE 321 A PRO 322 A PRO 323 A THR 324 A ARG 349 A LEU 389 A ASP 390 A LYS 391 A THR 393 A THR 394 A CYS 395 A PHE 396 A SER 397 A TYR 456 A ARG 457 A TYR 458 A ASN 459 A LEU 460 A PRO 461 A VAL 675 A PRO 677
011 |         000005.8770 | 00000049215496.0000 | A PRO 169 A ASP 170 A LEU 172 A ARG 173 A ALA 176 A ARG 249 A THR 252 A ALA 253 A SER 255 A HIS 256 A LEU 261 A PRO 264 A TYR 265 A ILE 266 A LYS 267 A TRP 268 A LEU 270 A SER 318 A THR 319 A VAL 320 A PHE 321 A PRO 322 A PRO 323 A THR 324 A PHE 326 A ARG 349 A LEU 389 A ASP 390 A LYS 391 A THR 393 A THR 394 A CYS 395 A PHE 396 A SER 397 A ARG 457 A TYR 458 A LEU 460 A PRO 461 A VAL 675 A LYS 676 A PRO 677
012 |         000005.8530 | 00000051250028.0000 | A PRO 169 A ASP 170 A LEU 172 A ARG 173 A ALA 176 A ASN 177 A THR 246 A ARG 249 A THR 252 A ALA 253 A SER 255 A HIS 256 A LEU 261 A TYR 265 A ILE 266 A TRP 268 A LEU 316 A SER 318 A THR 319 A VAL 320 A PHE 321 A PRO 322 A PRO 323 A THR 324 A ARG 349 A LEU 389 A ASP 390 A LYS 391 A THR 393 A THR 394 A CYS 395 A PHE 396 A SER 397 A VAL 398 A TYR 456 A ARG 457 A TYR 458 A ASN 459 A LEU 460 A PRO 461 A VAL 675 A LYS 676 A PRO 677
013 |         000005.8440 | 00000052034476.0000 | A PRO 169 A ASP 170 A LEU 172 A ARG 173 A ALA 176 A ASN 177 A LEU 245 A THR 246 A ARG 249 A LEU 251 A THR 252 A ALA 253 A SER 255 A HIS 256 A LEU 261 A TYR 265 A ILE 266 A LYS 267 A TRP 268 A LEU 270 A LEU 316 A SER 318 A THR 319 A VAL 320 A PHE 321 A PRO 322 A PRO 323 A THR 324 A PHE 326 A ARG 349 A ASP 390 A THR 393 A THR 394 A CYS 395 A PHE 396 A SER 397 A TYR 456 A ARG 457 A ASN 459 A LEU 460 A PRO 461 A THR 462 A ASN 628 A SER 664 A VAL 675 A LYS 676 A PRO 677
014 |         000005.7730 | 00000058659032.0000 | A PRO 169 A ASP 170 A LEU 172 A ARG 173 A ALA 176 A THR 246 A ARG 249 A THR 252 A SER 255 A HIS 256 A LEU 261 A PRO 264 A TYR 265 A ILE 266 A LYS 267 A TRP 268 A LEU 270 A VAL 315 A SER 318 A THR 319 A VAL 320 A PHE 321 A PRO 322 A PRO 323 A THR 324 A ARG 349 A GLU 350 A LEU 388 A LEU 389 A ASP 390 A LYS 391 A THR 393 A THR 394 A CYS 395 A PHE 396 A SER 397 A ASN 459 A LEU 460 A PRO 461 A THR 462 A ASN 628 A SER 664 A VAL 675 A LYS 676 A PRO 677
015 |         000005.7540 | 00000060570628.0000 | A PRO 169 A LEU 172 A ARG 173 A LEU 245 A THR 246 A ARG 249 A ALA 250 A LEU 251 A THR 252 A SER 255 A TYR 265 A ILE 266 A LYS 267 A TRP 268 A LEU 270 A TYR 273 A LEU 316 A THR 319 A VAL 320 A PHE 321 A PRO 322 A PRO 323 A THR 324 A SER 325 A PHE 326 A GLY 327 A PRO 328 A LEU 329 A VAL 330 A VAL 341 A SER 343 A HIS 347 A ARG 349 A PRO 378 A ALA 379 A ALA 382 A ALA 383 A SER 384 A GLY 385 A LEU 387 A LEU 388 A LEU 389 A ASP 390 A LYS 391 A THR 393 A THR 394 A CYS 395 A PHE 396 A SER 397 A VAL 398 A ALA 399 A ARG 457 A LEU 460 A PRO 461 A MET 666 A LEU 673 A VAL 675 A PRO 677
016 |         000005.7370 | 00000062333748.0000 | A PRO 169 A ASP 170 A LEU 172 A ARG 173 A ALA 176 A ASN 177 A LEU 245 A THR 246 A ARG 249 A LEU 251 A THR 252 A SER 255 A HIS 256 A LEU 261 A THR 262 A TYR 265 A ILE 266 A LYS 267 A TRP 268 A ASP 269 A LEU 270 A LEU 316 A SER 318 A THR 319 A VAL 320 A PHE 321 A PRO 322 A PRO 323 A THR 324 A SER 325 A PHE 326 A GLY 327 A PRO 328 A LEU 329 A VAL 330 A VAL 341 A ARG 349 A ALA 379 A ALA 382 A ALA 383 A GLY 385 A ASN 386 A LEU 387 A LEU 389 A LYS 391 A THR 393 A THR 394 A CYS 395 A PHE 396 A SER 397 A VAL 398 A ALA 399 A ALA 400 A TYR 456 A ARG 457 A TYR 458 A ASN 459 A LEU 460 A PRO 461 A MET 666 A VAL 675 A LYS 676 A PRO 677
017 |         000005.6960 | 00000066800028.0000 | A PRO 169 A ASP 170 A LEU 172 A ARG 173 A ALA 176 A ASN 177 A THR 246 A ARG 249 A LEU 251 A THR 252 A SER 255 A HIS 256 A LEU 261 A THR 262 A LYS 263 A PRO 264 A TYR 265 A ILE 266 A LYS 267 A TRP 268 A ASP 269 A LEU 270 A LEU 316 A THR 319 A VAL 320 A PHE 321 A PRO 322 A PRO 323 A THR 324 A ARG 349 A LEU 387 A LEU 388 A LEU 389 A ASP 390 A LYS 391 A THR 393 A THR 394 A CYS 395 A PHE 396 A SER 397 A ARG 457 A ASN 459 A LEU 460 A PRO 461 A PRO 677
018 |         000005.6920 | 00000067252536.0000 | A PRO 169 A ASP 170 A LEU 172 A ARG 173 A LEU 245 A THR 246 A ARG 249 A LEU 251 A THR 252 A SER 255 A TYR 265 A ILE 266 A LYS 267 A TRP 268 A VAL 315 A LEU 316 A THR 319 A VAL 320 A PHE 321 A PRO 322 A PRO 323 A THR 324 A ARG 349 A GLU 350 A LEU 389 A ASP 390 A LYS 391 A ARG 392 A THR 393 A THR 394 A CYS 395 A PHE 396 A SER 397 A ASP 454 A TYR 456 A ARG 457 A ASN 459 A LEU 460 A PRO 461 A THR 462 A PRO 627 A ASN 628 A MET 629 A TYR 674 A VAL 675 A LYS 676 A PRO 677
019 |         000005.6770 | 00000068976928.0000 | A PRO 169 A ASP 170 A LEU 172 A THR 246 A ARG 249 A THR 252 A SER 255 A TYR 265 A ILE 266 A LYS 267 A TRP 268 A ASP 269 A LEU 270 A LEU 271 A LYS 272 A TYR 273 A LEU 316 A THR 319 A VAL 320 A PHE 321 A PRO 322 A PRO 323 A THR 324 A SER 325 A PHE 326 A GLY 327 A PRO 328 A LEU 329 A VAL 330 A ARG 349 A ALA 382 A ALA 383 A LEU 387 A LEU 388 A LEU 389 A THR 394 A CYS 395 A PHE 396 A VAL 398 A ALA 399 A TYR 456 A ARG 457 A ASN 459 A LEU 460 A PRO 461 A ASN 628 A MET 666 A VAL 675 A PRO 677
020 |         000005.6730 | 00000069444184.0000 | A PRO 169 A ASP 170 A LEU 172 A ARG 173 A THR 246 A ARG 249 A LEU 251 A THR 252 A SER 255 A HIS 256 A TYR 265 A ILE 266 A LYS 267 A TRP 268 A LEU 270 A LEU 271 A TYR 273 A ASN 314 A VAL 315 A LEU 316 A SER 318 A THR 319 A VAL 320 A PHE 321 A PRO 322 A PRO 323 A THR 324 A SER 325 A PHE 326 A GLY 327 A PRO 328 A LEU 329 A VAL 330 A ARG 349 A GLU 350 A ALA 379 A ALA 382 A ALA 383 A SER 384 A GLY 385 A LEU 387 A LEU 389 A LYS 391 A THR 393 A THR 394 A CYS 395 A PHE 396 A SER 397 A VAL 398 A ALA 399 A TYR 456 A ARG 457 A ASN 459 A LEU 460 A PRO 461 A THR 462 A ASN 628 A MET 666 A PRO 677
021 |         000005.6730 | 00000069444184.0000 | A PRO 169 A ASP 170 A LEU 172 A ARG 173 A ARG 249 A THR 252 A SER 255 A TYR 265 A ILE 266 A LYS 267 A TRP 268 A LEU 270 A LEU 271 A LYS 272 A TYR 273 A THR 319 A VAL 320 A PHE 321 A PRO 322 A PRO 323 A THR 324 A SER 325 A PHE 326 A GLY 327 A PRO 328 A LEU 329 A VAL 330 A ARG 349 A ALA 382 A ALA 383 A SER 384 A GLY 385 A ASN 386 A LEU 387 A LEU 388 A LEU 389 A ASP 390 A LYS 391 A THR 393 A THR 394 A CYS 395 A PHE 396 A SER 397 A VAL 398 A ALA 399 A TYR 456 A ARG 457 A TYR 458 A ASN 459 A LEU 460 A PRO 461 A MET 666 A VAL 675 A PRO 677
022 |         000005.6410 | 00000073298008.0000 | A PRO 169 A ASP 170 A LEU 172 A ARG 173 A LEU 245 A THR 246 A ARG 249 A ALA 250 A LEU 251 A THR 252 A SER 255 A HIS 256 A TYR 265 A ILE 266 A LYS 267 A TRP 268 A LEU 270 A LEU 316 A THR 319 A VAL 320 A PHE 321 A PRO 322 A PRO 323 A THR 324 A ARG 349 A LEU 387 A LEU 388 A LEU 389 A ASP 390 A LYS 391 A THR 393 A THR 394 A CYS 395 A PHE 396 A SER 397 A TYR 456 A ARG 457 A ASN 459 A LEU 460 A PRO 461 A PRO 677
023 |         000005.6340 | 00000074169136.0000 | A PRO 169 A ASP 170 A LEU 172 A ARG 173 A ALA 176 A LEU 245 A THR 246 A ARG 249 A LEU 251 A THR 252 A ALA 253 A SER 255 A HIS 256 A LEU 261 A TYR 265 A ILE 266 A LYS 267 A TRP 268 A LEU 270 A VAL 315 A LEU 316 A THR 319 A PRO 322 A PRO 323 A ARG 349 A GLU 350 A LEU 389 A ASP 390 A LYS 391 A ARG 392 A THR 393 A THR 394 A CYS 395 A PHE 396 A SER 397 A SER 451 A ASP 454 A ARG 457 A ASN 459 A LEU 460 A PRO 461 A THR 462 A PRO 627 A ASN 628 A MET 629 A PRO 677
024 |         000005.5860 | 00000080428080.0000 | A PRO 169 A LEU 172 A ARG 173 A THR 246 A ARG 249 A LEU 251 A THR 252 A GLU 254 A SER 255 A TYR 265 A ILE 266 A LYS 267 A TRP 268 A LEU 270 A LEU 271 A LYS 272 A TYR 273 A THR 319 A VAL 320 A PHE 321 A PRO 322 A PRO 323 A THR 324 A SER 325 A PHE 326 A GLY 327 A PRO 328 A LEU 329 A VAL 330 A ARG 349 A ALA 379 A ALA 382 A ALA 383 A GLY 385 A ASN 386 A LEU 387 A LEU 388 A LEU 389 A ASP 390 A LYS 391 A THR 393 A THR 394 A CYS 395 A PHE 396 A SER 397 A VAL 398 A ALA 399 A ARG 457 A TYR 458 A ASN 459 A LEU 460 A PRO 461 A ASN 628 A MET 666 A PRO 677
025 |         000005.5560 | 00000084605384.0000 | A PRO 169 A ASP 170 A LEU 172 A ARG 173 A ALA 176 A THR 246 A ARG 249 A LEU 251 A THR 252 A SER 255 A HIS 256 A LEU 261 A TYR 265 A ILE 266 A LYS 267 A TRP 268 A LEU 270 A THR 319 A VAL 320 A PHE 321 A PRO 322 A PRO 323 A THR 324 A ARG 349 A LEU 389 A ASP 390 A LYS 391 A THR 393 A THR 394 A CYS 395 A PHE 396 A SER 397 A ARG 457 A ASN 459 A LEU 460 A PRO 461 A ASN 628 A PRO 677

After clustering the 25 runs, the following 18 distinct complex conformations were found:
[They all differ by at least 5.0 A heavy atom RMSD after superposing on the receptor]

Clu |Bind.energy[kcal/mol]|Dissoc. constant [pM]| Contacting receptor residues
----+---------------------+---------------------+-----------------------------
001 |         000006.6720 | 00000012863500.0000 | A PRO 169 A ASP 170 A LEU 172 A ARG 173 A ALA 176 A ASN 177 A THR 246 A ARG 249 A LEU 251 A THR 252 A SER 255 A LEU 261 A TYR 265 A ILE 266 A LYS 267 A TRP 268 A LEU 270 A ASN 314 A VAL 315 A SER 318 A THR 319 A VAL 320 A PHE 321 A PRO 322 A PRO 323 A THR 324 A ARG 349 A GLU 350 A LEU 388 A LEU 389 A ASP 390 A LYS 391 A THR 393 A THR 394 A CYS 395 A PHE 396 A SER 397 A TYR 456 A ARG 457 A ASN 459 A LEU 460 A PRO 461 A ASN 628 A PRO 677
002 |         000006.2320 | 00000027032326.0000 | A PRO 169 A ASP 170 A LEU 172 A ARG 173 A ALA 176 A ASN 177 A GLY 179 A GLU 180 A THR 246 A ARG 249 A THR 252 A SER 255 A HIS 256 A LEU 261 A TYR 265 A ILE 266 A LYS 267 A TRP 268 A LEU 270 A ASN 314 A VAL 315 A SER 318 A THR 319 A VAL 320 A PHE 321 A PRO 322 A PRO 323 A THR 324 A PHE 326 A GLY 327 A PRO 328 A ARG 349 A GLU 350 A ALA 382 A LEU 387 A LEU 388 A LEU 389 A ASP 390 A LYS 391 A THR 393 A THR 394 A CYS 395 A PHE 396 A SER 397 A VAL 398 A ALA 399 A ARG 457 A ASN 459 A LEU 460 A PRO 461 A THR 462 A ASN 628 A VAL 675 A LYS 676 A PRO 677
003 |         000006.0230 | 00000038466480.0000 | A VAL 166 A GLU 167 A ASN 168 A PRO 169 A LEU 172 A ARG 173 A ALA 176 A ASN 177 A THR 246 A ARG 249 A LEU 251 A THR 252 A SER 255 A LEU 261 A TYR 265 A ILE 266 A LYS 267 A TRP 268 A LEU 270 A LEU 316 A SER 318 A THR 319 A VAL 320 A PHE 321 A PRO 322 A PRO 323 A THR 324 A ARG 349 A GLU 350 A LEU 387 A LEU 388 A LEU 389 A ASP 390 A LYS 391 A THR 393 A THR 394 A CYS 395 A PHE 396 A SER 397 A TYR 456 A ARG 457 A TYR 458 A ASN 459 A LEU 460 A PRO 461 A ASN 628 A SER 664 A TYR 674 A VAL 675 A LYS 676 A PRO 677
004 |         000005.9080 | 00000046706636.0000 | A PRO 169 A LEU 172 A ARG 249 A THR 252 A SER 255 A TYR 265 A ILE 266 A LYS 267 A TRP 268 A LEU 270 A LEU 271 A THR 319 A VAL 320 A PHE 321 A PRO 322 A PRO 323 A THR 324 A SER 325 A PHE 326 A GLY 327 A PRO 328 A LEU 329 A VAL 330 A ARG 349 A GLU 350 A ALA 382 A ALA 383 A SER 384 A GLY 385 A ASN 386 A LEU 387 A LEU 388 A LEU 389 A ASP 390 A LYS 391 A THR 393 A THR 394 A CYS 395 A PHE 396 A SER 397 A VAL 398 A ALA 399 A ARG 457 A TYR 458 A ASN 459 A LEU 460 A PRO 461 A ASN 628 A MET 666 A VAL 675 A PRO 677
005 |         000005.8790 | 00000049049644.0000 | A ASN 150 A CYS 151 A CYS 152 A PRO 169 A ASP 170 A LEU 172 A ARG 173 A ALA 176 A ASN 177 A LEU 245 A THR 246 A ARG 249 A ALA 250 A LEU 251 A THR 252 A SER 255 A HIS 256 A LEU 261 A TYR 265 A ILE 266 A LYS 267 A TRP 268 A LEU 270 A LEU 316 A THR 319 A VAL 320 A PHE 321 A PRO 322 A PRO 323 A THR 324 A ARG 349 A LEU 389 A ASP 390 A LYS 391 A THR 393 A THR 394 A CYS 395 A PHE 396 A SER 397 A TYR 456 A ARG 457 A TYR 458 A ASN 459 A LEU 460 A PRO 461 A VAL 675 A PRO 677
006 |         000005.8770 | 00000049215496.0000 | A PRO 169 A ASP 170 A LEU 172 A ARG 173 A ALA 176 A ARG 249 A THR 252 A ALA 253 A SER 255 A HIS 256 A LEU 261 A PRO 264 A TYR 265 A ILE 266 A LYS 267 A TRP 268 A LEU 270 A SER 318 A THR 319 A VAL 320 A PHE 321 A PRO 322 A PRO 323 A THR 324 A PHE 326 A ARG 349 A LEU 389 A ASP 390 A LYS 391 A THR 393 A THR 394 A CYS 395 A PHE 396 A SER 397 A ARG 457 A TYR 458 A LEU 460 A PRO 461 A VAL 675 A LYS 676 A PRO 677
007 |         000005.8530 | 00000051250028.0000 | A PRO 169 A ASP 170 A LEU 172 A ARG 173 A ALA 176 A ASN 177 A THR 246 A ARG 249 A THR 252 A ALA 253 A SER 255 A HIS 256 A LEU 261 A TYR 265 A ILE 266 A TRP 268 A LEU 316 A SER 318 A THR 319 A VAL 320 A PHE 321 A PRO 322 A PRO 323 A THR 324 A ARG 349 A LEU 389 A ASP 390 A LYS 391 A THR 393 A THR 394 A CYS 395 A PHE 396 A SER 397 A VAL 398 A TYR 456 A ARG 457 A TYR 458 A ASN 459 A LEU 460 A PRO 461 A VAL 675 A LYS 676 A PRO 677
008 |         000005.8440 | 00000052034476.0000 | A PRO 169 A ASP 170 A LEU 172 A ARG 173 A ALA 176 A ASN 177 A LEU 245 A THR 246 A ARG 249 A LEU 251 A THR 252 A ALA 253 A SER 255 A HIS 256 A LEU 261 A TYR 265 A ILE 266 A LYS 267 A TRP 268 A LEU 270 A LEU 316 A SER 318 A THR 319 A VAL 320 A PHE 321 A PRO 322 A PRO 323 A THR 324 A PHE 326 A ARG 349 A ASP 390 A THR 393 A THR 394 A CYS 395 A PHE 396 A SER 397 A TYR 456 A ARG 457 A ASN 459 A LEU 460 A PRO 461 A THR 462 A ASN 628 A SER 664 A VAL 675 A LYS 676 A PRO 677
009 |         000005.7730 | 00000058659032.0000 | A PRO 169 A ASP 170 A LEU 172 A ARG 173 A ALA 176 A THR 246 A ARG 249 A THR 252 A SER 255 A HIS 256 A LEU 261 A PRO 264 A TYR 265 A ILE 266 A LYS 267 A TRP 268 A LEU 270 A VAL 315 A SER 318 A THR 319 A VAL 320 A PHE 321 A PRO 322 A PRO 323 A THR 324 A ARG 349 A GLU 350 A LEU 388 A LEU 389 A ASP 390 A LYS 391 A THR 393 A THR 394 A CYS 395 A PHE 396 A SER 397 A ASN 459 A LEU 460 A PRO 461 A THR 462 A ASN 628 A SER 664 A VAL 675 A LYS 676 A PRO 677
010 |         000005.7540 | 00000060570628.0000 | A PRO 169 A LEU 172 A ARG 173 A LEU 245 A THR 246 A ARG 249 A ALA 250 A LEU 251 A THR 252 A SER 255 A TYR 265 A ILE 266 A LYS 267 A TRP 268 A LEU 270 A TYR 273 A LEU 316 A THR 319 A VAL 320 A PHE 321 A PRO 322 A PRO 323 A THR 324 A SER 325 A PHE 326 A GLY 327 A PRO 328 A LEU 329 A VAL 330 A VAL 341 A SER 343 A HIS 347 A ARG 349 A PRO 378 A ALA 379 A ALA 382 A ALA 383 A SER 384 A GLY 385 A LEU 387 A LEU 388 A LEU 389 A ASP 390 A LYS 391 A THR 393 A THR 394 A CYS 395 A PHE 396 A SER 397 A VAL 398 A ALA 399 A ARG 457 A LEU 460 A PRO 461 A MET 666 A LEU 673 A VAL 675 A PRO 677
011 |         000005.7370 | 00000062333748.0000 | A PRO 169 A ASP 170 A LEU 172 A ARG 173 A ALA 176 A ASN 177 A LEU 245 A THR 246 A ARG 249 A LEU 251 A THR 252 A SER 255 A HIS 256 A LEU 261 A THR 262 A TYR 265 A ILE 266 A LYS 267 A TRP 268 A ASP 269 A LEU 270 A LEU 316 A SER 318 A THR 319 A VAL 320 A PHE 321 A PRO 322 A PRO 323 A THR 324 A SER 325 A PHE 326 A GLY 327 A PRO 328 A LEU 329 A VAL 330 A VAL 341 A ARG 349 A ALA 379 A ALA 382 A ALA 383 A GLY 385 A ASN 386 A LEU 387 A LEU 389 A LYS 391 A THR 393 A THR 394 A CYS 395 A PHE 396 A SER 397 A VAL 398 A ALA 399 A ALA 400 A TYR 456 A ARG 457 A TYR 458 A ASN 459 A LEU 460 A PRO 461 A MET 666 A VAL 675 A LYS 676 A PRO 677
012 |         000005.6960 | 00000066800028.0000 | A PRO 169 A ASP 170 A LEU 172 A ARG 173 A ALA 176 A ASN 177 A THR 246 A ARG 249 A LEU 251 A THR 252 A SER 255 A HIS 256 A LEU 261 A THR 262 A LYS 263 A PRO 264 A TYR 265 A ILE 266 A LYS 267 A TRP 268 A ASP 269 A LEU 270 A LEU 316 A THR 319 A VAL 320 A PHE 321 A PRO 322 A PRO 323 A THR 324 A ARG 349 A LEU 387 A LEU 388 A LEU 389 A ASP 390 A LYS 391 A THR 393 A THR 394 A CYS 395 A PHE 396 A SER 397 A ARG 457 A ASN 459 A LEU 460 A PRO 461 A PRO 677
013 |         000005.6920 | 00000067252536.0000 | A PRO 169 A ASP 170 A LEU 172 A ARG 173 A LEU 245 A THR 246 A ARG 249 A LEU 251 A THR 252 A SER 255 A TYR 265 A ILE 266 A LYS 267 A TRP 268 A VAL 315 A LEU 316 A THR 319 A VAL 320 A PHE 321 A PRO 322 A PRO 323 A THR 324 A ARG 349 A GLU 350 A LEU 389 A ASP 390 A LYS 391 A ARG 392 A THR 393 A THR 394 A CYS 395 A PHE 396 A SER 397 A ASP 454 A TYR 456 A ARG 457 A ASN 459 A LEU 460 A PRO 461 A THR 462 A PRO 627 A ASN 628 A MET 629 A TYR 674 A VAL 675 A LYS 676 A PRO 677
014 |         000005.6770 | 00000068976928.0000 | A PRO 169 A ASP 170 A LEU 172 A THR 246 A ARG 249 A THR 252 A SER 255 A TYR 265 A ILE 266 A LYS 267 A TRP 268 A ASP 269 A LEU 270 A LEU 271 A LYS 272 A TYR 273 A LEU 316 A THR 319 A VAL 320 A PHE 321 A PRO 322 A PRO 323 A THR 324 A SER 325 A PHE 326 A GLY 327 A PRO 328 A LEU 329 A VAL 330 A ARG 349 A ALA 382 A ALA 383 A LEU 387 A LEU 388 A LEU 389 A THR 394 A CYS 395 A PHE 396 A VAL 398 A ALA 399 A TYR 456 A ARG 457 A ASN 459 A LEU 460 A PRO 461 A ASN 628 A MET 666 A VAL 675 A PRO 677
015 |         000005.6730 | 00000069444184.0000 | A PRO 169 A ASP 170 A LEU 172 A ARG 173 A ARG 249 A THR 252 A SER 255 A TYR 265 A ILE 266 A LYS 267 A TRP 268 A LEU 270 A LEU 271 A LYS 272 A TYR 273 A THR 319 A VAL 320 A PHE 321 A PRO 322 A PRO 323 A THR 324 A SER 325 A PHE 326 A GLY 327 A PRO 328 A LEU 329 A VAL 330 A ARG 349 A ALA 382 A ALA 383 A SER 384 A GLY 385 A ASN 386 A LEU 387 A LEU 388 A LEU 389 A ASP 390 A LYS 391 A THR 393 A THR 394 A CYS 395 A PHE 396 A SER 397 A VAL 398 A ALA 399 A TYR 456 A ARG 457 A TYR 458 A ASN 459 A LEU 460 A PRO 461 A MET 666 A VAL 675 A PRO 677
016 |         000005.6410 | 00000073298008.0000 | A PRO 169 A ASP 170 A LEU 172 A ARG 173 A LEU 245 A THR 246 A ARG 249 A ALA 250 A LEU 251 A THR 252 A SER 255 A HIS 256 A TYR 265 A ILE 266 A LYS 267 A TRP 268 A LEU 270 A LEU 316 A THR 319 A VAL 320 A PHE 321 A PRO 322 A PRO 323 A THR 324 A ARG 349 A LEU 387 A LEU 388 A LEU 389 A ASP 390 A LYS 391 A THR 393 A THR 394 A CYS 395 A PHE 396 A SER 397 A TYR 456 A ARG 457 A ASN 459 A LEU 460 A PRO 461 A PRO 677
017 |         000005.5860 | 00000080428080.0000 | A PRO 169 A LEU 172 A ARG 173 A THR 246 A ARG 249 A LEU 251 A THR 252 A GLU 254 A SER 255 A TYR 265 A ILE 266 A LYS 267 A TRP 268 A LEU 270 A LEU 271 A LYS 272 A TYR 273 A THR 319 A VAL 320 A PHE 321 A PRO 322 A PRO 323 A THR 324 A SER 325 A PHE 326 A GLY 327 A PRO 328 A LEU 329 A VAL 330 A ARG 349 A ALA 379 A ALA 382 A ALA 383 A GLY 385 A ASN 386 A LEU 387 A LEU 388 A LEU 389 A ASP 390 A LYS 391 A THR 393 A THR 394 A CYS 395 A PHE 396 A SER 397 A VAL 398 A ALA 399 A ARG 457 A TYR 458 A ASN 459 A LEU 460 A PRO 461 A ASN 628 A MET 666 A PRO 677
018 |         000005.5560 | 00000084605384.0000 | A PRO 169 A ASP 170 A LEU 172 A ARG 173 A ALA 176 A THR 246 A ARG 249 A LEU 251 A THR 252 A SER 255 A HIS 256 A LEU 261 A TYR 265 A ILE 266 A LYS 267 A TRP 268 A LEU 270 A THR 319 A VAL 320 A PHE 321 A PRO 322 A PRO 323 A THR 324 A ARG 349 A LEU 389 A ASP 390 A LYS 391 A THR 393 A THR 394 A CYS 395 A PHE 396 A SER 397 A ARG 457 A ASN 459 A LEU 460 A PRO 461 A ASN 628 A PRO 677

While the table above lists the best binding energy in each cluster, it is sometimes
helpful to also look at the energy spread [average and standard deviation], the
dissociation constant has been recalculated from the average binding energy:

Clu |Members|Bind.energy spread [kcal/mol]|Dissoc. constant [pM]
----+-------+-----------------------------+---------------------
001 |  001  |    000006.6720+-000000.0000 | 00000012864369.8842
002 |  001  |    000006.2320+-000000.0000 | 00000027034036.9992
003 |  001  |    000006.0230+-000000.0000 | 00000038468840.6456
004 |  001  |    000005.9080+-000000.0000 | 00000046709427.3152
005 |  001  |    000005.8790+-000000.0000 | 00000049052546.0830
006 |  001  |    000005.8770+-000000.0000 | 00000049218435.9131
007 |  001  |    000005.8530+-000000.0000 | 00000051253049.3996
008 |  001  |    000005.8440+-000000.0000 | 00000052037566.4554
009 |  001  |    000005.7730+-000000.0000 | 00000058662481.3742
010 |  002  |    000005.7135+-000000.0405 | 00000064859568.6489
011 |  001  |    000005.7370+-000000.0000 | 00000062337367.2057
012 |  001  |    000005.6960+-000000.0000 | 00000066803865.5555
013 |  002  |    000005.6630+-000000.0290 | 00000070630281.6762
014 |  001  |    000005.6770+-000000.0000 | 00000068980880.5126
015 |  001  |    000005.6730+-000000.0000 | 00000069448183.6983
016 |  001  |    000005.6410+-000000.0000 | 00000073302216.9998
017 |  001  |    000005.5860+-000000.0000 | 00000080432631.3753
018 |  001  |    000005.5560+-000000.0000 | 00000084610106.3683

The results of the 25 runs have been combined in a single scene at C:\Users\yons\Desktop\PNA-CPP-8\PNA-CPP-8 CAVITY 3\dock.sce
The 18 clusters have been saved as:
C:\Users\yons\Desktop\PNA-CPP-8\PNA-CPP-8 CAVITY 3\dock_001.yob
C:\Users\yons\Desktop\PNA-CPP-8\PNA-CPP-8 CAVITY 3\dock_002.yob
C:\Users\yons\Desktop\PNA-CPP-8\PNA-CPP-8 CAVITY 3\dock_003.yob
C:\Users\yons\Desktop\PNA-CPP-8\PNA-CPP-8 CAVITY 3\dock_004.yob
C:\Users\yons\Desktop\PNA-CPP-8\PNA-CPP-8 CAVITY 3\dock_005.yob
C:\Users\yons\Desktop\PNA-CPP-8\PNA-CPP-8 CAVITY 3\dock_006.yob
C:\Users\yons\Desktop\PNA-CPP-8\PNA-CPP-8 CAVITY 3\dock_007.yob
C:\Users\yons\Desktop\PNA-CPP-8\PNA-CPP-8 CAVITY 3\dock_008.yob
C:\Users\yons\Desktop\PNA-CPP-8\PNA-CPP-8 CAVITY 3\dock_009.yob
C:\Users\yons\Desktop\PNA-CPP-8\PNA-CPP-8 CAVITY 3\dock_010.yob
C:\Users\yons\Desktop\PNA-CPP-8\PNA-CPP-8 CAVITY 3\dock_011.yob
C:\Users\yons\Desktop\PNA-CPP-8\PNA-CPP-8 CAVITY 3\dock_012.yob
C:\Users\yons\Desktop\PNA-CPP-8\PNA-CPP-8 CAVITY 3\dock_013.yob
C:\Users\yons\Desktop\PNA-CPP-8\PNA-CPP-8 CAVITY 3\dock_014.yob
C:\Users\yons\Desktop\PNA-CPP-8\PNA-CPP-8 CAVITY 3\dock_015.yob
C:\Users\yons\Desktop\PNA-CPP-8\PNA-CPP-8 CAVITY 3\dock_016.yob
C:\Users\yons\Desktop\PNA-CPP-8\PNA-CPP-8 CAVITY 3\dock_017.yob
C:\Users\yons\Desktop\PNA-CPP-8\PNA-CPP-8 CAVITY 3\dock_018.yob
